2020-11-04 13:32:22,363 pencil 0/2 INFO :: Building pencil matrix 1/16 (~6%) Elapsed: 0s, Remaining: 0s, Rate: 4.7e+01/s
2020-11-04 13:32:22,384 pencil 0/2 INFO :: Building pencil matrix 2/16 (~12%) Elapsed: 0s, Remaining: 0s, Rate: 4.7e+01/s
2020-11-04 13:32:22,426 pencil 0/2 INFO :: Building pencil matrix 4/16 (~25%) Elapsed: 0s, Remaining: 0s, Rate: 4.8e+01/s
2020-11-04 13:32:22,467 pencil 0/2 INFO :: Building pencil matrix 6/16 (~38%) Elapsed: 0s, Remaining: 0s, Rate: 4.8e+01/s
2020-11-04 13:32:22,509 pencil 0/2 INFO :: Building pencil matrix 8/16 (~50%) Elapsed: 0s, Remaining: 0s, Rate: 4.8e+01/s
2020-11-04 13:32:22,550 pencil 0/2 INFO :: Building pencil matrix 10/16 (~62%) Elapsed: 0s, Remaining: 0s, Rate: 4.8e+01/s
2020-11-04 13:32:22,592 pencil 0/2 INFO :: Building pencil matrix 12/16 (~75%) Elapsed: 0s, Remaining: 0s, Rate: 4.8e+01/s
2020-11-04 13:32:22,633 pencil 0/2 INFO :: Building pencil matrix 14/16 (~88%) Elapsed: 0s, Remaining: 0s, Rate: 4.8e+01/s
2020-11-04 13:32:22,675 pencil 0/2 INFO :: Building pencil matrix 16/16 (~100%) Elapsed: 0s, Remaining: 0s, Rate: 4.8e+01/s
2020-11-04 13:32:22,712 pencil 0/2 INFO :: Building pencil matrix 1/16 (~6%) Elapsed: 0s, Remaining: 0s, Rate: 4.7e+01/s
2020-11-04 13:32:22,733 pencil 0/2 INFO :: Building pencil matrix 2/16 (~12%) Elapsed: 0s, Remaining: 0s, Rate: 4.6e+01/s
2020-11-04 13:32:22,776 pencil 0/2 INFO :: Building pencil matrix 4/16 (~25%) Elapsed: 0s, Remaining: 0s, Rate: 4.7e+01/s
2020-11-04 13:32:22,821 pencil 0/2 INFO :: Building pencil matrix 6/16 (~38%) Elapsed: 0s, Remaining: 0s, Rate: 4.6e+01/s
2020-11-04 13:32:22,864 pencil 0/2 INFO :: Building pencil matrix 8/16 (~50%) Elapsed: 0s, Remaining: 0s, Rate: 4.6e+01/s
2020-11-04 13:32:22,908 pencil 0/2 INFO :: Building pencil matrix 10/16 (~62%) Elapsed: 0s, Remaining: 0s, Rate: 4.6e+01/s
2020-11-04 13:32:22,951 pencil 0/2 INFO :: Building pencil matrix 12/16 (~75%) Elapsed: 0s, Remaining: 0s, Rate: 4.6e+01/s
2020-11-04 13:32:22,998 pencil 0/2 INFO :: Building pencil matrix 14/16 (~88%) Elapsed: 0s, Remaining: 0s, Rate: 4.5e+01/s
2020-11-04 13:32:23,041 pencil 0/2 INFO :: Building pencil matrix 16/16 (~100%) Elapsed: 0s, Remaining: 0s, Rate: 4.6e+01/s


=====Optimization Algorithm Parameters=====

K       =  1.5
r       =  0.5
e0init  =  0.1
LS      =  1
LSI     =  1
proj    =  1
method  =  rot
dmethod =  conj
powit   =  0
N       =  55
start   =  rand
sstr    =  0.5
s       =  0.5


===========================================

Starting from Random IC ... 

2020-11-04 13:32:23,091 direct_Solver 0/2 INFO :: 
Starting Direct loop ... 

2020-11-04 13:32:41,373 solvers 0/2 INFO :: Simulation stop time reached.
2020-11-04 13:32:41,607 adjoint_Solver 0/2 INFO :: 
Starting Adjoint loop ... 

2020-11-04 13:33:06,457 solvers 0/2 INFO :: Simulation stop time reached.
Starting Loop  1  ... 

2020-11-04 13:33:06,498 direct_Solver 0/2 INFO :: 
Starting Direct loop ... 

2020-11-04 13:33:22,694 solvers 0/2 INFO :: Simulation stop time reached.
2020-11-04 13:33:22,930 adjoint_Solver 0/2 INFO :: 
Starting Adjoint loop ... 

2020-11-04 13:33:44,125 solvers 0/2 INFO :: Simulation stop time reached.
Starting Line Search ... 

