2020-11-07 12:56:06,930 pencil 0/1 INFO :: Building pencil matrix 1/32 (~3%) Elapsed: 0s, Remaining: 1s, Rate: 4.8e+01/s
2020-11-07 12:56:06,993 pencil 0/1 INFO :: Building pencil matrix 4/32 (~12%) Elapsed: 0s, Remaining: 1s, Rate: 4.8e+01/s
2020-11-07 12:56:07,075 pencil 0/1 INFO :: Building pencil matrix 8/32 (~25%) Elapsed: 0s, Remaining: 0s, Rate: 4.8e+01/s
2020-11-07 12:56:07,157 pencil 0/1 INFO :: Building pencil matrix 12/32 (~38%) Elapsed: 0s, Remaining: 0s, Rate: 4.9e+01/s
2020-11-07 12:56:07,239 pencil 0/1 INFO :: Building pencil matrix 16/32 (~50%) Elapsed: 0s, Remaining: 0s, Rate: 4.8e+01/s
2020-11-07 12:56:07,323 pencil 0/1 INFO :: Building pencil matrix 20/32 (~62%) Elapsed: 0s, Remaining: 0s, Rate: 4.8e+01/s
2020-11-07 12:56:07,404 pencil 0/1 INFO :: Building pencil matrix 24/32 (~75%) Elapsed: 0s, Remaining: 0s, Rate: 4.9e+01/s
2020-11-07 12:56:07,485 pencil 0/1 INFO :: Building pencil matrix 28/32 (~88%) Elapsed: 1s, Remaining: 0s, Rate: 4.9e+01/s
2020-11-07 12:56:07,567 pencil 0/1 INFO :: Building pencil matrix 32/32 (~100%) Elapsed: 1s, Remaining: 0s, Rate: 4.9e+01/s
2020-11-07 12:56:07,602 pencil 0/1 INFO :: Building pencil matrix 1/32 (~3%) Elapsed: 0s, Remaining: 1s, Rate: 4.8e+01/s
2020-11-07 12:56:07,665 pencil 0/1 INFO :: Building pencil matrix 4/32 (~12%) Elapsed: 0s, Remaining: 1s, Rate: 4.8e+01/s
2020-11-07 12:56:07,748 pencil 0/1 INFO :: Building pencil matrix 8/32 (~25%) Elapsed: 0s, Remaining: 1s, Rate: 4.8e+01/s
2020-11-07 12:56:07,832 pencil 0/1 INFO :: Building pencil matrix 12/32 (~38%) Elapsed: 0s, Remaining: 0s, Rate: 4.8e+01/s
2020-11-07 12:56:07,917 pencil 0/1 INFO :: Building pencil matrix 16/32 (~50%) Elapsed: 0s, Remaining: 0s, Rate: 4.8e+01/s
2020-11-07 12:56:08,001 pencil 0/1 INFO :: Building pencil matrix 20/32 (~62%) Elapsed: 0s, Remaining: 0s, Rate: 4.8e+01/s
2020-11-07 12:56:08,085 pencil 0/1 INFO :: Building pencil matrix 24/32 (~75%) Elapsed: 1s, Remaining: 0s, Rate: 4.8e+01/s
2020-11-07 12:56:08,170 pencil 0/1 INFO :: Building pencil matrix 28/32 (~88%) Elapsed: 1s, Remaining: 0s, Rate: 4.8e+01/s
2020-11-07 12:56:08,254 pencil 0/1 INFO :: Building pencil matrix 32/32 (~100%) Elapsed: 1s, Remaining: 0s, Rate: 4.8e+01/s


=====Optimization Algorithm Parameters=====


(s, T, Re) = ( 1.0 ,  8.0 ,  50.0 )

K       =  1.5
r       =  0.5
e0init  =  0.1
LS      =  1
LSI     =  1
proj    =  1
method  =  rot
dmethod =  conj
powit   =  0
N       =  200
start   =  rand
sstr    =  1


===========================================

Starting from Random IC ... 

2020-11-07 12:56:08,299 direct_Solver 0/1 INFO :: 
Starting Direct loop ... 

2020-11-07 12:57:51,878 solvers 0/1 INFO :: Simulation stop time reached.
2020-11-07 12:57:52,753 adjoint_Solver 0/1 INFO :: 
Starting Adjoint loop ... 

2020-11-07 13:00:04,336 solvers 0/1 INFO :: Simulation stop time reached.
Starting Loop  1  ... 

2020-11-07 13:00:04,376 direct_Solver 0/1 INFO :: 
Starting Direct loop ... 

2020-11-07 13:01:41,803 solvers 0/1 INFO :: Simulation stop time reached.
2020-11-07 13:01:42,691 adjoint_Solver 0/1 INFO :: 
Starting Adjoint loop ... 

2020-11-07 13:03:36,100 solvers 0/1 INFO :: Simulation stop time reached.
Starting Line Search ... 

2020-11-07 13:03:36,135 direct_Solver 0/1 INFO :: 
Starting Direct loop ... 

2020-11-07 13:05:11,461 solvers 0/1 INFO :: Simulation stop time reached.
2020-11-07 13:05:12,351 adjoint_Solver 0/1 INFO :: 
Starting Adjoint loop ... 

2020-11-07 13:07:05,442 solvers 0/1 INFO :: Simulation stop time reached.
Starting Line Search ... 

2020-11-07 13:07:05,478 direct_Solver 0/1 INFO :: 
Starting Direct loop ... 

2020-11-07 13:08:40,851 solvers 0/1 INFO :: Simulation stop time reached.
2020-11-07 13:08:41,742 adjoint_Solver 0/1 INFO :: 
Starting Adjoint loop ... 

2020-11-07 13:10:35,560 solvers 0/1 INFO :: Simulation stop time reached.
Starting Line Search ... 

2020-11-07 13:10:35,596 direct_Solver 0/1 INFO :: 
Starting Direct loop ... 

2020-11-07 13:12:11,139 solvers 0/1 INFO :: Simulation stop time reached.
2020-11-07 13:12:12,073 adjoint_Solver 0/1 INFO :: 
Starting Adjoint loop ... 

2020-11-07 13:14:05,676 solvers 0/1 INFO :: Simulation stop time reached.
Starting Line Search ... 

2020-11-07 13:14:05,712 direct_Solver 0/1 INFO :: 
Starting Direct loop ... 

2020-11-07 13:15:41,340 solvers 0/1 INFO :: Simulation stop time reached.
2020-11-07 13:15:42,233 adjoint_Solver 0/1 INFO :: 
Starting Adjoint loop ... 

2020-11-07 13:17:35,745 solvers 0/1 INFO :: Simulation stop time reached.
Starting Line Search ... 

2020-11-07 13:17:35,780 direct_Solver 0/1 INFO :: 
Starting Direct loop ... 

2020-11-07 13:19:11,505 solvers 0/1 INFO :: Simulation stop time reached.
2020-11-07 13:19:12,395 adjoint_Solver 0/1 INFO :: 
Starting Adjoint loop ... 

2020-11-07 13:21:06,030 solvers 0/1 INFO :: Simulation stop time reached.
Starting Line Search ... 

2020-11-07 13:21:06,066 direct_Solver 0/1 INFO :: 
Starting Direct loop ... 

2020-11-07 13:22:41,015 solvers 0/1 INFO :: Simulation stop time reached.
2020-11-07 13:22:41,906 adjoint_Solver 0/1 INFO :: 
Starting Adjoint loop ... 

2020-11-07 13:24:35,718 solvers 0/1 INFO :: Simulation stop time reached.
Starting Line Search ... 

2020-11-07 13:24:35,754 direct_Solver 0/1 INFO :: 
Starting Direct loop ... 

2020-11-07 13:26:11,427 solvers 0/1 INFO :: Simulation stop time reached.
2020-11-07 13:26:12,318 adjoint_Solver 0/1 INFO :: 
Starting Adjoint loop ... 

2020-11-07 13:28:06,703 solvers 0/1 INFO :: Simulation stop time reached.
Line search from  0.1  to  4.92578125  ... 

2020-11-07 13:28:06,739 direct_Solver 0/1 INFO :: 
Starting Direct loop ... 

2020-11-07 13:29:42,422 solvers 0/1 INFO :: Simulation stop time reached.
2020-11-07 13:29:43,332 adjoint_Solver 0/1 INFO :: 
Starting Adjoint loop ... 

2020-11-07 13:31:36,785 solvers 0/1 INFO :: Simulation stop time reached.
Line search interpolation unsuccessful ... 

2020-11-07 13:31:36,820 direct_Solver 0/1 INFO :: 
Starting Direct loop ... 

2020-11-07 13:33:12,347 solvers 0/1 INFO :: Simulation stop time reached.
2020-11-07 13:33:13,238 adjoint_Solver 0/1 INFO :: 
Starting Adjoint loop ... 

2020-11-07 13:35:07,069 solvers 0/1 INFO :: Simulation stop time reached.
After  10  loops: Residual =  638.5933490049176 | Normalized Residual =  0.5643626145119972  ... 

Starting Loop  11  ... 

2020-11-07 13:35:07,109 direct_Solver 0/1 INFO :: 
Starting Direct loop ... 

2020-11-07 13:36:42,499 solvers 0/1 INFO :: Simulation stop time reached.
2020-11-07 13:36:43,393 adjoint_Solver 0/1 INFO :: 
Starting Adjoint loop ... 

2020-11-07 13:38:37,754 solvers 0/1 INFO :: Simulation stop time reached.
Starting Line Search ... 

2020-11-07 13:38:37,789 direct_Solver 0/1 INFO :: 
Starting Direct loop ... 

2020-11-07 13:40:13,989 solvers 0/1 INFO :: Simulation stop time reached.
2020-11-07 13:40:14,880 adjoint_Solver 0/1 INFO :: 
Starting Adjoint loop ... 

2020-11-07 13:42:08,935 solvers 0/1 INFO :: Simulation stop time reached.
Starting Line Search ... 

2020-11-07 13:42:08,971 direct_Solver 0/1 INFO :: 
Starting Direct loop ... 

2020-11-07 13:43:44,358 solvers 0/1 INFO :: Simulation stop time reached.
2020-11-07 13:43:45,248 adjoint_Solver 0/1 INFO :: 
Starting Adjoint loop ... 

2020-11-07 13:45:39,534 solvers 0/1 INFO :: Simulation stop time reached.
Starting Line Search ... 

2020-11-07 13:45:39,570 direct_Solver 0/1 INFO :: 
Starting Direct loop ... 

2020-11-07 13:47:15,445 solvers 0/1 INFO :: Simulation stop time reached.
2020-11-07 13:47:16,336 adjoint_Solver 0/1 INFO :: 
Starting Adjoint loop ... 

2020-11-07 13:49:09,999 solvers 0/1 INFO :: Simulation stop time reached.
Starting Line Search ... 

2020-11-07 13:49:10,035 direct_Solver 0/1 INFO :: 
Starting Direct loop ... 

2020-11-07 13:50:46,007 solvers 0/1 INFO :: Simulation stop time reached.
2020-11-07 13:50:46,897 adjoint_Solver 0/1 INFO :: 
Starting Adjoint loop ... 

2020-11-07 13:52:40,552 solvers 0/1 INFO :: Simulation stop time reached.
Starting Line Search ... 

2020-11-07 13:52:40,588 direct_Solver 0/1 INFO :: 
Starting Direct loop ... 

2020-11-07 13:54:16,449 solvers 0/1 INFO :: Simulation stop time reached.
2020-11-07 13:54:17,341 adjoint_Solver 0/1 INFO :: 
Starting Adjoint loop ... 

2020-11-07 13:56:11,084 solvers 0/1 INFO :: Simulation stop time reached.
Starting Line Search ... 

2020-11-07 13:56:11,120 direct_Solver 0/1 INFO :: 
Starting Direct loop ... 

2020-11-07 13:57:46,922 solvers 0/1 INFO :: Simulation stop time reached.
2020-11-07 13:57:47,814 adjoint_Solver 0/1 INFO :: 
Starting Adjoint loop ... 

2020-11-07 13:59:41,857 solvers 0/1 INFO :: Simulation stop time reached.
Starting Line Search ... 

2020-11-07 13:59:41,893 direct_Solver 0/1 INFO :: 
Starting Direct loop ... 

2020-11-07 14:01:17,486 solvers 0/1 INFO :: Simulation stop time reached.
2020-11-07 14:01:18,378 adjoint_Solver 0/1 INFO :: 
Starting Adjoint loop ... 

2020-11-07 14:03:12,203 solvers 0/1 INFO :: Simulation stop time reached.
Starting Line Search ... 

2020-11-07 14:03:12,239 direct_Solver 0/1 INFO :: 
Starting Direct loop ... 

2020-11-07 14:04:48,207 solvers 0/1 INFO :: Simulation stop time reached.
2020-11-07 14:04:49,100 adjoint_Solver 0/1 INFO :: 
Starting Adjoint loop ... 

2020-11-07 14:06:43,276 solvers 0/1 INFO :: Simulation stop time reached.
Starting Line Search ... 

2020-11-07 14:06:43,312 direct_Solver 0/1 INFO :: 
Starting Direct loop ... 

2020-11-07 14:08:19,512 solvers 0/1 INFO :: Simulation stop time reached.
2020-11-07 14:08:20,403 adjoint_Solver 0/1 INFO :: 
Starting Adjoint loop ... 

2020-11-07 14:10:14,349 solvers 0/1 INFO :: Simulation stop time reached.
Starting Line Search ... 

2020-11-07 14:10:14,384 direct_Solver 0/1 INFO :: 
Starting Direct loop ... 

2020-11-07 14:11:50,361 solvers 0/1 INFO :: Simulation stop time reached.
2020-11-07 14:11:51,253 adjoint_Solver 0/1 INFO :: 
Starting Adjoint loop ... 

2020-11-07 14:13:45,460 solvers 0/1 INFO :: Simulation stop time reached.
Starting Line Search ... 

2020-11-07 14:13:45,497 direct_Solver 0/1 INFO :: 
Starting Direct loop ... 

2020-11-07 14:15:21,116 solvers 0/1 INFO :: Simulation stop time reached.
2020-11-07 14:15:22,007 adjoint_Solver 0/1 INFO :: 
Starting Adjoint loop ... 

2020-11-07 14:17:16,155 solvers 0/1 INFO :: Simulation stop time reached.
Starting Line Search ... 

2020-11-07 14:17:16,190 direct_Solver 0/1 INFO :: 
Starting Direct loop ... 

2020-11-07 14:18:51,931 solvers 0/1 INFO :: Simulation stop time reached.
2020-11-07 14:18:52,824 adjoint_Solver 0/1 INFO :: 
Starting Adjoint loop ... 

2020-11-07 14:20:47,144 solvers 0/1 INFO :: Simulation stop time reached.
Line search from  0.010310029611722595  to  3.9924456977712817  ... 

2020-11-07 14:20:47,181 direct_Solver 0/1 INFO :: 
Starting Direct loop ... 

2020-11-07 14:22:23,231 solvers 0/1 INFO :: Simulation stop time reached.
2020-11-07 14:22:24,124 adjoint_Solver 0/1 INFO :: 
Starting Adjoint loop ... 

2020-11-07 14:24:18,167 solvers 0/1 INFO :: Simulation stop time reached.
Line search interpolation successful ... 

After  24  loops: Residual =  522.5726720849815 | Normalized Residual =  0.4833013155532676  ... 

Starting Loop  25  ... 

2020-11-07 14:24:18,209 direct_Solver 0/1 INFO :: 
Starting Direct loop ... 

2020-11-07 14:25:53,070 solvers 0/1 INFO :: Simulation stop time reached.
2020-11-07 14:25:53,961 adjoint_Solver 0/1 INFO :: 
Starting Adjoint loop ... 

2020-11-07 14:27:48,116 solvers 0/1 INFO :: Simulation stop time reached.
Starting Line Search ... 

2020-11-07 14:27:48,152 direct_Solver 0/1 INFO :: 
Starting Direct loop ... 

2020-11-07 14:29:24,305 solvers 0/1 INFO :: Simulation stop time reached.
2020-11-07 14:29:25,196 adjoint_Solver 0/1 INFO :: 
Starting Adjoint loop ... 

2020-11-07 14:31:19,276 solvers 0/1 INFO :: Simulation stop time reached.
Starting Line Search ... 

2020-11-07 14:31:19,311 direct_Solver 0/1 INFO :: 
Starting Direct loop ... 

2020-11-07 14:32:54,989 solvers 0/1 INFO :: Simulation stop time reached.
2020-11-07 14:32:55,880 adjoint_Solver 0/1 INFO :: 
Starting Adjoint loop ... 

2020-11-07 14:34:50,222 solvers 0/1 INFO :: Simulation stop time reached.
Starting Line Search ... 

2020-11-07 14:34:50,259 direct_Solver 0/1 INFO :: 
Starting Direct loop ... 

2020-11-07 14:36:25,818 solvers 0/1 INFO :: Simulation stop time reached.
2020-11-07 14:36:26,709 adjoint_Solver 0/1 INFO :: 
Starting Adjoint loop ... 

2020-11-07 14:38:21,060 solvers 0/1 INFO :: Simulation stop time reached.
Starting Line Search ... 

2020-11-07 14:38:21,096 direct_Solver 0/1 INFO :: 
Starting Direct loop ... 

2020-11-07 14:39:56,406 solvers 0/1 INFO :: Simulation stop time reached.
2020-11-07 14:39:57,297 adjoint_Solver 0/1 INFO :: 
Starting Adjoint loop ... 

2020-11-07 14:41:51,625 solvers 0/1 INFO :: Simulation stop time reached.
Starting Line Search ... 

2020-11-07 14:41:51,661 direct_Solver 0/1 INFO :: 
Starting Direct loop ... 

2020-11-07 14:43:27,446 solvers 0/1 INFO :: Simulation stop time reached.
2020-11-07 14:43:28,337 adjoint_Solver 0/1 INFO :: 
Starting Adjoint loop ... 

2020-11-07 14:45:22,670 solvers 0/1 INFO :: Simulation stop time reached.
Starting Line Search ... 

2020-11-07 14:45:22,706 direct_Solver 0/1 INFO :: 
Starting Direct loop ... 

2020-11-07 14:46:58,769 solvers 0/1 INFO :: Simulation stop time reached.
2020-11-07 14:46:59,662 adjoint_Solver 0/1 INFO :: 
Starting Adjoint loop ... 

2020-11-07 14:48:54,000 solvers 0/1 INFO :: Simulation stop time reached.
Starting Line Search ... 

2020-11-07 14:48:54,035 direct_Solver 0/1 INFO :: 
Starting Direct loop ... 

2020-11-07 14:50:30,077 solvers 0/1 INFO :: Simulation stop time reached.
2020-11-07 14:50:30,968 adjoint_Solver 0/1 INFO :: 
Starting Adjoint loop ... 

2020-11-07 14:52:25,124 solvers 0/1 INFO :: Simulation stop time reached.
Line search from  0.011397215521249063  to  0.5614019051677762  ... 

2020-11-07 14:52:25,160 direct_Solver 0/1 INFO :: 
Starting Direct loop ... 

2020-11-07 14:54:00,912 solvers 0/1 INFO :: Simulation stop time reached.
2020-11-07 14:54:01,803 adjoint_Solver 0/1 INFO :: 
Starting Adjoint loop ... 

2020-11-07 14:55:56,460 solvers 0/1 INFO :: Simulation stop time reached.
Line search interpolation successful ... 

After  33  loops: Residual =  173.2655002337806 | Normalized Residual =  0.29736680980400276  ... 

Starting Loop  34  ... 

2020-11-07 14:55:56,500 direct_Solver 0/1 INFO :: 
Starting Direct loop ... 

2020-11-07 14:57:32,665 solvers 0/1 INFO :: Simulation stop time reached.
2020-11-07 14:57:33,555 adjoint_Solver 0/1 INFO :: 
Starting Adjoint loop ... 

2020-11-07 14:59:28,443 solvers 0/1 INFO :: Simulation stop time reached.
Starting Line Search ... 

2020-11-07 14:59:28,478 direct_Solver 0/1 INFO :: 
Starting Direct loop ... 

2020-11-07 15:01:04,878 solvers 0/1 INFO :: Simulation stop time reached.
2020-11-07 15:01:05,770 adjoint_Solver 0/1 INFO :: 
Starting Adjoint loop ... 

2020-11-07 15:03:00,134 solvers 0/1 INFO :: Simulation stop time reached.
Starting Line Search ... 

2020-11-07 15:03:00,170 direct_Solver 0/1 INFO :: 
Starting Direct loop ... 

2020-11-07 15:04:35,844 solvers 0/1 INFO :: Simulation stop time reached.
2020-11-07 15:04:36,736 adjoint_Solver 0/1 INFO :: 
Starting Adjoint loop ... 

2020-11-07 15:06:30,512 solvers 0/1 INFO :: Simulation stop time reached.
Line search from  0.019793202131120416  to  0.09401771012282198  ... 

2020-11-07 15:06:30,549 direct_Solver 0/1 INFO :: 
Starting Direct loop ... 

2020-11-07 15:08:06,041 solvers 0/1 INFO :: Simulation stop time reached.
2020-11-07 15:08:06,932 adjoint_Solver 0/1 INFO :: 
Starting Adjoint loop ... 

2020-11-07 15:10:01,400 solvers 0/1 INFO :: Simulation stop time reached.
Line search interpolation unsuccessful ... 

2020-11-07 15:10:01,436 direct_Solver 0/1 INFO :: 
Starting Direct loop ... 

2020-11-07 15:11:37,725 solvers 0/1 INFO :: Simulation stop time reached.
2020-11-07 15:11:38,614 adjoint_Solver 0/1 INFO :: 
Starting Adjoint loop ... 

2020-11-07 15:13:33,007 solvers 0/1 INFO :: Simulation stop time reached.
After  38  loops: Residual =  126.5872171752645 | Normalized Residual =  0.23686984166729322  ... 

Starting Loop  39  ... 

2020-11-07 15:13:33,047 direct_Solver 0/1 INFO :: 
Starting Direct loop ... 

2020-11-07 15:15:09,198 solvers 0/1 INFO :: Simulation stop time reached.
2020-11-07 15:15:10,090 adjoint_Solver 0/1 INFO :: 
Starting Adjoint loop ... 

2020-11-07 15:17:04,399 solvers 0/1 INFO :: Simulation stop time reached.
First line search failed ... reducing step size from  0.02315672732655438  to  0.01157836366327719  ... 

After  39  loops: Residual =  100.13262298774004 | Normalized Residual =  0.19127546782806717  ... 

Starting Loop  40  ... 

2020-11-07 15:17:04,439 direct_Solver 0/1 INFO :: 
Starting Direct loop ... 

2020-11-07 15:18:40,559 solvers 0/1 INFO :: Simulation stop time reached.
2020-11-07 15:18:41,448 adjoint_Solver 0/1 INFO :: 
Starting Adjoint loop ... 

2020-11-07 15:20:35,948 solvers 0/1 INFO :: Simulation stop time reached.
First line search failed ... reducing step size from  0.01157836366327719  to  0.005789181831638595  ... 

After  40  loops: Residual =  89.50531677375801 | Normalized Residual =  0.17195072089993713  ... 

Starting Loop  41  ... 

2020-11-07 15:20:35,988 direct_Solver 0/1 INFO :: 
Starting Direct loop ... 

2020-11-07 15:22:12,087 solvers 0/1 INFO :: Simulation stop time reached.
2020-11-07 15:22:12,979 adjoint_Solver 0/1 INFO :: 
Starting Adjoint loop ... 

2020-11-07 15:24:07,641 solvers 0/1 INFO :: Simulation stop time reached.
First line search failed ... reducing step size from  0.005790734356643128  to  0.002895367178321564  ... 

After  41  loops: Residual =  84.87184272565395 | Normalized Residual =  0.16331389466786103  ... 

Starting Loop  42  ... 

2020-11-07 15:24:07,683 direct_Solver 0/1 INFO :: 
Starting Direct loop ... 

2020-11-07 15:25:43,749 solvers 0/1 INFO :: Simulation stop time reached.
2020-11-07 15:25:44,640 adjoint_Solver 0/1 INFO :: 
Starting Adjoint loop ... 

2020-11-07 15:27:38,721 solvers 0/1 INFO :: Simulation stop time reached.
First line search failed ... reducing step size from  0.002895561159407582  to  0.001447780579703791  ... 

After  42  loops: Residual =  82.7292582684503 | Normalized Residual =  0.15927044054911232  ... 

Starting Loop  43  ... 

2020-11-07 15:27:38,762 direct_Solver 0/1 INFO :: 
Starting Direct loop ... 

2020-11-07 15:29:14,349 solvers 0/1 INFO :: Simulation stop time reached.
2020-11-07 15:29:15,242 adjoint_Solver 0/1 INFO :: 
Starting Adjoint loop ... 

2020-11-07 15:31:09,857 solvers 0/1 INFO :: Simulation stop time reached.
First line search failed ... reducing step size from  0.001447804850717405  to  0.0007239024253587025  ... 

After  43  loops: Residual =  81.70197460380555 | Normalized Residual =  0.15731955307245932  ... 

Starting Loop  44  ... 

2020-11-07 15:31:09,898 direct_Solver 0/1 INFO :: 
Starting Direct loop ... 

2020-11-07 15:32:45,933 solvers 0/1 INFO :: Simulation stop time reached.
2020-11-07 15:32:46,823 adjoint_Solver 0/1 INFO :: 
Starting Adjoint loop ... 

2020-11-07 15:34:40,871 solvers 0/1 INFO :: Simulation stop time reached.
First line search failed ... reducing step size from  0.0007239054599658539  to  0.00036195272998292694  ... 

After  44  loops: Residual =  81.19939098259901 | Normalized Residual =  0.1563620665432499  ... 

Starting Loop  45  ... 

2020-11-07 15:34:40,911 direct_Solver 0/1 INFO :: 
Starting Direct loop ... 

2020-11-07 15:36:16,793 solvers 0/1 INFO :: Simulation stop time reached.
2020-11-07 15:36:17,686 adjoint_Solver 0/1 INFO :: 
Starting Adjoint loop ... 

2020-11-07 15:38:12,032 solvers 0/1 INFO :: Simulation stop time reached.
First line search failed ... reducing step size from  0.00036195310933167396  to  0.00018097655466583698  ... 

After  45  loops: Residual =  80.95087056075118 | Normalized Residual =  0.15588784250824406  ... 

Starting Loop  46  ... 

2020-11-07 15:38:12,072 direct_Solver 0/1 INFO :: 
Starting Direct loop ... 

2020-11-07 15:39:48,182 solvers 0/1 INFO :: Simulation stop time reached.
2020-11-07 15:39:49,073 adjoint_Solver 0/1 INFO :: 
Starting Adjoint loop ... 

2020-11-07 15:41:43,432 solvers 0/1 INFO :: Simulation stop time reached.
First line search failed ... reducing step size from  0.0001809766020851447  to  9.048830104257235e-05  ... 

After  46  loops: Residual =  80.82730404065906 | Normalized Residual =  0.15565186397624467  ... 

Starting Loop  47  ... 

2020-11-07 15:41:43,473 direct_Solver 0/1 INFO :: 
Starting Direct loop ... 

2020-11-07 15:43:19,097 solvers 0/1 INFO :: Simulation stop time reached.
2020-11-07 15:43:19,988 adjoint_Solver 0/1 INFO :: 
Starting Adjoint loop ... 

2020-11-07 15:45:14,313 solvers 0/1 INFO :: Simulation stop time reached.
First line search failed ... reducing step size from  9.048830697000815e-05  to  4.5244153485004074e-05  ... 

After  47  loops: Residual =  80.7656943080933 | Normalized Residual =  0.1555341585374155  ... 

Starting Loop  48  ... 

2020-11-07 15:45:14,353 direct_Solver 0/1 INFO :: 
Starting Direct loop ... 

2020-11-07 15:46:50,363 solvers 0/1 INFO :: Simulation stop time reached.
2020-11-07 15:46:51,254 adjoint_Solver 0/1 INFO :: 
Starting Adjoint loop ... 

2020-11-07 15:48:45,824 solvers 0/1 INFO :: Simulation stop time reached.
First line search failed ... reducing step size from  4.524415422593425e-05  to  2.2622077112967126e-05  ... 

After  48  loops: Residual =  80.73493283673265 | Normalized Residual =  0.15547537683152088  ... 

Starting Loop  49  ... 

2020-11-07 15:48:45,864 direct_Solver 0/1 INFO :: 
Starting Direct loop ... 

2020-11-07 15:50:21,609 solvers 0/1 INFO :: Simulation stop time reached.
2020-11-07 15:50:22,501 adjoint_Solver 0/1 INFO :: 
Starting Adjoint loop ... 

2020-11-07 15:52:17,164 solvers 0/1 INFO :: Simulation stop time reached.
First line search failed ... reducing step size from  2.2622077205583413e-05  to  1.1311038602791706e-05  ... 

After  49  loops: Residual =  80.7195629514148 | Normalized Residual =  0.15544600373901765  ... 

Starting Loop  50  ... 

2020-11-07 15:52:17,207 direct_Solver 0/1 INFO :: 
Starting Direct loop ... 

2020-11-07 15:53:53,503 solvers 0/1 INFO :: Simulation stop time reached.
2020-11-07 15:53:54,394 adjoint_Solver 0/1 INFO :: 
Starting Adjoint loop ... 

2020-11-07 15:55:49,019 solvers 0/1 INFO :: Simulation stop time reached.
First line search failed ... reducing step size from  1.1311038614368744e-05  to  5.655519307184372e-06  ... 

After  50  loops: Residual =  80.71188072154631 | Normalized Residual =  0.1554313216337614  ... 

Starting Loop  51  ... 

2020-11-07 15:55:49,062 direct_Solver 0/1 INFO :: 
Starting Direct loop ... 

2020-11-07 15:57:25,507 solvers 0/1 INFO :: Simulation stop time reached.
2020-11-07 15:57:26,401 adjoint_Solver 0/1 INFO :: 
Starting Adjoint loop ... 

2020-11-07 15:59:21,164 solvers 0/1 INFO :: Simulation stop time reached.
First line search failed ... reducing step size from  5.6555193086315025e-06  to  2.8277596543157513e-06  ... 

After  51  loops: Residual =  80.70804028483741 | Normalized Residual =  0.15542398169150518  ... 

Starting Loop  52  ... 

2020-11-07 15:59:21,206 direct_Solver 0/1 INFO :: 
Starting Direct loop ... 

2020-11-07 16:00:57,573 solvers 0/1 INFO :: Simulation stop time reached.
2020-11-07 16:00:58,466 adjoint_Solver 0/1 INFO :: 
Starting Adjoint loop ... 

2020-11-07 16:02:53,276 solvers 0/1 INFO :: Simulation stop time reached.
First line search failed ... reducing step size from  2.8277596544966415e-06  to  1.4138798272483207e-06  ... 

After  52  loops: Residual =  80.70612023603825 | Normalized Residual =  0.1554203119979653  ... 

Starting Loop  53  ... 

2020-11-07 16:02:53,319 direct_Solver 0/1 INFO :: 
Starting Direct loop ... 

2020-11-07 16:04:29,503 solvers 0/1 INFO :: Simulation stop time reached.
2020-11-07 16:04:30,394 adjoint_Solver 0/1 INFO :: 
Starting Adjoint loop ... 

2020-11-07 16:06:25,636 solvers 0/1 INFO :: Simulation stop time reached.
First line search failed ... reducing step size from  1.4138798272709323e-06  to  7.069399136354661e-07  ... 

After  53  loops: Residual =  80.70516025403562 | Normalized Residual =  0.15541847722060634  ... 

Starting Loop  54  ... 

2020-11-07 16:06:25,679 direct_Solver 0/1 INFO :: 
Starting Direct loop ... 

2020-11-07 16:08:01,806 solvers 0/1 INFO :: Simulation stop time reached.
2020-11-07 16:08:02,699 adjoint_Solver 0/1 INFO :: 
Starting Adjoint loop ... 

2020-11-07 16:09:57,601 solvers 0/1 INFO :: Simulation stop time reached.
First line search failed ... reducing step size from  7.069399136382926e-07  to  3.534699568191463e-07  ... 

After  54  loops: Residual =  80.70468027363049 | Normalized Residual =  0.1554175598492839  ... 

Starting Loop  55  ... 

2020-11-07 16:09:57,645 direct_Solver 0/1 INFO :: 
Starting Direct loop ... 

2020-11-07 16:11:33,983 solvers 0/1 INFO :: Simulation stop time reached.
2020-11-07 16:11:34,877 adjoint_Solver 0/1 INFO :: 
Starting Adjoint loop ... 

2020-11-07 16:13:29,797 solvers 0/1 INFO :: Simulation stop time reached.
First line search failed ... reducing step size from  3.5346995681949956e-07  to  1.7673497840974978e-07  ... 

After  55  loops: Residual =  80.70444028607392 | Normalized Residual =  0.15541710116796437  ... 

Starting Loop  56  ... 

2020-11-07 16:13:29,844 direct_Solver 0/1 INFO :: 
Starting Direct loop ... 

2020-11-07 16:15:06,095 solvers 0/1 INFO :: Simulation stop time reached.
2020-11-07 16:15:06,987 adjoint_Solver 0/1 INFO :: 
Starting Adjoint loop ... 

2020-11-07 16:17:01,883 solvers 0/1 INFO :: Simulation stop time reached.
First line search failed ... reducing step size from  1.7673497840979396e-07  to  8.836748920489698e-08  ... 

After  56  loops: Residual =  80.7043202929602 | Normalized Residual =  0.15541687182837746  ... 

Starting Loop  57  ... 

2020-11-07 16:17:01,927 direct_Solver 0/1 INFO :: 
Starting Direct loop ... 

2020-11-07 16:18:38,949 solvers 0/1 INFO :: Simulation stop time reached.
2020-11-07 16:18:39,841 adjoint_Solver 0/1 INFO :: 
Starting Adjoint loop ... 

2020-11-07 16:20:34,615 solvers 0/1 INFO :: Simulation stop time reached.
First line search failed ... reducing step size from  8.836748920490251e-08  to  4.4183744602451256e-08  ... 

After  57  loops: Residual =  80.70426029656782 | Normalized Residual =  0.1554167571588494  ... 

Starting Loop  58  ... 

2020-11-07 16:20:34,658 direct_Solver 0/1 INFO :: 
Starting Direct loop ... 

2020-11-07 16:22:11,233 solvers 0/1 INFO :: Simulation stop time reached.
2020-11-07 16:22:12,125 adjoint_Solver 0/1 INFO :: 
Starting Adjoint loop ... 

2020-11-07 16:24:07,359 solvers 0/1 INFO :: Simulation stop time reached.
First line search failed ... reducing step size from  4.4183744602451944e-08  to  2.2091872301225972e-08  ... 

After  58  loops: Residual =  80.70423029841739 | Normalized Residual =  0.1554166998241679  ... 

Starting Loop  59  ... 

2020-11-07 16:24:07,400 direct_Solver 0/1 INFO :: 
Starting Direct loop ... 

2020-11-07 16:25:43,549 solvers 0/1 INFO :: Simulation stop time reached.
2020-11-07 16:25:44,441 adjoint_Solver 0/1 INFO :: 
Starting Adjoint loop ... 

2020-11-07 16:27:39,391 solvers 0/1 INFO :: Simulation stop time reached.
First line search failed ... reducing step size from  2.209187230122606e-08  to  1.104593615061303e-08  ... 

After  59  loops: Residual =  80.7042152993486 | Normalized Residual =  0.15541667115683455  ... 

Starting Loop  60  ... 

2020-11-07 16:27:39,435 direct_Solver 0/1 INFO :: 
Starting Direct loop ... 

2020-11-07 16:29:15,808 solvers 0/1 INFO :: Simulation stop time reached.
2020-11-07 16:29:16,700 adjoint_Solver 0/1 INFO :: 
Starting Adjoint loop ... 

2020-11-07 16:31:12,142 solvers 0/1 INFO :: Simulation stop time reached.
First line search failed ... reducing step size from  1.104593615061304e-08  to  5.52296807530652e-09  ... 

After  60  loops: Residual =  80.70420779981424 | Normalized Residual =  0.1554166568231803  ... 

Starting Loop  61  ... 

2020-11-07 16:31:12,184 direct_Solver 0/1 INFO :: 
Starting Direct loop ... 

2020-11-07 16:32:49,191 solvers 0/1 INFO :: Simulation stop time reached.
2020-11-07 16:32:50,085 adjoint_Solver 0/1 INFO :: 
Starting Adjoint loop ... 

2020-11-07 16:34:44,888 solvers 0/1 INFO :: Simulation stop time reached.
First line search failed ... reducing step size from  5.522968075306523e-09  to  2.7614840376532614e-09  ... 

After  61  loops: Residual =  80.70420405005099 | Normalized Residual =  0.15541664965634466  ... 

Starting Loop  62  ... 

2020-11-07 16:34:44,934 direct_Solver 0/1 INFO :: 
Starting Direct loop ... 

2020-11-07 16:36:21,348 solvers 0/1 INFO :: Simulation stop time reached.
2020-11-07 16:36:22,241 adjoint_Solver 0/1 INFO :: 
Starting Adjoint loop ... 

2020-11-07 16:38:16,978 solvers 0/1 INFO :: Simulation stop time reached.
First line search failed ... reducing step size from  2.761484037653261e-09  to  1.3807420188266305e-09  ... 

After  62  loops: Residual =  80.7042021751691 | Normalized Residual =  0.15541664607292796  ... 

Starting Loop  63  ... 

2020-11-07 16:38:17,020 direct_Solver 0/1 INFO :: 
Starting Direct loop ... 

2020-11-07 16:39:53,429 solvers 0/1 INFO :: Simulation stop time reached.
2020-11-07 16:39:54,323 adjoint_Solver 0/1 INFO :: 
Starting Adjoint loop ... 

2020-11-07 16:41:49,306 solvers 0/1 INFO :: Simulation stop time reached.
First line search failed ... reducing step size from  1.3807420188266307e-09  to  6.903710094133153e-10  ... 

After  63  loops: Residual =  80.7042012377334 | Normalized Residual =  0.1554166442812221  ... 

Starting Loop  64  ... 

2020-11-07 16:41:49,350 direct_Solver 0/1 INFO :: 
Starting Direct loop ... 

2020-11-07 16:43:25,587 solvers 0/1 INFO :: Simulation stop time reached.
2020-11-07 16:43:26,479 adjoint_Solver 0/1 INFO :: 
Starting Adjoint loop ... 

2020-11-07 16:45:20,779 solvers 0/1 INFO :: Simulation stop time reached.
First line search failed ... reducing step size from  6.903710094133153e-10  to  3.4518550470665767e-10  ... 

After  64  loops: Residual =  80.7042007690093 | Normalized Residual =  0.15541664338536645  ... 

Starting Loop  65  ... 

2020-11-07 16:45:20,819 direct_Solver 0/1 INFO :: 
Starting Direct loop ... 

2020-11-07 16:46:56,688 solvers 0/1 INFO :: Simulation stop time reached.
2020-11-07 16:46:57,579 adjoint_Solver 0/1 INFO :: 
Starting Adjoint loop ... 

2020-11-07 16:48:51,791 solvers 0/1 INFO :: Simulation stop time reached.
First line search failed ... reducing step size from  3.451855047066577e-10  to  1.7259275235332886e-10  ... 

After  65  loops: Residual =  80.7042005346469 | Normalized Residual =  0.1554166429374497  ... 

Starting Loop  66  ... 

2020-11-07 16:48:51,832 direct_Solver 0/1 INFO :: 
Starting Direct loop ... 

2020-11-07 16:50:27,518 solvers 0/1 INFO :: Simulation stop time reached.
2020-11-07 16:50:28,412 adjoint_Solver 0/1 INFO :: 
Starting Adjoint loop ... 

2020-11-07 16:52:22,687 solvers 0/1 INFO :: Simulation stop time reached.
First line search failed ... reducing step size from  1.7259275235332884e-10  to  8.629637617666442e-11  ... 

After  66  loops: Residual =  80.70420041746885 | Normalized Residual =  0.15541664271348207  ... 

Starting Loop  67  ... 

2020-11-07 16:52:22,727 direct_Solver 0/1 INFO :: 
Starting Direct loop ... 

2020-11-07 16:53:58,852 solvers 0/1 INFO :: Simulation stop time reached.
2020-11-07 16:53:59,745 adjoint_Solver 0/1 INFO :: 
Starting Adjoint loop ... 

2020-11-07 16:55:54,145 solvers 0/1 INFO :: Simulation stop time reached.
First line search failed ... reducing step size from  8.629637617666442e-11  to  4.314818808833221e-11  ... 

After  67  loops: Residual =  80.70420035887835 | Normalized Residual =  0.15541664260151014  ... 

Starting Loop  68  ... 

2020-11-07 16:55:54,188 direct_Solver 0/1 INFO :: 
Starting Direct loop ... 

2020-11-07 16:57:30,800 solvers 0/1 INFO :: Simulation stop time reached.
2020-11-07 16:57:31,693 adjoint_Solver 0/1 INFO :: 
Starting Adjoint loop ... 

2020-11-07 16:59:26,537 solvers 0/1 INFO :: Simulation stop time reached.
First line search failed ... reducing step size from  4.314818808833221e-11  to  2.1574094044166104e-11  ... 

After  68  loops: Residual =  80.70420032958505 | Normalized Residual =  0.15541664254550597  ... 

Starting Loop  69  ... 

2020-11-07 16:59:26,591 direct_Solver 0/1 INFO :: 
Starting Direct loop ... 

2020-11-07 17:01:03,452 solvers 0/1 INFO :: Simulation stop time reached.
2020-11-07 17:01:04,346 adjoint_Solver 0/1 INFO :: 
Starting Adjoint loop ... 

2020-11-07 17:02:59,173 solvers 0/1 INFO :: Simulation stop time reached.
First line search failed ... reducing step size from  2.1574094044166104e-11  to  1.0787047022083052e-11  ... 

After  69  loops: Residual =  80.70420031493309 | Normalized Residual =  0.15541664251751958  ... 

Starting Loop  70  ... 

2020-11-07 17:02:59,224 direct_Solver 0/1 INFO :: 
Starting Direct loop ... 

2020-11-07 17:04:35,727 solvers 0/1 INFO :: Simulation stop time reached.
2020-11-07 17:04:36,621 adjoint_Solver 0/1 INFO :: 
Starting Adjoint loop ... 

2020-11-07 17:06:31,315 solvers 0/1 INFO :: Simulation stop time reached.
First line search failed ... reducing step size from  1.0787047022083052e-11  to  5.393523511041526e-12  ... 

After  70  loops: Residual =  80.70420030760984 | Normalized Residual =  0.15541664250352805  ... 

Starting Loop  71  ... 

2020-11-07 17:06:31,365 direct_Solver 0/1 INFO :: 
Starting Direct loop ... 

2020-11-07 17:08:07,957 solvers 0/1 INFO :: Simulation stop time reached.
2020-11-07 17:08:08,849 adjoint_Solver 0/1 INFO :: 
Starting Adjoint loop ... 

2020-11-07 17:10:03,510 solvers 0/1 INFO :: Simulation stop time reached.
First line search failed ... reducing step size from  5.393523511041526e-12  to  2.696761755520763e-12  ... 

After  71  loops: Residual =  80.70420030394851 | Normalized Residual =  0.15541664249651752  ... 

Starting Loop  72  ... 

2020-11-07 17:10:03,562 direct_Solver 0/1 INFO :: 
Starting Direct loop ... 

2020-11-07 17:11:40,407 solvers 0/1 INFO :: Simulation stop time reached.
2020-11-07 17:11:41,299 adjoint_Solver 0/1 INFO :: 
Starting Adjoint loop ... 

2020-11-07 17:13:36,145 solvers 0/1 INFO :: Simulation stop time reached.
First line search failed ... reducing step size from  2.696761755520763e-12  to  1.3483808777603815e-12  ... 

After  72  loops: Residual =  80.70420030212235 | Normalized Residual =  0.15541664249302684  ... 

Starting Loop  73  ... 

2020-11-07 17:13:36,188 direct_Solver 0/1 INFO :: 
Starting Direct loop ... 

2020-11-07 17:15:09,556 solvers 0/1 INFO :: Simulation stop time reached.
2020-11-07 17:15:10,453 adjoint_Solver 0/1 INFO :: 
Starting Adjoint loop ... 

2020-11-07 17:17:05,564 solvers 0/1 INFO :: Simulation stop time reached.
First line search failed ... reducing step size from  1.3483808777603817e-12  to  6.741904388801909e-13  ... 

After  73  loops: Residual =  80.7042003012051 | Normalized Residual =  0.15541664249126957  ... 

Starting Loop  74  ... 

2020-11-07 17:17:05,621 direct_Solver 0/1 INFO :: 
Starting Direct loop ... 

2020-11-07 17:18:36,598 solvers 0/1 INFO :: Simulation stop time reached.
2020-11-07 17:18:37,464 adjoint_Solver 0/1 INFO :: 
Starting Adjoint loop ... 

2020-11-07 17:20:24,760 solvers 0/1 INFO :: Simulation stop time reached.
First line search failed ... reducing step size from  6.741904388801908e-13  to  3.370952194400954e-13  ... 

After  74  loops: Residual =  80.70420030074408 | Normalized Residual =  0.1554166424904006  ... 

Starting Loop  75  ... 

2020-11-07 17:20:24,797 direct_Solver 0/1 INFO :: 
Starting Direct loop ... 

2020-11-07 17:21:53,843 solvers 0/1 INFO :: Simulation stop time reached.
2020-11-07 17:21:54,707 adjoint_Solver 0/1 INFO :: 
Starting Adjoint loop ... 

2020-11-07 17:23:41,419 solvers 0/1 INFO :: Simulation stop time reached.
First line search failed ... reducing step size from  3.3709521944009543e-13  to  1.6854760972004772e-13  ... 

After  75  loops: Residual =  80.70420030051993 | Normalized Residual =  0.15541664248996387  ... 

Starting Loop  76  ... 

2020-11-07 17:23:41,457 direct_Solver 0/1 INFO :: 
Starting Direct loop ... 

2020-11-07 17:25:12,691 solvers 0/1 INFO :: Simulation stop time reached.
2020-11-07 17:25:13,556 adjoint_Solver 0/1 INFO :: 
Starting Adjoint loop ... 

2020-11-07 17:27:00,609 solvers 0/1 INFO :: Simulation stop time reached.
First line search failed ... reducing step size from  1.685476097200477e-13  to  8.427380486002385e-14  ... 

After  76  loops: Residual =  80.70420030040347 | Normalized Residual =  0.1554166424897344  ... 

Starting Loop  77  ... 

2020-11-07 17:27:00,646 direct_Solver 0/1 INFO :: 
Starting Direct loop ... 

2020-11-07 17:28:29,632 solvers 0/1 INFO :: Simulation stop time reached.
2020-11-07 17:28:30,498 adjoint_Solver 0/1 INFO :: 
Starting Adjoint loop ... 

2020-11-07 17:30:16,475 solvers 0/1 INFO :: Simulation stop time reached.
First line search failed ... reducing step size from  8.427380486002385e-14  to  4.213690243001192e-14  ... 

After  77  loops: Residual =  80.70420030034714 | Normalized Residual =  0.1554166424896284  ... 

Starting Loop  78  ... 

2020-11-07 17:30:16,513 direct_Solver 0/1 INFO :: 
Starting Direct loop ... 

2020-11-07 17:31:45,148 solvers 0/1 INFO :: Simulation stop time reached.
2020-11-07 17:31:46,010 adjoint_Solver 0/1 INFO :: 
Starting Adjoint loop ... 

2020-11-07 17:33:31,570 solvers 0/1 INFO :: Simulation stop time reached.
First line search failed ... reducing step size from  4.2136902430011917e-14  to  2.1068451215005958e-14  ... 

After  78  loops: Residual =  80.70420030031953 | Normalized Residual =  0.15541664248957301  ... 

Starting Loop  79  ... 

2020-11-07 17:33:31,608 direct_Solver 0/1 INFO :: 
Starting Direct loop ... 

2020-11-07 17:35:00,200 solvers 0/1 INFO :: Simulation stop time reached.
2020-11-07 17:35:01,063 adjoint_Solver 0/1 INFO :: 
Starting Adjoint loop ... 

2020-11-07 17:36:45,366 solvers 0/1 INFO :: Simulation stop time reached.
First line search failed ... reducing step size from  2.1068451215005958e-14  to  1.0534225607502979e-14  ... 

After  79  loops: Residual =  80.70420030030387 | Normalized Residual =  0.15541664248955167  ... 

Starting Loop  80  ... 

2020-11-07 17:36:45,404 direct_Solver 0/1 INFO :: 
Starting Direct loop ... 

2020-11-07 17:38:11,161 solvers 0/1 INFO :: Simulation stop time reached.
2020-11-07 17:38:11,998 adjoint_Solver 0/1 INFO :: 
Starting Adjoint loop ... 

2020-11-07 17:39:54,672 solvers 0/1 INFO :: Simulation stop time reached.
First line search failed ... reducing step size from  1.053422560750298e-14  to  5.26711280375149e-15  ... 

After  80  loops: Residual =  80.70420030029914 | Normalized Residual =  0.15541664248953446  ... 

Starting Loop  81  ... 

2020-11-07 17:39:54,709 direct_Solver 0/1 INFO :: 
Starting Direct loop ... 

2020-11-07 17:41:20,481 solvers 0/1 INFO :: Simulation stop time reached.
2020-11-07 17:41:21,322 adjoint_Solver 0/1 INFO :: 
Starting Adjoint loop ... 

2020-11-07 17:43:03,780 solvers 0/1 INFO :: Simulation stop time reached.
First line search failed ... reducing step size from  5.2671128037514896e-15  to  2.6335564018757448e-15  ... 

After  81  loops: Residual =  80.7042003002957 | Normalized Residual =  0.15541664248953133  ... 

Starting Loop  82  ... 

2020-11-07 17:43:03,821 direct_Solver 0/1 INFO :: 
Starting Direct loop ... 

2020-11-07 17:44:29,870 solvers 0/1 INFO :: Simulation stop time reached.
2020-11-07 17:44:30,709 adjoint_Solver 0/1 INFO :: 
Starting Adjoint loop ... 

2020-11-07 17:46:13,289 solvers 0/1 INFO :: Simulation stop time reached.
First line search failed ... reducing step size from  2.6335564018757448e-15  to  1.3167782009378724e-15  ... 

After  82  loops: Residual =  80.7042003002932 | Normalized Residual =  0.15541664248952572  ... 

Starting Loop  83  ... 

2020-11-07 17:46:13,326 direct_Solver 0/1 INFO :: 
Starting Direct loop ... 

2020-11-07 17:47:39,539 solvers 0/1 INFO :: Simulation stop time reached.
2020-11-07 17:47:40,401 adjoint_Solver 0/1 INFO :: 
Starting Adjoint loop ... 

2020-11-07 17:49:23,196 solvers 0/1 INFO :: Simulation stop time reached.
First line search failed ... reducing step size from  1.3167782009378724e-15  to  6.583891004689362e-16  ... 

After  83  loops: Residual =  80.70420030029307 | Normalized Residual =  0.15541664248952586  ... 

Starting Loop  84  ... 

2020-11-07 17:49:23,229 direct_Solver 0/1 INFO :: 
Starting Direct loop ... 

2020-11-07 17:50:48,944 solvers 0/1 INFO :: Simulation stop time reached.
2020-11-07 17:50:49,806 adjoint_Solver 0/1 INFO :: 
Starting Adjoint loop ... 

2020-11-07 17:52:32,218 solvers 0/1 INFO :: Simulation stop time reached.
First line search failed ... reducing step size from  6.583891004689362e-16  to  3.291945502344681e-16  ... 

After  84  loops: Residual =  80.70420030029206 | Normalized Residual =  0.15541664248952247  ... 

Starting Loop  85  ... 

2020-11-07 17:52:32,254 direct_Solver 0/1 INFO :: 
Starting Direct loop ... 

2020-11-07 17:53:58,020 solvers 0/1 INFO :: Simulation stop time reached.
2020-11-07 17:53:58,874 adjoint_Solver 0/1 INFO :: 
Starting Adjoint loop ... 

2020-11-07 17:55:41,328 solvers 0/1 INFO :: Simulation stop time reached.
First line search failed ... reducing step size from  3.291945502344681e-16  to  1.6459727511723405e-16  ... 

After  85  loops: Residual =  80.70420030028855 | Normalized Residual =  0.15541664248952036  ... 

Starting Loop  86  ... 

2020-11-07 17:55:41,364 direct_Solver 0/1 INFO :: 
Starting Direct loop ... 

2020-11-07 17:57:05,256 solvers 0/1 INFO :: Simulation stop time reached.
2020-11-07 17:57:06,092 adjoint_Solver 0/1 INFO :: 
Starting Adjoint loop ... 

2020-11-07 17:58:45,487 solvers 0/1 INFO :: Simulation stop time reached.
First line search failed ... reducing step size from  1.6459727511723405e-16  to  8.229863755861702e-17  ... 

After  86  loops: Residual =  80.70420030029065 | Normalized Residual =  0.15541664248952192  ... 

Starting Loop  87  ... 

2020-11-07 17:58:45,519 direct_Solver 0/1 INFO :: 
Starting Direct loop ... 

2020-11-07 18:00:09,130 solvers 0/1 INFO :: Simulation stop time reached.
2020-11-07 18:00:09,967 adjoint_Solver 0/1 INFO :: 
Starting Adjoint loop ... 

2020-11-07 18:01:48,983 solvers 0/1 INFO :: Simulation stop time reached.
First line search failed ... reducing step size from  8.229863755861702e-17  to  4.114931877930851e-17  ... 

After  87  loops: Residual =  80.70420030028947 | Normalized Residual =  0.1554166424895273  ... 

Starting Loop  88  ... 

2020-11-07 18:01:49,015 direct_Solver 0/1 INFO :: 
Starting Direct loop ... 

2020-11-07 18:03:12,340 solvers 0/1 INFO :: Simulation stop time reached.
2020-11-07 18:03:13,176 adjoint_Solver 0/1 INFO :: 
Starting Adjoint loop ... 

2020-11-07 18:04:52,120 solvers 0/1 INFO :: Simulation stop time reached.
First line search failed ... reducing step size from  4.114931877930851e-17  to  2.0574659389654256e-17  ... 

After  88  loops: Residual =  80.70420030029244 | Normalized Residual =  0.15541664248952217  ... 

Starting Loop  89  ... 

2020-11-07 18:04:52,152 direct_Solver 0/1 INFO :: 
Starting Direct loop ... 

2020-11-07 18:06:15,408 solvers 0/1 INFO :: Simulation stop time reached.
2020-11-07 18:06:16,245 adjoint_Solver 0/1 INFO :: 
Starting Adjoint loop ... 

2020-11-07 18:07:55,095 solvers 0/1 INFO :: Simulation stop time reached.
First line search failed ... reducing step size from  2.0574659389654256e-17  to  1.0287329694827128e-17  ... 

After  89  loops: Residual =  80.70420030028922 | Normalized Residual =  0.1554166424895171  ... 

Starting Loop  90  ... 

2020-11-07 18:07:55,132 direct_Solver 0/1 INFO :: 
Starting Direct loop ... 

2020-11-07 18:09:17,292 solvers 0/1 INFO :: Simulation stop time reached.
2020-11-07 18:09:18,131 adjoint_Solver 0/1 INFO :: 
Starting Adjoint loop ... 

2020-11-07 18:10:56,473 solvers 0/1 INFO :: Simulation stop time reached.
First line search failed ... reducing step size from  1.0287329694827128e-17  to  5.143664847413564e-18  ... 

After  90  loops: Residual =  80.70420030029042 | Normalized Residual =  0.1554166424895217  ... 

Starting Loop  91  ... 

2020-11-07 18:10:56,504 direct_Solver 0/1 INFO :: 
Starting Direct loop ... 

2020-11-07 18:12:18,141 solvers 0/1 INFO :: Simulation stop time reached.
2020-11-07 18:12:18,974 adjoint_Solver 0/1 INFO :: 
Starting Adjoint loop ... 

2020-11-07 18:13:56,784 solvers 0/1 INFO :: Simulation stop time reached.
First line search failed ... reducing step size from  5.143664847413564e-18  to  2.571832423706782e-18  ... 

After  91  loops: Residual =  80.70420030028896 | Normalized Residual =  0.1554166424895201  ... 

Starting Loop  92  ... 

2020-11-07 18:13:56,816 direct_Solver 0/1 INFO :: 
Starting Direct loop ... 

2020-11-07 18:15:18,091 solvers 0/1 INFO :: Simulation stop time reached.
2020-11-07 18:15:18,928 adjoint_Solver 0/1 INFO :: 
Starting Adjoint loop ... 

2020-11-07 18:16:56,080 solvers 0/1 INFO :: Simulation stop time reached.
First line search failed ... reducing step size from  2.571832423706782e-18  to  1.285916211853391e-18  ... 

After  92  loops: Residual =  80.70420030028816 | Normalized Residual =  0.1554166424895199  ... 

Starting Loop  93  ... 

2020-11-07 18:16:56,112 direct_Solver 0/1 INFO :: 
Starting Direct loop ... 

2020-11-07 18:18:17,222 solvers 0/1 INFO :: Simulation stop time reached.
2020-11-07 18:18:18,049 adjoint_Solver 0/1 INFO :: 
Starting Adjoint loop ... 

2020-11-07 18:19:54,923 solvers 0/1 INFO :: Simulation stop time reached.
First line search failed ... reducing step size from  1.285916211853391e-18  to  6.429581059266955e-19  ... 

After  93  loops: Residual =  80.70420030029288 | Normalized Residual =  0.15541664248952528  ... 

Starting Loop  94  ... 

2020-11-07 18:19:54,954 direct_Solver 0/1 INFO :: 
Starting Direct loop ... 

2020-11-07 18:21:15,730 solvers 0/1 INFO :: Simulation stop time reached.
2020-11-07 18:21:16,555 adjoint_Solver 0/1 INFO :: 
Starting Adjoint loop ... 

2020-11-07 18:22:53,260 solvers 0/1 INFO :: Simulation stop time reached.
First line search failed ... reducing step size from  6.429581059266955e-19  to  3.2147905296334775e-19  ... 

After  94  loops: Residual =  80.70420030029017 | Normalized Residual =  0.15541664248952203  ... 

Starting Loop  95  ... 

2020-11-07 18:22:53,292 direct_Solver 0/1 INFO :: 
Starting Direct loop ... 

2020-11-07 18:24:14,880 solvers 0/1 INFO :: Simulation stop time reached.
2020-11-07 18:24:15,706 adjoint_Solver 0/1 INFO :: 
Starting Adjoint loop ... 

2020-11-07 18:25:52,446 solvers 0/1 INFO :: Simulation stop time reached.
First line search failed ... reducing step size from  3.2147905296334775e-19  to  1.6073952648167388e-19  ... 

After  95  loops: Residual =  80.7042003002896 | Normalized Residual =  0.15541664248952147  ... 

Starting Loop  96  ... 

2020-11-07 18:25:52,477 direct_Solver 0/1 INFO :: 
Starting Direct loop ... 

2020-11-07 18:27:13,583 solvers 0/1 INFO :: Simulation stop time reached.
2020-11-07 18:27:14,410 adjoint_Solver 0/1 INFO :: 
Starting Adjoint loop ... 

2020-11-07 18:28:51,164 solvers 0/1 INFO :: Simulation stop time reached.
First line search failed ... reducing step size from  1.6073952648167388e-19  to  8.036976324083694e-20  ... 

After  96  loops: Residual =  80.70420030028998 | Normalized Residual =  0.1554166424895234  ... 

Starting Loop  97  ... 

2020-11-07 18:28:51,196 direct_Solver 0/1 INFO :: 
Starting Direct loop ... 

2020-11-07 18:30:12,139 solvers 0/1 INFO :: Simulation stop time reached.
2020-11-07 18:30:12,966 adjoint_Solver 0/1 INFO :: 
Starting Adjoint loop ... 

2020-11-07 18:31:49,444 solvers 0/1 INFO :: Simulation stop time reached.
First line search failed ... reducing step size from  8.036976324083694e-20  to  4.018488162041847e-20  ... 

After  97  loops: Residual =  80.7042003002915 | Normalized Residual =  0.15541664248952725  ... 

Starting Loop  98  ... 

2020-11-07 18:31:49,476 direct_Solver 0/1 INFO :: 
Starting Direct loop ... 

2020-11-07 18:33:10,368 solvers 0/1 INFO :: Simulation stop time reached.
2020-11-07 18:33:11,195 adjoint_Solver 0/1 INFO :: 
Starting Adjoint loop ... 

2020-11-07 18:34:47,789 solvers 0/1 INFO :: Simulation stop time reached.
First line search failed ... reducing step size from  4.018488162041847e-20  to  2.0092440810209234e-20  ... 

After  98  loops: Residual =  80.70420030029014 | Normalized Residual =  0.15541664248952597  ... 

Starting Loop  99  ... 

2020-11-07 18:34:47,820 direct_Solver 0/1 INFO :: 
Starting Direct loop ... 

2020-11-07 18:36:08,785 solvers 0/1 INFO :: Simulation stop time reached.
2020-11-07 18:36:09,610 adjoint_Solver 0/1 INFO :: 
Starting Adjoint loop ... 

2020-11-07 18:37:45,850 solvers 0/1 INFO :: Simulation stop time reached.
First line search failed ... reducing step size from  2.0092440810209234e-20  to  1.0046220405104617e-20  ... 

After  99  loops: Residual =  80.7042003002916 | Normalized Residual =  0.1554166424895217  ... 

Starting Loop  100  ... 

2020-11-07 18:37:45,882 direct_Solver 0/1 INFO :: 
Starting Direct loop ... 

2020-11-07 18:39:06,767 solvers 0/1 INFO :: Simulation stop time reached.
2020-11-07 18:39:07,595 adjoint_Solver 0/1 INFO :: 
Starting Adjoint loop ... 

2020-11-07 18:40:44,061 solvers 0/1 INFO :: Simulation stop time reached.
First line search failed ... reducing step size from  1.0046220405104617e-20  to  5.0231102025523086e-21  ... 

After  100  loops: Residual =  80.70420030028804 | Normalized Residual =  0.15541664248952244  ... 

Starting Loop  101  ... 

2020-11-07 18:40:44,093 direct_Solver 0/1 INFO :: 
Starting Direct loop ... 

2020-11-07 18:42:04,882 solvers 0/1 INFO :: Simulation stop time reached.
2020-11-07 18:42:05,708 adjoint_Solver 0/1 INFO :: 
Starting Adjoint loop ... 

2020-11-07 18:43:41,998 solvers 0/1 INFO :: Simulation stop time reached.
First line search failed ... reducing step size from  5.0231102025523086e-21  to  2.5115551012761543e-21  ... 

After  101  loops: Residual =  80.7042003002916 | Normalized Residual =  0.1554166424895248  ... 

Starting Loop  102  ... 

2020-11-07 18:43:42,029 direct_Solver 0/1 INFO :: 
Starting Direct loop ... 

2020-11-07 18:45:02,911 solvers 0/1 INFO :: Simulation stop time reached.
2020-11-07 18:45:03,739 adjoint_Solver 0/1 INFO :: 
Starting Adjoint loop ... 

2020-11-07 18:46:40,897 solvers 0/1 INFO :: Simulation stop time reached.
First line search failed ... reducing step size from  2.5115551012761543e-21  to  1.2557775506380772e-21  ... 

After  102  loops: Residual =  80.7042003002925 | Normalized Residual =  0.15541664248952336  ... 

Starting Loop  103  ... 

2020-11-07 18:46:40,928 direct_Solver 0/1 INFO :: 
Starting Direct loop ... 

2020-11-07 18:48:01,920 solvers 0/1 INFO :: Simulation stop time reached.
2020-11-07 18:48:02,747 adjoint_Solver 0/1 INFO :: 
Starting Adjoint loop ... 

2020-11-07 18:49:39,201 solvers 0/1 INFO :: Simulation stop time reached.
First line search failed ... reducing step size from  1.2557775506380772e-21  to  6.278887753190386e-22  ... 

After  103  loops: Residual =  80.70420030029071 | Normalized Residual =  0.15541664248952042  ... 

Starting Loop  104  ... 

2020-11-07 18:49:39,233 direct_Solver 0/1 INFO :: 
Starting Direct loop ... 

2020-11-07 18:51:00,244 solvers 0/1 INFO :: Simulation stop time reached.
2020-11-07 18:51:01,074 adjoint_Solver 0/1 INFO :: 
Starting Adjoint loop ... 

2020-11-07 18:52:37,659 solvers 0/1 INFO :: Simulation stop time reached.
First line search failed ... reducing step size from  6.278887753190386e-22  to  3.139443876595193e-22  ... 

After  104  loops: Residual =  80.70420030029219 | Normalized Residual =  0.1554166424895277  ... 

Starting Loop  105  ... 

2020-11-07 18:52:37,690 direct_Solver 0/1 INFO :: 
Starting Direct loop ... 

2020-11-07 18:53:58,436 solvers 0/1 INFO :: Simulation stop time reached.
2020-11-07 18:53:59,263 adjoint_Solver 0/1 INFO :: 
Starting Adjoint loop ... 

2020-11-07 18:55:35,849 solvers 0/1 INFO :: Simulation stop time reached.
First line search failed ... reducing step size from  3.139443876595193e-22  to  1.5697219382975964e-22  ... 

After  105  loops: Residual =  80.70420030029183 | Normalized Residual =  0.1554166424895195  ... 

Starting Loop  106  ... 

2020-11-07 18:55:35,879 direct_Solver 0/1 INFO :: 
Starting Direct loop ... 

