2020-11-15 17:10:12,447 pencil 0/1 INFO :: Building pencil matrix 1/32 (~3%) Elapsed: 0s, Remaining: 1s, Rate: 4.9e+01/s
2020-11-15 17:10:12,507 pencil 0/1 INFO :: Building pencil matrix 4/32 (~12%) Elapsed: 0s, Remaining: 1s, Rate: 4.9e+01/s
2020-11-15 17:10:12,588 pencil 0/1 INFO :: Building pencil matrix 8/32 (~25%) Elapsed: 0s, Remaining: 0s, Rate: 5.0e+01/s
2020-11-15 17:10:12,668 pencil 0/1 INFO :: Building pencil matrix 12/32 (~38%) Elapsed: 0s, Remaining: 0s, Rate: 5.0e+01/s
2020-11-15 17:10:12,748 pencil 0/1 INFO :: Building pencil matrix 16/32 (~50%) Elapsed: 0s, Remaining: 0s, Rate: 5.0e+01/s
2020-11-15 17:10:12,828 pencil 0/1 INFO :: Building pencil matrix 20/32 (~62%) Elapsed: 0s, Remaining: 0s, Rate: 5.0e+01/s
2020-11-15 17:10:12,910 pencil 0/1 INFO :: Building pencil matrix 24/32 (~75%) Elapsed: 0s, Remaining: 0s, Rate: 5.0e+01/s
2020-11-15 17:10:12,990 pencil 0/1 INFO :: Building pencil matrix 28/32 (~88%) Elapsed: 1s, Remaining: 0s, Rate: 5.0e+01/s
2020-11-15 17:10:13,070 pencil 0/1 INFO :: Building pencil matrix 32/32 (~100%) Elapsed: 1s, Remaining: 0s, Rate: 5.0e+01/s
2020-11-15 17:10:13,105 pencil 0/1 INFO :: Building pencil matrix 1/32 (~3%) Elapsed: 0s, Remaining: 1s, Rate: 4.8e+01/s
2020-11-15 17:10:13,167 pencil 0/1 INFO :: Building pencil matrix 4/32 (~12%) Elapsed: 0s, Remaining: 1s, Rate: 4.8e+01/s
2020-11-15 17:10:13,250 pencil 0/1 INFO :: Building pencil matrix 8/32 (~25%) Elapsed: 0s, Remaining: 0s, Rate: 4.8e+01/s
2020-11-15 17:10:13,332 pencil 0/1 INFO :: Building pencil matrix 12/32 (~38%) Elapsed: 0s, Remaining: 0s, Rate: 4.8e+01/s
2020-11-15 17:10:13,415 pencil 0/1 INFO :: Building pencil matrix 16/32 (~50%) Elapsed: 0s, Remaining: 0s, Rate: 4.8e+01/s
2020-11-15 17:10:13,498 pencil 0/1 INFO :: Building pencil matrix 20/32 (~62%) Elapsed: 0s, Remaining: 0s, Rate: 4.8e+01/s
2020-11-15 17:10:13,581 pencil 0/1 INFO :: Building pencil matrix 24/32 (~75%) Elapsed: 0s, Remaining: 0s, Rate: 4.8e+01/s
2020-11-15 17:10:13,663 pencil 0/1 INFO :: Building pencil matrix 28/32 (~88%) Elapsed: 1s, Remaining: 0s, Rate: 4.8e+01/s
2020-11-15 17:10:13,746 pencil 0/1 INFO :: Building pencil matrix 32/32 (~100%) Elapsed: 1s, Remaining: 0s, Rate: 4.8e+01/s


=====Optimization Algorithm Parameters=====


(s, T, Re) = ( 0.0 ,  20.0 ,  50.0 )

K       =  1.5
r       =  0.75
e0init  =  0.1
LS      =  0
LSI     =  0
proj    =  0
method  =  rot
dmethod =  conj
powit   =  0
N       =  200
start   =  cont
sstr    =  0
resMin  =  0.5


===========================================

Continuing from previous solution ... 

2020-11-15 17:10:13,793 direct_Solver 0/1 INFO :: 
Starting Direct loop ... 

2020-11-15 17:13:54,975 solvers 0/1 INFO :: Simulation stop time reached.
rank =  0
2020-11-15 17:13:55,825 adjoint_Solver 0/1 INFO :: 
Starting Adjoint loop ... 

2020-11-15 17:18:37,682 solvers 0/1 INFO :: Simulation stop time reached.
Starting Loop  1  ... 

2020-11-15 17:18:37,717 direct_Solver 0/1 INFO :: 
Starting Direct loop ... 

2020-11-15 17:22:01,564 solvers 0/1 INFO :: Simulation stop time reached.
rank =  0
2020-11-15 17:22:02,410 adjoint_Solver 0/1 INFO :: 
Starting Adjoint loop ... 

2020-11-15 17:26:02,478 solvers 0/1 INFO :: Simulation stop time reached.
Starting Line Search ... 

2020-11-15 17:26:02,510 direct_Solver 0/1 INFO :: 
Starting Direct loop ... 

2020-11-15 17:29:26,169 solvers 0/1 INFO :: Simulation stop time reached.
rank =  0
2020-11-15 17:29:27,036 adjoint_Solver 0/1 INFO :: 
Starting Adjoint loop ... 

2020-11-15 17:33:24,308 solvers 0/1 INFO :: Simulation stop time reached.
Starting Line Search ... 

2020-11-15 17:33:24,339 direct_Solver 0/1 INFO :: 
Starting Direct loop ... 

2020-11-15 17:36:40,912 solvers 0/1 INFO :: Simulation stop time reached.
rank =  0
2020-11-15 17:36:41,756 adjoint_Solver 0/1 INFO :: 
Starting Adjoint loop ... 

2020-11-15 17:40:34,442 solvers 0/1 INFO :: Simulation stop time reached.
Starting Line Search ... 

2020-11-15 17:40:34,472 direct_Solver 0/1 INFO :: 
Starting Direct loop ... 

2020-11-15 17:43:51,166 solvers 0/1 INFO :: Simulation stop time reached.
rank =  0
2020-11-15 17:43:52,027 adjoint_Solver 0/1 INFO :: 
Starting Adjoint loop ... 

2020-11-15 17:47:43,584 solvers 0/1 INFO :: Simulation stop time reached.
2020-11-15 17:47:43,614 direct_Solver 0/1 INFO :: 
Starting Direct loop ... 

2020-11-15 17:50:54,765 solvers 0/1 INFO :: Simulation stop time reached.
rank =  0
2020-11-15 17:50:55,607 adjoint_Solver 0/1 INFO :: 
Starting Adjoint loop ... 

2020-11-15 17:54:40,997 solvers 0/1 INFO :: Simulation stop time reached.
New step size =  0.15000000000000002  ... 

After  5  loops: Residual =  141.73302185352696 | Normalized Residual =  0.4673595556215654  ... 

Starting Loop  6  ... 

2020-11-15 17:54:41,032 direct_Solver 0/1 INFO :: 
Starting Direct loop ... 

2020-11-15 17:57:49,214 solvers 0/1 INFO :: Simulation stop time reached.
rank =  0
2020-11-15 17:57:50,049 adjoint_Solver 0/1 INFO :: 
Starting Adjoint loop ... 

2020-11-15 18:01:33,947 solvers 0/1 INFO :: Simulation stop time reached.
Starting Line Search ... 

2020-11-15 18:01:33,977 direct_Solver 0/1 INFO :: 
Starting Direct loop ... 

2020-11-15 18:04:41,817 solvers 0/1 INFO :: Simulation stop time reached.
rank =  0
2020-11-15 18:04:42,638 adjoint_Solver 0/1 INFO :: 
Starting Adjoint loop ... 

2020-11-15 18:08:27,096 solvers 0/1 INFO :: Simulation stop time reached.
Starting Line Search ... 

2020-11-15 18:08:27,125 direct_Solver 0/1 INFO :: 
Starting Direct loop ... 

2020-11-15 18:11:33,698 solvers 0/1 INFO :: Simulation stop time reached.
rank =  0
2020-11-15 18:11:34,510 adjoint_Solver 0/1 INFO :: 
Starting Adjoint loop ... 

2020-11-15 18:15:16,316 solvers 0/1 INFO :: Simulation stop time reached.
Starting Line Search ... 

2020-11-15 18:15:16,346 direct_Solver 0/1 INFO :: 
Starting Direct loop ... 

2020-11-15 18:18:22,533 solvers 0/1 INFO :: Simulation stop time reached.
rank =  0
2020-11-15 18:18:23,343 adjoint_Solver 0/1 INFO :: 
Starting Adjoint loop ... 

2020-11-15 18:22:07,124 solvers 0/1 INFO :: Simulation stop time reached.
2020-11-15 18:22:07,153 direct_Solver 0/1 INFO :: 
Starting Direct loop ... 

2020-11-15 18:25:13,422 solvers 0/1 INFO :: Simulation stop time reached.
rank =  0
2020-11-15 18:25:14,231 adjoint_Solver 0/1 INFO :: 
Starting Adjoint loop ... 

2020-11-15 18:28:57,030 solvers 0/1 INFO :: Simulation stop time reached.
New step size =  0.15000000000000002  ... 

After  10  loops: Residual =  296.5515781853563 | Normalized Residual =  0.5345650563277798  ... 

Starting Loop  11  ... 

2020-11-15 18:28:57,059 direct_Solver 0/1 INFO :: 
Starting Direct loop ... 

2020-11-15 18:32:03,773 solvers 0/1 INFO :: Simulation stop time reached.
rank =  0
2020-11-15 18:32:04,585 adjoint_Solver 0/1 INFO :: 
Starting Adjoint loop ... 

2020-11-15 18:35:46,521 solvers 0/1 INFO :: Simulation stop time reached.
Starting Line Search ... 

2020-11-15 18:35:46,550 direct_Solver 0/1 INFO :: 
Starting Direct loop ... 

2020-11-15 18:38:55,770 solvers 0/1 INFO :: Simulation stop time reached.
rank =  0
2020-11-15 18:38:56,631 adjoint_Solver 0/1 INFO :: 
Starting Adjoint loop ... 

2020-11-15 18:42:56,287 solvers 0/1 INFO :: Simulation stop time reached.
Starting Line Search ... 

2020-11-15 18:42:56,317 direct_Solver 0/1 INFO :: 
Starting Direct loop ... 

2020-11-15 18:46:05,075 solvers 0/1 INFO :: Simulation stop time reached.
rank =  0
2020-11-15 18:46:05,932 adjoint_Solver 0/1 INFO :: 
Starting Adjoint loop ... 

2020-11-15 18:49:49,179 solvers 0/1 INFO :: Simulation stop time reached.
2020-11-15 18:49:49,208 direct_Solver 0/1 INFO :: 
Starting Direct loop ... 

2020-11-15 18:52:55,897 solvers 0/1 INFO :: Simulation stop time reached.
rank =  0
2020-11-15 18:52:56,709 adjoint_Solver 0/1 INFO :: 
Starting Adjoint loop ... 

2020-11-15 18:56:38,847 solvers 0/1 INFO :: Simulation stop time reached.
New step size =  0.15000000000000002  ... 

After  14  loops: Residual =  266.74119518416245 | Normalized Residual =  0.5463796846214242  ... 

Starting Loop  15  ... 

2020-11-15 18:56:38,877 direct_Solver 0/1 INFO :: 
Starting Direct loop ... 

2020-11-15 18:59:45,122 solvers 0/1 INFO :: Simulation stop time reached.
rank =  0
2020-11-15 18:59:45,935 adjoint_Solver 0/1 INFO :: 
Starting Adjoint loop ... 

2020-11-15 19:03:29,489 solvers 0/1 INFO :: Simulation stop time reached.
First line search failed ... reducing step size from  0.15000000000000002  to  0.11250000000000002  ... 

New step size =  0.15000000000000002  ... 

After  15  loops: Residual =  208.94835028986768 | Normalized Residual =  0.49296859070878896  ... 

Starting Loop  16  ... 

2020-11-15 19:03:29,520 direct_Solver 0/1 INFO :: 
Starting Direct loop ... 

2020-11-15 19:06:37,010 solvers 0/1 INFO :: Simulation stop time reached.
rank =  0
2020-11-15 19:06:37,843 adjoint_Solver 0/1 INFO :: 
Starting Adjoint loop ... 

2020-11-15 19:10:19,800 solvers 0/1 INFO :: Simulation stop time reached.
First line search failed ... reducing step size from  0.15000000000000002  to  0.11250000000000002  ... 

New step size =  0.15000000000000002  ... 

After  16  loops: Residual =  304.9324231812767 | Normalized Residual =  0.549388403947721  ... 

Starting Loop  17  ... 

2020-11-15 19:10:19,830 direct_Solver 0/1 INFO :: 
Starting Direct loop ... 

2020-11-15 19:13:26,416 solvers 0/1 INFO :: Simulation stop time reached.
rank =  0
2020-11-15 19:13:27,233 adjoint_Solver 0/1 INFO :: 
Starting Adjoint loop ... 

2020-11-15 19:17:10,138 solvers 0/1 INFO :: Simulation stop time reached.
First line search failed ... reducing step size from  0.15000000000000002  to  0.11250000000000002  ... 

New step size =  0.15000000000000002  ... 

After  17  loops: Residual =  562.57073423771 | Normalized Residual =  0.6409460592868309  ... 

Starting Loop  18  ... 

2020-11-15 19:17:10,168 direct_Solver 0/1 INFO :: 
Starting Direct loop ... 

2020-11-15 19:20:17,454 solvers 0/1 INFO :: Simulation stop time reached.
rank =  0
2020-11-15 19:20:18,289 adjoint_Solver 0/1 INFO :: 
Starting Adjoint loop ... 

2020-11-15 19:24:00,695 solvers 0/1 INFO :: Simulation stop time reached.
First line search failed ... reducing step size from  0.15000000000000002  to  0.11250000000000002  ... 

New step size =  0.15000000000000002  ... 

After  18  loops: Residual =  774.4690322085061 | Normalized Residual =  0.6964072301151  ... 

Starting Loop  19  ... 

2020-11-15 19:24:00,725 direct_Solver 0/1 INFO :: 
Starting Direct loop ... 

2020-11-15 19:27:07,545 solvers 0/1 INFO :: Simulation stop time reached.
rank =  0
2020-11-15 19:27:08,364 adjoint_Solver 0/1 INFO :: 
Starting Adjoint loop ... 

2020-11-15 19:30:51,332 solvers 0/1 INFO :: Simulation stop time reached.
First line search failed ... reducing step size from  0.15000000000000002  to  0.11250000000000002  ... 

New step size =  0.15000000000000002  ... 

After  19  loops: Residual =  953.2101164200809 | Normalized Residual =  0.7756039012952127  ... 

Starting Loop  20  ... 

2020-11-15 19:30:51,361 direct_Solver 0/1 INFO :: 
Starting Direct loop ... 

2020-11-15 19:33:58,155 solvers 0/1 INFO :: Simulation stop time reached.
rank =  0
2020-11-15 19:33:58,968 adjoint_Solver 0/1 INFO :: 
Starting Adjoint loop ... 

2020-11-15 19:37:41,458 solvers 0/1 INFO :: Simulation stop time reached.
First line search failed ... reducing step size from  0.15000000000000002  to  0.11250000000000002  ... 

New step size =  0.15000000000000002  ... 

After  20  loops: Residual =  1232.732462882721 | Normalized Residual =  0.9050566019796821  ... 

Starting Loop  21  ... 

2020-11-15 19:37:41,488 direct_Solver 0/1 INFO :: 
Starting Direct loop ... 

2020-11-15 19:40:48,841 solvers 0/1 INFO :: Simulation stop time reached.
rank =  0
2020-11-15 19:40:49,654 adjoint_Solver 0/1 INFO :: 
Starting Adjoint loop ... 

2020-11-15 19:44:32,845 solvers 0/1 INFO :: Simulation stop time reached.
First line search failed ... reducing step size from  0.15000000000000002  to  0.11250000000000002  ... 

New step size =  0.15000000000000002  ... 

After  21  loops: Residual =  1333.915798088026 | Normalized Residual =  0.9881475003223925  ... 

Starting Loop  22  ... 

2020-11-15 19:44:32,874 direct_Solver 0/1 INFO :: 
Starting Direct loop ... 

2020-11-15 19:47:39,912 solvers 0/1 INFO :: Simulation stop time reached.
rank =  0
2020-11-15 19:47:40,728 adjoint_Solver 0/1 INFO :: 
Starting Adjoint loop ... 

2020-11-15 19:51:17,968 solvers 0/1 INFO :: Simulation stop time reached.
First line search failed ... reducing step size from  0.15000000000000002  to  0.11250000000000002  ... 

New step size =  0.15000000000000002  ... 

After  22  loops: Residual =  1017.7943609951859 | Normalized Residual =  0.999611772468174  ... 

Starting Loop  23  ... 

2020-11-15 19:51:17,997 direct_Solver 0/1 INFO :: 
Starting Direct loop ... 

2020-11-15 19:54:18,570 solvers 0/1 INFO :: Simulation stop time reached.
rank =  0
2020-11-15 19:54:19,358 adjoint_Solver 0/1 INFO :: 
Starting Adjoint loop ... 

2020-11-15 19:57:55,578 solvers 0/1 INFO :: Simulation stop time reached.
First line search failed ... reducing step size from  0.15000000000000002  to  0.11250000000000002  ... 

New step size =  0.15000000000000002  ... 

After  23  loops: Residual =  724.5100925358707 | Normalized Residual =  0.9854091511522735  ... 

Starting Loop  24  ... 

2020-11-15 19:57:55,606 direct_Solver 0/1 INFO :: 
Starting Direct loop ... 

2020-11-15 20:00:56,749 solvers 0/1 INFO :: Simulation stop time reached.
rank =  0
2020-11-15 20:00:57,538 adjoint_Solver 0/1 INFO :: 
Starting Adjoint loop ... 

2020-11-15 20:04:33,403 solvers 0/1 INFO :: Simulation stop time reached.
First line search failed ... reducing step size from  0.15000000000000002  to  0.11250000000000002  ... 

New step size =  0.15000000000000002  ... 

After  24  loops: Residual =  630.7774076946869 | Normalized Residual =  0.8289898694792976  ... 

Starting Loop  25  ... 

2020-11-15 20:04:33,433 direct_Solver 0/1 INFO :: 
Starting Direct loop ... 

2020-11-15 20:07:34,377 solvers 0/1 INFO :: Simulation stop time reached.
rank =  0
2020-11-15 20:07:35,165 adjoint_Solver 0/1 INFO :: 
Starting Adjoint loop ... 

2020-11-15 20:11:10,004 solvers 0/1 INFO :: Simulation stop time reached.
First line search failed ... reducing step size from  0.15000000000000002  to  0.11250000000000002  ... 

New step size =  0.15000000000000002  ... 

After  25  loops: Residual =  670.8968574044985 | Normalized Residual =  0.7502591570650328  ... 

Starting Loop  26  ... 

2020-11-15 20:11:10,033 direct_Solver 0/1 INFO :: 
Starting Direct loop ... 

2020-11-15 20:14:11,000 solvers 0/1 INFO :: Simulation stop time reached.
rank =  0
2020-11-15 20:14:11,789 adjoint_Solver 0/1 INFO :: 
Starting Adjoint loop ... 

2020-11-15 20:17:46,611 solvers 0/1 INFO :: Simulation stop time reached.
First line search failed ... reducing step size from  0.15000000000000002  to  0.11250000000000002  ... 

New step size =  0.15000000000000002  ... 

After  26  loops: Residual =  851.3886921134712 | Normalized Residual =  0.7956824177205346  ... 

Starting Loop  27  ... 

2020-11-15 20:17:46,641 direct_Solver 0/1 INFO :: 
Starting Direct loop ... 

2020-11-15 20:20:45,939 solvers 0/1 INFO :: Simulation stop time reached.
rank =  0
2020-11-15 20:20:46,740 adjoint_Solver 0/1 INFO :: 
Starting Adjoint loop ... 

2020-11-15 20:24:21,694 solvers 0/1 INFO :: Simulation stop time reached.
First line search failed ... reducing step size from  0.15000000000000002  to  0.11250000000000002  ... 

New step size =  0.15000000000000002  ... 

After  27  loops: Residual =  1199.0464527320275 | Normalized Residual =  0.8548773409848338  ... 

Starting Loop  28  ... 

2020-11-15 20:24:21,723 direct_Solver 0/1 INFO :: 
Starting Direct loop ... 

2020-11-15 20:27:21,452 solvers 0/1 INFO :: Simulation stop time reached.
rank =  0
2020-11-15 20:27:22,310 adjoint_Solver 0/1 INFO :: 
Starting Adjoint loop ... 

2020-11-15 20:30:55,866 solvers 0/1 INFO :: Simulation stop time reached.
First line search failed ... reducing step size from  0.15000000000000002  to  0.11250000000000002  ... 

New step size =  0.15000000000000002  ... 

After  28  loops: Residual =  1516.1250411426338 | Normalized Residual =  0.8981293512613366  ... 

Starting Loop  29  ... 

2020-11-15 20:30:55,895 direct_Solver 0/1 INFO :: 
Starting Direct loop ... 

2020-11-15 20:33:55,933 solvers 0/1 INFO :: Simulation stop time reached.
rank =  0
2020-11-15 20:33:56,722 adjoint_Solver 0/1 INFO :: 
Starting Adjoint loop ... 

2020-11-15 20:37:31,191 solvers 0/1 INFO :: Simulation stop time reached.
First line search failed ... reducing step size from  0.15000000000000002  to  0.11250000000000002  ... 

New step size =  0.15000000000000002  ... 

After  29  loops: Residual =  1635.9176798660533 | Normalized Residual =  0.9339316010460802  ... 

Starting Loop  30  ... 

2020-11-15 20:37:31,220 direct_Solver 0/1 INFO :: 
Starting Direct loop ... 

2020-11-15 20:40:31,425 solvers 0/1 INFO :: Simulation stop time reached.
rank =  0
2020-11-15 20:40:32,213 adjoint_Solver 0/1 INFO :: 
Starting Adjoint loop ... 

2020-11-15 20:44:07,026 solvers 0/1 INFO :: Simulation stop time reached.
First line search failed ... reducing step size from  0.15000000000000002  to  0.11250000000000002  ... 

New step size =  0.15000000000000002  ... 

After  30  loops: Residual =  1537.5878319481428 | Normalized Residual =  0.9588952236941729  ... 

Starting Loop  31  ... 

2020-11-15 20:44:07,055 direct_Solver 0/1 INFO :: 
Starting Direct loop ... 

2020-11-15 20:47:07,420 solvers 0/1 INFO :: Simulation stop time reached.
rank =  0
2020-11-15 20:47:08,210 adjoint_Solver 0/1 INFO :: 
Starting Adjoint loop ... 

2020-11-15 20:50:43,951 solvers 0/1 INFO :: Simulation stop time reached.
First line search failed ... reducing step size from  0.15000000000000002  to  0.11250000000000002  ... 

New step size =  0.15000000000000002  ... 

After  31  loops: Residual =  1346.3439431903291 | Normalized Residual =  0.9729110887653315  ... 

Starting Loop  32  ... 

2020-11-15 20:50:43,980 direct_Solver 0/1 INFO :: 
Starting Direct loop ... 

2020-11-15 20:53:44,269 solvers 0/1 INFO :: Simulation stop time reached.
rank =  0
2020-11-15 20:53:45,057 adjoint_Solver 0/1 INFO :: 
Starting Adjoint loop ... 

2020-11-15 20:57:19,109 solvers 0/1 INFO :: Simulation stop time reached.
First line search failed ... reducing step size from  0.15000000000000002  to  0.11250000000000002  ... 

New step size =  0.15000000000000002  ... 

After  32  loops: Residual =  1180.5473415966499 | Normalized Residual =  0.9827465725768376  ... 

Starting Loop  33  ... 

2020-11-15 20:57:19,138 direct_Solver 0/1 INFO :: 
Starting Direct loop ... 

2020-11-15 21:00:18,583 solvers 0/1 INFO :: Simulation stop time reached.
rank =  0
2020-11-15 21:00:19,383 adjoint_Solver 0/1 INFO :: 
Starting Adjoint loop ... 

2020-11-15 21:03:54,011 solvers 0/1 INFO :: Simulation stop time reached.
First line search failed ... reducing step size from  0.15000000000000002  to  0.11250000000000002  ... 

New step size =  0.15000000000000002  ... 

After  33  loops: Residual =  1063.4757240055226 | Normalized Residual =  0.9932018951785341  ... 

Starting Loop  34  ... 

2020-11-15 21:03:54,040 direct_Solver 0/1 INFO :: 
Starting Direct loop ... 

2020-11-15 21:06:53,928 solvers 0/1 INFO :: Simulation stop time reached.
rank =  0
2020-11-15 21:06:54,717 adjoint_Solver 0/1 INFO :: 
Starting Adjoint loop ... 

2020-11-15 21:10:29,491 solvers 0/1 INFO :: Simulation stop time reached.
First line search failed ... reducing step size from  0.15000000000000002  to  0.11250000000000002  ... 

New step size =  0.15000000000000002  ... 

After  34  loops: Residual =  983.5047176521631 | Normalized Residual =  0.9998375367519354  ... 

Starting Loop  35  ... 

2020-11-15 21:10:29,519 direct_Solver 0/1 INFO :: 
Starting Direct loop ... 

2020-11-15 21:13:29,834 solvers 0/1 INFO :: Simulation stop time reached.
rank =  0
2020-11-15 21:13:30,623 adjoint_Solver 0/1 INFO :: 
Starting Adjoint loop ... 

2020-11-15 21:17:05,620 solvers 0/1 INFO :: Simulation stop time reached.
First line search failed ... reducing step size from  0.15000000000000002  to  0.11250000000000002  ... 

New step size =  0.15000000000000002  ... 

After  35  loops: Residual =  932.6718426517847 | Normalized Residual =  0.9958763070330158  ... 

Starting Loop  36  ... 

2020-11-15 21:17:05,649 direct_Solver 0/1 INFO :: 
Starting Direct loop ... 

2020-11-15 21:20:06,280 solvers 0/1 INFO :: Simulation stop time reached.
rank =  0
2020-11-15 21:20:07,069 adjoint_Solver 0/1 INFO :: 
Starting Adjoint loop ... 

2020-11-15 21:23:41,759 solvers 0/1 INFO :: Simulation stop time reached.
First line search failed ... reducing step size from  0.15000000000000002  to  0.11250000000000002  ... 

New step size =  0.15000000000000002  ... 

After  36  loops: Residual =  918.8288226739676 | Normalized Residual =  0.9822260945683408  ... 

Starting Loop  37  ... 

2020-11-15 21:23:41,787 direct_Solver 0/1 INFO :: 
Starting Direct loop ... 

2020-11-15 21:26:42,817 solvers 0/1 INFO :: Simulation stop time reached.
rank =  0
2020-11-15 21:26:43,608 adjoint_Solver 0/1 INFO :: 
Starting Adjoint loop ... 

2020-11-15 21:30:18,648 solvers 0/1 INFO :: Simulation stop time reached.
First line search failed ... reducing step size from  0.15000000000000002  to  0.11250000000000002  ... 

New step size =  0.15000000000000002  ... 

After  37  loops: Residual =  939.4496544630778 | Normalized Residual =  0.9645357208131273  ... 

Starting Loop  38  ... 

2020-11-15 21:30:18,677 direct_Solver 0/1 INFO :: 
Starting Direct loop ... 

2020-11-15 21:33:18,522 solvers 0/1 INFO :: Simulation stop time reached.
rank =  0
2020-11-15 21:33:19,312 adjoint_Solver 0/1 INFO :: 
Starting Adjoint loop ... 

2020-11-15 21:36:53,043 solvers 0/1 INFO :: Simulation stop time reached.
First line search failed ... reducing step size from  0.15000000000000002  to  0.11250000000000002  ... 

New step size =  0.15000000000000002  ... 

After  38  loops: Residual =  942.7800274403277 | Normalized Residual =  0.9439008804829916  ... 

Starting Loop  39  ... 

2020-11-15 21:36:53,072 direct_Solver 0/1 INFO :: 
Starting Direct loop ... 

2020-11-15 21:39:53,491 solvers 0/1 INFO :: Simulation stop time reached.
rank =  0
2020-11-15 21:39:54,288 adjoint_Solver 0/1 INFO :: 
Starting Adjoint loop ... 

2020-11-15 21:43:28,978 solvers 0/1 INFO :: Simulation stop time reached.
First line search failed ... reducing step size from  0.15000000000000002  to  0.11250000000000002  ... 

New step size =  0.15000000000000002  ... 

After  39  loops: Residual =  884.2695773803986 | Normalized Residual =  0.9139592236089806  ... 

Starting Loop  40  ... 

2020-11-15 21:43:29,007 direct_Solver 0/1 INFO :: 
Starting Direct loop ... 

2020-11-15 21:46:29,683 solvers 0/1 INFO :: Simulation stop time reached.
rank =  0
2020-11-15 21:46:30,483 adjoint_Solver 0/1 INFO :: 
Starting Adjoint loop ... 

2020-11-15 21:50:04,950 solvers 0/1 INFO :: Simulation stop time reached.
First line search failed ... reducing step size from  0.15000000000000002  to  0.11250000000000002  ... 

New step size =  0.15000000000000002  ... 

After  40  loops: Residual =  804.3330229936735 | Normalized Residual =  0.8761761912298961  ... 

Starting Loop  41  ... 

2020-11-15 21:50:04,979 direct_Solver 0/1 INFO :: 
Starting Direct loop ... 

2020-11-15 21:53:04,869 solvers 0/1 INFO :: Simulation stop time reached.
rank =  0
2020-11-15 21:53:05,659 adjoint_Solver 0/1 INFO :: 
Starting Adjoint loop ... 

2020-11-15 21:56:40,881 solvers 0/1 INFO :: Simulation stop time reached.
First line search failed ... reducing step size from  0.15000000000000002  to  0.11250000000000002  ... 

New step size =  0.15000000000000002  ... 

After  41  loops: Residual =  754.2282322578751 | Normalized Residual =  0.8594939000267272  ... 

Starting Loop  42  ... 

2020-11-15 21:56:40,910 direct_Solver 0/1 INFO :: 
Starting Direct loop ... 

2020-11-15 21:59:41,187 solvers 0/1 INFO :: Simulation stop time reached.
rank =  0
2020-11-15 21:59:41,976 adjoint_Solver 0/1 INFO :: 
Starting Adjoint loop ... 

2020-11-15 22:03:15,514 solvers 0/1 INFO :: Simulation stop time reached.
First line search failed ... reducing step size from  0.15000000000000002  to  0.11250000000000002  ... 

New step size =  0.15000000000000002  ... 

After  42  loops: Residual =  690.8741821033743 | Normalized Residual =  0.8931092685103775  ... 

Starting Loop  43  ... 

2020-11-15 22:03:15,542 direct_Solver 0/1 INFO :: 
Starting Direct loop ... 

2020-11-15 22:06:14,952 solvers 0/1 INFO :: Simulation stop time reached.
rank =  0
2020-11-15 22:06:15,742 adjoint_Solver 0/1 INFO :: 
Starting Adjoint loop ... 

2020-11-15 22:09:48,563 solvers 0/1 INFO :: Simulation stop time reached.
First line search failed ... reducing step size from  0.15000000000000002  to  0.11250000000000002  ... 

New step size =  0.15000000000000002  ... 

After  43  loops: Residual =  552.5688910176221 | Normalized Residual =  0.9685921115395467  ... 

Starting Loop  44  ... 

2020-11-15 22:09:48,592 direct_Solver 0/1 INFO :: 
Starting Direct loop ... 

2020-11-15 22:12:48,714 solvers 0/1 INFO :: Simulation stop time reached.
rank =  0
2020-11-15 22:12:49,509 adjoint_Solver 0/1 INFO :: 
Starting Adjoint loop ... 

2020-11-15 22:16:22,871 solvers 0/1 INFO :: Simulation stop time reached.
First line search failed ... reducing step size from  0.15000000000000002  to  0.11250000000000002  ... 

New step size =  0.15000000000000002  ... 

After  44  loops: Residual =  378.07029357290867 | Normalized Residual =  0.9905199409288722  ... 

Starting Loop  45  ... 

2020-11-15 22:16:22,899 direct_Solver 0/1 INFO :: 
Starting Direct loop ... 

2020-11-15 22:19:23,018 solvers 0/1 INFO :: Simulation stop time reached.
rank =  0
2020-11-15 22:19:23,808 adjoint_Solver 0/1 INFO :: 
Starting Adjoint loop ... 

2020-11-15 22:22:58,551 solvers 0/1 INFO :: Simulation stop time reached.
First line search failed ... reducing step size from  0.15000000000000002  to  0.11250000000000002  ... 

New step size =  0.15000000000000002  ... 

After  45  loops: Residual =  320.82261884643333 | Normalized Residual =  0.9025824253357786  ... 

Starting Loop  46  ... 

2020-11-15 22:22:58,580 direct_Solver 0/1 INFO :: 
Starting Direct loop ... 

2020-11-15 22:25:58,851 solvers 0/1 INFO :: Simulation stop time reached.
rank =  0
2020-11-15 22:25:59,639 adjoint_Solver 0/1 INFO :: 
Starting Adjoint loop ... 

2020-11-15 22:29:34,040 solvers 0/1 INFO :: Simulation stop time reached.
First line search failed ... reducing step size from  0.15000000000000002  to  0.11250000000000002  ... 

New step size =  0.15000000000000002  ... 

After  46  loops: Residual =  537.2696919071201 | Normalized Residual =  0.9584106453113942  ... 

Starting Loop  47  ... 

2020-11-15 22:29:34,068 direct_Solver 0/1 INFO :: 
Starting Direct loop ... 

2020-11-15 22:32:34,081 solvers 0/1 INFO :: Simulation stop time reached.
rank =  0
2020-11-15 22:32:34,870 adjoint_Solver 0/1 INFO :: 
Starting Adjoint loop ... 

2020-11-15 22:36:07,874 solvers 0/1 INFO :: Simulation stop time reached.
First line search failed ... reducing step size from  0.15000000000000002  to  0.11250000000000002  ... 

New step size =  0.15000000000000002  ... 

After  47  loops: Residual =  1001.1756581082942 | Normalized Residual =  0.9953852752193237  ... 

Starting Loop  48  ... 

2020-11-15 22:36:07,903 direct_Solver 0/1 INFO :: 
Starting Direct loop ... 

2020-11-15 22:39:07,649 solvers 0/1 INFO :: Simulation stop time reached.
rank =  0
2020-11-15 22:39:08,442 adjoint_Solver 0/1 INFO :: 
Starting Adjoint loop ... 

2020-11-15 22:42:42,945 solvers 0/1 INFO :: Simulation stop time reached.
First line search failed ... reducing step size from  0.15000000000000002  to  0.11250000000000002  ... 

New step size =  0.15000000000000002  ... 

After  48  loops: Residual =  1680.5899779123383 | Normalized Residual =  0.9162690787707537  ... 

Starting Loop  49  ... 

2020-11-15 22:42:42,974 direct_Solver 0/1 INFO :: 
Starting Direct loop ... 

2020-11-15 22:45:43,057 solvers 0/1 INFO :: Simulation stop time reached.
rank =  0
2020-11-15 22:45:43,890 adjoint_Solver 0/1 INFO :: 
Starting Adjoint loop ... 

2020-11-15 22:49:18,005 solvers 0/1 INFO :: Simulation stop time reached.
First line search failed ... reducing step size from  0.15000000000000002  to  0.11250000000000002  ... 

New step size =  0.15000000000000002  ... 

After  49  loops: Residual =  2556.744490006998 | Normalized Residual =  0.8929325615600793  ... 

Starting Loop  50  ... 

2020-11-15 22:49:18,034 direct_Solver 0/1 INFO :: 
Starting Direct loop ... 

2020-11-15 22:52:17,236 solvers 0/1 INFO :: Simulation stop time reached.
rank =  0
2020-11-15 22:52:18,026 adjoint_Solver 0/1 INFO :: 
Starting Adjoint loop ... 

2020-11-15 22:55:50,958 solvers 0/1 INFO :: Simulation stop time reached.
First line search failed ... reducing step size from  0.15000000000000002  to  0.11250000000000002  ... 

New step size =  0.15000000000000002  ... 

After  50  loops: Residual =  3129.5121430900185 | Normalized Residual =  0.9562266234969511  ... 

Starting Loop  51  ... 

2020-11-15 22:55:50,987 direct_Solver 0/1 INFO :: 
Starting Direct loop ... 

2020-11-15 22:58:49,810 solvers 0/1 INFO :: Simulation stop time reached.
rank =  0
2020-11-15 22:58:50,599 adjoint_Solver 0/1 INFO :: 
Starting Adjoint loop ... 

2020-11-15 23:02:24,987 solvers 0/1 INFO :: Simulation stop time reached.
First line search failed ... reducing step size from  0.15000000000000002  to  0.11250000000000002  ... 

New step size =  0.15000000000000002  ... 

After  51  loops: Residual =  2762.7394885735594 | Normalized Residual =  0.9998682236577372  ... 

Starting Loop  52  ... 

2020-11-15 23:02:25,016 direct_Solver 0/1 INFO :: 
Starting Direct loop ... 

2020-11-15 23:05:24,761 solvers 0/1 INFO :: Simulation stop time reached.
rank =  0
2020-11-15 23:05:25,551 adjoint_Solver 0/1 INFO :: 
Starting Adjoint loop ... 

2020-11-15 23:08:59,424 solvers 0/1 INFO :: Simulation stop time reached.
First line search failed ... reducing step size from  0.15000000000000002  to  0.11250000000000002  ... 

New step size =  0.15000000000000002  ... 

After  52  loops: Residual =  1947.977291331816 | Normalized Residual =  0.936994352319809  ... 

Starting Loop  53  ... 

2020-11-15 23:08:59,453 direct_Solver 0/1 INFO :: 
Starting Direct loop ... 

2020-11-15 23:11:59,500 solvers 0/1 INFO :: Simulation stop time reached.
rank =  0
2020-11-15 23:12:00,301 adjoint_Solver 0/1 INFO :: 
Starting Adjoint loop ... 

2020-11-15 23:15:33,475 solvers 0/1 INFO :: Simulation stop time reached.
First line search failed ... reducing step size from  0.15000000000000002  to  0.11250000000000002  ... 

New step size =  0.15000000000000002  ... 

After  53  loops: Residual =  1413.7634040228907 | Normalized Residual =  0.8513733254867366  ... 

Starting Loop  54  ... 

2020-11-15 23:15:33,503 direct_Solver 0/1 INFO :: 
Starting Direct loop ... 

2020-11-15 23:18:32,906 solvers 0/1 INFO :: Simulation stop time reached.
rank =  0
2020-11-15 23:18:33,695 adjoint_Solver 0/1 INFO :: 
Starting Adjoint loop ... 

2020-11-15 23:22:07,343 solvers 0/1 INFO :: Simulation stop time reached.
First line search failed ... reducing step size from  0.15000000000000002  to  0.11250000000000002  ... 

New step size =  0.15000000000000002  ... 

After  54  loops: Residual =  975.6089779771194 | Normalized Residual =  0.8065549327012072  ... 

Starting Loop  55  ... 

2020-11-15 23:22:07,371 direct_Solver 0/1 INFO :: 
Starting Direct loop ... 

2020-11-15 23:25:06,854 solvers 0/1 INFO :: Simulation stop time reached.
rank =  0
2020-11-15 23:25:07,642 adjoint_Solver 0/1 INFO :: 
Starting Adjoint loop ... 

2020-11-15 23:28:42,620 solvers 0/1 INFO :: Simulation stop time reached.
First line search failed ... reducing step size from  0.15000000000000002  to  0.11250000000000002  ... 

New step size =  0.15000000000000002  ... 

After  55  loops: Residual =  518.6627238939309 | Normalized Residual =  0.7257660821115011  ... 

Starting Loop  56  ... 

2020-11-15 23:28:42,649 direct_Solver 0/1 INFO :: 
Starting Direct loop ... 

2020-11-15 23:31:43,141 solvers 0/1 INFO :: Simulation stop time reached.
rank =  0
2020-11-15 23:31:43,930 adjoint_Solver 0/1 INFO :: 
Starting Adjoint loop ... 

2020-11-15 23:35:17,579 solvers 0/1 INFO :: Simulation stop time reached.
First line search failed ... reducing step size from  0.15000000000000002  to  0.11250000000000002  ... 

New step size =  0.15000000000000002  ... 

After  56  loops: Residual =  351.32802418217966 | Normalized Residual =  0.6393295947332037  ... 

Starting Loop  57  ... 

2020-11-15 23:35:17,609 direct_Solver 0/1 INFO :: 
Starting Direct loop ... 

2020-11-15 23:38:18,243 solvers 0/1 INFO :: Simulation stop time reached.
rank =  0
2020-11-15 23:38:19,076 adjoint_Solver 0/1 INFO :: 
Starting Adjoint loop ... 

2020-11-15 23:42:13,530 solvers 0/1 INFO :: Simulation stop time reached.
First line search failed ... reducing step size from  0.15000000000000002  to  0.11250000000000002  ... 

New step size =  0.15000000000000002  ... 

After  57  loops: Residual =  351.78911493078147 | Normalized Residual =  0.615455918730597  ... 

Starting Loop  58  ... 

2020-11-15 23:42:13,560 direct_Solver 0/1 INFO :: 
Starting Direct loop ... 

2020-11-15 23:45:37,758 solvers 0/1 INFO :: Simulation stop time reached.
rank =  0
2020-11-15 23:45:38,622 adjoint_Solver 0/1 INFO :: 
Starting Adjoint loop ... 

2020-11-15 23:49:40,929 solvers 0/1 INFO :: Simulation stop time reached.
Starting Line Search ... 

2020-11-15 23:49:40,959 direct_Solver 0/1 INFO :: 
Starting Direct loop ... 

2020-11-15 23:53:04,461 solvers 0/1 INFO :: Simulation stop time reached.
rank =  0
2020-11-15 23:53:05,323 adjoint_Solver 0/1 INFO :: 
Starting Adjoint loop ... 

2020-11-15 23:57:07,681 solvers 0/1 INFO :: Simulation stop time reached.
New step size =  0.1484089683433552  ... 

After  60  loops: Residual =  258.3948350874873 | Normalized Residual =  0.5422770017649431  ... 

Starting Loop  61  ... 

2020-11-15 23:57:07,711 direct_Solver 0/1 INFO :: 
Starting Direct loop ... 

2020-11-16 00:00:31,627 solvers 0/1 INFO :: Simulation stop time reached.
rank =  0
2020-11-16 00:00:32,488 adjoint_Solver 0/1 INFO :: 
Starting Adjoint loop ... 

2020-11-16 00:04:34,587 solvers 0/1 INFO :: Simulation stop time reached.
First line search failed ... reducing step size from  0.1484089683433552  to  0.1113067262575164  ... 

New step size =  0.15000000000000002  ... 

After  61  loops: Residual =  203.21428326167683 | Normalized Residual =  0.48040919620370753  ... 

Starting Loop  62  ... 

2020-11-16 00:04:34,621 direct_Solver 0/1 INFO :: 
Starting Direct loop ... 

2020-11-16 00:07:58,437 solvers 0/1 INFO :: Simulation stop time reached.
rank =  0
2020-11-16 00:07:59,299 adjoint_Solver 0/1 INFO :: 
Starting Adjoint loop ... 

2020-11-16 00:12:01,637 solvers 0/1 INFO :: Simulation stop time reached.
First line search failed ... reducing step size from  0.15000000000000002  to  0.11250000000000002  ... 

New step size =  0.15000000000000002  ... 

After  62  loops: Residual =  329.12053882161183 | Normalized Residual =  0.5527238167303778  ... 

Starting Loop  63  ... 

2020-11-16 00:12:01,668 direct_Solver 0/1 INFO :: 
Starting Direct loop ... 

2020-11-16 00:15:25,564 solvers 0/1 INFO :: Simulation stop time reached.
rank =  0
2020-11-16 00:15:26,426 adjoint_Solver 0/1 INFO :: 
Starting Adjoint loop ... 

2020-11-16 00:19:28,448 solvers 0/1 INFO :: Simulation stop time reached.
First line search failed ... reducing step size from  0.15000000000000002  to  0.11250000000000002  ... 

New step size =  0.15000000000000002  ... 

After  63  loops: Residual =  596.6681027737909 | Normalized Residual =  0.6501414696890921  ... 

Starting Loop  64  ... 

2020-11-16 00:19:28,483 direct_Solver 0/1 INFO :: 
Starting Direct loop ... 

2020-11-16 00:22:51,550 solvers 0/1 INFO :: Simulation stop time reached.
rank =  0
2020-11-16 00:22:52,410 adjoint_Solver 0/1 INFO :: 
Starting Adjoint loop ... 

2020-11-16 00:26:54,786 solvers 0/1 INFO :: Simulation stop time reached.
First line search failed ... reducing step size from  0.15000000000000002  to  0.11250000000000002  ... 

New step size =  0.15000000000000002  ... 

After  64  loops: Residual =  828.4504040990122 | Normalized Residual =  0.7185896829599746  ... 

Starting Loop  65  ... 

2020-11-16 00:26:54,820 direct_Solver 0/1 INFO :: 
Starting Direct loop ... 

2020-11-16 00:30:18,528 solvers 0/1 INFO :: Simulation stop time reached.
rank =  0
2020-11-16 00:30:19,388 adjoint_Solver 0/1 INFO :: 
Starting Adjoint loop ... 

2020-11-16 00:34:21,020 solvers 0/1 INFO :: Simulation stop time reached.
First line search failed ... reducing step size from  0.15000000000000002  to  0.11250000000000002  ... 

New step size =  0.15000000000000002  ... 

After  65  loops: Residual =  1051.6660109065417 | Normalized Residual =  0.8110841279519083  ... 

Starting Loop  66  ... 

2020-11-16 00:34:21,052 direct_Solver 0/1 INFO :: 
Starting Direct loop ... 

2020-11-16 00:37:44,367 solvers 0/1 INFO :: Simulation stop time reached.
rank =  0
2020-11-16 00:37:45,227 adjoint_Solver 0/1 INFO :: 
Starting Adjoint loop ... 

2020-11-16 00:41:47,165 solvers 0/1 INFO :: Simulation stop time reached.
First line search failed ... reducing step size from  0.15000000000000002  to  0.11250000000000002  ... 

New step size =  0.15000000000000002  ... 

After  66  loops: Residual =  1300.4975536873237 | Normalized Residual =  0.9288874687964567  ... 

Starting Loop  67  ... 

2020-11-16 00:41:47,201 direct_Solver 0/1 INFO :: 
Starting Direct loop ... 

2020-11-16 00:45:11,115 solvers 0/1 INFO :: Simulation stop time reached.
rank =  0
2020-11-16 00:45:11,976 adjoint_Solver 0/1 INFO :: 
Starting Adjoint loop ... 

2020-11-16 00:49:13,693 solvers 0/1 INFO :: Simulation stop time reached.
First line search failed ... reducing step size from  0.15000000000000002  to  0.11250000000000002  ... 

New step size =  0.15000000000000002  ... 

After  67  loops: Residual =  1225.2095293461898 | Normalized Residual =  0.9930375060335178  ... 

Starting Loop  68  ... 

2020-11-16 00:49:13,724 direct_Solver 0/1 INFO :: 
Starting Direct loop ... 

2020-11-16 00:52:37,464 solvers 0/1 INFO :: Simulation stop time reached.
rank =  0
2020-11-16 00:52:38,324 adjoint_Solver 0/1 INFO :: 
Starting Adjoint loop ... 

2020-11-16 00:56:40,704 solvers 0/1 INFO :: Simulation stop time reached.
First line search failed ... reducing step size from  0.15000000000000002  to  0.11250000000000002  ... 

New step size =  0.15000000000000002  ... 

After  68  loops: Residual =  811.7197823696993 | Normalized Residual =  0.9996182092103868  ... 

Starting Loop  69  ... 

2020-11-16 00:56:40,739 direct_Solver 0/1 INFO :: 
Starting Direct loop ... 

2020-11-16 01:00:04,428 solvers 0/1 INFO :: Simulation stop time reached.
rank =  0
2020-11-16 01:00:05,288 adjoint_Solver 0/1 INFO :: 
Starting Adjoint loop ... 

2020-11-16 01:04:07,182 solvers 0/1 INFO :: Simulation stop time reached.
First line search failed ... reducing step size from  0.15000000000000002  to  0.11250000000000002  ... 

New step size =  0.15000000000000002  ... 

After  69  loops: Residual =  569.4572304817567 | Normalized Residual =  0.9133215115760219  ... 

Starting Loop  70  ... 

2020-11-16 01:04:07,218 direct_Solver 0/1 INFO :: 
Starting Direct loop ... 

2020-11-16 01:07:30,750 solvers 0/1 INFO :: Simulation stop time reached.
rank =  0
2020-11-16 01:07:31,613 adjoint_Solver 0/1 INFO :: 
Starting Adjoint loop ... 

2020-11-16 01:11:34,128 solvers 0/1 INFO :: Simulation stop time reached.
First line search failed ... reducing step size from  0.15000000000000002  to  0.11250000000000002  ... 

New step size =  0.15000000000000002  ... 

After  70  loops: Residual =  553.6052979410143 | Normalized Residual =  0.7043293989429499  ... 

Starting Loop  71  ... 

2020-11-16 01:11:34,159 direct_Solver 0/1 INFO :: 
Starting Direct loop ... 

2020-11-16 01:14:58,152 solvers 0/1 INFO :: Simulation stop time reached.
rank =  0
2020-11-16 01:14:59,017 adjoint_Solver 0/1 INFO :: 
Starting Adjoint loop ... 

2020-11-16 01:19:00,828 solvers 0/1 INFO :: Simulation stop time reached.
First line search failed ... reducing step size from  0.15000000000000002  to  0.11250000000000002  ... 

New step size =  0.15000000000000002  ... 

After  71  loops: Residual =  647.7504406579217 | Normalized Residual =  0.6918899692906759  ... 

Starting Loop  72  ... 

2020-11-16 01:19:00,860 direct_Solver 0/1 INFO :: 
Starting Direct loop ... 

2020-11-16 01:22:24,139 solvers 0/1 INFO :: Simulation stop time reached.
rank =  0
2020-11-16 01:22:24,997 adjoint_Solver 0/1 INFO :: 
Starting Adjoint loop ... 

2020-11-16 01:26:27,631 solvers 0/1 INFO :: Simulation stop time reached.
First line search failed ... reducing step size from  0.15000000000000002  to  0.11250000000000002  ... 

New step size =  0.15000000000000002  ... 

After  72  loops: Residual =  903.5013084470706 | Normalized Residual =  0.7778012820179266  ... 

Starting Loop  73  ... 

2020-11-16 01:26:27,664 direct_Solver 0/1 INFO :: 
Starting Direct loop ... 

2020-11-16 01:29:51,096 solvers 0/1 INFO :: Simulation stop time reached.
rank =  0
2020-11-16 01:29:51,956 adjoint_Solver 0/1 INFO :: 
Starting Adjoint loop ... 

2020-11-16 01:33:54,289 solvers 0/1 INFO :: Simulation stop time reached.
First line search failed ... reducing step size from  0.15000000000000002  to  0.11250000000000002  ... 

New step size =  0.15000000000000002  ... 

After  73  loops: Residual =  1339.1502741282725 | Normalized Residual =  0.8461325104701068  ... 

Starting Loop  74  ... 

2020-11-16 01:33:54,319 direct_Solver 0/1 INFO :: 
Starting Direct loop ... 

2020-11-16 01:37:18,112 solvers 0/1 INFO :: Simulation stop time reached.
rank =  0
2020-11-16 01:37:18,976 adjoint_Solver 0/1 INFO :: 
Starting Adjoint loop ... 

2020-11-16 01:41:21,811 solvers 0/1 INFO :: Simulation stop time reached.
First line search failed ... reducing step size from  0.15000000000000002  to  0.11250000000000002  ... 

New step size =  0.15000000000000002  ... 

After  74  loops: Residual =  1694.7162805924252 | Normalized Residual =  0.8886383819927537  ... 

Starting Loop  75  ... 

2020-11-16 01:41:21,842 direct_Solver 0/1 INFO :: 
Starting Direct loop ... 

2020-11-16 01:44:45,115 solvers 0/1 INFO :: Simulation stop time reached.
rank =  0
2020-11-16 01:44:45,976 adjoint_Solver 0/1 INFO :: 
Starting Adjoint loop ... 

2020-11-16 01:48:47,870 solvers 0/1 INFO :: Simulation stop time reached.
First line search failed ... reducing step size from  0.15000000000000002  to  0.11250000000000002  ... 

New step size =  0.15000000000000002  ... 

After  75  loops: Residual =  1784.373657556504 | Normalized Residual =  0.9237112711385507  ... 

Starting Loop  76  ... 

2020-11-16 01:48:47,900 direct_Solver 0/1 INFO :: 
Starting Direct loop ... 

2020-11-16 01:52:11,227 solvers 0/1 INFO :: Simulation stop time reached.
rank =  0
2020-11-16 01:52:12,087 adjoint_Solver 0/1 INFO :: 
Starting Adjoint loop ... 

2020-11-16 01:56:14,680 solvers 0/1 INFO :: Simulation stop time reached.
First line search failed ... reducing step size from  0.15000000000000002  to  0.11250000000000002  ... 

New step size =  0.15000000000000002  ... 

After  76  loops: Residual =  1641.9079836740918 | Normalized Residual =  0.949815733171595  ... 

Starting Loop  77  ... 

2020-11-16 01:56:14,714 direct_Solver 0/1 INFO :: 
Starting Direct loop ... 

2020-11-16 01:59:39,045 solvers 0/1 INFO :: Simulation stop time reached.
rank =  0
2020-11-16 01:59:39,905 adjoint_Solver 0/1 INFO :: 
Starting Adjoint loop ... 

2020-11-16 02:03:42,294 solvers 0/1 INFO :: Simulation stop time reached.
First line search failed ... reducing step size from  0.15000000000000002  to  0.11250000000000002  ... 

New step size =  0.15000000000000002  ... 

After  77  loops: Residual =  1429.2642992352805 | Normalized Residual =  0.966937473355821  ... 

Starting Loop  78  ... 

2020-11-16 02:03:42,324 direct_Solver 0/1 INFO :: 
Starting Direct loop ... 

2020-11-16 02:07:07,015 solvers 0/1 INFO :: Simulation stop time reached.
rank =  0
2020-11-16 02:07:07,876 adjoint_Solver 0/1 INFO :: 
Starting Adjoint loop ... 

2020-11-16 02:11:10,294 solvers 0/1 INFO :: Simulation stop time reached.
First line search failed ... reducing step size from  0.15000000000000002  to  0.11250000000000002  ... 

New step size =  0.15000000000000002  ... 

After  78  loops: Residual =  1249.7006884642208 | Normalized Residual =  0.9810933197477678  ... 

Starting Loop  79  ... 

2020-11-16 02:11:10,324 direct_Solver 0/1 INFO :: 
Starting Direct loop ... 

2020-11-16 02:14:34,743 solvers 0/1 INFO :: Simulation stop time reached.
rank =  0
2020-11-16 02:14:35,605 adjoint_Solver 0/1 INFO :: 
Starting Adjoint loop ... 

2020-11-16 02:18:37,896 solvers 0/1 INFO :: Simulation stop time reached.
First line search failed ... reducing step size from  0.15000000000000002  to  0.11250000000000002  ... 

New step size =  0.15000000000000002  ... 

After  79  loops: Residual =  1114.7607527833618 | Normalized Residual =  0.9943052993824609  ... 

Starting Loop  80  ... 

2020-11-16 02:18:37,931 direct_Solver 0/1 INFO :: 
Starting Direct loop ... 

2020-11-16 02:22:01,536 solvers 0/1 INFO :: Simulation stop time reached.
rank =  0
2020-11-16 02:22:02,397 adjoint_Solver 0/1 INFO :: 
Starting Adjoint loop ... 

2020-11-16 02:26:05,036 solvers 0/1 INFO :: Simulation stop time reached.
First line search failed ... reducing step size from  0.15000000000000002  to  0.11250000000000002  ... 

New step size =  0.15000000000000002  ... 

After  80  loops: Residual =  1014.0079592211869 | Normalized Residual =  0.9999904230798655  ... 

Starting Loop  81  ... 

2020-11-16 02:26:05,066 direct_Solver 0/1 INFO :: 
Starting Direct loop ... 

2020-11-16 02:29:29,235 solvers 0/1 INFO :: Simulation stop time reached.
rank =  0
2020-11-16 02:29:30,095 adjoint_Solver 0/1 INFO :: 
Starting Adjoint loop ... 

2020-11-16 02:33:32,060 solvers 0/1 INFO :: Simulation stop time reached.
First line search failed ... reducing step size from  0.15000000000000002  to  0.11250000000000002  ... 

New step size =  0.15000000000000002  ... 

After  81  loops: Residual =  946.7621403605369 | Normalized Residual =  0.9933013360023272  ... 

Starting Loop  82  ... 

2020-11-16 02:33:32,090 direct_Solver 0/1 INFO :: 
Starting Direct loop ... 

2020-11-16 02:36:56,078 solvers 0/1 INFO :: Simulation stop time reached.
rank =  0
2020-11-16 02:36:56,943 adjoint_Solver 0/1 INFO :: 
Starting Adjoint loop ... 

2020-11-16 02:40:59,084 solvers 0/1 INFO :: Simulation stop time reached.
First line search failed ... reducing step size from  0.15000000000000002  to  0.11250000000000002  ... 

New step size =  0.15000000000000002  ... 

After  82  loops: Residual =  924.594511058772 | Normalized Residual =  0.9785554871376225  ... 

Starting Loop  83  ... 

2020-11-16 02:40:59,114 direct_Solver 0/1 INFO :: 
Starting Direct loop ... 

2020-11-16 02:44:23,317 solvers 0/1 INFO :: Simulation stop time reached.
rank =  0
2020-11-16 02:44:24,176 adjoint_Solver 0/1 INFO :: 
Starting Adjoint loop ... 

2020-11-16 02:48:26,476 solvers 0/1 INFO :: Simulation stop time reached.
First line search failed ... reducing step size from  0.15000000000000002  to  0.11250000000000002  ... 

New step size =  0.15000000000000002  ... 

After  83  loops: Residual =  935.0466585878295 | Normalized Residual =  0.9618878783573501  ... 

Starting Loop  84  ... 

2020-11-16 02:48:26,511 direct_Solver 0/1 INFO :: 
Starting Direct loop ... 

2020-11-16 02:51:55,059 solvers 0/1 INFO :: Simulation stop time reached.
rank =  0
2020-11-16 02:51:55,928 adjoint_Solver 0/1 INFO :: 
Starting Adjoint loop ... 

2020-11-16 02:56:05,287 solvers 0/1 INFO :: Simulation stop time reached.
First line search failed ... reducing step size from  0.15000000000000002  to  0.11250000000000002  ... 

New step size =  0.15000000000000002  ... 

After  84  loops: Residual =  918.3404345126635 | Normalized Residual =  0.9418966584187632  ... 

Starting Loop  85  ... 

2020-11-16 02:56:05,322 direct_Solver 0/1 INFO :: 
Starting Direct loop ... 

2020-11-16 02:59:29,160 solvers 0/1 INFO :: Simulation stop time reached.
rank =  0
2020-11-16 02:59:30,021 adjoint_Solver 0/1 INFO :: 
Starting Adjoint loop ... 

2020-11-16 03:03:33,582 solvers 0/1 INFO :: Simulation stop time reached.
First line search failed ... reducing step size from  0.15000000000000002  to  0.11250000000000002  ... 

New step size =  0.15000000000000002  ... 

After  85  loops: Residual =  840.5289575107109 | Normalized Residual =  0.9112028160685293  ... 

Starting Loop  86  ... 

2020-11-16 03:03:33,616 direct_Solver 0/1 INFO :: 
Starting Direct loop ... 

2020-11-16 03:07:00,306 solvers 0/1 INFO :: Simulation stop time reached.
rank =  0
2020-11-16 03:07:01,165 adjoint_Solver 0/1 INFO :: 
Starting Adjoint loop ... 

2020-11-16 03:11:04,762 solvers 0/1 INFO :: Simulation stop time reached.
First line search failed ... reducing step size from  0.15000000000000002  to  0.11250000000000002  ... 

New step size =  0.15000000000000002  ... 

After  86  loops: Residual =  758.807811482783 | Normalized Residual =  0.8753435691669035  ... 

Starting Loop  87  ... 

2020-11-16 03:11:04,798 direct_Solver 0/1 INFO :: 
Starting Direct loop ... 

2020-11-16 03:14:32,118 solvers 0/1 INFO :: Simulation stop time reached.
rank =  0
2020-11-16 03:14:32,982 adjoint_Solver 0/1 INFO :: 
Starting Adjoint loop ... 

2020-11-16 03:18:38,362 solvers 0/1 INFO :: Simulation stop time reached.
First line search failed ... reducing step size from  0.15000000000000002  to  0.11250000000000002  ... 

New step size =  0.15000000000000002  ... 

After  87  loops: Residual =  720.3793893623358 | Normalized Residual =  0.8684821841487892  ... 

Starting Loop  88  ... 

2020-11-16 03:18:38,397 direct_Solver 0/1 INFO :: 
Starting Direct loop ... 

2020-11-16 03:22:07,031 solvers 0/1 INFO :: Simulation stop time reached.
rank =  0
2020-11-16 03:22:07,893 adjoint_Solver 0/1 INFO :: 
Starting Adjoint loop ... 

2020-11-16 03:26:18,162 solvers 0/1 INFO :: Simulation stop time reached.
First line search failed ... reducing step size from  0.15000000000000002  to  0.11250000000000002  ... 

New step size =  0.15000000000000002  ... 

After  88  loops: Residual =  664.4784938593727 | Normalized Residual =  0.9134335706845416  ... 

Starting Loop  89  ... 

2020-11-16 03:26:18,196 direct_Solver 0/1 INFO :: 
Starting Direct loop ... 

2020-11-16 03:29:48,816 solvers 0/1 INFO :: Simulation stop time reached.
rank =  0
2020-11-16 03:29:49,673 adjoint_Solver 0/1 INFO :: 
Starting Adjoint loop ... 

2020-11-16 03:33:54,827 solvers 0/1 INFO :: Simulation stop time reached.
First line search failed ... reducing step size from  0.15000000000000002  to  0.11250000000000002  ... 

New step size =  0.15000000000000002  ... 

After  89  loops: Residual =  521.6826516169327 | Normalized Residual =  0.985315133480828  ... 

Starting Loop  90  ... 

2020-11-16 03:33:54,861 direct_Solver 0/1 INFO :: 
Starting Direct loop ... 

2020-11-16 03:37:19,181 solvers 0/1 INFO :: Simulation stop time reached.
rank =  0
2020-11-16 03:37:20,041 adjoint_Solver 0/1 INFO :: 
Starting Adjoint loop ... 

2020-11-16 03:41:23,088 solvers 0/1 INFO :: Simulation stop time reached.
First line search failed ... reducing step size from  0.15000000000000002  to  0.11250000000000002  ... 

New step size =  0.15000000000000002  ... 

After  90  loops: Residual =  348.22090562598277 | Normalized Residual =  0.9751512585032142  ... 

Starting Loop  91  ... 

2020-11-16 03:41:23,124 direct_Solver 0/1 INFO :: 
Starting Direct loop ... 

2020-11-16 03:44:47,564 solvers 0/1 INFO :: Simulation stop time reached.
rank =  0
2020-11-16 03:44:48,426 adjoint_Solver 0/1 INFO :: 
Starting Adjoint loop ... 

2020-11-16 03:48:51,025 solvers 0/1 INFO :: Simulation stop time reached.
First line search failed ... reducing step size from  0.15000000000000002  to  0.11250000000000002  ... 

New step size =  0.15000000000000002  ... 

After  91  loops: Residual =  342.7379373852587 | Normalized Residual =  0.9132709162283678  ... 

Starting Loop  92  ... 

2020-11-16 03:48:51,060 direct_Solver 0/1 INFO :: 
Starting Direct loop ... 

2020-11-16 03:52:17,888 solvers 0/1 INFO :: Simulation stop time reached.
rank =  0
2020-11-16 03:52:18,749 adjoint_Solver 0/1 INFO :: 
Starting Adjoint loop ... 

2020-11-16 03:56:29,128 solvers 0/1 INFO :: Simulation stop time reached.
First line search failed ... reducing step size from  0.15000000000000002  to  0.11250000000000002  ... 

New step size =  0.15000000000000002  ... 

After  92  loops: Residual =  657.8472701915362 | Normalized Residual =  0.9875453340768165  ... 

Starting Loop  93  ... 

2020-11-16 03:56:29,160 direct_Solver 0/1 INFO :: 
Starting Direct loop ... 

2020-11-16 03:59:59,501 solvers 0/1 INFO :: Simulation stop time reached.
rank =  0
2020-11-16 04:00:00,363 adjoint_Solver 0/1 INFO :: 
Starting Adjoint loop ... 

2020-11-16 04:04:08,256 solvers 0/1 INFO :: Simulation stop time reached.
First line search failed ... reducing step size from  0.15000000000000002  to  0.11250000000000002  ... 

New step size =  0.15000000000000002  ... 

After  93  loops: Residual =  1255.040820449062 | Normalized Residual =  0.9744098536334047  ... 

Starting Loop  94  ... 

2020-11-16 04:04:08,289 direct_Solver 0/1 INFO :: 
Starting Direct loop ... 

2020-11-16 04:07:36,805 solvers 0/1 INFO :: Simulation stop time reached.
rank =  0
2020-11-16 04:07:37,669 adjoint_Solver 0/1 INFO :: 
Starting Adjoint loop ... 

2020-11-16 04:11:47,502 solvers 0/1 INFO :: Simulation stop time reached.
First line search failed ... reducing step size from  0.15000000000000002  to  0.11250000000000002  ... 

New step size =  0.15000000000000002  ... 

After  94  loops: Residual =  2062.829140962174 | Normalized Residual =  0.8965344444893059  ... 

Starting Loop  95  ... 

2020-11-16 04:11:47,532 direct_Solver 0/1 INFO :: 
Starting Direct loop ... 

2020-11-16 04:15:12,383 solvers 0/1 INFO :: Simulation stop time reached.
rank =  0
2020-11-16 04:15:13,243 adjoint_Solver 0/1 INFO :: 
Starting Adjoint loop ... 

2020-11-16 04:19:16,385 solvers 0/1 INFO :: Simulation stop time reached.
First line search failed ... reducing step size from  0.15000000000000002  to  0.11250000000000002  ... 

New step size =  0.15000000000000002  ... 

After  95  loops: Residual =  2883.258847015907 | Normalized Residual =  0.9049239407016936  ... 

Starting Loop  96  ... 

2020-11-16 04:19:16,417 direct_Solver 0/1 INFO :: 
Starting Direct loop ... 

2020-11-16 04:22:40,988 solvers 0/1 INFO :: Simulation stop time reached.
rank =  0
2020-11-16 04:22:41,849 adjoint_Solver 0/1 INFO :: 
Starting Adjoint loop ... 

2020-11-16 04:26:45,717 solvers 0/1 INFO :: Simulation stop time reached.
First line search failed ... reducing step size from  0.15000000000000002  to  0.11250000000000002  ... 

New step size =  0.15000000000000002  ... 

After  96  loops: Residual =  3125.42604024925 | Normalized Residual =  0.9761270487818239  ... 

Starting Loop  97  ... 

2020-11-16 04:26:45,752 direct_Solver 0/1 INFO :: 
Starting Direct loop ... 

2020-11-16 04:30:10,306 solvers 0/1 INFO :: Simulation stop time reached.
rank =  0
2020-11-16 04:30:11,173 adjoint_Solver 0/1 INFO :: 
Starting Adjoint loop ... 

2020-11-16 04:34:19,136 solvers 0/1 INFO :: Simulation stop time reached.
First line search failed ... reducing step size from  0.15000000000000002  to  0.11250000000000002  ... 

New step size =  0.15000000000000002  ... 

After  97  loops: Residual =  2463.963320914022 | Normalized Residual =  0.9914424194162439  ... 

Starting Loop  98  ... 

2020-11-16 04:34:19,171 direct_Solver 0/1 INFO :: 
Starting Direct loop ... 

2020-11-16 04:37:48,095 solvers 0/1 INFO :: Simulation stop time reached.
rank =  0
2020-11-16 04:37:48,957 adjoint_Solver 0/1 INFO :: 
Starting Adjoint loop ... 

2020-11-16 04:41:56,990 solvers 0/1 INFO :: Simulation stop time reached.
First line search failed ... reducing step size from  0.15000000000000002  to  0.11250000000000002  ... 

New step size =  0.15000000000000002  ... 

After  98  loops: Residual =  1654.8776105542406 | Normalized Residual =  0.8941920545693705  ... 

Starting Loop  99  ... 

2020-11-16 04:41:57,020 direct_Solver 0/1 INFO :: 
Starting Direct loop ... 

2020-11-16 04:45:28,415 solvers 0/1 INFO :: Simulation stop time reached.
rank =  0
2020-11-16 04:45:29,277 adjoint_Solver 0/1 INFO :: 
Starting Adjoint loop ... 

2020-11-16 04:49:36,883 solvers 0/1 INFO :: Simulation stop time reached.
First line search failed ... reducing step size from  0.15000000000000002  to  0.11250000000000002  ... 

New step size =  0.15000000000000002  ... 

After  99  loops: Residual =  1195.8554528724785 | Normalized Residual =  0.811589692548304  ... 

Starting Loop  100  ... 

2020-11-16 04:49:36,914 direct_Solver 0/1 INFO :: 
Starting Direct loop ... 

2020-11-16 04:53:01,607 solvers 0/1 INFO :: Simulation stop time reached.
rank =  0
2020-11-16 04:53:02,470 adjoint_Solver 0/1 INFO :: 
Starting Adjoint loop ... 

2020-11-16 04:57:09,932 solvers 0/1 INFO :: Simulation stop time reached.
First line search failed ... reducing step size from  0.15000000000000002  to  0.11250000000000002  ... 

New step size =  0.15000000000000002  ... 

After  100  loops: Residual =  793.4950518881138 | Normalized Residual =  0.7675512255471529  ... 

Starting Loop  101  ... 

2020-11-16 04:57:09,971 direct_Solver 0/1 INFO :: 
Starting Direct loop ... 

2020-11-16 05:00:41,002 solvers 0/1 INFO :: Simulation stop time reached.
rank =  0
2020-11-16 05:00:41,863 adjoint_Solver 0/1 INFO :: 
Starting Adjoint loop ... 

2020-11-16 05:04:51,468 solvers 0/1 INFO :: Simulation stop time reached.
First line search failed ... reducing step size from  0.15000000000000002  to  0.11250000000000002  ... 

New step size =  0.15000000000000002  ... 

After  101  loops: Residual =  428.4404902304858 | Normalized Residual =  0.6826247660650898  ... 

Starting Loop  102  ... 

2020-11-16 05:04:51,500 direct_Solver 0/1 INFO :: 
Starting Direct loop ... 

2020-11-16 05:08:21,995 solvers 0/1 INFO :: Simulation stop time reached.
rank =  0
2020-11-16 05:08:22,857 adjoint_Solver 0/1 INFO :: 
Starting Adjoint loop ... 

