2020-11-07 12:56:06,930 pencil 0/1 INFO :: Building pencil matrix 1/32 (~3%) Elapsed: 0s, Remaining: 1s, Rate: 4.8e+01/s
2020-11-07 12:56:06,992 pencil 0/1 INFO :: Building pencil matrix 4/32 (~12%) Elapsed: 0s, Remaining: 1s, Rate: 4.8e+01/s
2020-11-07 12:56:07,074 pencil 0/1 INFO :: Building pencil matrix 8/32 (~25%) Elapsed: 0s, Remaining: 0s, Rate: 4.9e+01/s
2020-11-07 12:56:07,155 pencil 0/1 INFO :: Building pencil matrix 12/32 (~38%) Elapsed: 0s, Remaining: 0s, Rate: 4.9e+01/s
2020-11-07 12:56:07,237 pencil 0/1 INFO :: Building pencil matrix 16/32 (~50%) Elapsed: 0s, Remaining: 0s, Rate: 4.9e+01/s
2020-11-07 12:56:07,318 pencil 0/1 INFO :: Building pencil matrix 20/32 (~62%) Elapsed: 0s, Remaining: 0s, Rate: 4.9e+01/s
2020-11-07 12:56:07,400 pencil 0/1 INFO :: Building pencil matrix 24/32 (~75%) Elapsed: 0s, Remaining: 0s, Rate: 4.9e+01/s
2020-11-07 12:56:07,481 pencil 0/1 INFO :: Building pencil matrix 28/32 (~88%) Elapsed: 1s, Remaining: 0s, Rate: 4.9e+01/s
2020-11-07 12:56:07,562 pencil 0/1 INFO :: Building pencil matrix 32/32 (~100%) Elapsed: 1s, Remaining: 0s, Rate: 4.9e+01/s
2020-11-07 12:56:07,597 pencil 0/1 INFO :: Building pencil matrix 1/32 (~3%) Elapsed: 0s, Remaining: 1s, Rate: 4.8e+01/s
2020-11-07 12:56:07,659 pencil 0/1 INFO :: Building pencil matrix 4/32 (~12%) Elapsed: 0s, Remaining: 1s, Rate: 4.8e+01/s
2020-11-07 12:56:07,742 pencil 0/1 INFO :: Building pencil matrix 8/32 (~25%) Elapsed: 0s, Remaining: 0s, Rate: 4.8e+01/s
2020-11-07 12:56:07,825 pencil 0/1 INFO :: Building pencil matrix 12/32 (~38%) Elapsed: 0s, Remaining: 0s, Rate: 4.8e+01/s
2020-11-07 12:56:07,909 pencil 0/1 INFO :: Building pencil matrix 16/32 (~50%) Elapsed: 0s, Remaining: 0s, Rate: 4.8e+01/s
2020-11-07 12:56:07,993 pencil 0/1 INFO :: Building pencil matrix 20/32 (~62%) Elapsed: 0s, Remaining: 0s, Rate: 4.8e+01/s
2020-11-07 12:56:08,077 pencil 0/1 INFO :: Building pencil matrix 24/32 (~75%) Elapsed: 1s, Remaining: 0s, Rate: 4.8e+01/s
2020-11-07 12:56:08,160 pencil 0/1 INFO :: Building pencil matrix 28/32 (~88%) Elapsed: 1s, Remaining: 0s, Rate: 4.8e+01/s
2020-11-07 12:56:08,244 pencil 0/1 INFO :: Building pencil matrix 32/32 (~100%) Elapsed: 1s, Remaining: 0s, Rate: 4.8e+01/s


=====Optimization Algorithm Parameters=====


(s, T, Re) = ( 1.0 ,  9.0 ,  50.0 )

K       =  1.5
r       =  0.5
e0init  =  0.1
LS      =  1
LSI     =  1
proj    =  1
method  =  rot
dmethod =  conj
powit   =  0
N       =  200
start   =  rand
sstr    =  1


===========================================

Starting from Random IC ... 

2020-11-07 12:56:08,289 direct_Solver 0/1 INFO :: 
Starting Direct loop ... 

2020-11-07 12:58:02,436 solvers 0/1 INFO :: Simulation stop time reached.
2020-11-07 12:58:03,312 adjoint_Solver 0/1 INFO :: 
Starting Adjoint loop ... 

2020-11-07 13:00:30,225 solvers 0/1 INFO :: Simulation stop time reached.
Starting Loop  1  ... 

2020-11-07 13:00:30,264 direct_Solver 0/1 INFO :: 
Starting Direct loop ... 

2020-11-07 13:02:18,892 solvers 0/1 INFO :: Simulation stop time reached.
2020-11-07 13:02:19,781 adjoint_Solver 0/1 INFO :: 
Starting Adjoint loop ... 

2020-11-07 13:04:25,537 solvers 0/1 INFO :: Simulation stop time reached.
Starting Line Search ... 

2020-11-07 13:04:25,573 direct_Solver 0/1 INFO :: 
Starting Direct loop ... 

2020-11-07 13:06:10,865 solvers 0/1 INFO :: Simulation stop time reached.
2020-11-07 13:06:11,757 adjoint_Solver 0/1 INFO :: 
Starting Adjoint loop ... 

2020-11-07 13:08:17,006 solvers 0/1 INFO :: Simulation stop time reached.
Starting Line Search ... 

2020-11-07 13:08:17,041 direct_Solver 0/1 INFO :: 
Starting Direct loop ... 

2020-11-07 13:10:02,405 solvers 0/1 INFO :: Simulation stop time reached.
2020-11-07 13:10:03,299 adjoint_Solver 0/1 INFO :: 
Starting Adjoint loop ... 

2020-11-07 13:12:08,878 solvers 0/1 INFO :: Simulation stop time reached.
Starting Line Search ... 

2020-11-07 13:12:08,913 direct_Solver 0/1 INFO :: 
Starting Direct loop ... 

2020-11-07 13:13:54,953 solvers 0/1 INFO :: Simulation stop time reached.
2020-11-07 13:13:55,845 adjoint_Solver 0/1 INFO :: 
Starting Adjoint loop ... 

2020-11-07 13:16:01,140 solvers 0/1 INFO :: Simulation stop time reached.
Starting Line Search ... 

2020-11-07 13:16:01,175 direct_Solver 0/1 INFO :: 
Starting Direct loop ... 

2020-11-07 13:17:46,709 solvers 0/1 INFO :: Simulation stop time reached.
2020-11-07 13:17:47,603 adjoint_Solver 0/1 INFO :: 
Starting Adjoint loop ... 

2020-11-07 13:19:53,131 solvers 0/1 INFO :: Simulation stop time reached.
Starting Line Search ... 

2020-11-07 13:19:53,166 direct_Solver 0/1 INFO :: 
Starting Direct loop ... 

2020-11-07 13:21:38,765 solvers 0/1 INFO :: Simulation stop time reached.
2020-11-07 13:21:39,658 adjoint_Solver 0/1 INFO :: 
Starting Adjoint loop ... 

2020-11-07 13:23:45,327 solvers 0/1 INFO :: Simulation stop time reached.
Starting Line Search ... 

2020-11-07 13:23:45,362 direct_Solver 0/1 INFO :: 
Starting Direct loop ... 

2020-11-07 13:25:31,263 solvers 0/1 INFO :: Simulation stop time reached.
2020-11-07 13:25:32,155 adjoint_Solver 0/1 INFO :: 
Starting Adjoint loop ... 

2020-11-07 13:27:37,926 solvers 0/1 INFO :: Simulation stop time reached.
Starting Line Search ... 

2020-11-07 13:27:37,961 direct_Solver 0/1 INFO :: 
Starting Direct loop ... 

2020-11-07 13:29:23,525 solvers 0/1 INFO :: Simulation stop time reached.
2020-11-07 13:29:24,419 adjoint_Solver 0/1 INFO :: 
Starting Adjoint loop ... 

2020-11-07 13:31:29,358 solvers 0/1 INFO :: Simulation stop time reached.
Line search from  0.1  to  4.92578125  ... 

2020-11-07 13:31:29,394 direct_Solver 0/1 INFO :: 
Starting Direct loop ... 

2020-11-07 13:33:15,045 solvers 0/1 INFO :: Simulation stop time reached.
2020-11-07 13:33:15,941 adjoint_Solver 0/1 INFO :: 
Starting Adjoint loop ... 

2020-11-07 13:35:21,200 solvers 0/1 INFO :: Simulation stop time reached.
Line search interpolation unsuccessful ... 

2020-11-07 13:35:21,236 direct_Solver 0/1 INFO :: 
Starting Direct loop ... 

2020-11-07 13:37:06,663 solvers 0/1 INFO :: Simulation stop time reached.
2020-11-07 13:37:07,555 adjoint_Solver 0/1 INFO :: 
Starting Adjoint loop ... 

2020-11-07 13:39:13,460 solvers 0/1 INFO :: Simulation stop time reached.
After  10  loops: Residual =  642.5065791159632 | Normalized Residual =  0.6211402795775715  ... 

Starting Loop  11  ... 

2020-11-07 13:39:13,503 direct_Solver 0/1 INFO :: 
Starting Direct loop ... 

2020-11-07 13:40:58,877 solvers 0/1 INFO :: Simulation stop time reached.
2020-11-07 13:40:59,770 adjoint_Solver 0/1 INFO :: 
Starting Adjoint loop ... 

2020-11-07 13:43:05,688 solvers 0/1 INFO :: Simulation stop time reached.
Starting Line Search ... 

2020-11-07 13:43:05,723 direct_Solver 0/1 INFO :: 
Starting Direct loop ... 

2020-11-07 13:44:51,692 solvers 0/1 INFO :: Simulation stop time reached.
2020-11-07 13:44:52,588 adjoint_Solver 0/1 INFO :: 
Starting Adjoint loop ... 

2020-11-07 13:46:58,844 solvers 0/1 INFO :: Simulation stop time reached.
Starting Line Search ... 

2020-11-07 13:46:58,880 direct_Solver 0/1 INFO :: 
Starting Direct loop ... 

2020-11-07 13:48:43,796 solvers 0/1 INFO :: Simulation stop time reached.
2020-11-07 13:48:44,690 adjoint_Solver 0/1 INFO :: 
Starting Adjoint loop ... 

2020-11-07 13:50:50,557 solvers 0/1 INFO :: Simulation stop time reached.
Starting Line Search ... 

2020-11-07 13:50:50,592 direct_Solver 0/1 INFO :: 
Starting Direct loop ... 

2020-11-07 13:52:35,884 solvers 0/1 INFO :: Simulation stop time reached.
2020-11-07 13:52:36,776 adjoint_Solver 0/1 INFO :: 
Starting Adjoint loop ... 

2020-11-07 13:54:42,300 solvers 0/1 INFO :: Simulation stop time reached.
Starting Line Search ... 

2020-11-07 13:54:42,335 direct_Solver 0/1 INFO :: 
Starting Direct loop ... 

2020-11-07 13:56:27,576 solvers 0/1 INFO :: Simulation stop time reached.
2020-11-07 13:56:28,468 adjoint_Solver 0/1 INFO :: 
Starting Adjoint loop ... 

2020-11-07 13:58:34,742 solvers 0/1 INFO :: Simulation stop time reached.
Starting Line Search ... 

2020-11-07 13:58:34,778 direct_Solver 0/1 INFO :: 
Starting Direct loop ... 

2020-11-07 14:00:20,507 solvers 0/1 INFO :: Simulation stop time reached.
2020-11-07 14:00:21,400 adjoint_Solver 0/1 INFO :: 
Starting Adjoint loop ... 

2020-11-07 14:02:27,380 solvers 0/1 INFO :: Simulation stop time reached.
Starting Line Search ... 

2020-11-07 14:02:27,416 direct_Solver 0/1 INFO :: 
Starting Direct loop ... 

2020-11-07 14:04:13,295 solvers 0/1 INFO :: Simulation stop time reached.
2020-11-07 14:04:14,188 adjoint_Solver 0/1 INFO :: 
Starting Adjoint loop ... 

2020-11-07 14:06:19,945 solvers 0/1 INFO :: Simulation stop time reached.
Starting Line Search ... 

2020-11-07 14:06:19,981 direct_Solver 0/1 INFO :: 
Starting Direct loop ... 

2020-11-07 14:08:05,892 solvers 0/1 INFO :: Simulation stop time reached.
2020-11-07 14:08:06,785 adjoint_Solver 0/1 INFO :: 
Starting Adjoint loop ... 

2020-11-07 14:10:13,414 solvers 0/1 INFO :: Simulation stop time reached.
Starting Line Search ... 

2020-11-07 14:10:13,449 direct_Solver 0/1 INFO :: 
Starting Direct loop ... 

2020-11-07 14:11:59,463 solvers 0/1 INFO :: Simulation stop time reached.
2020-11-07 14:12:00,357 adjoint_Solver 0/1 INFO :: 
Starting Adjoint loop ... 

2020-11-07 14:14:06,528 solvers 0/1 INFO :: Simulation stop time reached.
Starting Line Search ... 

2020-11-07 14:14:06,564 direct_Solver 0/1 INFO :: 
Starting Direct loop ... 

2020-11-07 14:15:52,472 solvers 0/1 INFO :: Simulation stop time reached.
2020-11-07 14:15:53,365 adjoint_Solver 0/1 INFO :: 
Starting Adjoint loop ... 

2020-11-07 14:17:58,986 solvers 0/1 INFO :: Simulation stop time reached.
Starting Line Search ... 

2020-11-07 14:17:59,021 direct_Solver 0/1 INFO :: 
Starting Direct loop ... 

2020-11-07 14:19:45,061 solvers 0/1 INFO :: Simulation stop time reached.
2020-11-07 14:19:45,953 adjoint_Solver 0/1 INFO :: 
Starting Adjoint loop ... 

2020-11-07 14:21:52,213 solvers 0/1 INFO :: Simulation stop time reached.
Starting Line Search ... 

2020-11-07 14:21:52,249 direct_Solver 0/1 INFO :: 
Starting Direct loop ... 

2020-11-07 14:23:38,165 solvers 0/1 INFO :: Simulation stop time reached.
2020-11-07 14:23:39,058 adjoint_Solver 0/1 INFO :: 
Starting Adjoint loop ... 

2020-11-07 14:25:44,480 solvers 0/1 INFO :: Simulation stop time reached.
Starting Line Search ... 

2020-11-07 14:25:44,515 direct_Solver 0/1 INFO :: 
Starting Direct loop ... 

2020-11-07 14:27:30,237 solvers 0/1 INFO :: Simulation stop time reached.
2020-11-07 14:27:31,129 adjoint_Solver 0/1 INFO :: 
Starting Adjoint loop ... 

2020-11-07 14:29:37,736 solvers 0/1 INFO :: Simulation stop time reached.
Line search from  0.010893343129129426  to  4.218327448913376  ... 

2020-11-07 14:29:37,773 direct_Solver 0/1 INFO :: 
Starting Direct loop ... 

2020-11-07 14:31:23,287 solvers 0/1 INFO :: Simulation stop time reached.
2020-11-07 14:31:24,179 adjoint_Solver 0/1 INFO :: 
Starting Adjoint loop ... 

2020-11-07 14:33:29,756 solvers 0/1 INFO :: Simulation stop time reached.
Line search interpolation unsuccessful ... 

2020-11-07 14:33:29,791 direct_Solver 0/1 INFO :: 
Starting Direct loop ... 

2020-11-07 14:35:15,546 solvers 0/1 INFO :: Simulation stop time reached.
2020-11-07 14:35:16,440 adjoint_Solver 0/1 INFO :: 
Starting Adjoint loop ... 

2020-11-07 14:37:22,855 solvers 0/1 INFO :: Simulation stop time reached.
After  25  loops: Residual =  473.10120440164815 | Normalized Residual =  0.5315196915609058  ... 

Starting Loop  26  ... 

2020-11-07 14:37:22,895 direct_Solver 0/1 INFO :: 
Starting Direct loop ... 

2020-11-07 14:39:08,827 solvers 0/1 INFO :: Simulation stop time reached.
2020-11-07 14:39:09,720 adjoint_Solver 0/1 INFO :: 
Starting Adjoint loop ... 

2020-11-07 14:41:14,917 solvers 0/1 INFO :: Simulation stop time reached.
Starting Line Search ... 

2020-11-07 14:41:14,952 direct_Solver 0/1 INFO :: 
Starting Direct loop ... 

2020-11-07 14:43:00,792 solvers 0/1 INFO :: Simulation stop time reached.
2020-11-07 14:43:01,685 adjoint_Solver 0/1 INFO :: 
Starting Adjoint loop ... 

2020-11-07 14:45:07,206 solvers 0/1 INFO :: Simulation stop time reached.
Starting Line Search ... 

2020-11-07 14:45:07,241 direct_Solver 0/1 INFO :: 
Starting Direct loop ... 

2020-11-07 14:46:53,011 solvers 0/1 INFO :: Simulation stop time reached.
2020-11-07 14:46:53,901 adjoint_Solver 0/1 INFO :: 
Starting Adjoint loop ... 

2020-11-07 14:48:59,012 solvers 0/1 INFO :: Simulation stop time reached.
Starting Line Search ... 

2020-11-07 14:48:59,047 direct_Solver 0/1 INFO :: 
Starting Direct loop ... 

2020-11-07 14:50:45,393 solvers 0/1 INFO :: Simulation stop time reached.
2020-11-07 14:50:46,287 adjoint_Solver 0/1 INFO :: 
Starting Adjoint loop ... 

2020-11-07 14:52:52,502 solvers 0/1 INFO :: Simulation stop time reached.
Starting Line Search ... 

2020-11-07 14:52:52,538 direct_Solver 0/1 INFO :: 
Starting Direct loop ... 

2020-11-07 14:54:38,129 solvers 0/1 INFO :: Simulation stop time reached.
2020-11-07 14:54:39,021 adjoint_Solver 0/1 INFO :: 
Starting Adjoint loop ... 

2020-11-07 14:56:44,511 solvers 0/1 INFO :: Simulation stop time reached.
Starting Line Search ... 

2020-11-07 14:56:44,546 direct_Solver 0/1 INFO :: 
Starting Direct loop ... 

2020-11-07 14:58:29,882 solvers 0/1 INFO :: Simulation stop time reached.
2020-11-07 14:58:30,776 adjoint_Solver 0/1 INFO :: 
Starting Adjoint loop ... 

2020-11-07 15:00:36,639 solvers 0/1 INFO :: Simulation stop time reached.
Starting Line Search ... 

2020-11-07 15:00:36,674 direct_Solver 0/1 INFO :: 
Starting Direct loop ... 

2020-11-07 15:02:22,620 solvers 0/1 INFO :: Simulation stop time reached.
2020-11-07 15:02:23,513 adjoint_Solver 0/1 INFO :: 
Starting Adjoint loop ... 

2020-11-07 15:04:30,089 solvers 0/1 INFO :: Simulation stop time reached.
Line search from  0.012694714740295562  to  0.4084127757854462  ... 

2020-11-07 15:04:30,125 direct_Solver 0/1 INFO :: 
Starting Direct loop ... 

2020-11-07 15:06:15,593 solvers 0/1 INFO :: Simulation stop time reached.
2020-11-07 15:06:16,487 adjoint_Solver 0/1 INFO :: 
Starting Adjoint loop ... 

2020-11-07 15:08:22,648 solvers 0/1 INFO :: Simulation stop time reached.
Line search interpolation unsuccessful ... 

2020-11-07 15:08:22,683 direct_Solver 0/1 INFO :: 
Starting Direct loop ... 

2020-11-07 15:10:08,466 solvers 0/1 INFO :: Simulation stop time reached.
2020-11-07 15:10:09,359 adjoint_Solver 0/1 INFO :: 
Starting Adjoint loop ... 

2020-11-07 15:12:15,959 solvers 0/1 INFO :: Simulation stop time reached.
After  34  loops: Residual =  123.48922721677702 | Normalized Residual =  0.31473974046722814  ... 

Starting Loop  35  ... 

2020-11-07 15:12:16,011 direct_Solver 0/1 INFO :: 
Starting Direct loop ... 

2020-11-07 15:14:01,950 solvers 0/1 INFO :: Simulation stop time reached.
2020-11-07 15:14:02,846 adjoint_Solver 0/1 INFO :: 
Starting Adjoint loop ... 

2020-11-07 15:16:08,752 solvers 0/1 INFO :: Simulation stop time reached.
Starting Line Search ... 

2020-11-07 15:16:08,788 direct_Solver 0/1 INFO :: 
Starting Direct loop ... 

2020-11-07 15:17:54,773 solvers 0/1 INFO :: Simulation stop time reached.
2020-11-07 15:17:55,666 adjoint_Solver 0/1 INFO :: 
Starting Adjoint loop ... 

2020-11-07 15:20:01,089 solvers 0/1 INFO :: Simulation stop time reached.
Starting Line Search ... 

2020-11-07 15:20:01,124 direct_Solver 0/1 INFO :: 
Starting Direct loop ... 

2020-11-07 15:21:47,026 solvers 0/1 INFO :: Simulation stop time reached.
2020-11-07 15:21:47,920 adjoint_Solver 0/1 INFO :: 
Starting Adjoint loop ... 

2020-11-07 15:23:53,919 solvers 0/1 INFO :: Simulation stop time reached.
Line search from  0.02484765662369148  to  0.11802636896253452  ... 

2020-11-07 15:23:53,955 direct_Solver 0/1 INFO :: 
Starting Direct loop ... 

2020-11-07 15:25:40,167 solvers 0/1 INFO :: Simulation stop time reached.
2020-11-07 15:25:41,062 adjoint_Solver 0/1 INFO :: 
Starting Adjoint loop ... 

2020-11-07 15:27:47,795 solvers 0/1 INFO :: Simulation stop time reached.
Line search interpolation unsuccessful ... 

2020-11-07 15:27:47,830 direct_Solver 0/1 INFO :: 
Starting Direct loop ... 

2020-11-07 15:29:33,713 solvers 0/1 INFO :: Simulation stop time reached.
2020-11-07 15:29:34,608 adjoint_Solver 0/1 INFO :: 
Starting Adjoint loop ... 

2020-11-07 15:31:40,814 solvers 0/1 INFO :: Simulation stop time reached.
After  39  loops: Residual =  77.81274970980172 | Normalized Residual =  0.22037132839628018  ... 

Starting Loop  40  ... 

2020-11-07 15:31:40,859 direct_Solver 0/1 INFO :: 
Starting Direct loop ... 

2020-11-07 15:33:26,489 solvers 0/1 INFO :: Simulation stop time reached.
2020-11-07 15:33:27,381 adjoint_Solver 0/1 INFO :: 
Starting Adjoint loop ... 

2020-11-07 15:35:33,747 solvers 0/1 INFO :: Simulation stop time reached.
Starting Line Search ... 

2020-11-07 15:35:33,783 direct_Solver 0/1 INFO :: 
Starting Direct loop ... 

2020-11-07 15:37:18,888 solvers 0/1 INFO :: Simulation stop time reached.
2020-11-07 15:37:19,783 adjoint_Solver 0/1 INFO :: 
Starting Adjoint loop ... 

2020-11-07 15:39:25,781 solvers 0/1 INFO :: Simulation stop time reached.
2020-11-07 15:39:25,816 direct_Solver 0/1 INFO :: 
Starting Direct loop ... 

2020-11-07 15:41:11,278 solvers 0/1 INFO :: Simulation stop time reached.
2020-11-07 15:41:12,170 adjoint_Solver 0/1 INFO :: 
Starting Adjoint loop ... 

2020-11-07 15:43:18,468 solvers 0/1 INFO :: Simulation stop time reached.
After  43  loops: Residual =  61.2332971563609 | Normalized Residual =  0.17384314299421852  ... 

Starting Loop  44  ... 

2020-11-07 15:43:18,508 direct_Solver 0/1 INFO :: 
Starting Direct loop ... 

2020-11-07 15:45:04,681 solvers 0/1 INFO :: Simulation stop time reached.
2020-11-07 15:45:05,573 adjoint_Solver 0/1 INFO :: 
Starting Adjoint loop ... 

2020-11-07 15:47:11,402 solvers 0/1 INFO :: Simulation stop time reached.
Starting Line Search ... 

2020-11-07 15:47:11,437 direct_Solver 0/1 INFO :: 
Starting Direct loop ... 

2020-11-07 15:48:56,991 solvers 0/1 INFO :: Simulation stop time reached.
2020-11-07 15:48:57,884 adjoint_Solver 0/1 INFO :: 
Starting Adjoint loop ... 

2020-11-07 15:51:03,770 solvers 0/1 INFO :: Simulation stop time reached.
Starting Line Search ... 

2020-11-07 15:51:03,808 direct_Solver 0/1 INFO :: 
Starting Direct loop ... 

2020-11-07 15:52:49,720 solvers 0/1 INFO :: Simulation stop time reached.
2020-11-07 15:52:50,613 adjoint_Solver 0/1 INFO :: 
Starting Adjoint loop ... 

2020-11-07 15:54:57,219 solvers 0/1 INFO :: Simulation stop time reached.
Line search from  0.035286302324106705  to  0.16760993603950686  ... 

2020-11-07 15:54:57,255 direct_Solver 0/1 INFO :: 
Starting Direct loop ... 

2020-11-07 15:56:43,570 solvers 0/1 INFO :: Simulation stop time reached.
2020-11-07 15:56:44,463 adjoint_Solver 0/1 INFO :: 
Starting Adjoint loop ... 

2020-11-07 15:58:51,170 solvers 0/1 INFO :: Simulation stop time reached.
Line search interpolation unsuccessful ... 

2020-11-07 15:58:51,206 direct_Solver 0/1 INFO :: 
Starting Direct loop ... 

2020-11-07 16:00:37,684 solvers 0/1 INFO :: Simulation stop time reached.
2020-11-07 16:00:38,580 adjoint_Solver 0/1 INFO :: 
Starting Adjoint loop ... 

2020-11-07 16:02:45,288 solvers 0/1 INFO :: Simulation stop time reached.
After  48  loops: Residual =  40.619533539524035 | Normalized Residual =  0.11069211084901621  ... 

Starting Loop  49  ... 

2020-11-07 16:02:45,330 direct_Solver 0/1 INFO :: 
Starting Direct loop ... 

2020-11-07 16:04:31,618 solvers 0/1 INFO :: Simulation stop time reached.
2020-11-07 16:04:32,512 adjoint_Solver 0/1 INFO :: 
Starting Adjoint loop ... 

2020-11-07 16:06:39,391 solvers 0/1 INFO :: Simulation stop time reached.
Starting Line Search ... 

2020-11-07 16:06:39,427 direct_Solver 0/1 INFO :: 
Starting Direct loop ... 

2020-11-07 16:08:25,643 solvers 0/1 INFO :: Simulation stop time reached.
2020-11-07 16:08:26,538 adjoint_Solver 0/1 INFO :: 
Starting Adjoint loop ... 

2020-11-07 16:10:33,098 solvers 0/1 INFO :: Simulation stop time reached.
Starting Line Search ... 

2020-11-07 16:10:33,134 direct_Solver 0/1 INFO :: 
Starting Direct loop ... 

2020-11-07 16:12:19,441 solvers 0/1 INFO :: Simulation stop time reached.
2020-11-07 16:12:20,337 adjoint_Solver 0/1 INFO :: 
Starting Adjoint loop ... 

2020-11-07 16:14:26,810 solvers 0/1 INFO :: Simulation stop time reached.
Starting Line Search ... 

2020-11-07 16:14:26,847 direct_Solver 0/1 INFO :: 
Starting Direct loop ... 

2020-11-07 16:16:13,246 solvers 0/1 INFO :: Simulation stop time reached.
2020-11-07 16:16:14,140 adjoint_Solver 0/1 INFO :: 
Starting Adjoint loop ... 

2020-11-07 16:18:21,011 solvers 0/1 INFO :: Simulation stop time reached.
Line search from  0.04332439505625716  to  0.35201070983208943  ... 

2020-11-07 16:18:21,047 direct_Solver 0/1 INFO :: 
Starting Direct loop ... 

2020-11-07 16:20:07,721 solvers 0/1 INFO :: Simulation stop time reached.
2020-11-07 16:20:08,615 adjoint_Solver 0/1 INFO :: 
Starting Adjoint loop ... 

2020-11-07 16:22:15,837 solvers 0/1 INFO :: Simulation stop time reached.
Line search interpolation unsuccessful ... 

2020-11-07 16:22:15,872 direct_Solver 0/1 INFO :: 
Starting Direct loop ... 

2020-11-07 16:24:02,234 solvers 0/1 INFO :: Simulation stop time reached.
2020-11-07 16:24:03,128 adjoint_Solver 0/1 INFO :: 
Starting Adjoint loop ... 

2020-11-07 16:26:09,802 solvers 0/1 INFO :: Simulation stop time reached.
After  54  loops: Residual =  42.31721422657329 | Normalized Residual =  0.10695033318079018  ... 

Starting Loop  55  ... 

2020-11-07 16:26:09,846 direct_Solver 0/1 INFO :: 
Starting Direct loop ... 

2020-11-07 16:27:56,226 solvers 0/1 INFO :: Simulation stop time reached.
2020-11-07 16:27:57,126 adjoint_Solver 0/1 INFO :: 
Starting Adjoint loop ... 

2020-11-07 16:30:03,921 solvers 0/1 INFO :: Simulation stop time reached.
Starting Line Search ... 

2020-11-07 16:30:03,956 direct_Solver 0/1 INFO :: 
Starting Direct loop ... 

2020-11-07 16:31:50,387 solvers 0/1 INFO :: Simulation stop time reached.
2020-11-07 16:31:51,282 adjoint_Solver 0/1 INFO :: 
Starting Adjoint loop ... 

2020-11-07 16:33:58,402 solvers 0/1 INFO :: Simulation stop time reached.
Starting Line Search ... 

2020-11-07 16:33:58,438 direct_Solver 0/1 INFO :: 
Starting Direct loop ... 

2020-11-07 16:35:45,180 solvers 0/1 INFO :: Simulation stop time reached.
2020-11-07 16:35:46,076 adjoint_Solver 0/1 INFO :: 
Starting Adjoint loop ... 

2020-11-07 16:37:53,136 solvers 0/1 INFO :: Simulation stop time reached.
Starting Line Search ... 

2020-11-07 16:37:53,172 direct_Solver 0/1 INFO :: 
Starting Direct loop ... 

2020-11-07 16:39:39,333 solvers 0/1 INFO :: Simulation stop time reached.
2020-11-07 16:39:40,227 adjoint_Solver 0/1 INFO :: 
Starting Adjoint loop ... 

2020-11-07 16:41:46,970 solvers 0/1 INFO :: Simulation stop time reached.
Line search from  0.04244645627828539  to  0.3448774572610688  ... 

2020-11-07 16:41:47,006 direct_Solver 0/1 INFO :: 
Starting Direct loop ... 

2020-11-07 16:43:32,587 solvers 0/1 INFO :: Simulation stop time reached.
2020-11-07 16:43:33,478 adjoint_Solver 0/1 INFO :: 
Starting Adjoint loop ... 

2020-11-07 16:45:39,736 solvers 0/1 INFO :: Simulation stop time reached.
Line search interpolation unsuccessful ... 

2020-11-07 16:45:39,771 direct_Solver 0/1 INFO :: 
Starting Direct loop ... 

2020-11-07 16:47:25,130 solvers 0/1 INFO :: Simulation stop time reached.
2020-11-07 16:47:26,025 adjoint_Solver 0/1 INFO :: 
Starting Adjoint loop ... 

2020-11-07 16:49:32,900 solvers 0/1 INFO :: Simulation stop time reached.
After  60  loops: Residual =  50.688220112414776 | Normalized Residual =  0.1249524165755126  ... 

Starting Loop  61  ... 

2020-11-07 16:49:32,936 direct_Solver 0/1 INFO :: 
Starting Direct loop ... 

2020-11-07 16:51:18,271 solvers 0/1 INFO :: Simulation stop time reached.
2020-11-07 16:51:19,163 adjoint_Solver 0/1 INFO :: 
Starting Adjoint loop ... 

2020-11-07 16:53:25,410 solvers 0/1 INFO :: Simulation stop time reached.
Starting Line Search ... 

2020-11-07 16:53:25,445 direct_Solver 0/1 INFO :: 
Starting Direct loop ... 

2020-11-07 16:55:11,724 solvers 0/1 INFO :: Simulation stop time reached.
2020-11-07 16:55:12,617 adjoint_Solver 0/1 INFO :: 
Starting Adjoint loop ... 

2020-11-07 16:57:19,251 solvers 0/1 INFO :: Simulation stop time reached.
Starting Line Search ... 

2020-11-07 16:57:19,287 direct_Solver 0/1 INFO :: 
Starting Direct loop ... 

2020-11-07 16:59:05,483 solvers 0/1 INFO :: Simulation stop time reached.
2020-11-07 16:59:06,377 adjoint_Solver 0/1 INFO :: 
Starting Adjoint loop ... 

2020-11-07 17:01:13,014 solvers 0/1 INFO :: Simulation stop time reached.
Starting Line Search ... 

2020-11-07 17:01:13,050 direct_Solver 0/1 INFO :: 
Starting Direct loop ... 

2020-11-07 17:02:58,325 solvers 0/1 INFO :: Simulation stop time reached.
2020-11-07 17:02:59,219 adjoint_Solver 0/1 INFO :: 
Starting Adjoint loop ... 

2020-11-07 17:05:05,723 solvers 0/1 INFO :: Simulation stop time reached.
Starting Line Search ... 

2020-11-07 17:05:05,759 direct_Solver 0/1 INFO :: 
Starting Direct loop ... 

2020-11-07 17:06:51,595 solvers 0/1 INFO :: Simulation stop time reached.
2020-11-07 17:06:52,489 adjoint_Solver 0/1 INFO :: 
Starting Adjoint loop ... 

2020-11-07 17:08:59,022 solvers 0/1 INFO :: Simulation stop time reached.
Line search from  0.03878345117449944  to  0.5114567623637113  ... 

2020-11-07 17:08:59,058 direct_Solver 0/1 INFO :: 
Starting Direct loop ... 

2020-11-07 17:10:45,012 solvers 0/1 INFO :: Simulation stop time reached.
2020-11-07 17:10:45,907 adjoint_Solver 0/1 INFO :: 
Starting Adjoint loop ... 

2020-11-07 17:12:52,960 solvers 0/1 INFO :: Simulation stop time reached.
Line search interpolation unsuccessful ... 

2020-11-07 17:12:52,995 direct_Solver 0/1 INFO :: 
Starting Direct loop ... 

2020-11-07 17:14:36,522 solvers 0/1 INFO :: Simulation stop time reached.
2020-11-07 17:14:37,389 adjoint_Solver 0/1 INFO :: 
Starting Adjoint loop ... 

2020-11-07 17:16:41,896 solvers 0/1 INFO :: Simulation stop time reached.
After  67  loops: Residual =  46.84149039835579 | Normalized Residual =  0.09429972466212894  ... 

Starting Loop  68  ... 

2020-11-07 17:16:41,956 direct_Solver 0/1 INFO :: 
Starting Direct loop ... 

2020-11-07 17:18:23,963 solvers 0/1 INFO :: Simulation stop time reached.
2020-11-07 17:18:24,834 adjoint_Solver 0/1 INFO :: 
Starting Adjoint loop ... 

2020-11-07 17:20:23,056 solvers 0/1 INFO :: Simulation stop time reached.
First line search failed ... reducing step size from  0.0403445263117163  to  0.02017226315585815  ... 

After  68  loops: Residual =  26.449515322631342 | Normalized Residual =  0.05565942965043938  ... 

Starting Loop  69  ... 

2020-11-07 17:20:23,094 direct_Solver 0/1 INFO :: 
Starting Direct loop ... 

2020-11-07 17:22:00,572 solvers 0/1 INFO :: Simulation stop time reached.
2020-11-07 17:22:01,437 adjoint_Solver 0/1 INFO :: 
Starting Adjoint loop ... 

2020-11-07 17:23:59,275 solvers 0/1 INFO :: Simulation stop time reached.
First line search failed ... reducing step size from  0.02017226315585815  to  0.010086131577929074  ... 

After  69  loops: Residual =  23.415575866629986 | Normalized Residual =  0.05080133083054461  ... 

Starting Loop  70  ... 

2020-11-07 17:23:59,313 direct_Solver 0/1 INFO :: 
Starting Direct loop ... 

2020-11-07 17:25:38,885 solvers 0/1 INFO :: Simulation stop time reached.
2020-11-07 17:25:39,750 adjoint_Solver 0/1 INFO :: 
Starting Adjoint loop ... 

2020-11-07 17:27:37,506 solvers 0/1 INFO :: Simulation stop time reached.
First line search failed ... reducing step size from  0.010089548687542544  to  0.005044774343771272  ... 

After  70  loops: Residual =  25.29553267932605 | Normalized Residual =  0.05538461919415584  ... 

Starting Loop  71  ... 

2020-11-07 17:27:37,539 direct_Solver 0/1 INFO :: 
Starting Direct loop ... 

2020-11-07 17:29:14,748 solvers 0/1 INFO :: Simulation stop time reached.
2020-11-07 17:29:15,613 adjoint_Solver 0/1 INFO :: 
Starting Adjoint loop ... 

2020-11-07 17:31:12,439 solvers 0/1 INFO :: Simulation stop time reached.
First line search failed ... reducing step size from  0.005045800232947647  to  0.0025229001164738234  ... 

After  71  loops: Residual =  27.093524023269556 | Normalized Residual =  0.05949726672105119  ... 

Starting Loop  72  ... 

2020-11-07 17:31:12,472 direct_Solver 0/1 INFO :: 
Starting Direct loop ... 

2020-11-07 17:32:49,420 solvers 0/1 INFO :: Simulation stop time reached.
2020-11-07 17:32:50,285 adjoint_Solver 0/1 INFO :: 
Starting Adjoint loop ... 

2020-11-07 17:34:46,460 solvers 0/1 INFO :: Simulation stop time reached.
First line search failed ... reducing step size from  0.0025230284840533756  to  0.0012615142420266878  ... 

After  72  loops: Residual =  28.20738729914306 | Normalized Residual =  0.06200956772750113  ... 

Starting Loop  73  ... 

2020-11-07 17:34:46,494 direct_Solver 0/1 INFO :: 
Starting Direct loop ... 

2020-11-07 17:36:22,586 solvers 0/1 INFO :: Simulation stop time reached.
2020-11-07 17:36:23,428 adjoint_Solver 0/1 INFO :: 
Starting Adjoint loop ... 

2020-11-07 17:38:15,935 solvers 0/1 INFO :: Simulation stop time reached.
First line search failed ... reducing step size from  0.0012615302997023307  to  0.0006307651498511654  ... 

After  73  loops: Residual =  28.818026834435326 | Normalized Residual =  0.0633792723576759  ... 

Starting Loop  74  ... 

2020-11-07 17:38:15,967 direct_Solver 0/1 INFO :: 
Starting Direct loop ... 

2020-11-07 17:39:48,142 solvers 0/1 INFO :: Simulation stop time reached.
2020-11-07 17:39:48,988 adjoint_Solver 0/1 INFO :: 
Starting Adjoint loop ... 

2020-11-07 17:41:40,633 solvers 0/1 INFO :: Simulation stop time reached.
First line search failed ... reducing step size from  0.0006307671574276387  to  0.00031538357871381935  ... 

After  74  loops: Residual =  29.13676900821503 | Normalized Residual =  0.06409242461828113  ... 

Starting Loop  75  ... 

2020-11-07 17:41:40,666 direct_Solver 0/1 INFO :: 
Starting Direct loop ... 

2020-11-07 17:43:12,546 solvers 0/1 INFO :: Simulation stop time reached.
2020-11-07 17:43:13,402 adjoint_Solver 0/1 INFO :: 
Starting Adjoint loop ... 

2020-11-07 17:45:03,698 solvers 0/1 INFO :: Simulation stop time reached.
First line search failed ... reducing step size from  0.00031538382967235797  to  0.00015769191483617898  ... 

After  75  loops: Residual =  29.29949490966719 | Normalized Residual =  0.06445606256345983  ... 

Starting Loop  76  ... 

2020-11-07 17:45:03,731 direct_Solver 0/1 INFO :: 
Starting Direct loop ... 

2020-11-07 17:46:35,260 solvers 0/1 INFO :: Simulation stop time reached.
2020-11-07 17:46:36,088 adjoint_Solver 0/1 INFO :: 
Starting Adjoint loop ... 

2020-11-07 17:48:27,647 solvers 0/1 INFO :: Simulation stop time reached.
First line search failed ... reducing step size from  0.0001576919462063551  to  7.884597310317755e-05  ... 

After  76  loops: Residual =  29.381696452142393 | Normalized Residual =  0.06463964521235754  ... 

Starting Loop  77  ... 

2020-11-07 17:48:27,679 direct_Solver 0/1 INFO :: 
Starting Direct loop ... 

2020-11-07 17:49:59,689 solvers 0/1 INFO :: Simulation stop time reached.
2020-11-07 17:50:00,519 adjoint_Solver 0/1 INFO :: 
Starting Adjoint loop ... 

2020-11-07 17:51:50,562 solvers 0/1 INFO :: Simulation stop time reached.
First line search failed ... reducing step size from  7.884597702446077e-05  to  3.942298851223039e-05  ... 

After  77  loops: Residual =  29.42300685648617 | Normalized Residual =  0.06473187722552055  ... 

Starting Loop  78  ... 

2020-11-07 17:51:50,594 direct_Solver 0/1 INFO :: 
Starting Direct loop ... 

2020-11-07 17:53:22,359 solvers 0/1 INFO :: Simulation stop time reached.
2020-11-07 17:53:23,188 adjoint_Solver 0/1 INFO :: 
Starting Adjoint loop ... 

2020-11-07 17:55:12,909 solvers 0/1 INFO :: Simulation stop time reached.
First line search failed ... reducing step size from  3.9422989002391135e-05  to  1.9711494501195568e-05  ... 

After  78  loops: Residual =  29.44371446502673 | Normalized Residual =  0.0647781033749878  ... 

Starting Loop  79  ... 

2020-11-07 17:55:12,941 direct_Solver 0/1 INFO :: 
Starting Direct loop ... 

2020-11-07 17:56:43,886 solvers 0/1 INFO :: Simulation stop time reached.
2020-11-07 17:56:44,711 adjoint_Solver 0/1 INFO :: 
Starting Adjoint loop ... 

2020-11-07 17:58:30,871 solvers 0/1 INFO :: Simulation stop time reached.
First line search failed ... reducing step size from  1.971149456246568e-05  to  9.85574728123284e-06  ... 

After  79  loops: Residual =  29.45408137064869 | Normalized Residual =  0.06480124398173756  ... 

Starting Loop  80  ... 

2020-11-07 17:58:30,902 direct_Solver 0/1 INFO :: 
Starting Direct loop ... 

2020-11-07 17:59:59,684 solvers 0/1 INFO :: Simulation stop time reached.
2020-11-07 18:00:00,511 adjoint_Solver 0/1 INFO :: 
Starting Adjoint loop ... 

2020-11-07 18:01:46,561 solvers 0/1 INFO :: Simulation stop time reached.
First line search failed ... reducing step size from  9.8557472888916e-06  to  4.9278736444458e-06  ... 

After  80  loops: Residual =  29.459268098769307 | Normalized Residual =  0.0648128211676582  ... 

Starting Loop  81  ... 

2020-11-07 18:01:46,592 direct_Solver 0/1 INFO :: 
Starting Direct loop ... 

2020-11-07 18:03:15,865 solvers 0/1 INFO :: Simulation stop time reached.
2020-11-07 18:03:16,693 adjoint_Solver 0/1 INFO :: 
Starting Adjoint loop ... 

2020-11-07 18:05:02,848 solvers 0/1 INFO :: Simulation stop time reached.
First line search failed ... reducing step size from  4.927873645403146e-06  to  2.463936822701573e-06  ... 

After  81  loops: Residual =  29.461862281651314 | Normalized Residual =  0.06481861148119321  ... 

Starting Loop  82  ... 

2020-11-07 18:05:02,878 direct_Solver 0/1 INFO :: 
Starting Direct loop ... 

2020-11-07 18:06:31,678 solvers 0/1 INFO :: Simulation stop time reached.
2020-11-07 18:06:32,505 adjoint_Solver 0/1 INFO :: 
Starting Adjoint loop ... 

2020-11-07 18:08:18,684 solvers 0/1 INFO :: Simulation stop time reached.
First line search failed ... reducing step size from  2.4639368228212414e-06  to  1.2319684114106207e-06  ... 

After  82  loops: Residual =  29.46315957779583 | Normalized Residual =  0.06482150706810509  ... 

Starting Loop  83  ... 

2020-11-07 18:08:18,716 direct_Solver 0/1 INFO :: 
Starting Direct loop ... 

2020-11-07 18:09:47,432 solvers 0/1 INFO :: Simulation stop time reached.
2020-11-07 18:09:48,259 adjoint_Solver 0/1 INFO :: 
Starting Adjoint loop ... 

2020-11-07 18:11:34,546 solvers 0/1 INFO :: Simulation stop time reached.
First line search failed ... reducing step size from  1.231968411425579e-06  to  6.159842057127895e-07  ... 

After  83  loops: Residual =  29.463808277047104 | Normalized Residual =  0.06482295496908833  ... 

Starting Loop  84  ... 

2020-11-07 18:11:34,577 direct_Solver 0/1 INFO :: 
Starting Direct loop ... 

2020-11-07 18:13:03,144 solvers 0/1 INFO :: Simulation stop time reached.
2020-11-07 18:13:03,971 adjoint_Solver 0/1 INFO :: 
Starting Adjoint loop ... 

2020-11-07 18:14:50,222 solvers 0/1 INFO :: Simulation stop time reached.
First line search failed ... reducing step size from  6.159842057146596e-07  to  3.079921028573298e-07  ... 

After  84  loops: Residual =  29.46413263946487 | Normalized Residual =  0.06482367894646296  ... 

Starting Loop  85  ... 

2020-11-07 18:14:50,253 direct_Solver 0/1 INFO :: 
Starting Direct loop ... 

2020-11-07 18:16:19,342 solvers 0/1 INFO :: Simulation stop time reached.
2020-11-07 18:16:20,169 adjoint_Solver 0/1 INFO :: 
Starting Adjoint loop ... 

2020-11-07 18:18:06,710 solvers 0/1 INFO :: Simulation stop time reached.
First line search failed ... reducing step size from  3.0799210285756347e-07  to  1.5399605142878173e-07  ... 

After  85  loops: Residual =  29.46429482387198 | Normalized Residual =  0.06482404094187598  ... 

Starting Loop  86  ... 

2020-11-07 18:18:06,741 direct_Solver 0/1 INFO :: 
Starting Direct loop ... 

2020-11-07 18:19:35,548 solvers 0/1 INFO :: Simulation stop time reached.
2020-11-07 18:19:36,375 adjoint_Solver 0/1 INFO :: 
Starting Adjoint loop ... 

2020-11-07 18:21:23,046 solvers 0/1 INFO :: Simulation stop time reached.
First line search failed ... reducing step size from  1.5399605142881093e-07  to  7.699802571440547e-08  ... 

After  86  loops: Residual =  29.464375916877774 | Normalized Residual =  0.06482422194125993  ... 

Starting Loop  87  ... 

2020-11-07 18:21:23,077 direct_Solver 0/1 INFO :: 
Starting Direct loop ... 

2020-11-07 18:22:51,855 solvers 0/1 INFO :: Simulation stop time reached.
2020-11-07 18:22:52,690 adjoint_Solver 0/1 INFO :: 
Starting Adjoint loop ... 

2020-11-07 18:24:40,600 solvers 0/1 INFO :: Simulation stop time reached.
First line search failed ... reducing step size from  7.699802571440912e-08  to  3.849901285720456e-08  ... 

After  87  loops: Residual =  29.464416463577198 | Normalized Residual =  0.06482431244137066  ... 

Starting Loop  88  ... 

2020-11-07 18:24:40,631 direct_Solver 0/1 INFO :: 
Starting Direct loop ... 

2020-11-07 18:26:09,655 solvers 0/1 INFO :: Simulation stop time reached.
2020-11-07 18:26:10,482 adjoint_Solver 0/1 INFO :: 
Starting Adjoint loop ... 

2020-11-07 18:27:56,952 solvers 0/1 INFO :: Simulation stop time reached.
First line search failed ... reducing step size from  3.849901285720501e-08  to  1.9249506428602504e-08  ... 

After  88  loops: Residual =  29.46443673697622 | Normalized Residual =  0.06482435769153438  ... 

Starting Loop  89  ... 

2020-11-07 18:27:56,983 direct_Solver 0/1 INFO :: 
Starting Direct loop ... 

2020-11-07 18:29:26,179 solvers 0/1 INFO :: Simulation stop time reached.
2020-11-07 18:29:27,007 adjoint_Solver 0/1 INFO :: 
Starting Adjoint loop ... 

2020-11-07 18:31:13,225 solvers 0/1 INFO :: Simulation stop time reached.
First line search failed ... reducing step size from  1.9249506428602567e-08  to  9.624753214301284e-09  ... 

After  89  loops: Residual =  29.464446873690665 | Normalized Residual =  0.06482438031664162  ... 

Starting Loop  90  ... 

2020-11-07 18:31:13,256 direct_Solver 0/1 INFO :: 
Starting Direct loop ... 

2020-11-07 18:32:42,220 solvers 0/1 INFO :: Simulation stop time reached.
2020-11-07 18:32:43,048 adjoint_Solver 0/1 INFO :: 
Starting Adjoint loop ... 

2020-11-07 18:34:29,336 solvers 0/1 INFO :: Simulation stop time reached.
First line search failed ... reducing step size from  9.62475321430129e-09  to  4.812376607150645e-09  ... 

After  90  loops: Residual =  29.46445194205199 | Normalized Residual =  0.06482439162919822  ... 

Starting Loop  91  ... 

2020-11-07 18:34:29,367 direct_Solver 0/1 INFO :: 
Starting Direct loop ... 

2020-11-07 18:35:58,404 solvers 0/1 INFO :: Simulation stop time reached.
2020-11-07 18:35:59,230 adjoint_Solver 0/1 INFO :: 
Starting Adjoint loop ... 

2020-11-07 18:37:45,290 solvers 0/1 INFO :: Simulation stop time reached.
First line search failed ... reducing step size from  4.812376607150646e-09  to  2.406188303575323e-09  ... 

After  91  loops: Residual =  29.46445447623153 | Normalized Residual =  0.0648243972854795  ... 

Starting Loop  92  ... 

2020-11-07 18:37:45,321 direct_Solver 0/1 INFO :: 
Starting Direct loop ... 

2020-11-07 18:39:14,076 solvers 0/1 INFO :: Simulation stop time reached.
2020-11-07 18:39:14,905 adjoint_Solver 0/1 INFO :: 
Starting Adjoint loop ... 

2020-11-07 18:41:01,286 solvers 0/1 INFO :: Simulation stop time reached.
First line search failed ... reducing step size from  2.4061883035753234e-09  to  1.2030941517876617e-09  ... 

After  92  loops: Residual =  29.46445574332249 | Normalized Residual =  0.06482440011362278  ... 

Starting Loop  93  ... 

2020-11-07 18:41:01,317 direct_Solver 0/1 INFO :: 
Starting Direct loop ... 

2020-11-07 18:42:30,210 solvers 0/1 INFO :: Simulation stop time reached.
2020-11-07 18:42:31,037 adjoint_Solver 0/1 INFO :: 
Starting Adjoint loop ... 

2020-11-07 18:44:17,308 solvers 0/1 INFO :: Simulation stop time reached.
First line search failed ... reducing step size from  1.2030941517876615e-09  to  6.015470758938307e-10  ... 

After  93  loops: Residual =  29.46445637686625 | Normalized Residual =  0.06482440152769464  ... 

Starting Loop  94  ... 

2020-11-07 18:44:17,339 direct_Solver 0/1 INFO :: 
Starting Direct loop ... 

2020-11-07 18:45:46,101 solvers 0/1 INFO :: Simulation stop time reached.
2020-11-07 18:45:46,944 adjoint_Solver 0/1 INFO :: 
Starting Adjoint loop ... 

2020-11-07 18:47:33,404 solvers 0/1 INFO :: Simulation stop time reached.
First line search failed ... reducing step size from  6.015470758938308e-10  to  3.007735379469154e-10  ... 

After  94  loops: Residual =  29.46445669364109 | Normalized Residual =  0.064824402234726  ... 

Starting Loop  95  ... 

2020-11-07 18:47:33,435 direct_Solver 0/1 INFO :: 
Starting Direct loop ... 

2020-11-07 18:49:02,428 solvers 0/1 INFO :: Simulation stop time reached.
2020-11-07 18:49:03,254 adjoint_Solver 0/1 INFO :: 
Starting Adjoint loop ... 

2020-11-07 18:50:50,076 solvers 0/1 INFO :: Simulation stop time reached.
First line search failed ... reducing step size from  3.0077353794691537e-10  to  1.5038676897345769e-10  ... 

After  95  loops: Residual =  29.464456852023826 | Normalized Residual =  0.0648244025882414  ... 

Starting Loop  96  ... 

2020-11-07 18:50:50,107 direct_Solver 0/1 INFO :: 
Starting Direct loop ... 

2020-11-07 18:52:18,755 solvers 0/1 INFO :: Simulation stop time reached.
2020-11-07 18:52:19,583 adjoint_Solver 0/1 INFO :: 
Starting Adjoint loop ... 

2020-11-07 18:54:06,031 solvers 0/1 INFO :: Simulation stop time reached.
First line search failed ... reducing step size from  1.503867689734577e-10  to  7.519338448672886e-11  ... 

After  96  loops: Residual =  29.464456931220358 | Normalized Residual =  0.0648244027650082  ... 

Starting Loop  97  ... 

2020-11-07 18:54:06,062 direct_Solver 0/1 INFO :: 
Starting Direct loop ... 

2020-11-07 18:55:35,223 solvers 0/1 INFO :: Simulation stop time reached.
2020-11-07 18:55:36,050 adjoint_Solver 0/1 INFO :: 
Starting Adjoint loop ... 

