2020-11-05 23:30:14,058 pencil 0/1 INFO :: Building pencil matrix 1/32 (~3%) Elapsed: 0s, Remaining: 1s, Rate: 4.7e+01/s
2020-11-05 23:30:14,120 pencil 0/1 INFO :: Building pencil matrix 4/32 (~12%) Elapsed: 0s, Remaining: 1s, Rate: 4.8e+01/s
2020-11-05 23:30:14,201 pencil 0/1 INFO :: Building pencil matrix 8/32 (~25%) Elapsed: 0s, Remaining: 0s, Rate: 4.9e+01/s
2020-11-05 23:30:14,282 pencil 0/1 INFO :: Building pencil matrix 12/32 (~38%) Elapsed: 0s, Remaining: 0s, Rate: 4.9e+01/s
2020-11-05 23:30:14,363 pencil 0/1 INFO :: Building pencil matrix 16/32 (~50%) Elapsed: 0s, Remaining: 0s, Rate: 4.9e+01/s
2020-11-05 23:30:14,444 pencil 0/1 INFO :: Building pencil matrix 20/32 (~62%) Elapsed: 0s, Remaining: 0s, Rate: 4.9e+01/s
2020-11-05 23:30:14,525 pencil 0/1 INFO :: Building pencil matrix 24/32 (~75%) Elapsed: 0s, Remaining: 0s, Rate: 4.9e+01/s
2020-11-05 23:30:14,606 pencil 0/1 INFO :: Building pencil matrix 28/32 (~88%) Elapsed: 1s, Remaining: 0s, Rate: 4.9e+01/s
2020-11-05 23:30:14,688 pencil 0/1 INFO :: Building pencil matrix 32/32 (~100%) Elapsed: 1s, Remaining: 0s, Rate: 4.9e+01/s
2020-11-05 23:30:14,722 pencil 0/1 INFO :: Building pencil matrix 1/32 (~3%) Elapsed: 0s, Remaining: 1s, Rate: 4.7e+01/s
2020-11-05 23:30:14,787 pencil 0/1 INFO :: Building pencil matrix 4/32 (~12%) Elapsed: 0s, Remaining: 1s, Rate: 4.7e+01/s
2020-11-05 23:30:14,872 pencil 0/1 INFO :: Building pencil matrix 8/32 (~25%) Elapsed: 0s, Remaining: 1s, Rate: 4.7e+01/s
2020-11-05 23:30:14,958 pencil 0/1 INFO :: Building pencil matrix 12/32 (~38%) Elapsed: 0s, Remaining: 0s, Rate: 4.7e+01/s
2020-11-05 23:30:15,043 pencil 0/1 INFO :: Building pencil matrix 16/32 (~50%) Elapsed: 0s, Remaining: 0s, Rate: 4.7e+01/s
2020-11-05 23:30:15,128 pencil 0/1 INFO :: Building pencil matrix 20/32 (~62%) Elapsed: 0s, Remaining: 0s, Rate: 4.7e+01/s
2020-11-05 23:30:15,212 pencil 0/1 INFO :: Building pencil matrix 24/32 (~75%) Elapsed: 1s, Remaining: 0s, Rate: 4.7e+01/s
2020-11-05 23:30:15,297 pencil 0/1 INFO :: Building pencil matrix 28/32 (~88%) Elapsed: 1s, Remaining: 0s, Rate: 4.7e+01/s
2020-11-05 23:30:15,382 pencil 0/1 INFO :: Building pencil matrix 32/32 (~100%) Elapsed: 1s, Remaining: 0s, Rate: 4.7e+01/s


=====Optimization Algorithm Parameters=====


(s, T, Re) = ( 1.0 ,  5.0 ,  50.0 )

K       =  1.5
r       =  0.5
e0init  =  0.1
LS      =  1
LSI     =  1
proj    =  1
method  =  rot
dmethod =  conj
powit   =  0
N       =  200
start   =  rand
sstr    =  1


===========================================

Starting from Random IC ... 

2020-11-05 23:30:15,425 direct_Solver 0/1 INFO :: 
Starting Direct loop ... 

2020-11-05 23:31:18,079 solvers 0/1 INFO :: Simulation stop time reached.
2020-11-05 23:31:18,925 adjoint_Solver 0/1 INFO :: 
Starting Adjoint loop ... 

2020-11-05 23:32:36,117 solvers 0/1 INFO :: Simulation stop time reached.
Starting Loop  1  ... 

2020-11-05 23:32:36,155 direct_Solver 0/1 INFO :: 
Starting Direct loop ... 

2020-11-05 23:33:33,045 solvers 0/1 INFO :: Simulation stop time reached.
2020-11-05 23:33:33,897 adjoint_Solver 0/1 INFO :: 
Starting Adjoint loop ... 

2020-11-05 23:34:40,399 solvers 0/1 INFO :: Simulation stop time reached.
Starting Line Search ... 

2020-11-05 23:34:40,433 direct_Solver 0/1 INFO :: 
Starting Direct loop ... 

2020-11-05 23:35:35,742 solvers 0/1 INFO :: Simulation stop time reached.
2020-11-05 23:35:36,597 adjoint_Solver 0/1 INFO :: 
Starting Adjoint loop ... 

2020-11-05 23:36:42,718 solvers 0/1 INFO :: Simulation stop time reached.
Starting Line Search ... 

2020-11-05 23:36:42,752 direct_Solver 0/1 INFO :: 
Starting Direct loop ... 

2020-11-05 23:37:37,968 solvers 0/1 INFO :: Simulation stop time reached.
2020-11-05 23:37:38,822 adjoint_Solver 0/1 INFO :: 
Starting Adjoint loop ... 

2020-11-05 23:38:45,382 solvers 0/1 INFO :: Simulation stop time reached.
Starting Line Search ... 

2020-11-05 23:38:45,417 direct_Solver 0/1 INFO :: 
Starting Direct loop ... 

2020-11-05 23:39:41,010 solvers 0/1 INFO :: Simulation stop time reached.
2020-11-05 23:39:41,863 adjoint_Solver 0/1 INFO :: 
Starting Adjoint loop ... 

2020-11-05 23:40:48,670 solvers 0/1 INFO :: Simulation stop time reached.
Starting Line Search ... 

2020-11-05 23:40:48,704 direct_Solver 0/1 INFO :: 
Starting Direct loop ... 

2020-11-05 23:41:43,904 solvers 0/1 INFO :: Simulation stop time reached.
2020-11-05 23:41:44,758 adjoint_Solver 0/1 INFO :: 
Starting Adjoint loop ... 

2020-11-05 23:42:51,295 solvers 0/1 INFO :: Simulation stop time reached.
Starting Line Search ... 

2020-11-05 23:42:51,329 direct_Solver 0/1 INFO :: 
Starting Direct loop ... 

2020-11-05 23:43:46,919 solvers 0/1 INFO :: Simulation stop time reached.
2020-11-05 23:43:47,776 adjoint_Solver 0/1 INFO :: 
Starting Adjoint loop ... 

2020-11-05 23:44:54,334 solvers 0/1 INFO :: Simulation stop time reached.
Starting Line Search ... 

2020-11-05 23:44:54,368 direct_Solver 0/1 INFO :: 
Starting Direct loop ... 

2020-11-05 23:45:50,098 solvers 0/1 INFO :: Simulation stop time reached.
2020-11-05 23:45:50,953 adjoint_Solver 0/1 INFO :: 
Starting Adjoint loop ... 

2020-11-05 23:46:57,633 solvers 0/1 INFO :: Simulation stop time reached.
Starting Line Search ... 

2020-11-05 23:46:57,667 direct_Solver 0/1 INFO :: 
Starting Direct loop ... 

2020-11-05 23:47:52,968 solvers 0/1 INFO :: Simulation stop time reached.
2020-11-05 23:47:53,822 adjoint_Solver 0/1 INFO :: 
Starting Adjoint loop ... 

2020-11-05 23:49:00,248 solvers 0/1 INFO :: Simulation stop time reached.
Line search from  0.1  to  4.92578125  ... 

2020-11-05 23:49:00,282 direct_Solver 0/1 INFO :: 
Starting Direct loop ... 

2020-11-05 23:49:55,496 solvers 0/1 INFO :: Simulation stop time reached.
2020-11-05 23:49:56,349 adjoint_Solver 0/1 INFO :: 
Starting Adjoint loop ... 

2020-11-05 23:51:03,013 solvers 0/1 INFO :: Simulation stop time reached.
Line search interpolation unsuccessful ... 

2020-11-05 23:51:03,047 direct_Solver 0/1 INFO :: 
Starting Direct loop ... 

2020-11-05 23:51:58,685 solvers 0/1 INFO :: Simulation stop time reached.
2020-11-05 23:51:59,539 adjoint_Solver 0/1 INFO :: 
Starting Adjoint loop ... 

2020-11-05 23:53:05,681 solvers 0/1 INFO :: Simulation stop time reached.
After  10  loops: Residual =  343.3902020917953 | Normalized Residual =  0.3821204112908635  ... 

Starting Loop  11  ... 

2020-11-05 23:53:05,719 direct_Solver 0/1 INFO :: 
Starting Direct loop ... 

2020-11-05 23:54:00,960 solvers 0/1 INFO :: Simulation stop time reached.
2020-11-05 23:54:01,813 adjoint_Solver 0/1 INFO :: 
Starting Adjoint loop ... 

2020-11-05 23:55:08,420 solvers 0/1 INFO :: Simulation stop time reached.
Starting Line Search ... 

2020-11-05 23:55:08,453 direct_Solver 0/1 INFO :: 
Starting Direct loop ... 

2020-11-05 23:56:03,837 solvers 0/1 INFO :: Simulation stop time reached.
2020-11-05 23:56:04,691 adjoint_Solver 0/1 INFO :: 
Starting Adjoint loop ... 

2020-11-05 23:57:11,184 solvers 0/1 INFO :: Simulation stop time reached.
Starting Line Search ... 

2020-11-05 23:57:11,218 direct_Solver 0/1 INFO :: 
Starting Direct loop ... 

2020-11-05 23:58:06,617 solvers 0/1 INFO :: Simulation stop time reached.
2020-11-05 23:58:07,475 adjoint_Solver 0/1 INFO :: 
Starting Adjoint loop ... 

2020-11-05 23:59:13,299 solvers 0/1 INFO :: Simulation stop time reached.
Starting Line Search ... 

2020-11-05 23:59:13,333 direct_Solver 0/1 INFO :: 
Starting Direct loop ... 

2020-11-06 00:00:08,417 solvers 0/1 INFO :: Simulation stop time reached.
2020-11-06 00:00:09,273 adjoint_Solver 0/1 INFO :: 
Starting Adjoint loop ... 

2020-11-06 00:01:14,797 solvers 0/1 INFO :: Simulation stop time reached.
Starting Line Search ... 

2020-11-06 00:01:14,831 direct_Solver 0/1 INFO :: 
Starting Direct loop ... 

2020-11-06 00:02:09,484 solvers 0/1 INFO :: Simulation stop time reached.
2020-11-06 00:02:10,340 adjoint_Solver 0/1 INFO :: 
Starting Adjoint loop ... 

2020-11-06 00:03:15,991 solvers 0/1 INFO :: Simulation stop time reached.
Starting Line Search ... 

2020-11-06 00:03:16,025 direct_Solver 0/1 INFO :: 
Starting Direct loop ... 

2020-11-06 00:04:10,610 solvers 0/1 INFO :: Simulation stop time reached.
2020-11-06 00:04:11,463 adjoint_Solver 0/1 INFO :: 
Starting Adjoint loop ... 

2020-11-06 00:05:16,511 solvers 0/1 INFO :: Simulation stop time reached.
Starting Line Search ... 

2020-11-06 00:05:16,545 direct_Solver 0/1 INFO :: 
Starting Direct loop ... 

2020-11-06 00:06:11,066 solvers 0/1 INFO :: Simulation stop time reached.
2020-11-06 00:06:11,913 adjoint_Solver 0/1 INFO :: 
Starting Adjoint loop ... 

2020-11-06 00:07:17,025 solvers 0/1 INFO :: Simulation stop time reached.
Starting Line Search ... 

2020-11-06 00:07:17,059 direct_Solver 0/1 INFO :: 
Starting Direct loop ... 

2020-11-06 00:08:11,554 solvers 0/1 INFO :: Simulation stop time reached.
2020-11-06 00:08:12,403 adjoint_Solver 0/1 INFO :: 
Starting Adjoint loop ... 

2020-11-06 00:09:17,201 solvers 0/1 INFO :: Simulation stop time reached.
Starting Line Search ... 

2020-11-06 00:09:17,235 direct_Solver 0/1 INFO :: 
Starting Direct loop ... 

2020-11-06 00:10:11,562 solvers 0/1 INFO :: Simulation stop time reached.
2020-11-06 00:10:12,409 adjoint_Solver 0/1 INFO :: 
Starting Adjoint loop ... 

2020-11-06 00:11:17,278 solvers 0/1 INFO :: Simulation stop time reached.
Starting Line Search ... 

2020-11-06 00:11:17,311 direct_Solver 0/1 INFO :: 
Starting Direct loop ... 

2020-11-06 00:12:11,821 solvers 0/1 INFO :: Simulation stop time reached.
2020-11-06 00:12:12,668 adjoint_Solver 0/1 INFO :: 
Starting Adjoint loop ... 

2020-11-06 00:13:17,272 solvers 0/1 INFO :: Simulation stop time reached.
Starting Line Search ... 

2020-11-06 00:13:17,306 direct_Solver 0/1 INFO :: 
Starting Direct loop ... 

2020-11-06 00:14:11,723 solvers 0/1 INFO :: Simulation stop time reached.
2020-11-06 00:14:12,570 adjoint_Solver 0/1 INFO :: 
Starting Adjoint loop ... 

2020-11-06 00:15:17,474 solvers 0/1 INFO :: Simulation stop time reached.
Starting Line Search ... 

2020-11-06 00:15:17,508 direct_Solver 0/1 INFO :: 
Starting Direct loop ... 

2020-11-06 00:16:11,963 solvers 0/1 INFO :: Simulation stop time reached.
2020-11-06 00:16:12,810 adjoint_Solver 0/1 INFO :: 
Starting Adjoint loop ... 

2020-11-06 00:17:17,834 solvers 0/1 INFO :: Simulation stop time reached.
Starting Line Search ... 

2020-11-06 00:17:17,870 direct_Solver 0/1 INFO :: 
Starting Direct loop ... 

2020-11-06 00:18:12,404 solvers 0/1 INFO :: Simulation stop time reached.
2020-11-06 00:18:13,253 adjoint_Solver 0/1 INFO :: 
Starting Adjoint loop ... 

2020-11-06 00:19:18,085 solvers 0/1 INFO :: Simulation stop time reached.
Line search from  0.010684330401820732  to  4.137389566545487  ... 

2020-11-06 00:19:18,121 direct_Solver 0/1 INFO :: 
Starting Direct loop ... 

2020-11-06 00:20:12,531 solvers 0/1 INFO :: Simulation stop time reached.
2020-11-06 00:20:13,382 adjoint_Solver 0/1 INFO :: 
Starting Adjoint loop ... 

2020-11-06 00:21:17,927 solvers 0/1 INFO :: Simulation stop time reached.
Line search interpolation unsuccessful ... 

2020-11-06 00:21:17,961 direct_Solver 0/1 INFO :: 
Starting Direct loop ... 

2020-11-06 00:22:12,294 solvers 0/1 INFO :: Simulation stop time reached.
2020-11-06 00:22:13,141 adjoint_Solver 0/1 INFO :: 
Starting Adjoint loop ... 

2020-11-06 00:23:18,094 solvers 0/1 INFO :: Simulation stop time reached.
After  25  loops: Residual =  283.5744916472515 | Normalized Residual =  0.2909916672295418  ... 

Starting Loop  26  ... 

2020-11-06 00:23:18,132 direct_Solver 0/1 INFO :: 
Starting Direct loop ... 

2020-11-06 00:24:12,552 solvers 0/1 INFO :: Simulation stop time reached.
2020-11-06 00:24:13,400 adjoint_Solver 0/1 INFO :: 
Starting Adjoint loop ... 

2020-11-06 00:25:18,019 solvers 0/1 INFO :: Simulation stop time reached.
Starting Line Search ... 

2020-11-06 00:25:18,053 direct_Solver 0/1 INFO :: 
Starting Direct loop ... 

2020-11-06 00:26:16,855 solvers 0/1 INFO :: Simulation stop time reached.
2020-11-06 00:26:17,739 adjoint_Solver 0/1 INFO :: 
Starting Adjoint loop ... 

2020-11-06 00:27:28,116 solvers 0/1 INFO :: Simulation stop time reached.
Starting Line Search ... 

2020-11-06 00:27:28,154 direct_Solver 0/1 INFO :: 
Starting Direct loop ... 

2020-11-06 00:28:27,363 solvers 0/1 INFO :: Simulation stop time reached.
2020-11-06 00:28:28,258 adjoint_Solver 0/1 INFO :: 
Starting Adjoint loop ... 

2020-11-06 00:29:38,735 solvers 0/1 INFO :: Simulation stop time reached.
Starting Line Search ... 

2020-11-06 00:29:38,772 direct_Solver 0/1 INFO :: 
Starting Direct loop ... 

2020-11-06 00:30:37,707 solvers 0/1 INFO :: Simulation stop time reached.
2020-11-06 00:30:38,594 adjoint_Solver 0/1 INFO :: 
Starting Adjoint loop ... 

2020-11-06 00:31:47,671 solvers 0/1 INFO :: Simulation stop time reached.
Starting Line Search ... 

2020-11-06 00:31:47,708 direct_Solver 0/1 INFO :: 
Starting Direct loop ... 

2020-11-06 00:32:45,423 solvers 0/1 INFO :: Simulation stop time reached.
2020-11-06 00:32:46,303 adjoint_Solver 0/1 INFO :: 
Starting Adjoint loop ... 

2020-11-06 00:33:55,194 solvers 0/1 INFO :: Simulation stop time reached.
Starting Line Search ... 

2020-11-06 00:33:55,229 direct_Solver 0/1 INFO :: 
Starting Direct loop ... 

2020-11-06 00:34:52,915 solvers 0/1 INFO :: Simulation stop time reached.
2020-11-06 00:34:53,799 adjoint_Solver 0/1 INFO :: 
Starting Adjoint loop ... 

2020-11-06 00:36:02,905 solvers 0/1 INFO :: Simulation stop time reached.
Starting Line Search ... 

2020-11-06 00:36:02,941 direct_Solver 0/1 INFO :: 
Starting Direct loop ... 

2020-11-06 00:37:00,914 solvers 0/1 INFO :: Simulation stop time reached.
2020-11-06 00:37:01,798 adjoint_Solver 0/1 INFO :: 
Starting Adjoint loop ... 

2020-11-06 00:38:10,316 solvers 0/1 INFO :: Simulation stop time reached.
Starting Line Search ... 

2020-11-06 00:38:10,350 direct_Solver 0/1 INFO :: 
Starting Direct loop ... 

2020-11-06 00:39:07,110 solvers 0/1 INFO :: Simulation stop time reached.
2020-11-06 00:39:07,988 adjoint_Solver 0/1 INFO :: 
Starting Adjoint loop ... 

2020-11-06 00:40:15,362 solvers 0/1 INFO :: Simulation stop time reached.
Line search from  0.01175730212243359  to  0.5791389834526858  ... 

2020-11-06 00:40:15,396 direct_Solver 0/1 INFO :: 
Starting Direct loop ... 

2020-11-06 00:41:11,681 solvers 0/1 INFO :: Simulation stop time reached.
2020-11-06 00:41:12,557 adjoint_Solver 0/1 INFO :: 
Starting Adjoint loop ... 

2020-11-06 00:42:19,739 solvers 0/1 INFO :: Simulation stop time reached.
Line search interpolation successful ... 

After  34  loops: Residual =  197.25472018167466 | Normalized Residual =  0.16275469983361798  ... 

Starting Loop  35  ... 

2020-11-06 00:42:19,776 direct_Solver 0/1 INFO :: 
Starting Direct loop ... 

2020-11-06 00:43:15,742 solvers 0/1 INFO :: Simulation stop time reached.
2020-11-06 00:43:16,622 adjoint_Solver 0/1 INFO :: 
Starting Adjoint loop ... 

2020-11-06 00:44:23,869 solvers 0/1 INFO :: Simulation stop time reached.
Starting Line Search ... 

2020-11-06 00:44:23,903 direct_Solver 0/1 INFO :: 
Starting Direct loop ... 

2020-11-06 00:45:19,983 solvers 0/1 INFO :: Simulation stop time reached.
2020-11-06 00:45:20,860 adjoint_Solver 0/1 INFO :: 
Starting Adjoint loop ... 

2020-11-06 00:46:27,785 solvers 0/1 INFO :: Simulation stop time reached.
Starting Line Search ... 

2020-11-06 00:46:27,819 direct_Solver 0/1 INFO :: 
Starting Direct loop ... 

2020-11-06 00:47:25,781 solvers 0/1 INFO :: Simulation stop time reached.
2020-11-06 00:47:26,679 adjoint_Solver 0/1 INFO :: 
Starting Adjoint loop ... 

2020-11-06 00:48:36,444 solvers 0/1 INFO :: Simulation stop time reached.
Starting Line Search ... 

2020-11-06 00:48:36,479 direct_Solver 0/1 INFO :: 
Starting Direct loop ... 

2020-11-06 00:49:34,787 solvers 0/1 INFO :: Simulation stop time reached.
2020-11-06 00:49:35,684 adjoint_Solver 0/1 INFO :: 
Starting Adjoint loop ... 

2020-11-06 00:50:45,176 solvers 0/1 INFO :: Simulation stop time reached.
Starting Line Search ... 

2020-11-06 00:50:45,212 direct_Solver 0/1 INFO :: 
Starting Direct loop ... 

2020-11-06 00:51:43,616 solvers 0/1 INFO :: Simulation stop time reached.
2020-11-06 00:51:44,517 adjoint_Solver 0/1 INFO :: 
Starting Adjoint loop ... 

2020-11-06 00:52:54,096 solvers 0/1 INFO :: Simulation stop time reached.
Starting Line Search ... 

2020-11-06 00:52:54,131 direct_Solver 0/1 INFO :: 
Starting Direct loop ... 

2020-11-06 00:53:52,409 solvers 0/1 INFO :: Simulation stop time reached.
2020-11-06 00:53:53,309 adjoint_Solver 0/1 INFO :: 
Starting Adjoint loop ... 

2020-11-06 00:55:02,861 solvers 0/1 INFO :: Simulation stop time reached.
Starting Line Search ... 

2020-11-06 00:55:02,897 direct_Solver 0/1 INFO :: 
Starting Direct loop ... 

2020-11-06 00:56:01,146 solvers 0/1 INFO :: Simulation stop time reached.
2020-11-06 00:56:02,045 adjoint_Solver 0/1 INFO :: 
Starting Adjoint loop ... 

2020-11-06 00:57:11,811 solvers 0/1 INFO :: Simulation stop time reached.
Line search from  0.01409702783040918  to  0.4535278172314453  ... 

2020-11-06 00:57:11,847 direct_Solver 0/1 INFO :: 
Starting Direct loop ... 

2020-11-06 00:58:10,114 solvers 0/1 INFO :: Simulation stop time reached.
2020-11-06 00:58:11,012 adjoint_Solver 0/1 INFO :: 
Starting Adjoint loop ... 

2020-11-06 00:59:18,972 solvers 0/1 INFO :: Simulation stop time reached.
Line search interpolation unsuccessful ... 

2020-11-06 00:59:19,005 direct_Solver 0/1 INFO :: 
Starting Direct loop ... 

2020-11-06 01:00:12,147 solvers 0/1 INFO :: Simulation stop time reached.
2020-11-06 01:00:12,997 adjoint_Solver 0/1 INFO :: 
Starting Adjoint loop ... 

2020-11-06 01:01:16,891 solvers 0/1 INFO :: Simulation stop time reached.
After  43  loops: Residual =  113.37098394652473 | Normalized Residual =  0.08855826084994382  ... 

Starting Loop  44  ... 

2020-11-06 01:01:16,928 direct_Solver 0/1 INFO :: 
Starting Direct loop ... 

2020-11-06 01:02:10,145 solvers 0/1 INFO :: Simulation stop time reached.
2020-11-06 01:02:10,994 adjoint_Solver 0/1 INFO :: 
Starting Adjoint loop ... 

2020-11-06 01:03:14,565 solvers 0/1 INFO :: Simulation stop time reached.
Starting Line Search ... 

2020-11-06 01:03:14,599 direct_Solver 0/1 INFO :: 
Starting Direct loop ... 

2020-11-06 01:04:07,757 solvers 0/1 INFO :: Simulation stop time reached.
2020-11-06 01:04:08,606 adjoint_Solver 0/1 INFO :: 
Starting Adjoint loop ... 

2020-11-06 01:05:12,401 solvers 0/1 INFO :: Simulation stop time reached.
Starting Line Search ... 

2020-11-06 01:05:12,434 direct_Solver 0/1 INFO :: 
Starting Direct loop ... 

2020-11-06 01:06:05,867 solvers 0/1 INFO :: Simulation stop time reached.
2020-11-06 01:06:06,717 adjoint_Solver 0/1 INFO :: 
Starting Adjoint loop ... 

2020-11-06 01:07:10,321 solvers 0/1 INFO :: Simulation stop time reached.
Starting Line Search ... 

2020-11-06 01:07:10,354 direct_Solver 0/1 INFO :: 
Starting Direct loop ... 

2020-11-06 01:08:06,600 solvers 0/1 INFO :: Simulation stop time reached.
2020-11-06 01:08:07,498 adjoint_Solver 0/1 INFO :: 
Starting Adjoint loop ... 

2020-11-06 01:09:17,612 solvers 0/1 INFO :: Simulation stop time reached.
Line search from  0.01859474818407999  to  0.1510823289956499  ... 

2020-11-06 01:09:17,648 direct_Solver 0/1 INFO :: 
Starting Direct loop ... 

2020-11-06 01:10:16,295 solvers 0/1 INFO :: Simulation stop time reached.
2020-11-06 01:10:17,202 adjoint_Solver 0/1 INFO :: 
Starting Adjoint loop ... 

2020-11-06 01:11:27,453 solvers 0/1 INFO :: Simulation stop time reached.
Line search interpolation unsuccessful ... 

2020-11-06 01:11:27,490 direct_Solver 0/1 INFO :: 
Starting Direct loop ... 

2020-11-06 01:12:26,279 solvers 0/1 INFO :: Simulation stop time reached.
2020-11-06 01:12:27,187 adjoint_Solver 0/1 INFO :: 
Starting Adjoint loop ... 

2020-11-06 01:13:37,671 solvers 0/1 INFO :: Simulation stop time reached.
After  49  loops: Residual =  78.79537159671393 | Normalized Residual =  0.06152895071134165  ... 

Starting Loop  50  ... 

2020-11-06 01:13:37,712 direct_Solver 0/1 INFO :: 
Starting Direct loop ... 

2020-11-06 01:14:36,764 solvers 0/1 INFO :: Simulation stop time reached.
2020-11-06 01:14:37,673 adjoint_Solver 0/1 INFO :: 
Starting Adjoint loop ... 

2020-11-06 01:15:48,074 solvers 0/1 INFO :: Simulation stop time reached.
First line search failed ... reducing step size from  0.022304418506832555  to  0.011152209253416277  ... 

After  50  loops: Residual =  71.73717085614126 | Normalized Residual =  0.0560314316385735  ... 

Starting Loop  51  ... 

2020-11-06 01:15:48,115 direct_Solver 0/1 INFO :: 
Starting Direct loop ... 

2020-11-06 01:16:47,369 solvers 0/1 INFO :: Simulation stop time reached.
2020-11-06 01:16:48,282 adjoint_Solver 0/1 INFO :: 
Starting Adjoint loop ... 

2020-11-06 01:17:58,756 solvers 0/1 INFO :: Simulation stop time reached.
First line search failed ... reducing step size from  0.011152209253416276  to  0.005576104626708138  ... 

After  51  loops: Residual =  68.29591362167317 | Normalized Residual =  0.05336270851311664  ... 

Starting Loop  52  ... 

2020-11-06 01:17:58,796 direct_Solver 0/1 INFO :: 
Starting Direct loop ... 

2020-11-06 01:18:57,834 solvers 0/1 INFO :: Simulation stop time reached.
2020-11-06 01:18:58,744 adjoint_Solver 0/1 INFO :: 
Starting Adjoint loop ... 

2020-11-06 01:20:09,353 solvers 0/1 INFO :: Simulation stop time reached.
First line search failed ... reducing step size from  0.005577491934294541  to  0.0027887459671472707  ... 

After  52  loops: Residual =  66.60444053960495 | Normalized Residual =  0.05205339360847897  ... 

Starting Loop  53  ... 

2020-11-06 01:20:09,393 direct_Solver 0/1 INFO :: 
Starting Direct loop ... 

2020-11-06 01:21:06,685 solvers 0/1 INFO :: Simulation stop time reached.
2020-11-06 01:21:07,563 adjoint_Solver 0/1 INFO :: 
Starting Adjoint loop ... 

2020-11-06 01:22:15,472 solvers 0/1 INFO :: Simulation stop time reached.
First line search failed ... reducing step size from  0.0027889193105103695  to  0.0013944596552551848  ... 

After  53  loops: Residual =  65.76717399353831 | Normalized Residual =  0.05140584096987965  ... 

Starting Loop  54  ... 

2020-11-06 01:22:15,510 direct_Solver 0/1 INFO :: 
Starting Direct loop ... 

2020-11-06 01:23:12,353 solvers 0/1 INFO :: Simulation stop time reached.
2020-11-06 01:23:13,234 adjoint_Solver 0/1 INFO :: 
Starting Adjoint loop ... 

2020-11-06 01:24:21,338 solvers 0/1 INFO :: Simulation stop time reached.
First line search failed ... reducing step size from  0.0013944813425558963  to  0.0006972406712779482  ... 

After  54  loops: Residual =  65.35080607390697 | Normalized Residual =  0.05108394675110323  ... 

Starting Loop  55  ... 

2020-11-06 01:24:21,376 direct_Solver 0/1 INFO :: 
Starting Direct loop ... 

2020-11-06 01:25:18,104 solvers 0/1 INFO :: Simulation stop time reached.
2020-11-06 01:25:18,987 adjoint_Solver 0/1 INFO :: 
Starting Adjoint loop ... 

2020-11-06 01:26:26,849 solvers 0/1 INFO :: Simulation stop time reached.
First line search failed ... reducing step size from  0.000697243382796089  to  0.0003486216913980445  ... 

After  55  loops: Residual =  65.14320693272175 | Normalized Residual =  0.0509234834268635  ... 

Starting Loop  56  ... 

2020-11-06 01:26:26,888 direct_Solver 0/1 INFO :: 
Starting Direct loop ... 

2020-11-06 01:27:24,416 solvers 0/1 INFO :: Simulation stop time reached.
2020-11-06 01:27:25,325 adjoint_Solver 0/1 INFO :: 
Starting Adjoint loop ... 

2020-11-06 01:28:35,881 solvers 0/1 INFO :: Simulation stop time reached.
First line search failed ... reducing step size from  0.00034862203035675583  to  0.00017431101517837791  ... 

After  56  loops: Residual =  65.03955587609575 | Normalized Residual =  0.050843374369561  ... 

Starting Loop  57  ... 

2020-11-06 01:28:35,921 direct_Solver 0/1 INFO :: 
Starting Direct loop ... 

2020-11-06 01:29:34,991 solvers 0/1 INFO :: Simulation stop time reached.
2020-11-06 01:29:35,900 adjoint_Solver 0/1 INFO :: 
Starting Adjoint loop ... 

2020-11-06 01:30:46,413 solvers 0/1 INFO :: Simulation stop time reached.
First line search failed ... reducing step size from  0.000174311057548809  to  8.71555287744045e-05  ... 

After  57  loops: Residual =  64.98776776487294 | Normalized Residual =  0.05080335069948393  ... 

Starting Loop  58  ... 

2020-11-06 01:30:46,451 direct_Solver 0/1 INFO :: 
Starting Direct loop ... 

2020-11-06 01:31:44,003 solvers 0/1 INFO :: Simulation stop time reached.
2020-11-06 01:31:44,903 adjoint_Solver 0/1 INFO :: 
Starting Adjoint loop ... 

2020-11-06 01:32:53,594 solvers 0/1 INFO :: Simulation stop time reached.
First line search failed ... reducing step size from  8.715553407072688e-05  to  4.357776703536344e-05  ... 

After  58  loops: Residual =  64.96188309960894 | Normalized Residual =  0.05078334660501176  ... 

Starting Loop  59  ... 

2020-11-06 01:32:53,642 direct_Solver 0/1 INFO :: 
Starting Direct loop ... 

2020-11-06 01:33:51,178 solvers 0/1 INFO :: Simulation stop time reached.
2020-11-06 01:33:52,072 adjoint_Solver 0/1 INFO :: 
Starting Adjoint loop ... 

2020-11-06 01:35:01,039 solvers 0/1 INFO :: Simulation stop time reached.
First line search failed ... reducing step size from  4.3577767697404324e-05  to  2.1788883848702162e-05  ... 

After  59  loops: Residual =  64.94894311906583 | Normalized Residual =  0.05077334649615798  ... 

Starting Loop  60  ... 

2020-11-06 01:35:01,078 direct_Solver 0/1 INFO :: 
Starting Direct loop ... 

2020-11-06 01:35:58,807 solvers 0/1 INFO :: Simulation stop time reached.
2020-11-06 01:35:59,705 adjoint_Solver 0/1 INFO :: 
Starting Adjoint loop ... 

2020-11-06 01:37:08,566 solvers 0/1 INFO :: Simulation stop time reached.
First line search failed ... reducing step size from  2.1788883931457288e-05  to  1.0894441965728644e-05  ... 

After  60  loops: Residual =  64.94247371738516 | Normalized Residual =  0.05076834692673286  ... 

Starting Loop  61  ... 

2020-11-06 01:37:08,609 direct_Solver 0/1 INFO :: 
Starting Direct loop ... 

2020-11-06 01:38:06,099 solvers 0/1 INFO :: Simulation stop time reached.
2020-11-06 01:38:06,994 adjoint_Solver 0/1 INFO :: 
Starting Adjoint loop ... 

2020-11-06 01:39:15,898 solvers 0/1 INFO :: Simulation stop time reached.
First line search failed ... reducing step size from  1.0894441976073035e-05  to  5.447220988036518e-06  ... 

After  61  loops: Residual =  64.93923916376227 | Normalized Residual =  0.05076584726332019  ... 

Starting Loop  62  ... 

2020-11-06 01:39:15,936 direct_Solver 0/1 INFO :: 
Starting Direct loop ... 

2020-11-06 01:40:13,419 solvers 0/1 INFO :: Simulation stop time reached.
2020-11-06 01:40:14,314 adjoint_Solver 0/1 INFO :: 
Starting Adjoint loop ... 

2020-11-06 01:41:23,218 solvers 0/1 INFO :: Simulation stop time reached.
First line search failed ... reducing step size from  5.447220989329568e-06  to  2.723610494664784e-06  ... 

After  62  loops: Residual =  64.93762192376046 | Normalized Residual =  0.05076459746194592  ... 

Starting Loop  63  ... 

2020-11-06 01:41:23,257 direct_Solver 0/1 INFO :: 
Starting Direct loop ... 

2020-11-06 01:42:18,561 solvers 0/1 INFO :: Simulation stop time reached.
2020-11-06 01:42:19,410 adjoint_Solver 0/1 INFO :: 
Starting Adjoint loop ... 

2020-11-06 01:43:22,024 solvers 0/1 INFO :: Simulation stop time reached.
First line search failed ... reducing step size from  2.7236104948264147e-06  to  1.3618052474132073e-06  ... 

After  63  loops: Residual =  64.93681331296608 | Normalized Residual =  0.050763972568843185  ... 

Starting Loop  64  ... 

2020-11-06 01:43:22,061 direct_Solver 0/1 INFO :: 
Starting Direct loop ... 

2020-11-06 01:44:14,209 solvers 0/1 INFO :: Simulation stop time reached.
2020-11-06 01:44:15,060 adjoint_Solver 0/1 INFO :: 
Starting Adjoint loop ... 

2020-11-06 01:45:17,496 solvers 0/1 INFO :: Simulation stop time reached.
First line search failed ... reducing step size from  1.3618052474334112e-06  to  6.809026237167056e-07  ... 

After  64  loops: Residual =  64.93640900987113 | Normalized Residual =  0.050763660124186795  ... 

Starting Loop  65  ... 

2020-11-06 01:45:17,532 direct_Solver 0/1 INFO :: 
Starting Direct loop ... 

2020-11-06 01:46:09,619 solvers 0/1 INFO :: Simulation stop time reached.
2020-11-06 01:46:10,466 adjoint_Solver 0/1 INFO :: 
Starting Adjoint loop ... 

2020-11-06 01:47:12,834 solvers 0/1 INFO :: Simulation stop time reached.
First line search failed ... reducing step size from  6.809026237192312e-07  to  3.404513118596156e-07  ... 

After  65  loops: Residual =  64.93620685889881 | Normalized Residual =  0.05076350390233216  ... 

Starting Loop  66  ... 

2020-11-06 01:47:12,870 direct_Solver 0/1 INFO :: 
Starting Direct loop ... 

2020-11-06 01:48:05,229 solvers 0/1 INFO :: Simulation stop time reached.
2020-11-06 01:48:06,078 adjoint_Solver 0/1 INFO :: 
Starting Adjoint loop ... 

2020-11-06 01:49:08,335 solvers 0/1 INFO :: Simulation stop time reached.
First line search failed ... reducing step size from  3.404513118599313e-07  to  1.7022565592996565e-07  ... 

After  66  loops: Residual =  64.93610578355454 | Normalized Residual =  0.050763425791524694  ... 

Starting Loop  67  ... 

2020-11-06 01:49:08,371 direct_Solver 0/1 INFO :: 
Starting Direct loop ... 

2020-11-06 01:50:00,469 solvers 0/1 INFO :: Simulation stop time reached.
2020-11-06 01:50:01,317 adjoint_Solver 0/1 INFO :: 
Starting Adjoint loop ... 

2020-11-06 01:51:03,795 solvers 0/1 INFO :: Simulation stop time reached.
First line search failed ... reducing step size from  1.7022565593000512e-07  to  8.511282796500256e-08  ... 

After  67  loops: Residual =  64.93605524592303 | Normalized Residual =  0.05076338673614882  ... 

Starting Loop  68  ... 

2020-11-06 01:51:03,831 direct_Solver 0/1 INFO :: 
Starting Direct loop ... 

2020-11-06 01:51:55,840 solvers 0/1 INFO :: Simulation stop time reached.
2020-11-06 01:51:56,687 adjoint_Solver 0/1 INFO :: 
Starting Adjoint loop ... 

2020-11-06 01:52:58,982 solvers 0/1 INFO :: Simulation stop time reached.
First line search failed ... reducing step size from  8.51128279650075e-08  to  4.255641398250375e-08  ... 

After  68  loops: Residual =  64.93602997710813 | Normalized Residual =  0.05076336720847017  ... 

Starting Loop  69  ... 

2020-11-06 01:52:59,018 direct_Solver 0/1 INFO :: 
Starting Direct loop ... 

2020-11-06 01:53:51,281 solvers 0/1 INFO :: Simulation stop time reached.
2020-11-06 01:53:52,129 adjoint_Solver 0/1 INFO :: 
Starting Adjoint loop ... 

2020-11-06 01:54:54,643 solvers 0/1 INFO :: Simulation stop time reached.
First line search failed ... reducing step size from  4.255641398250436e-08  to  2.127820699125218e-08  ... 

After  69  loops: Residual =  64.93601734271054 | Normalized Residual =  0.05076335744463307  ... 

Starting Loop  70  ... 

2020-11-06 01:54:54,679 direct_Solver 0/1 INFO :: 
Starting Direct loop ... 

2020-11-06 01:55:46,863 solvers 0/1 INFO :: Simulation stop time reached.
2020-11-06 01:55:47,713 adjoint_Solver 0/1 INFO :: 
Starting Adjoint loop ... 

2020-11-06 01:56:50,063 solvers 0/1 INFO :: Simulation stop time reached.
First line search failed ... reducing step size from  2.127820699125226e-08  to  1.063910349562613e-08  ... 

After  70  loops: Residual =  64.93601102551169 | Normalized Residual =  0.05076335256271289  ... 

Starting Loop  71  ... 

2020-11-06 01:56:50,100 direct_Solver 0/1 INFO :: 
Starting Direct loop ... 

2020-11-06 01:57:42,276 solvers 0/1 INFO :: Simulation stop time reached.
2020-11-06 01:57:43,124 adjoint_Solver 0/1 INFO :: 
Starting Adjoint loop ... 

2020-11-06 01:58:45,435 solvers 0/1 INFO :: Simulation stop time reached.
First line search failed ... reducing step size from  1.063910349562614e-08  to  5.31955174781307e-09  ... 

After  71  loops: Residual =  64.93600786690914 | Normalized Residual =  0.050763350121754855  ... 

Starting Loop  72  ... 

2020-11-06 01:58:45,470 direct_Solver 0/1 INFO :: 
Starting Direct loop ... 

2020-11-06 01:59:37,843 solvers 0/1 INFO :: Simulation stop time reached.
2020-11-06 01:59:38,694 adjoint_Solver 0/1 INFO :: 
Starting Adjoint loop ... 

2020-11-06 02:00:39,850 solvers 0/1 INFO :: Simulation stop time reached.
First line search failed ... reducing step size from  5.319551747813071e-09  to  2.6597758739065355e-09  ... 

After  72  loops: Residual =  64.93600628760821 | Normalized Residual =  0.050763348901273396  ... 

Starting Loop  73  ... 

2020-11-06 02:00:39,886 direct_Solver 0/1 INFO :: 
Starting Direct loop ... 

2020-11-06 02:01:30,631 solvers 0/1 INFO :: Simulation stop time reached.
2020-11-06 02:01:31,457 adjoint_Solver 0/1 INFO :: 
Starting Adjoint loop ... 

2020-11-06 02:02:32,053 solvers 0/1 INFO :: Simulation stop time reached.
First line search failed ... reducing step size from  2.6597758739065355e-09  to  1.3298879369532677e-09  ... 

After  73  loops: Residual =  64.93600549795676 | Normalized Residual =  0.05076334829103388  ... 

Starting Loop  74  ... 

2020-11-06 02:02:32,088 direct_Solver 0/1 INFO :: 
Starting Direct loop ... 

2020-11-06 02:03:22,859 solvers 0/1 INFO :: Simulation stop time reached.
2020-11-06 02:03:23,688 adjoint_Solver 0/1 INFO :: 
Starting Adjoint loop ... 

2020-11-06 02:04:24,485 solvers 0/1 INFO :: Simulation stop time reached.
First line search failed ... reducing step size from  1.329887936953268e-09  to  6.64943968476634e-10  ... 

After  74  loops: Residual =  64.93600510313442 | Normalized Residual =  0.05076334798591559  ... 

Starting Loop  75  ... 

2020-11-06 02:04:24,520 direct_Solver 0/1 INFO :: 
Starting Direct loop ... 

2020-11-06 02:05:15,075 solvers 0/1 INFO :: Simulation stop time reached.
2020-11-06 02:05:15,903 adjoint_Solver 0/1 INFO :: 
Starting Adjoint loop ... 

2020-11-06 02:06:16,822 solvers 0/1 INFO :: Simulation stop time reached.
First line search failed ... reducing step size from  6.64943968476634e-10  to  3.32471984238317e-10  ... 

After  75  loops: Residual =  64.93600490572182 | Normalized Residual =  0.050763347833354754  ... 

Starting Loop  76  ... 

2020-11-06 02:06:16,856 direct_Solver 0/1 INFO :: 
Starting Direct loop ... 

2020-11-06 02:07:07,768 solvers 0/1 INFO :: Simulation stop time reached.
2020-11-06 02:07:08,597 adjoint_Solver 0/1 INFO :: 
Starting Adjoint loop ... 

2020-11-06 02:08:14,167 solvers 0/1 INFO :: Simulation stop time reached.
First line search failed ... reducing step size from  3.3247198423831704e-10  to  1.6623599211915852e-10  ... 

After  76  loops: Residual =  64.93600480701708 | Normalized Residual =  0.05076334775707402  ... 

Starting Loop  77  ... 

2020-11-06 02:08:14,206 direct_Solver 0/1 INFO :: 
Starting Direct loop ... 

2020-11-06 02:09:12,049 solvers 0/1 INFO :: Simulation stop time reached.
2020-11-06 02:09:12,953 adjoint_Solver 0/1 INFO :: 
Starting Adjoint loop ... 

2020-11-06 02:10:22,176 solvers 0/1 INFO :: Simulation stop time reached.
First line search failed ... reducing step size from  1.662359921191585e-10  to  8.311799605957925e-11  ... 

After  77  loops: Residual =  64.93600475766377 | Normalized Residual =  0.05076334771893439  ... 

Starting Loop  78  ... 

2020-11-06 02:10:22,215 direct_Solver 0/1 INFO :: 
Starting Direct loop ... 

2020-11-06 02:11:20,211 solvers 0/1 INFO :: Simulation stop time reached.
2020-11-06 02:11:21,117 adjoint_Solver 0/1 INFO :: 
Starting Adjoint loop ... 

2020-11-06 02:12:30,466 solvers 0/1 INFO :: Simulation stop time reached.
First line search failed ... reducing step size from  8.311799605957923e-11  to  4.155899802978962e-11  ... 

After  78  loops: Residual =  64.93600473298437 | Normalized Residual =  0.050763347699865825  ... 

Starting Loop  79  ... 

2020-11-06 02:12:30,506 direct_Solver 0/1 INFO :: 
Starting Direct loop ... 

2020-11-06 02:13:28,769 solvers 0/1 INFO :: Simulation stop time reached.
2020-11-06 02:13:29,676 adjoint_Solver 0/1 INFO :: 
Starting Adjoint loop ... 

2020-11-06 02:14:39,232 solvers 0/1 INFO :: Simulation stop time reached.
First line search failed ... reducing step size from  4.1558998029789624e-11  to  2.0779499014894812e-11  ... 

After  79  loops: Residual =  64.9360047206467 | Normalized Residual =  0.0507633476903307  ... 

Starting Loop  80  ... 

2020-11-06 02:14:39,308 direct_Solver 0/1 INFO :: 
Starting Direct loop ... 

2020-11-06 02:15:37,585 solvers 0/1 INFO :: Simulation stop time reached.
2020-11-06 02:15:38,494 adjoint_Solver 0/1 INFO :: 
Starting Adjoint loop ... 

2020-11-06 02:16:48,065 solvers 0/1 INFO :: Simulation stop time reached.
First line search failed ... reducing step size from  2.0779499014894812e-11  to  1.0389749507447406e-11  ... 

After  80  loops: Residual =  64.93600471447785 | Normalized Residual =  0.05076334768556261  ... 

Starting Loop  81  ... 

2020-11-06 02:16:48,104 direct_Solver 0/1 INFO :: 
Starting Direct loop ... 

2020-11-06 02:17:46,358 solvers 0/1 INFO :: Simulation stop time reached.
2020-11-06 02:17:47,265 adjoint_Solver 0/1 INFO :: 
Starting Adjoint loop ... 

2020-11-06 02:18:56,921 solvers 0/1 INFO :: Simulation stop time reached.
First line search failed ... reducing step size from  1.0389749507447406e-11  to  5.194874753723703e-12  ... 

After  81  loops: Residual =  64.93600471139538 | Normalized Residual =  0.05076334768317785  ... 

Starting Loop  82  ... 

2020-11-06 02:18:56,963 direct_Solver 0/1 INFO :: 
Starting Direct loop ... 

2020-11-06 02:19:55,144 solvers 0/1 INFO :: Simulation stop time reached.
2020-11-06 02:19:56,050 adjoint_Solver 0/1 INFO :: 
Starting Adjoint loop ... 

2020-11-06 02:21:05,673 solvers 0/1 INFO :: Simulation stop time reached.
First line search failed ... reducing step size from  5.194874753723703e-12  to  2.5974373768618515e-12  ... 

After  82  loops: Residual =  64.93600470985254 | Normalized Residual =  0.050763347681987876  ... 

Starting Loop  83  ... 

2020-11-06 02:21:05,714 direct_Solver 0/1 INFO :: 
Starting Direct loop ... 

2020-11-06 02:22:04,058 solvers 0/1 INFO :: Simulation stop time reached.
2020-11-06 02:22:04,967 adjoint_Solver 0/1 INFO :: 
Starting Adjoint loop ... 

2020-11-06 02:23:14,594 solvers 0/1 INFO :: Simulation stop time reached.
First line search failed ... reducing step size from  2.597437376861851e-12  to  1.2987186884309255e-12  ... 

After  83  loops: Residual =  64.9360047090781 | Normalized Residual =  0.05076334768139179  ... 

Starting Loop  84  ... 

2020-11-06 02:23:14,633 direct_Solver 0/1 INFO :: 
Starting Direct loop ... 

2020-11-06 02:24:12,845 solvers 0/1 INFO :: Simulation stop time reached.
2020-11-06 02:24:13,750 adjoint_Solver 0/1 INFO :: 
Starting Adjoint loop ... 

2020-11-06 02:25:23,172 solvers 0/1 INFO :: Simulation stop time reached.
First line search failed ... reducing step size from  1.2987186884309257e-12  to  6.493593442154629e-13  ... 

After  84  loops: Residual =  64.93600470869296 | Normalized Residual =  0.050763347681092856  ... 

Starting Loop  85  ... 

2020-11-06 02:25:23,211 direct_Solver 0/1 INFO :: 
Starting Direct loop ... 

2020-11-06 02:26:21,328 solvers 0/1 INFO :: Simulation stop time reached.
2020-11-06 02:26:22,233 adjoint_Solver 0/1 INFO :: 
Starting Adjoint loop ... 

2020-11-06 02:27:31,772 solvers 0/1 INFO :: Simulation stop time reached.
First line search failed ... reducing step size from  6.493593442154628e-13  to  3.246796721077314e-13  ... 

After  85  loops: Residual =  64.93600470849908 | Normalized Residual =  0.05076334768094337  ... 

Starting Loop  86  ... 

2020-11-06 02:27:31,812 direct_Solver 0/1 INFO :: 
Starting Direct loop ... 

2020-11-06 02:28:29,930 solvers 0/1 INFO :: Simulation stop time reached.
2020-11-06 02:28:30,841 adjoint_Solver 0/1 INFO :: 
Starting Adjoint loop ... 

2020-11-06 02:29:40,221 solvers 0/1 INFO :: Simulation stop time reached.
First line search failed ... reducing step size from  3.2467967210773143e-13  to  1.6233983605386572e-13  ... 

After  86  loops: Residual =  64.93600470840599 | Normalized Residual =  0.050763347680869896  ... 

Starting Loop  87  ... 

2020-11-06 02:29:40,260 direct_Solver 0/1 INFO :: 
Starting Direct loop ... 

2020-11-06 02:30:37,844 solvers 0/1 INFO :: Simulation stop time reached.
2020-11-06 02:30:38,741 adjoint_Solver 0/1 INFO :: 
Starting Adjoint loop ... 

2020-11-06 02:31:46,537 solvers 0/1 INFO :: Simulation stop time reached.
First line search failed ... reducing step size from  1.6233983605386572e-13  to  8.116991802693286e-14  ... 

After  87  loops: Residual =  64.93600470835695 | Normalized Residual =  0.05076334768083081  ... 

Starting Loop  88  ... 

2020-11-06 02:31:46,574 direct_Solver 0/1 INFO :: 
Starting Direct loop ... 

2020-11-06 02:32:43,175 solvers 0/1 INFO :: Simulation stop time reached.
2020-11-06 02:32:44,073 adjoint_Solver 0/1 INFO :: 
Starting Adjoint loop ... 

2020-11-06 02:33:51,875 solvers 0/1 INFO :: Simulation stop time reached.
First line search failed ... reducing step size from  8.116991802693286e-14  to  4.058495901346643e-14  ... 

After  88  loops: Residual =  64.93600470833361 | Normalized Residual =  0.05076334768081251  ... 

Starting Loop  89  ... 

2020-11-06 02:33:51,913 direct_Solver 0/1 INFO :: 
Starting Direct loop ... 

2020-11-06 02:34:48,468 solvers 0/1 INFO :: Simulation stop time reached.
2020-11-06 02:34:49,361 adjoint_Solver 0/1 INFO :: 
Starting Adjoint loop ... 

2020-11-06 02:35:57,165 solvers 0/1 INFO :: Simulation stop time reached.
First line search failed ... reducing step size from  4.058495901346643e-14  to  2.0292479506733215e-14  ... 

After  89  loops: Residual =  64.93600470832016 | Normalized Residual =  0.050763347680802595  ... 

Starting Loop  90  ... 

2020-11-06 02:35:57,202 direct_Solver 0/1 INFO :: 
Starting Direct loop ... 

2020-11-06 02:36:53,733 solvers 0/1 INFO :: Simulation stop time reached.
2020-11-06 02:36:54,633 adjoint_Solver 0/1 INFO :: 
Starting Adjoint loop ... 

2020-11-06 02:38:02,298 solvers 0/1 INFO :: Simulation stop time reached.
First line search failed ... reducing step size from  2.029247950673321e-14  to  1.0146239753366606e-14  ... 

After  90  loops: Residual =  64.93600470831332 | Normalized Residual =  0.05076334768079828  ... 

Starting Loop  91  ... 

2020-11-06 02:38:02,336 direct_Solver 0/1 INFO :: 
Starting Direct loop ... 

2020-11-06 02:38:59,009 solvers 0/1 INFO :: Simulation stop time reached.
2020-11-06 02:38:59,903 adjoint_Solver 0/1 INFO :: 
Starting Adjoint loop ... 

2020-11-06 02:40:07,709 solvers 0/1 INFO :: Simulation stop time reached.
First line search failed ... reducing step size from  1.0146239753366607e-14  to  5.073119876683304e-15  ... 

After  91  loops: Residual =  64.93600470831045 | Normalized Residual =  0.05076334768079553  ... 

Starting Loop  92  ... 

2020-11-06 02:40:07,747 direct_Solver 0/1 INFO :: 
Starting Direct loop ... 

2020-11-06 02:41:04,203 solvers 0/1 INFO :: Simulation stop time reached.
2020-11-06 02:41:05,095 adjoint_Solver 0/1 INFO :: 
Starting Adjoint loop ... 

2020-11-06 02:42:10,564 solvers 0/1 INFO :: Simulation stop time reached.
First line search failed ... reducing step size from  5.073119876683303e-15  to  2.5365599383416514e-15  ... 

After  92  loops: Residual =  64.93600470830943 | Normalized Residual =  0.05076334768079505  ... 

Starting Loop  93  ... 

2020-11-06 02:42:10,598 direct_Solver 0/1 INFO :: 
Starting Direct loop ... 

2020-11-06 02:42:59,229 solvers 0/1 INFO :: Simulation stop time reached.
2020-11-06 02:43:00,034 adjoint_Solver 0/1 INFO :: 
Starting Adjoint loop ... 

2020-11-06 02:43:57,681 solvers 0/1 INFO :: Simulation stop time reached.
First line search failed ... reducing step size from  2.5365599383416514e-15  to  1.2682799691708257e-15  ... 

After  93  loops: Residual =  64.93600470830702 | Normalized Residual =  0.05076334768079414  ... 

Starting Loop  94  ... 

2020-11-06 02:43:57,714 direct_Solver 0/1 INFO :: 
Starting Direct loop ... 

2020-11-06 02:44:46,049 solvers 0/1 INFO :: Simulation stop time reached.
2020-11-06 02:44:46,858 adjoint_Solver 0/1 INFO :: 
Starting Adjoint loop ... 

2020-11-06 02:45:44,535 solvers 0/1 INFO :: Simulation stop time reached.
First line search failed ... reducing step size from  1.2682799691708257e-15  to  6.341399845854129e-16  ... 

After  94  loops: Residual =  64.93600470830762 | Normalized Residual =  0.05076334768079493  ... 

Starting Loop  95  ... 

2020-11-06 02:45:44,566 direct_Solver 0/1 INFO :: 
Starting Direct loop ... 

2020-11-06 02:46:32,836 solvers 0/1 INFO :: Simulation stop time reached.
2020-11-06 02:46:33,661 adjoint_Solver 0/1 INFO :: 
Starting Adjoint loop ... 

2020-11-06 02:47:31,746 solvers 0/1 INFO :: Simulation stop time reached.
First line search failed ... reducing step size from  6.341399845854129e-16  to  3.1706999229270643e-16  ... 

After  95  loops: Residual =  64.93600470830796 | Normalized Residual =  0.050763347680793824  ... 

Starting Loop  96  ... 

2020-11-06 02:47:31,779 direct_Solver 0/1 INFO :: 
Starting Direct loop ... 

2020-11-06 02:48:20,555 solvers 0/1 INFO :: Simulation stop time reached.
2020-11-06 02:48:21,372 adjoint_Solver 0/1 INFO :: 
Starting Adjoint loop ... 

2020-11-06 02:49:19,153 solvers 0/1 INFO :: Simulation stop time reached.
First line search failed ... reducing step size from  3.1706999229270643e-16  to  1.5853499614635321e-16  ... 

After  96  loops: Residual =  64.93600470830805 | Normalized Residual =  0.05076334768079474  ... 

Starting Loop  97  ... 

2020-11-06 02:49:19,182 direct_Solver 0/1 INFO :: 
Starting Direct loop ... 

2020-11-06 02:50:07,525 solvers 0/1 INFO :: Simulation stop time reached.
2020-11-06 02:50:08,336 adjoint_Solver 0/1 INFO :: 
Starting Adjoint loop ... 

2020-11-06 02:51:06,271 solvers 0/1 INFO :: Simulation stop time reached.
First line search failed ... reducing step size from  1.5853499614635321e-16  to  7.926749807317661e-17  ... 

After  97  loops: Residual =  64.93600470830717 | Normalized Residual =  0.050763347680793464  ... 

Starting Loop  98  ... 

2020-11-06 02:51:06,304 direct_Solver 0/1 INFO :: 
Starting Direct loop ... 

2020-11-06 02:51:54,847 solvers 0/1 INFO :: Simulation stop time reached.
2020-11-06 02:51:55,652 adjoint_Solver 0/1 INFO :: 
Starting Adjoint loop ... 

2020-11-06 02:52:53,469 solvers 0/1 INFO :: Simulation stop time reached.
First line search failed ... reducing step size from  7.926749807317661e-17  to  3.9633749036588304e-17  ... 

After  98  loops: Residual =  64.93600470830599 | Normalized Residual =  0.05076334768079364  ... 

Starting Loop  99  ... 

2020-11-06 02:52:53,499 direct_Solver 0/1 INFO :: 
Starting Direct loop ... 

2020-11-06 02:53:41,888 solvers 0/1 INFO :: Simulation stop time reached.
2020-11-06 02:53:42,691 adjoint_Solver 0/1 INFO :: 
Starting Adjoint loop ... 

2020-11-06 02:54:40,235 solvers 0/1 INFO :: Simulation stop time reached.
First line search failed ... reducing step size from  3.9633749036588304e-17  to  1.9816874518294152e-17  ... 

After  99  loops: Residual =  64.93600470830653 | Normalized Residual =  0.05076334768079426  ... 

Starting Loop  100  ... 

2020-11-06 02:54:40,265 direct_Solver 0/1 INFO :: 
Starting Direct loop ... 

2020-11-06 02:55:28,844 solvers 0/1 INFO :: Simulation stop time reached.
2020-11-06 02:55:29,650 adjoint_Solver 0/1 INFO :: 
Starting Adjoint loop ... 

2020-11-06 02:56:27,072 solvers 0/1 INFO :: Simulation stop time reached.
First line search failed ... reducing step size from  1.9816874518294152e-17  to  9.908437259147076e-18  ... 

After  100  loops: Residual =  64.93600470830737 | Normalized Residual =  0.05076334768079335  ... 

Starting Loop  101  ... 

2020-11-06 02:56:27,107 direct_Solver 0/1 INFO :: 
Starting Direct loop ... 

2020-11-06 02:57:15,659 solvers 0/1 INFO :: Simulation stop time reached.
2020-11-06 02:57:16,463 adjoint_Solver 0/1 INFO :: 
Starting Adjoint loop ... 

2020-11-06 02:58:13,990 solvers 0/1 INFO :: Simulation stop time reached.
First line search failed ... reducing step size from  9.908437259147076e-18  to  4.954218629573538e-18  ... 

After  101  loops: Residual =  64.936004708307 | Normalized Residual =  0.05076334768079405  ... 

Starting Loop  102  ... 

2020-11-06 02:58:14,021 direct_Solver 0/1 INFO :: 
Starting Direct loop ... 

2020-11-06 02:59:02,384 solvers 0/1 INFO :: Simulation stop time reached.
2020-11-06 02:59:03,194 adjoint_Solver 0/1 INFO :: 
Starting Adjoint loop ... 

2020-11-06 03:00:01,075 solvers 0/1 INFO :: Simulation stop time reached.
First line search failed ... reducing step size from  4.954218629573538e-18  to  2.477109314786769e-18  ... 

After  102  loops: Residual =  64.93600470830714 | Normalized Residual =  0.05076334768079373  ... 

Starting Loop  103  ... 

2020-11-06 03:00:01,105 direct_Solver 0/1 INFO :: 
Starting Direct loop ... 

2020-11-06 03:00:49,373 solvers 0/1 INFO :: Simulation stop time reached.
2020-11-06 03:00:50,199 adjoint_Solver 0/1 INFO :: 
Starting Adjoint loop ... 

2020-11-06 03:01:48,022 solvers 0/1 INFO :: Simulation stop time reached.
First line search failed ... reducing step size from  2.477109314786769e-18  to  1.2385546573933845e-18  ... 

After  103  loops: Residual =  64.93600470830737 | Normalized Residual =  0.05076334768079371  ... 

Starting Loop  104  ... 

2020-11-06 03:01:48,052 direct_Solver 0/1 INFO :: 
Starting Direct loop ... 

2020-11-06 03:02:36,532 solvers 0/1 INFO :: Simulation stop time reached.
2020-11-06 03:02:37,344 adjoint_Solver 0/1 INFO :: 
Starting Adjoint loop ... 

2020-11-06 03:03:34,901 solvers 0/1 INFO :: Simulation stop time reached.
First line search failed ... reducing step size from  1.2385546573933845e-18  to  6.192773286966922e-19  ... 

After  104  loops: Residual =  64.93600470830754 | Normalized Residual =  0.05076334768079424  ... 

Starting Loop  105  ... 

2020-11-06 03:03:34,931 direct_Solver 0/1 INFO :: 
Starting Direct loop ... 

2020-11-06 03:04:23,537 solvers 0/1 INFO :: Simulation stop time reached.
2020-11-06 03:04:24,340 adjoint_Solver 0/1 INFO :: 
Starting Adjoint loop ... 

2020-11-06 03:05:22,417 solvers 0/1 INFO :: Simulation stop time reached.
First line search failed ... reducing step size from  6.192773286966922e-19  to  3.096386643483461e-19  ... 

After  105  loops: Residual =  64.93600470830722 | Normalized Residual =  0.050763347680793366  ... 

Starting Loop  106  ... 

2020-11-06 03:05:22,447 direct_Solver 0/1 INFO :: 
Starting Direct loop ... 

2020-11-06 03:06:11,039 solvers 0/1 INFO :: Simulation stop time reached.
2020-11-06 03:06:11,881 adjoint_Solver 0/1 INFO :: 
Starting Adjoint loop ... 

2020-11-06 03:07:09,460 solvers 0/1 INFO :: Simulation stop time reached.
First line search failed ... reducing step size from  3.096386643483461e-19  to  1.5481933217417306e-19  ... 

After  106  loops: Residual =  64.93600470830602 | Normalized Residual =  0.05076334768079374  ... 

Starting Loop  107  ... 

2020-11-06 03:07:09,490 direct_Solver 0/1 INFO :: 
Starting Direct loop ... 

2020-11-06 03:07:57,835 solvers 0/1 INFO :: Simulation stop time reached.
2020-11-06 03:07:58,639 adjoint_Solver 0/1 INFO :: 
Starting Adjoint loop ... 

2020-11-06 03:08:56,212 solvers 0/1 INFO :: Simulation stop time reached.
First line search failed ... reducing step size from  1.5481933217417306e-19  to  7.740966608708653e-20  ... 

After  107  loops: Residual =  64.93600470830734 | Normalized Residual =  0.05076334768079384  ... 

Starting Loop  108  ... 

2020-11-06 03:08:56,242 direct_Solver 0/1 INFO :: 
Starting Direct loop ... 

2020-11-06 03:09:44,507 solvers 0/1 INFO :: Simulation stop time reached.
2020-11-06 03:09:45,311 adjoint_Solver 0/1 INFO :: 
Starting Adjoint loop ... 

2020-11-06 03:10:42,965 solvers 0/1 INFO :: Simulation stop time reached.
First line search failed ... reducing step size from  7.740966608708653e-20  to  3.8704833043543265e-20  ... 

After  108  loops: Residual =  64.93600470830816 | Normalized Residual =  0.0507633476807944  ... 

Starting Loop  109  ... 

2020-11-06 03:10:42,995 direct_Solver 0/1 INFO :: 
Starting Direct loop ... 

2020-11-06 03:11:31,072 solvers 0/1 INFO :: Simulation stop time reached.
2020-11-06 03:11:31,874 adjoint_Solver 0/1 INFO :: 
Starting Adjoint loop ... 

2020-11-06 03:12:29,639 solvers 0/1 INFO :: Simulation stop time reached.
First line search failed ... reducing step size from  3.8704833043543265e-20  to  1.9352416521771633e-20  ... 

After  109  loops: Residual =  64.93600470830745 | Normalized Residual =  0.05076334768079376  ... 

Starting Loop  110  ... 

2020-11-06 03:12:29,669 direct_Solver 0/1 INFO :: 
Starting Direct loop ... 

2020-11-06 03:13:17,802 solvers 0/1 INFO :: Simulation stop time reached.
2020-11-06 03:13:18,613 adjoint_Solver 0/1 INFO :: 
Starting Adjoint loop ... 

2020-11-06 03:14:16,325 solvers 0/1 INFO :: Simulation stop time reached.
First line search failed ... reducing step size from  1.9352416521771633e-20  to  9.676208260885816e-21  ... 

After  110  loops: Residual =  64.936004708307 | Normalized Residual =  0.05076334768079415  ... 

Starting Loop  111  ... 

2020-11-06 03:14:16,354 direct_Solver 0/1 INFO :: 
Starting Direct loop ... 

2020-11-06 03:15:04,589 solvers 0/1 INFO :: Simulation stop time reached.
2020-11-06 03:15:05,396 adjoint_Solver 0/1 INFO :: 
Starting Adjoint loop ... 

2020-11-06 03:16:03,055 solvers 0/1 INFO :: Simulation stop time reached.
First line search failed ... reducing step size from  9.676208260885816e-21  to  4.838104130442908e-21  ... 

After  111  loops: Residual =  64.93600470830702 | Normalized Residual =  0.05076334768079488  ... 

Starting Loop  112  ... 

2020-11-06 03:16:03,085 direct_Solver 0/1 INFO :: 
Starting Direct loop ... 

2020-11-06 03:16:51,714 solvers 0/1 INFO :: Simulation stop time reached.
2020-11-06 03:16:52,520 adjoint_Solver 0/1 INFO :: 
Starting Adjoint loop ... 

2020-11-06 03:17:50,061 solvers 0/1 INFO :: Simulation stop time reached.
First line search failed ... reducing step size from  4.838104130442908e-21  to  2.419052065221454e-21  ... 

After  112  loops: Residual =  64.93600470830745 | Normalized Residual =  0.05076334768079396  ... 

Starting Loop  113  ... 

2020-11-06 03:17:50,091 direct_Solver 0/1 INFO :: 
Starting Direct loop ... 

2020-11-06 03:18:38,332 solvers 0/1 INFO :: Simulation stop time reached.
2020-11-06 03:18:39,181 adjoint_Solver 0/1 INFO :: 
Starting Adjoint loop ... 

2020-11-06 03:19:36,914 solvers 0/1 INFO :: Simulation stop time reached.
First line search failed ... reducing step size from  2.419052065221454e-21  to  1.209526032610727e-21  ... 

After  113  loops: Residual =  64.93600470830748 | Normalized Residual =  0.05076334768079399  ... 

Starting Loop  114  ... 

2020-11-06 03:19:36,944 direct_Solver 0/1 INFO :: 
Starting Direct loop ... 

2020-11-06 03:20:25,313 solvers 0/1 INFO :: Simulation stop time reached.
2020-11-06 03:20:26,119 adjoint_Solver 0/1 INFO :: 
Starting Adjoint loop ... 

2020-11-06 03:21:23,724 solvers 0/1 INFO :: Simulation stop time reached.
First line search failed ... reducing step size from  1.209526032610727e-21  to  6.047630163053635e-22  ... 

After  114  loops: Residual =  64.9360047083079 | Normalized Residual =  0.0507633476807946  ... 

Starting Loop  115  ... 

2020-11-06 03:21:23,754 direct_Solver 0/1 INFO :: 
Starting Direct loop ... 

2020-11-06 03:22:12,142 solvers 0/1 INFO :: Simulation stop time reached.
2020-11-06 03:22:12,950 adjoint_Solver 0/1 INFO :: 
Starting Adjoint loop ... 

2020-11-06 03:23:10,578 solvers 0/1 INFO :: Simulation stop time reached.
First line search failed ... reducing step size from  6.047630163053635e-22  to  3.0238150815268176e-22  ... 

After  115  loops: Residual =  64.93600470830653 | Normalized Residual =  0.05076334768079332  ... 

Starting Loop  116  ... 

2020-11-06 03:23:10,612 direct_Solver 0/1 INFO :: 
Starting Direct loop ... 

2020-11-06 03:23:59,028 solvers 0/1 INFO :: Simulation stop time reached.
2020-11-06 03:23:59,836 adjoint_Solver 0/1 INFO :: 
Starting Adjoint loop ... 

2020-11-06 03:24:57,831 solvers 0/1 INFO :: Simulation stop time reached.
First line search failed ... reducing step size from  3.0238150815268176e-22  to  1.5119075407634088e-22  ... 

After  116  loops: Residual =  64.93600470830641 | Normalized Residual =  0.05076334768079385  ... 

Starting Loop  117  ... 

2020-11-06 03:24:57,862 direct_Solver 0/1 INFO :: 
Starting Direct loop ... 

2020-11-06 03:25:46,313 solvers 0/1 INFO :: Simulation stop time reached.
2020-11-06 03:25:47,138 adjoint_Solver 0/1 INFO :: 
Starting Adjoint loop ... 

2020-11-06 03:26:45,064 solvers 0/1 INFO :: Simulation stop time reached.
First line search failed ... reducing step size from  1.5119075407634088e-22  to  7.559537703817044e-23  ... 

After  117  loops: Residual =  64.93600470830748 | Normalized Residual =  0.05076334768079376  ... 

Starting Loop  118  ... 

2020-11-06 03:26:45,094 direct_Solver 0/1 INFO :: 
Starting Direct loop ... 

2020-11-06 03:27:33,451 solvers 0/1 INFO :: Simulation stop time reached.
2020-11-06 03:27:34,264 adjoint_Solver 0/1 INFO :: 
Starting Adjoint loop ... 

2020-11-06 03:28:31,798 solvers 0/1 INFO :: Simulation stop time reached.
First line search failed ... reducing step size from  7.559537703817044e-23  to  3.779768851908522e-23  ... 

After  118  loops: Residual =  64.93600470830819 | Normalized Residual =  0.05076334768079423  ... 

Starting Loop  119  ... 

2020-11-06 03:28:31,828 direct_Solver 0/1 INFO :: 
Starting Direct loop ... 

2020-11-06 03:29:20,148 solvers 0/1 INFO :: Simulation stop time reached.
2020-11-06 03:29:20,951 adjoint_Solver 0/1 INFO :: 
Starting Adjoint loop ... 

2020-11-06 03:30:18,518 solvers 0/1 INFO :: Simulation stop time reached.
First line search failed ... reducing step size from  3.779768851908522e-23  to  1.889884425954261e-23  ... 

After  119  loops: Residual =  64.93600470830638 | Normalized Residual =  0.05076334768079429  ... 

Starting Loop  120  ... 

2020-11-06 03:30:18,548 direct_Solver 0/1 INFO :: 
Starting Direct loop ... 

