2020-11-05 23:30:13,412 pencil 0/1 INFO :: Building pencil matrix 1/32 (~3%) Elapsed: 0s, Remaining: 1s, Rate: 4.8e+01/s
2020-11-05 23:30:13,475 pencil 0/1 INFO :: Building pencil matrix 4/32 (~12%) Elapsed: 0s, Remaining: 1s, Rate: 4.7e+01/s
2020-11-05 23:30:13,558 pencil 0/1 INFO :: Building pencil matrix 8/32 (~25%) Elapsed: 0s, Remaining: 1s, Rate: 4.8e+01/s
2020-11-05 23:30:13,640 pencil 0/1 INFO :: Building pencil matrix 12/32 (~38%) Elapsed: 0s, Remaining: 0s, Rate: 4.8e+01/s
2020-11-05 23:30:13,721 pencil 0/1 INFO :: Building pencil matrix 16/32 (~50%) Elapsed: 0s, Remaining: 0s, Rate: 4.9e+01/s
2020-11-05 23:30:13,803 pencil 0/1 INFO :: Building pencil matrix 20/32 (~62%) Elapsed: 0s, Remaining: 0s, Rate: 4.9e+01/s
2020-11-05 23:30:13,884 pencil 0/1 INFO :: Building pencil matrix 24/32 (~75%) Elapsed: 0s, Remaining: 0s, Rate: 4.9e+01/s
2020-11-05 23:30:13,966 pencil 0/1 INFO :: Building pencil matrix 28/32 (~88%) Elapsed: 1s, Remaining: 0s, Rate: 4.9e+01/s
2020-11-05 23:30:14,048 pencil 0/1 INFO :: Building pencil matrix 32/32 (~100%) Elapsed: 1s, Remaining: 0s, Rate: 4.9e+01/s
2020-11-05 23:30:14,082 pencil 0/1 INFO :: Building pencil matrix 1/32 (~3%) Elapsed: 0s, Remaining: 1s, Rate: 4.8e+01/s
2020-11-05 23:30:14,145 pencil 0/1 INFO :: Building pencil matrix 4/32 (~12%) Elapsed: 0s, Remaining: 1s, Rate: 4.8e+01/s
2020-11-05 23:30:14,228 pencil 0/1 INFO :: Building pencil matrix 8/32 (~25%) Elapsed: 0s, Remaining: 1s, Rate: 4.8e+01/s
2020-11-05 23:30:14,312 pencil 0/1 INFO :: Building pencil matrix 12/32 (~38%) Elapsed: 0s, Remaining: 0s, Rate: 4.8e+01/s
2020-11-05 23:30:14,395 pencil 0/1 INFO :: Building pencil matrix 16/32 (~50%) Elapsed: 0s, Remaining: 0s, Rate: 4.8e+01/s
2020-11-05 23:30:14,479 pencil 0/1 INFO :: Building pencil matrix 20/32 (~62%) Elapsed: 0s, Remaining: 0s, Rate: 4.8e+01/s
2020-11-05 23:30:14,562 pencil 0/1 INFO :: Building pencil matrix 24/32 (~75%) Elapsed: 1s, Remaining: 0s, Rate: 4.8e+01/s
2020-11-05 23:30:14,646 pencil 0/1 INFO :: Building pencil matrix 28/32 (~88%) Elapsed: 1s, Remaining: 0s, Rate: 4.8e+01/s
2020-11-05 23:30:14,729 pencil 0/1 INFO :: Building pencil matrix 32/32 (~100%) Elapsed: 1s, Remaining: 0s, Rate: 4.8e+01/s


=====Optimization Algorithm Parameters=====


(s, T, Re) = ( 1.0 ,  1.0 ,  50.0 )

K       =  1.5
r       =  0.5
e0init  =  0.1
LS      =  1
LSI     =  1
proj    =  1
method  =  rot
dmethod =  conj
powit   =  0
N       =  200
start   =  rand
sstr    =  1


===========================================

Starting from Random IC ... 

2020-11-05 23:30:14,774 direct_Solver 0/1 INFO :: 
Starting Direct loop ... 

2020-11-05 23:30:27,115 solvers 0/1 INFO :: Simulation stop time reached.
2020-11-05 23:30:27,959 adjoint_Solver 0/1 INFO :: 
Starting Adjoint loop ... 

2020-11-05 23:30:42,969 solvers 0/1 INFO :: Simulation stop time reached.
Starting Loop  1  ... 

2020-11-05 23:30:43,007 direct_Solver 0/1 INFO :: 
Starting Direct loop ... 

2020-11-05 23:30:54,000 solvers 0/1 INFO :: Simulation stop time reached.
2020-11-05 23:30:54,845 adjoint_Solver 0/1 INFO :: 
Starting Adjoint loop ... 

2020-11-05 23:31:08,098 solvers 0/1 INFO :: Simulation stop time reached.
Starting Line Search ... 

2020-11-05 23:31:08,132 direct_Solver 0/1 INFO :: 
Starting Direct loop ... 

2020-11-05 23:31:19,111 solvers 0/1 INFO :: Simulation stop time reached.
2020-11-05 23:31:19,958 adjoint_Solver 0/1 INFO :: 
Starting Adjoint loop ... 

2020-11-05 23:31:32,898 solvers 0/1 INFO :: Simulation stop time reached.
Starting Line Search ... 

2020-11-05 23:31:32,932 direct_Solver 0/1 INFO :: 
Starting Direct loop ... 

2020-11-05 23:31:43,685 solvers 0/1 INFO :: Simulation stop time reached.
2020-11-05 23:31:44,531 adjoint_Solver 0/1 INFO :: 
Starting Adjoint loop ... 

2020-11-05 23:31:57,467 solvers 0/1 INFO :: Simulation stop time reached.
Starting Line Search ... 

2020-11-05 23:31:57,490 direct_Solver 0/1 INFO :: 
Starting Direct loop ... 

2020-11-05 23:32:08,331 solvers 0/1 INFO :: Simulation stop time reached.
2020-11-05 23:32:09,176 adjoint_Solver 0/1 INFO :: 
Starting Adjoint loop ... 

2020-11-05 23:32:22,076 solvers 0/1 INFO :: Simulation stop time reached.
Starting Line Search ... 

2020-11-05 23:32:22,110 direct_Solver 0/1 INFO :: 
Starting Direct loop ... 

2020-11-05 23:32:32,882 solvers 0/1 INFO :: Simulation stop time reached.
2020-11-05 23:32:33,726 adjoint_Solver 0/1 INFO :: 
Starting Adjoint loop ... 

2020-11-05 23:32:46,683 solvers 0/1 INFO :: Simulation stop time reached.
Starting Line Search ... 

2020-11-05 23:32:46,705 direct_Solver 0/1 INFO :: 
Starting Direct loop ... 

2020-11-05 23:32:57,529 solvers 0/1 INFO :: Simulation stop time reached.
2020-11-05 23:32:58,374 adjoint_Solver 0/1 INFO :: 
Starting Adjoint loop ... 

2020-11-05 23:33:11,465 solvers 0/1 INFO :: Simulation stop time reached.
Starting Line Search ... 

2020-11-05 23:33:11,488 direct_Solver 0/1 INFO :: 
Starting Direct loop ... 

2020-11-05 23:33:22,296 solvers 0/1 INFO :: Simulation stop time reached.
2020-11-05 23:33:23,140 adjoint_Solver 0/1 INFO :: 
Starting Adjoint loop ... 

2020-11-05 23:33:36,051 solvers 0/1 INFO :: Simulation stop time reached.
Starting Line Search ... 

2020-11-05 23:33:36,085 direct_Solver 0/1 INFO :: 
Starting Direct loop ... 

2020-11-05 23:33:46,896 solvers 0/1 INFO :: Simulation stop time reached.
2020-11-05 23:33:47,741 adjoint_Solver 0/1 INFO :: 
Starting Adjoint loop ... 

2020-11-05 23:34:00,598 solvers 0/1 INFO :: Simulation stop time reached.
Line search from  0.1  to  4.92578125  ... 

2020-11-05 23:34:00,620 direct_Solver 0/1 INFO :: 
Starting Direct loop ... 

2020-11-05 23:34:11,352 solvers 0/1 INFO :: Simulation stop time reached.
2020-11-05 23:34:12,195 adjoint_Solver 0/1 INFO :: 
Starting Adjoint loop ... 

2020-11-05 23:34:25,117 solvers 0/1 INFO :: Simulation stop time reached.
Line search interpolation unsuccessful ... 

2020-11-05 23:34:25,139 direct_Solver 0/1 INFO :: 
Starting Direct loop ... 

2020-11-05 23:34:35,883 solvers 0/1 INFO :: Simulation stop time reached.
2020-11-05 23:34:36,729 adjoint_Solver 0/1 INFO :: 
Starting Adjoint loop ... 

2020-11-05 23:34:49,648 solvers 0/1 INFO :: Simulation stop time reached.
After  10  loops: Residual =  8.31133004134192 | Normalized Residual =  0.1905026475590096  ... 

Starting Loop  11  ... 

2020-11-05 23:34:49,675 direct_Solver 0/1 INFO :: 
Starting Direct loop ... 

2020-11-05 23:35:00,439 solvers 0/1 INFO :: Simulation stop time reached.
2020-11-05 23:35:01,285 adjoint_Solver 0/1 INFO :: 
Starting Adjoint loop ... 

2020-11-05 23:35:14,230 solvers 0/1 INFO :: Simulation stop time reached.
Starting Line Search ... 

2020-11-05 23:35:14,264 direct_Solver 0/1 INFO :: 
Starting Direct loop ... 

2020-11-05 23:35:25,036 solvers 0/1 INFO :: Simulation stop time reached.
2020-11-05 23:35:25,880 adjoint_Solver 0/1 INFO :: 
Starting Adjoint loop ... 

2020-11-05 23:35:38,690 solvers 0/1 INFO :: Simulation stop time reached.
Starting Line Search ... 

2020-11-05 23:35:38,711 direct_Solver 0/1 INFO :: 
Starting Direct loop ... 

2020-11-05 23:35:49,421 solvers 0/1 INFO :: Simulation stop time reached.
2020-11-05 23:35:50,266 adjoint_Solver 0/1 INFO :: 
Starting Adjoint loop ... 

2020-11-05 23:36:03,197 solvers 0/1 INFO :: Simulation stop time reached.
Starting Line Search ... 

2020-11-05 23:36:03,219 direct_Solver 0/1 INFO :: 
Starting Direct loop ... 

2020-11-05 23:36:13,965 solvers 0/1 INFO :: Simulation stop time reached.
2020-11-05 23:36:14,811 adjoint_Solver 0/1 INFO :: 
Starting Adjoint loop ... 

2020-11-05 23:36:27,572 solvers 0/1 INFO :: Simulation stop time reached.
Starting Line Search ... 

2020-11-05 23:36:27,594 direct_Solver 0/1 INFO :: 
Starting Direct loop ... 

2020-11-05 23:36:38,261 solvers 0/1 INFO :: Simulation stop time reached.
2020-11-05 23:36:39,105 adjoint_Solver 0/1 INFO :: 
Starting Adjoint loop ... 

2020-11-05 23:36:51,874 solvers 0/1 INFO :: Simulation stop time reached.
Starting Line Search ... 

2020-11-05 23:36:51,908 direct_Solver 0/1 INFO :: 
Starting Direct loop ... 

2020-11-05 23:37:02,637 solvers 0/1 INFO :: Simulation stop time reached.
2020-11-05 23:37:03,482 adjoint_Solver 0/1 INFO :: 
Starting Adjoint loop ... 

2020-11-05 23:37:16,253 solvers 0/1 INFO :: Simulation stop time reached.
Starting Line Search ... 

2020-11-05 23:37:16,275 direct_Solver 0/1 INFO :: 
Starting Direct loop ... 

2020-11-05 23:37:26,933 solvers 0/1 INFO :: Simulation stop time reached.
2020-11-05 23:37:27,777 adjoint_Solver 0/1 INFO :: 
Starting Adjoint loop ... 

2020-11-05 23:37:40,501 solvers 0/1 INFO :: Simulation stop time reached.
Starting Line Search ... 

2020-11-05 23:37:40,523 direct_Solver 0/1 INFO :: 
Starting Direct loop ... 

2020-11-05 23:37:51,177 solvers 0/1 INFO :: Simulation stop time reached.
2020-11-05 23:37:52,020 adjoint_Solver 0/1 INFO :: 
Starting Adjoint loop ... 

2020-11-05 23:38:04,839 solvers 0/1 INFO :: Simulation stop time reached.
Starting Line Search ... 

2020-11-05 23:38:04,872 direct_Solver 0/1 INFO :: 
Starting Direct loop ... 

2020-11-05 23:38:15,525 solvers 0/1 INFO :: Simulation stop time reached.
2020-11-05 23:38:16,369 adjoint_Solver 0/1 INFO :: 
Starting Adjoint loop ... 

2020-11-05 23:38:29,095 solvers 0/1 INFO :: Simulation stop time reached.
Starting Line Search ... 

2020-11-05 23:38:29,117 direct_Solver 0/1 INFO :: 
Starting Direct loop ... 

2020-11-05 23:38:39,799 solvers 0/1 INFO :: Simulation stop time reached.
2020-11-05 23:38:40,643 adjoint_Solver 0/1 INFO :: 
Starting Adjoint loop ... 

2020-11-05 23:38:53,426 solvers 0/1 INFO :: Simulation stop time reached.
Starting Line Search ... 

2020-11-05 23:38:53,460 direct_Solver 0/1 INFO :: 
Starting Direct loop ... 

2020-11-05 23:39:04,168 solvers 0/1 INFO :: Simulation stop time reached.
2020-11-05 23:39:05,012 adjoint_Solver 0/1 INFO :: 
Starting Adjoint loop ... 

2020-11-05 23:39:17,775 solvers 0/1 INFO :: Simulation stop time reached.
Starting Line Search ... 

2020-11-05 23:39:17,796 direct_Solver 0/1 INFO :: 
Starting Direct loop ... 

2020-11-05 23:39:28,484 solvers 0/1 INFO :: Simulation stop time reached.
2020-11-05 23:39:29,329 adjoint_Solver 0/1 INFO :: 
Starting Adjoint loop ... 

2020-11-05 23:39:42,090 solvers 0/1 INFO :: Simulation stop time reached.
Line search from  0.01791173069545626  to  4.612139464646181  ... 

2020-11-05 23:39:42,125 direct_Solver 0/1 INFO :: 
Starting Direct loop ... 

2020-11-05 23:39:52,793 solvers 0/1 INFO :: Simulation stop time reached.
2020-11-05 23:39:53,637 adjoint_Solver 0/1 INFO :: 
Starting Adjoint loop ... 

2020-11-05 23:40:06,347 solvers 0/1 INFO :: Simulation stop time reached.
Line search interpolation unsuccessful ... 

2020-11-05 23:40:06,369 direct_Solver 0/1 INFO :: 
Starting Direct loop ... 

2020-11-05 23:40:17,044 solvers 0/1 INFO :: Simulation stop time reached.
2020-11-05 23:40:17,888 adjoint_Solver 0/1 INFO :: 
Starting Adjoint loop ... 

2020-11-05 23:40:30,662 solvers 0/1 INFO :: Simulation stop time reached.
After  24  loops: Residual =  6.137871431607995 | Normalized Residual =  0.11578241429451436  ... 

Starting Loop  25  ... 

2020-11-05 23:40:30,688 direct_Solver 0/1 INFO :: 
Starting Direct loop ... 

2020-11-05 23:40:41,374 solvers 0/1 INFO :: Simulation stop time reached.
2020-11-05 23:40:42,221 adjoint_Solver 0/1 INFO :: 
Starting Adjoint loop ... 

2020-11-05 23:40:54,965 solvers 0/1 INFO :: Simulation stop time reached.
Starting Line Search ... 

2020-11-05 23:40:54,999 direct_Solver 0/1 INFO :: 
Starting Direct loop ... 

2020-11-05 23:41:05,690 solvers 0/1 INFO :: Simulation stop time reached.
2020-11-05 23:41:06,534 adjoint_Solver 0/1 INFO :: 
Starting Adjoint loop ... 

2020-11-05 23:41:19,300 solvers 0/1 INFO :: Simulation stop time reached.
Starting Line Search ... 

2020-11-05 23:41:19,322 direct_Solver 0/1 INFO :: 
Starting Direct loop ... 

2020-11-05 23:41:29,990 solvers 0/1 INFO :: Simulation stop time reached.
2020-11-05 23:41:30,833 adjoint_Solver 0/1 INFO :: 
Starting Adjoint loop ... 

2020-11-05 23:41:43,584 solvers 0/1 INFO :: Simulation stop time reached.
Starting Line Search ... 

2020-11-05 23:41:43,618 direct_Solver 0/1 INFO :: 
Starting Direct loop ... 

2020-11-05 23:41:54,302 solvers 0/1 INFO :: Simulation stop time reached.
2020-11-05 23:41:55,147 adjoint_Solver 0/1 INFO :: 
Starting Adjoint loop ... 

2020-11-05 23:42:07,878 solvers 0/1 INFO :: Simulation stop time reached.
Starting Line Search ... 

2020-11-05 23:42:07,900 direct_Solver 0/1 INFO :: 
Starting Direct loop ... 

2020-11-05 23:42:18,568 solvers 0/1 INFO :: Simulation stop time reached.
2020-11-05 23:42:19,412 adjoint_Solver 0/1 INFO :: 
Starting Adjoint loop ... 

2020-11-05 23:42:32,132 solvers 0/1 INFO :: Simulation stop time reached.
Starting Line Search ... 

2020-11-05 23:42:32,154 direct_Solver 0/1 INFO :: 
Starting Direct loop ... 

2020-11-05 23:42:42,822 solvers 0/1 INFO :: Simulation stop time reached.
2020-11-05 23:42:43,667 adjoint_Solver 0/1 INFO :: 
Starting Adjoint loop ... 

2020-11-05 23:42:56,434 solvers 0/1 INFO :: Simulation stop time reached.
Starting Line Search ... 

2020-11-05 23:42:56,468 direct_Solver 0/1 INFO :: 
Starting Direct loop ... 

2020-11-05 23:43:07,165 solvers 0/1 INFO :: Simulation stop time reached.
2020-11-05 23:43:08,009 adjoint_Solver 0/1 INFO :: 
Starting Adjoint loop ... 

2020-11-05 23:43:20,771 solvers 0/1 INFO :: Simulation stop time reached.
Starting Line Search ... 

2020-11-05 23:43:20,793 direct_Solver 0/1 INFO :: 
Starting Direct loop ... 

2020-11-05 23:43:31,495 solvers 0/1 INFO :: Simulation stop time reached.
2020-11-05 23:43:32,340 adjoint_Solver 0/1 INFO :: 
Starting Adjoint loop ... 

2020-11-05 23:43:45,109 solvers 0/1 INFO :: Simulation stop time reached.
Line search from  0.020843177241343994  to  1.02668931645839  ... 

2020-11-05 23:43:45,143 direct_Solver 0/1 INFO :: 
Starting Direct loop ... 

2020-11-05 23:43:55,809 solvers 0/1 INFO :: Simulation stop time reached.
2020-11-05 23:43:56,655 adjoint_Solver 0/1 INFO :: 
Starting Adjoint loop ... 

2020-11-05 23:44:09,428 solvers 0/1 INFO :: Simulation stop time reached.
Line search interpolation unsuccessful ... 

2020-11-05 23:44:09,450 direct_Solver 0/1 INFO :: 
Starting Direct loop ... 

2020-11-05 23:44:20,131 solvers 0/1 INFO :: Simulation stop time reached.
2020-11-05 23:44:20,975 adjoint_Solver 0/1 INFO :: 
Starting Adjoint loop ... 

2020-11-05 23:44:33,683 solvers 0/1 INFO :: Simulation stop time reached.
After  34  loops: Residual =  3.5467900570678528 | Normalized Residual =  0.04858763873261583  ... 

Starting Loop  35  ... 

2020-11-05 23:44:33,709 direct_Solver 0/1 INFO :: 
Starting Direct loop ... 

2020-11-05 23:44:44,379 solvers 0/1 INFO :: Simulation stop time reached.
2020-11-05 23:44:45,224 adjoint_Solver 0/1 INFO :: 
Starting Adjoint loop ... 

2020-11-05 23:44:57,919 solvers 0/1 INFO :: Simulation stop time reached.
Starting Line Search ... 

2020-11-05 23:44:57,952 direct_Solver 0/1 INFO :: 
Starting Direct loop ... 

2020-11-05 23:45:08,655 solvers 0/1 INFO :: Simulation stop time reached.
2020-11-05 23:45:09,500 adjoint_Solver 0/1 INFO :: 
Starting Adjoint loop ... 

2020-11-05 23:45:22,299 solvers 0/1 INFO :: Simulation stop time reached.
Starting Line Search ... 

2020-11-05 23:45:22,322 direct_Solver 0/1 INFO :: 
Starting Direct loop ... 

2020-11-05 23:45:33,072 solvers 0/1 INFO :: Simulation stop time reached.
2020-11-05 23:45:33,916 adjoint_Solver 0/1 INFO :: 
Starting Adjoint loop ... 

2020-11-05 23:45:46,676 solvers 0/1 INFO :: Simulation stop time reached.
Starting Line Search ... 

2020-11-05 23:45:46,710 direct_Solver 0/1 INFO :: 
Starting Direct loop ... 

2020-11-05 23:45:57,397 solvers 0/1 INFO :: Simulation stop time reached.
2020-11-05 23:45:58,241 adjoint_Solver 0/1 INFO :: 
Starting Adjoint loop ... 

2020-11-05 23:46:10,996 solvers 0/1 INFO :: Simulation stop time reached.
Starting Line Search ... 

2020-11-05 23:46:11,018 direct_Solver 0/1 INFO :: 
Starting Direct loop ... 

2020-11-05 23:46:21,677 solvers 0/1 INFO :: Simulation stop time reached.
2020-11-05 23:46:22,521 adjoint_Solver 0/1 INFO :: 
Starting Adjoint loop ... 

2020-11-05 23:46:35,282 solvers 0/1 INFO :: Simulation stop time reached.
Starting Line Search ... 

2020-11-05 23:46:35,305 direct_Solver 0/1 INFO :: 
Starting Direct loop ... 

2020-11-05 23:46:46,017 solvers 0/1 INFO :: Simulation stop time reached.
2020-11-05 23:46:46,862 adjoint_Solver 0/1 INFO :: 
Starting Adjoint loop ... 

2020-11-05 23:46:59,611 solvers 0/1 INFO :: Simulation stop time reached.
Line search from  0.027419218601004974  to  0.5698056365521347  ... 

2020-11-05 23:46:59,645 direct_Solver 0/1 INFO :: 
Starting Direct loop ... 

2020-11-05 23:47:10,343 solvers 0/1 INFO :: Simulation stop time reached.
2020-11-05 23:47:11,187 adjoint_Solver 0/1 INFO :: 
Starting Adjoint loop ... 

2020-11-05 23:47:23,947 solvers 0/1 INFO :: Simulation stop time reached.
Line search interpolation unsuccessful ... 

2020-11-05 23:47:23,969 direct_Solver 0/1 INFO :: 
Starting Direct loop ... 

2020-11-05 23:47:34,653 solvers 0/1 INFO :: Simulation stop time reached.
2020-11-05 23:47:35,498 adjoint_Solver 0/1 INFO :: 
Starting Adjoint loop ... 

2020-11-05 23:47:48,266 solvers 0/1 INFO :: Simulation stop time reached.
After  42  loops: Residual =  1.8247815848518736 | Normalized Residual =  0.022594983015820448  ... 

Starting Loop  43  ... 

2020-11-05 23:47:48,303 direct_Solver 0/1 INFO :: 
Starting Direct loop ... 

2020-11-05 23:47:58,989 solvers 0/1 INFO :: Simulation stop time reached.
2020-11-05 23:47:59,833 adjoint_Solver 0/1 INFO :: 
Starting Adjoint loop ... 

2020-11-05 23:48:12,581 solvers 0/1 INFO :: Simulation stop time reached.
Starting Line Search ... 

2020-11-05 23:48:12,604 direct_Solver 0/1 INFO :: 
Starting Direct loop ... 

2020-11-05 23:48:23,291 solvers 0/1 INFO :: Simulation stop time reached.
2020-11-05 23:48:24,137 adjoint_Solver 0/1 INFO :: 
Starting Adjoint loop ... 

2020-11-05 23:48:36,883 solvers 0/1 INFO :: Simulation stop time reached.
Starting Line Search ... 

2020-11-05 23:48:36,906 direct_Solver 0/1 INFO :: 
Starting Direct loop ... 

2020-11-05 23:48:47,571 solvers 0/1 INFO :: Simulation stop time reached.
2020-11-05 23:48:48,418 adjoint_Solver 0/1 INFO :: 
Starting Adjoint loop ... 

2020-11-05 23:49:01,220 solvers 0/1 INFO :: Simulation stop time reached.
Starting Line Search ... 

2020-11-05 23:49:01,254 direct_Solver 0/1 INFO :: 
Starting Direct loop ... 

2020-11-05 23:49:11,940 solvers 0/1 INFO :: Simulation stop time reached.
2020-11-05 23:49:12,784 adjoint_Solver 0/1 INFO :: 
Starting Adjoint loop ... 

2020-11-05 23:49:25,518 solvers 0/1 INFO :: Simulation stop time reached.
Line search from  0.038226749480413734  to  0.31059233952836157  ... 

2020-11-05 23:49:25,541 direct_Solver 0/1 INFO :: 
Starting Direct loop ... 

2020-11-05 23:49:36,213 solvers 0/1 INFO :: Simulation stop time reached.
2020-11-05 23:49:37,056 adjoint_Solver 0/1 INFO :: 
Starting Adjoint loop ... 

2020-11-05 23:49:49,827 solvers 0/1 INFO :: Simulation stop time reached.
Line search interpolation unsuccessful ... 

2020-11-05 23:49:49,861 direct_Solver 0/1 INFO :: 
Starting Direct loop ... 

2020-11-05 23:50:00,540 solvers 0/1 INFO :: Simulation stop time reached.
2020-11-05 23:50:01,385 adjoint_Solver 0/1 INFO :: 
Starting Adjoint loop ... 

2020-11-05 23:50:14,145 solvers 0/1 INFO :: Simulation stop time reached.
After  48  loops: Residual =  0.7090671299021609 | Normalized Residual =  0.008427807866427927  ... 

Starting Loop  49  ... 

2020-11-05 23:50:14,173 direct_Solver 0/1 INFO :: 
Starting Direct loop ... 

2020-11-05 23:50:24,846 solvers 0/1 INFO :: Simulation stop time reached.
2020-11-05 23:50:25,691 adjoint_Solver 0/1 INFO :: 
Starting Adjoint loop ... 

2020-11-05 23:50:38,402 solvers 0/1 INFO :: Simulation stop time reached.
Starting Line Search ... 

2020-11-05 23:50:38,424 direct_Solver 0/1 INFO :: 
Starting Direct loop ... 

2020-11-05 23:50:49,108 solvers 0/1 INFO :: Simulation stop time reached.
2020-11-05 23:50:49,953 adjoint_Solver 0/1 INFO :: 
Starting Adjoint loop ... 

2020-11-05 23:51:02,689 solvers 0/1 INFO :: Simulation stop time reached.
Starting Line Search ... 

2020-11-05 23:51:02,721 direct_Solver 0/1 INFO :: 
Starting Direct loop ... 

2020-11-05 23:51:13,384 solvers 0/1 INFO :: Simulation stop time reached.
2020-11-05 23:51:14,228 adjoint_Solver 0/1 INFO :: 
Starting Adjoint loop ... 

2020-11-05 23:51:27,000 solvers 0/1 INFO :: Simulation stop time reached.
Line search from  0.061323811285621595  to  0.2912881036067026  ... 

2020-11-05 23:51:27,023 direct_Solver 0/1 INFO :: 
Starting Direct loop ... 

2020-11-05 23:51:37,706 solvers 0/1 INFO :: Simulation stop time reached.
2020-11-05 23:51:38,552 adjoint_Solver 0/1 INFO :: 
Starting Adjoint loop ... 

2020-11-05 23:51:51,313 solvers 0/1 INFO :: Simulation stop time reached.
Line search interpolation unsuccessful ... 

2020-11-05 23:51:51,347 direct_Solver 0/1 INFO :: 
Starting Direct loop ... 

2020-11-05 23:52:01,982 solvers 0/1 INFO :: Simulation stop time reached.
2020-11-05 23:52:02,825 adjoint_Solver 0/1 INFO :: 
Starting Adjoint loop ... 

2020-11-05 23:52:15,554 solvers 0/1 INFO :: Simulation stop time reached.
After  53  loops: Residual =  0.40408053648419534 | Normalized Residual =  0.004707985822946639  ... 

Starting Loop  54  ... 

2020-11-05 23:52:15,579 direct_Solver 0/1 INFO :: 
Starting Direct loop ... 

2020-11-05 23:52:26,233 solvers 0/1 INFO :: Simulation stop time reached.
2020-11-05 23:52:27,077 adjoint_Solver 0/1 INFO :: 
Starting Adjoint loop ... 

2020-11-05 23:52:39,836 solvers 0/1 INFO :: Simulation stop time reached.
Starting Line Search ... 

2020-11-05 23:52:39,858 direct_Solver 0/1 INFO :: 
Starting Direct loop ... 

2020-11-05 23:52:50,531 solvers 0/1 INFO :: Simulation stop time reached.
2020-11-05 23:52:51,374 adjoint_Solver 0/1 INFO :: 
Starting Adjoint loop ... 

2020-11-05 23:53:04,137 solvers 0/1 INFO :: Simulation stop time reached.
Starting Line Search ... 

2020-11-05 23:53:04,170 direct_Solver 0/1 INFO :: 
Starting Direct loop ... 

2020-11-05 23:53:14,853 solvers 0/1 INFO :: Simulation stop time reached.
2020-11-05 23:53:15,698 adjoint_Solver 0/1 INFO :: 
Starting Adjoint loop ... 

2020-11-05 23:53:28,457 solvers 0/1 INFO :: Simulation stop time reached.
Line search from  0.08123418901041549  to  0.3858623977994735  ... 

2020-11-05 23:53:28,479 direct_Solver 0/1 INFO :: 
Starting Direct loop ... 

2020-11-05 23:53:39,120 solvers 0/1 INFO :: Simulation stop time reached.
2020-11-05 23:53:39,965 adjoint_Solver 0/1 INFO :: 
Starting Adjoint loop ... 

2020-11-05 23:53:52,719 solvers 0/1 INFO :: Simulation stop time reached.
Line search interpolation unsuccessful ... 

2020-11-05 23:53:52,752 direct_Solver 0/1 INFO :: 
Starting Direct loop ... 

2020-11-05 23:54:03,420 solvers 0/1 INFO :: Simulation stop time reached.
2020-11-05 23:54:04,265 adjoint_Solver 0/1 INFO :: 
Starting Adjoint loop ... 

2020-11-05 23:54:17,011 solvers 0/1 INFO :: Simulation stop time reached.
After  58  loops: Residual =  0.3138790508533498 | Normalized Residual =  0.0036596982480711737  ... 

Starting Loop  59  ... 

2020-11-05 23:54:17,037 direct_Solver 0/1 INFO :: 
Starting Direct loop ... 

2020-11-05 23:54:27,685 solvers 0/1 INFO :: Simulation stop time reached.
2020-11-05 23:54:28,529 adjoint_Solver 0/1 INFO :: 
Starting Adjoint loop ... 

2020-11-05 23:54:41,267 solvers 0/1 INFO :: Simulation stop time reached.
Starting Line Search ... 

2020-11-05 23:54:41,289 direct_Solver 0/1 INFO :: 
Starting Direct loop ... 

2020-11-05 23:54:51,956 solvers 0/1 INFO :: Simulation stop time reached.
2020-11-05 23:54:52,800 adjoint_Solver 0/1 INFO :: 
Starting Adjoint loop ... 

2020-11-05 23:55:05,540 solvers 0/1 INFO :: Simulation stop time reached.
2020-11-05 23:55:05,573 direct_Solver 0/1 INFO :: 
Starting Direct loop ... 

2020-11-05 23:55:16,255 solvers 0/1 INFO :: Simulation stop time reached.
2020-11-05 23:55:17,099 adjoint_Solver 0/1 INFO :: 
Starting Adjoint loop ... 

2020-11-05 23:55:29,842 solvers 0/1 INFO :: Simulation stop time reached.
After  62  loops: Residual =  0.21640376371660683 | Normalized Residual =  0.0025292994656942527  ... 

Starting Loop  63  ... 

2020-11-05 23:55:29,868 direct_Solver 0/1 INFO :: 
Starting Direct loop ... 

2020-11-05 23:55:40,570 solvers 0/1 INFO :: Simulation stop time reached.
2020-11-05 23:55:41,414 adjoint_Solver 0/1 INFO :: 
Starting Adjoint loop ... 

2020-11-05 23:55:54,183 solvers 0/1 INFO :: Simulation stop time reached.
Starting Line Search ... 

2020-11-05 23:55:54,217 direct_Solver 0/1 INFO :: 
Starting Direct loop ... 

2020-11-05 23:56:04,871 solvers 0/1 INFO :: Simulation stop time reached.
2020-11-05 23:56:05,717 adjoint_Solver 0/1 INFO :: 
Starting Adjoint loop ... 

2020-11-05 23:56:18,486 solvers 0/1 INFO :: Simulation stop time reached.
2020-11-05 23:56:18,508 direct_Solver 0/1 INFO :: 
Starting Direct loop ... 

2020-11-05 23:56:29,230 solvers 0/1 INFO :: Simulation stop time reached.
2020-11-05 23:56:30,073 adjoint_Solver 0/1 INFO :: 
Starting Adjoint loop ... 

2020-11-05 23:56:42,819 solvers 0/1 INFO :: Simulation stop time reached.
After  66  loops: Residual =  0.19377624295394485 | Normalized Residual =  0.002276381726971542  ... 

Starting Loop  67  ... 

2020-11-05 23:56:42,844 direct_Solver 0/1 INFO :: 
Starting Direct loop ... 

2020-11-05 23:56:53,490 solvers 0/1 INFO :: Simulation stop time reached.
2020-11-05 23:56:54,335 adjoint_Solver 0/1 INFO :: 
Starting Adjoint loop ... 

2020-11-05 23:57:07,057 solvers 0/1 INFO :: Simulation stop time reached.
First line search failed ... reducing step size from  0.1  to  0.05  ... 

After  67  loops: Residual =  0.18980123924474723 | Normalized Residual =  0.0022386138228481225  ... 

Starting Loop  68  ... 

2020-11-05 23:57:07,094 direct_Solver 0/1 INFO :: 
Starting Direct loop ... 

2020-11-05 23:57:17,782 solvers 0/1 INFO :: Simulation stop time reached.
2020-11-05 23:57:18,627 adjoint_Solver 0/1 INFO :: 
Starting Adjoint loop ... 

2020-11-05 23:57:31,383 solvers 0/1 INFO :: Simulation stop time reached.
First line search failed ... reducing step size from  0.05  to  0.025  ... 

After  68  loops: Residual =  0.2382132435746519 | Normalized Residual =  0.00281598175117256  ... 

Starting Loop  69  ... 

2020-11-05 23:57:31,406 direct_Solver 0/1 INFO :: 
Starting Direct loop ... 

2020-11-05 23:57:42,139 solvers 0/1 INFO :: Simulation stop time reached.
2020-11-05 23:57:42,983 adjoint_Solver 0/1 INFO :: 
Starting Adjoint loop ... 

2020-11-05 23:57:55,776 solvers 0/1 INFO :: Simulation stop time reached.
First line search failed ... reducing step size from  0.025125377358358344  to  0.012562688679179172  ... 

After  69  loops: Residual =  0.2754253662643782 | Normalized Residual =  0.003259845712601592  ... 

Starting Loop  70  ... 

2020-11-05 23:57:55,810 direct_Solver 0/1 INFO :: 
Starting Direct loop ... 

2020-11-05 23:58:06,503 solvers 0/1 INFO :: Simulation stop time reached.
2020-11-05 23:58:07,351 adjoint_Solver 0/1 INFO :: 
Starting Adjoint loop ... 

2020-11-05 23:58:20,060 solvers 0/1 INFO :: Simulation stop time reached.
First line search failed ... reducing step size from  0.012578252017476633  to  0.006289126008738316  ... 

After  70  loops: Residual =  0.29719670764619277 | Normalized Residual =  0.0035197327567014266  ... 

Starting Loop  71  ... 

2020-11-05 23:58:20,083 direct_Solver 0/1 INFO :: 
Starting Direct loop ... 

2020-11-05 23:58:30,739 solvers 0/1 INFO :: Simulation stop time reached.
2020-11-05 23:58:31,582 adjoint_Solver 0/1 INFO :: 
Starting Adjoint loop ... 

2020-11-05 23:58:44,332 solvers 0/1 INFO :: Simulation stop time reached.
First line search failed ... reducing step size from  0.006291106735258871  to  0.0031455533676294353  ... 

After  71  loops: Residual =  0.30885618008241394 | Normalized Residual =  0.0036589808126062363  ... 

Starting Loop  72  ... 

2020-11-05 23:58:44,355 direct_Solver 0/1 INFO :: 
Starting Direct loop ... 

2020-11-05 23:58:55,080 solvers 0/1 INFO :: Simulation stop time reached.
2020-11-05 23:58:55,924 adjoint_Solver 0/1 INFO :: 
Starting Adjoint loop ... 

2020-11-05 23:59:08,638 solvers 0/1 INFO :: Simulation stop time reached.
First line search failed ... reducing step size from  0.003145802060178034  to  0.001572901030089017  ... 

After  72  loops: Residual =  0.31487676736393594 | Normalized Residual =  0.0037309030829885434  ... 

Starting Loop  73  ... 

2020-11-05 23:59:08,671 direct_Solver 0/1 INFO :: 
Starting Direct loop ... 

2020-11-05 23:59:19,335 solvers 0/1 INFO :: Simulation stop time reached.
2020-11-05 23:59:20,180 adjoint_Solver 0/1 INFO :: 
Starting Adjoint loop ... 

2020-11-05 23:59:32,918 solvers 0/1 INFO :: Simulation stop time reached.
First line search failed ... reducing step size from  0.0015729321518384277  to  0.0007864660759192138  ... 

After  73  loops: Residual =  0.31793442398646027 | Normalized Residual =  0.0037674349960502454  ... 

Starting Loop  74  ... 

2020-11-05 23:59:32,940 direct_Solver 0/1 INFO :: 
Starting Direct loop ... 

2020-11-05 23:59:43,657 solvers 0/1 INFO :: Simulation stop time reached.
2020-11-05 23:59:44,502 adjoint_Solver 0/1 INFO :: 
Starting Adjoint loop ... 

2020-11-05 23:59:57,266 solvers 0/1 INFO :: Simulation stop time reached.
First line search failed ... reducing step size from  0.0007864699672431762  to  0.0003932349836215881  ... 

After  74  loops: Residual =  0.31947504780976493 | Normalized Residual =  0.003785843156163446  ... 

Starting Loop  75  ... 

2020-11-05 23:59:57,300 direct_Solver 0/1 INFO :: 
Starting Direct loop ... 

2020-11-06 00:00:08,041 solvers 0/1 INFO :: Simulation stop time reached.
2020-11-06 00:00:08,890 adjoint_Solver 0/1 INFO :: 
Starting Adjoint loop ... 

2020-11-06 00:00:21,619 solvers 0/1 INFO :: Simulation stop time reached.
First line search failed ... reducing step size from  0.0003932354700716706  to  0.0001966177350358353  ... 

After  75  loops: Residual =  0.3202483028524318 | Normalized Residual =  0.003795082724644833  ... 

Starting Loop  76  ... 

2020-11-06 00:00:21,641 direct_Solver 0/1 INFO :: 
Starting Direct loop ... 

2020-11-06 00:00:32,325 solvers 0/1 INFO :: Simulation stop time reached.
2020-11-06 00:00:33,170 adjoint_Solver 0/1 INFO :: 
Starting Adjoint loop ... 

2020-11-06 00:00:45,884 solvers 0/1 INFO :: Simulation stop time reached.
First line search failed ... reducing step size from  0.00019661779584317676  to  9.830889792158838e-05  ... 

After  76  loops: Residual =  0.32063566543241384 | Normalized Residual =  0.0037997113731142555  ... 

Starting Loop  77  ... 

2020-11-06 00:00:45,918 direct_Solver 0/1 INFO :: 
Starting Direct loop ... 

2020-11-06 00:00:56,599 solvers 0/1 INFO :: Simulation stop time reached.
2020-11-06 00:00:57,443 adjoint_Solver 0/1 INFO :: 
Starting Adjoint loop ... 

2020-11-06 00:01:10,218 solvers 0/1 INFO :: Simulation stop time reached.
First line search failed ... reducing step size from  9.830890552253985e-05  to  4.915445276126993e-05  ... 

After  77  loops: Residual =  0.3208295303961655 | Normalized Residual =  0.0038020279124168295  ... 

Starting Loop  78  ... 

2020-11-06 00:01:10,241 direct_Solver 0/1 INFO :: 
Starting Direct loop ... 

2020-11-06 00:01:20,936 solvers 0/1 INFO :: Simulation stop time reached.
2020-11-06 00:01:21,780 adjoint_Solver 0/1 INFO :: 
Starting Adjoint loop ... 

2020-11-06 00:01:34,524 solvers 0/1 INFO :: Simulation stop time reached.
First line search failed ... reducing step size from  4.915445371138993e-05  to  2.4577226855694964e-05  ... 

After  78  loops: Residual =  0.32092650878513196 | Normalized Residual =  0.0038031867357116275  ... 

Starting Loop  79  ... 

2020-11-06 00:01:34,546 direct_Solver 0/1 INFO :: 
Starting Direct loop ... 

2020-11-06 00:01:45,255 solvers 0/1 INFO :: Simulation stop time reached.
2020-11-06 00:01:46,102 adjoint_Solver 0/1 INFO :: 
Starting Adjoint loop ... 

2020-11-06 00:01:58,898 solvers 0/1 INFO :: Simulation stop time reached.
First line search failed ... reducing step size from  2.4577226974459984e-05  to  1.2288613487229992e-05  ... 

After  79  loops: Residual =  0.3209750094549489 | Normalized Residual =  0.003803766285754216  ... 

Starting Loop  80  ... 

2020-11-06 00:01:58,931 direct_Solver 0/1 INFO :: 
Starting Direct loop ... 

2020-11-06 00:02:09,627 solvers 0/1 INFO :: Simulation stop time reached.
2020-11-06 00:02:10,476 adjoint_Solver 0/1 INFO :: 
Starting Adjoint loop ... 

2020-11-06 00:02:23,234 solvers 0/1 INFO :: Simulation stop time reached.
First line search failed ... reducing step size from  1.2288613502075627e-05  to  6.1443067510378135e-06  ... 

After  80  loops: Residual =  0.3209992626585279 | Normalized Residual =  0.0038040560953725086  ... 

Starting Loop  81  ... 

2020-11-06 00:02:23,257 direct_Solver 0/1 INFO :: 
Starting Direct loop ... 

2020-11-06 00:02:33,960 solvers 0/1 INFO :: Simulation stop time reached.
2020-11-06 00:02:34,809 adjoint_Solver 0/1 INFO :: 
Starting Adjoint loop ... 

2020-11-06 00:02:47,621 solvers 0/1 INFO :: Simulation stop time reached.
First line search failed ... reducing step size from  6.144306752893518e-06  to  3.072153376446759e-06  ... 

After  81  loops: Residual =  0.3210113899774348 | Normalized Residual =  0.0038042010088303684  ... 

Starting Loop  82  ... 

2020-11-06 00:02:47,655 direct_Solver 0/1 INFO :: 
Starting Direct loop ... 

2020-11-06 00:02:58,321 solvers 0/1 INFO :: Simulation stop time reached.
2020-11-06 00:02:59,169 adjoint_Solver 0/1 INFO :: 
Starting Adjoint loop ... 

2020-11-06 00:03:11,911 solvers 0/1 INFO :: Simulation stop time reached.
First line search failed ... reducing step size from  3.072153376678722e-06  to  1.536076688339361e-06  ... 

After  82  loops: Residual =  0.32101745381618046 | Normalized Residual =  0.003804273467721564  ... 

Starting Loop  83  ... 

2020-11-06 00:03:11,933 direct_Solver 0/1 INFO :: 
Starting Direct loop ... 

2020-11-06 00:03:22,620 solvers 0/1 INFO :: Simulation stop time reached.
2020-11-06 00:03:23,468 adjoint_Solver 0/1 INFO :: 
Starting Adjoint loop ... 

2020-11-06 00:03:36,262 solvers 0/1 INFO :: Simulation stop time reached.
First line search failed ... reducing step size from  1.536076688368356e-06  to  7.68038344184178e-07  ... 

After  83  loops: Residual =  0.32102048578037967 | Normalized Residual =  0.003804309697707867  ... 

Starting Loop  84  ... 

2020-11-06 00:03:36,285 direct_Solver 0/1 INFO :: 
Starting Direct loop ... 

2020-11-06 00:03:46,975 solvers 0/1 INFO :: Simulation stop time reached.
2020-11-06 00:03:47,819 adjoint_Solver 0/1 INFO :: 
Starting Adjoint loop ... 

2020-11-06 00:04:00,567 solvers 0/1 INFO :: Simulation stop time reached.
First line search failed ... reducing step size from  7.680383441878026e-07  to  3.840191720939013e-07  ... 

After  84  loops: Residual =  0.32102200177367846 | Normalized Residual =  0.003804327812836078  ... 

Starting Loop  85  ... 

2020-11-06 00:04:00,601 direct_Solver 0/1 INFO :: 
Starting Direct loop ... 

2020-11-06 00:04:11,307 solvers 0/1 INFO :: Simulation stop time reached.
2020-11-06 00:04:12,155 adjoint_Solver 0/1 INFO :: 
Starting Adjoint loop ... 

2020-11-06 00:04:24,933 solvers 0/1 INFO :: Simulation stop time reached.
First line search failed ... reducing step size from  3.840191720943544e-07  to  1.920095860471772e-07  ... 

After  85  loops: Residual =  0.321022759773138 | Normalized Residual =  0.003804336870433953  ... 

Starting Loop  86  ... 

2020-11-06 00:04:24,955 direct_Solver 0/1 INFO :: 
Starting Direct loop ... 

2020-11-06 00:04:35,633 solvers 0/1 INFO :: Simulation stop time reached.
2020-11-06 00:04:36,480 adjoint_Solver 0/1 INFO :: 
Starting Adjoint loop ... 

2020-11-06 00:04:49,245 solvers 0/1 INFO :: Simulation stop time reached.
First line search failed ... reducing step size from  1.9200958604723388e-07  to  9.600479302361694e-08  ... 

After  86  loops: Residual =  0.3210231387735765 | Normalized Residual =  0.003804341399241501  ... 

Starting Loop  87  ... 

2020-11-06 00:04:49,279 direct_Solver 0/1 INFO :: 
Starting Direct loop ... 

2020-11-06 00:05:00,017 solvers 0/1 INFO :: Simulation stop time reached.
2020-11-06 00:05:00,863 adjoint_Solver 0/1 INFO :: 
Starting Adjoint loop ... 

2020-11-06 00:05:13,610 solvers 0/1 INFO :: Simulation stop time reached.
First line search failed ... reducing step size from  9.600479302362402e-08  to  4.800239651181201e-08  ... 

After  87  loops: Residual =  0.3210233282739461 | Normalized Residual =  0.003804343663647162  ... 

Starting Loop  88  ... 

2020-11-06 00:05:13,632 direct_Solver 0/1 INFO :: 
Starting Direct loop ... 

2020-11-06 00:05:24,323 solvers 0/1 INFO :: Simulation stop time reached.
2020-11-06 00:05:25,169 adjoint_Solver 0/1 INFO :: 
Starting Adjoint loop ... 

2020-11-06 00:05:37,949 solvers 0/1 INFO :: Simulation stop time reached.
First line search failed ... reducing step size from  4.8002396511812885e-08  to  2.4001198255906442e-08  ... 

After  88  loops: Residual =  0.3210234230241849 | Normalized Residual =  0.0038043447958505763  ... 

Starting Loop  89  ... 

2020-11-06 00:05:37,971 direct_Solver 0/1 INFO :: 
Starting Direct loop ... 

2020-11-06 00:05:48,677 solvers 0/1 INFO :: Simulation stop time reached.
2020-11-06 00:05:49,523 adjoint_Solver 0/1 INFO :: 
Starting Adjoint loop ... 

2020-11-06 00:06:02,348 solvers 0/1 INFO :: Simulation stop time reached.
First line search failed ... reducing step size from  2.4001198255906555e-08  to  1.2000599127953277e-08  ... 

After  89  loops: Residual =  0.3210234703993007 | Normalized Residual =  0.003804345361952292  ... 

Starting Loop  90  ... 

2020-11-06 00:06:02,382 direct_Solver 0/1 INFO :: 
Starting Direct loop ... 

2020-11-06 00:06:13,065 solvers 0/1 INFO :: Simulation stop time reached.
2020-11-06 00:06:13,910 adjoint_Solver 0/1 INFO :: 
Starting Adjoint loop ... 

2020-11-06 00:06:26,686 solvers 0/1 INFO :: Simulation stop time reached.
First line search failed ... reducing step size from  1.200059912795329e-08  to  6.000299563976645e-09  ... 

After  90  loops: Residual =  0.32102349408687836 | Normalized Residual =  0.00380434564500337  ... 

Starting Loop  91  ... 

2020-11-06 00:06:26,709 direct_Solver 0/1 INFO :: 
Starting Direct loop ... 

2020-11-06 00:06:37,399 solvers 0/1 INFO :: Simulation stop time reached.
2020-11-06 00:06:38,244 adjoint_Solver 0/1 INFO :: 
Starting Adjoint loop ... 

2020-11-06 00:06:51,008 solvers 0/1 INFO :: Simulation stop time reached.
First line search failed ... reducing step size from  6.000299563976648e-09  to  3.000149781988324e-09  ... 

After  91  loops: Residual =  0.32102350593067547 | Normalized Residual =  0.003804345786528893  ... 

Starting Loop  92  ... 

2020-11-06 00:06:51,042 direct_Solver 0/1 INFO :: 
Starting Direct loop ... 

2020-11-06 00:07:01,724 solvers 0/1 INFO :: Simulation stop time reached.
2020-11-06 00:07:02,570 adjoint_Solver 0/1 INFO :: 
Starting Adjoint loop ... 

2020-11-06 00:07:15,364 solvers 0/1 INFO :: Simulation stop time reached.
First line search failed ... reducing step size from  3.0001497819883247e-09  to  1.5000748909941624e-09  ... 

After  92  loops: Residual =  0.3210235118525539 | Normalized Residual =  0.0038043458572914854  ... 

Starting Loop  93  ... 

2020-11-06 00:07:15,387 direct_Solver 0/1 INFO :: 
Starting Direct loop ... 

2020-11-06 00:07:26,126 solvers 0/1 INFO :: Simulation stop time reached.
2020-11-06 00:07:26,970 adjoint_Solver 0/1 INFO :: 
Starting Adjoint loop ... 

2020-11-06 00:07:39,769 solvers 0/1 INFO :: Simulation stop time reached.
First line search failed ... reducing step size from  1.5000748909941622e-09  to  7.500374454970811e-10  ... 

After  93  loops: Residual =  0.32102351481350005 | Normalized Residual =  0.0038043458926729536  ... 

Starting Loop  94  ... 

2020-11-06 00:07:39,790 direct_Solver 0/1 INFO :: 
Starting Direct loop ... 

2020-11-06 00:07:50,429 solvers 0/1 INFO :: Simulation stop time reached.
2020-11-06 00:07:51,275 adjoint_Solver 0/1 INFO :: 
Starting Adjoint loop ... 

2020-11-06 00:08:04,005 solvers 0/1 INFO :: Simulation stop time reached.
First line search failed ... reducing step size from  7.50037445497081e-10  to  3.750187227485405e-10  ... 

After  94  loops: Residual =  0.3210235162939899 | Normalized Residual =  0.0038043459103637716  ... 

Starting Loop  95  ... 

2020-11-06 00:08:04,038 direct_Solver 0/1 INFO :: 
Starting Direct loop ... 

2020-11-06 00:08:14,727 solvers 0/1 INFO :: Simulation stop time reached.
2020-11-06 00:08:15,573 adjoint_Solver 0/1 INFO :: 
Starting Adjoint loop ... 

2020-11-06 00:08:28,363 solvers 0/1 INFO :: Simulation stop time reached.
First line search failed ... reducing step size from  3.750187227485405e-10  to  1.8750936137427024e-10  ... 

After  95  loops: Residual =  0.32102351703421766 | Normalized Residual =  0.0038043459192090645  ... 

Starting Loop  96  ... 

2020-11-06 00:08:28,385 direct_Solver 0/1 INFO :: 
Starting Direct loop ... 

2020-11-06 00:08:39,060 solvers 0/1 INFO :: Simulation stop time reached.
2020-11-06 00:08:39,904 adjoint_Solver 0/1 INFO :: 
Starting Adjoint loop ... 

2020-11-06 00:08:52,665 solvers 0/1 INFO :: Simulation stop time reached.
First line search failed ... reducing step size from  1.875093613742703e-10  to  9.375468068713515e-11  ... 

After  96  loops: Residual =  0.3210235174043405 | Normalized Residual =  0.003804345923631724  ... 

Starting Loop  97  ... 

2020-11-06 00:08:52,699 direct_Solver 0/1 INFO :: 
Starting Direct loop ... 

2020-11-06 00:09:03,390 solvers 0/1 INFO :: Simulation stop time reached.
2020-11-06 00:09:04,234 adjoint_Solver 0/1 INFO :: 
Starting Adjoint loop ... 

2020-11-06 00:09:17,033 solvers 0/1 INFO :: Simulation stop time reached.
First line search failed ... reducing step size from  9.375468068713515e-11  to  4.6877340343567574e-11  ... 

After  97  loops: Residual =  0.3210235175893997 | Normalized Residual =  0.003804345925843066  ... 

Starting Loop  98  ... 

2020-11-06 00:09:17,056 direct_Solver 0/1 INFO :: 
Starting Direct loop ... 

2020-11-06 00:09:27,739 solvers 0/1 INFO :: Simulation stop time reached.
2020-11-06 00:09:28,584 adjoint_Solver 0/1 INFO :: 
Starting Adjoint loop ... 

2020-11-06 00:09:41,342 solvers 0/1 INFO :: Simulation stop time reached.
First line search failed ... reducing step size from  4.6877340343567587e-11  to  2.3438670171783793e-11  ... 

After  98  loops: Residual =  0.321023517681926 | Normalized Residual =  0.0038043459269486925  ... 

Starting Loop  99  ... 

2020-11-06 00:09:41,364 direct_Solver 0/1 INFO :: 
Starting Direct loop ... 

2020-11-06 00:09:52,116 solvers 0/1 INFO :: Simulation stop time reached.
2020-11-06 00:09:52,961 adjoint_Solver 0/1 INFO :: 
Starting Adjoint loop ... 

2020-11-06 00:10:05,741 solvers 0/1 INFO :: Simulation stop time reached.
First line search failed ... reducing step size from  2.3438670171783787e-11  to  1.1719335085891893e-11  ... 

After  99  loops: Residual =  0.32102351772818893 | Normalized Residual =  0.0038043459275015064  ... 

Starting Loop  100  ... 

2020-11-06 00:10:05,774 direct_Solver 0/1 INFO :: 
Starting Direct loop ... 

2020-11-06 00:10:16,436 solvers 0/1 INFO :: Simulation stop time reached.
2020-11-06 00:10:17,281 adjoint_Solver 0/1 INFO :: 
Starting Adjoint loop ... 

2020-11-06 00:10:30,019 solvers 0/1 INFO :: Simulation stop time reached.
First line search failed ... reducing step size from  1.1719335085891897e-11  to  5.859667542945948e-12  ... 

After  100  loops: Residual =  0.32102351775132304 | Normalized Residual =  0.0038043459277779398  ... 

Starting Loop  101  ... 

2020-11-06 00:10:30,041 direct_Solver 0/1 INFO :: 
Starting Direct loop ... 

2020-11-06 00:10:40,753 solvers 0/1 INFO :: Simulation stop time reached.
2020-11-06 00:10:41,599 adjoint_Solver 0/1 INFO :: 
Starting Adjoint loop ... 

2020-11-06 00:10:54,395 solvers 0/1 INFO :: Simulation stop time reached.
First line search failed ... reducing step size from  5.859667542945948e-12  to  2.929833771472974e-12  ... 

After  101  loops: Residual =  0.32102351776288407 | Normalized Residual =  0.0038043459279161005  ... 

Starting Loop  102  ... 

2020-11-06 00:10:54,429 direct_Solver 0/1 INFO :: 
Starting Direct loop ... 

2020-11-06 00:11:05,118 solvers 0/1 INFO :: Simulation stop time reached.
2020-11-06 00:11:05,962 adjoint_Solver 0/1 INFO :: 
Starting Adjoint loop ... 

2020-11-06 00:11:18,681 solvers 0/1 INFO :: Simulation stop time reached.
First line search failed ... reducing step size from  2.929833771472975e-12  to  1.4649168857364875e-12  ... 

After  102  loops: Residual =  0.32102351776866556 | Normalized Residual =  0.0038043459279851572  ... 

Starting Loop  103  ... 

2020-11-06 00:11:18,704 direct_Solver 0/1 INFO :: 
Starting Direct loop ... 

2020-11-06 00:11:29,416 solvers 0/1 INFO :: Simulation stop time reached.
2020-11-06 00:11:30,262 adjoint_Solver 0/1 INFO :: 
Starting Adjoint loop ... 

2020-11-06 00:11:43,031 solvers 0/1 INFO :: Simulation stop time reached.
First line search failed ... reducing step size from  1.464916885736487e-12  to  7.324584428682435e-13  ... 

After  103  loops: Residual =  0.3210235177715609 | Normalized Residual =  0.003804345928019778  ... 

Starting Loop  104  ... 

2020-11-06 00:11:43,054 direct_Solver 0/1 INFO :: 
Starting Direct loop ... 

2020-11-06 00:11:53,757 solvers 0/1 INFO :: Simulation stop time reached.
2020-11-06 00:11:54,603 adjoint_Solver 0/1 INFO :: 
Starting Adjoint loop ... 

2020-11-06 00:12:07,389 solvers 0/1 INFO :: Simulation stop time reached.
First line search failed ... reducing step size from  7.324584428682435e-13  to  3.6622922143412177e-13  ... 

After  104  loops: Residual =  0.32102351777300797 | Normalized Residual =  0.0038043459280371  ... 

Starting Loop  105  ... 

2020-11-06 00:12:07,423 direct_Solver 0/1 INFO :: 
Starting Direct loop ... 

2020-11-06 00:12:18,187 solvers 0/1 INFO :: Simulation stop time reached.
2020-11-06 00:12:19,032 adjoint_Solver 0/1 INFO :: 
Starting Adjoint loop ... 

2020-11-06 00:12:31,766 solvers 0/1 INFO :: Simulation stop time reached.
First line search failed ... reducing step size from  3.6622922143412187e-13  to  1.8311461071706094e-13  ... 

After  105  loops: Residual =  0.32102351777372684 | Normalized Residual =  0.003804345928045676  ... 

Starting Loop  106  ... 

2020-11-06 00:12:31,788 direct_Solver 0/1 INFO :: 
Starting Direct loop ... 

2020-11-06 00:12:42,424 solvers 0/1 INFO :: Simulation stop time reached.
2020-11-06 00:12:43,270 adjoint_Solver 0/1 INFO :: 
Starting Adjoint loop ... 

2020-11-06 00:12:55,991 solvers 0/1 INFO :: Simulation stop time reached.
First line search failed ... reducing step size from  1.831146107170609e-13  to  9.155730535853046e-14  ... 

After  106  loops: Residual =  0.3210235177740871 | Normalized Residual =  0.003804345928050016  ... 

Starting Loop  107  ... 

2020-11-06 00:12:56,025 direct_Solver 0/1 INFO :: 
Starting Direct loop ... 

2020-11-06 00:13:06,697 solvers 0/1 INFO :: Simulation stop time reached.
2020-11-06 00:13:07,542 adjoint_Solver 0/1 INFO :: 
Starting Adjoint loop ... 

2020-11-06 00:13:20,342 solvers 0/1 INFO :: Simulation stop time reached.
First line search failed ... reducing step size from  9.155730535853048e-14  to  4.577865267926524e-14  ... 

After  107  loops: Residual =  0.3210235177742669 | Normalized Residual =  0.0038043459280521184  ... 

Starting Loop  108  ... 

2020-11-06 00:13:20,365 direct_Solver 0/1 INFO :: 
Starting Direct loop ... 

2020-11-06 00:13:31,063 solvers 0/1 INFO :: Simulation stop time reached.
2020-11-06 00:13:31,908 adjoint_Solver 0/1 INFO :: 
Starting Adjoint loop ... 

2020-11-06 00:13:44,695 solvers 0/1 INFO :: Simulation stop time reached.
First line search failed ... reducing step size from  4.577865267926524e-14  to  2.288932633963262e-14  ... 

After  108  loops: Residual =  0.3210235177743623 | Normalized Residual =  0.0038043459280532577  ... 

Starting Loop  109  ... 

2020-11-06 00:13:44,717 direct_Solver 0/1 INFO :: 
Starting Direct loop ... 

2020-11-06 00:13:55,468 solvers 0/1 INFO :: Simulation stop time reached.
2020-11-06 00:13:56,315 adjoint_Solver 0/1 INFO :: 
Starting Adjoint loop ... 

2020-11-06 00:14:09,093 solvers 0/1 INFO :: Simulation stop time reached.
First line search failed ... reducing step size from  2.2889326339632617e-14  to  1.1444663169816309e-14  ... 

After  109  loops: Residual =  0.3210235177744058 | Normalized Residual =  0.0038043459280538336  ... 

Starting Loop  110  ... 

2020-11-06 00:14:09,127 direct_Solver 0/1 INFO :: 
Starting Direct loop ... 

2020-11-06 00:14:19,789 solvers 0/1 INFO :: Simulation stop time reached.
2020-11-06 00:14:20,634 adjoint_Solver 0/1 INFO :: 
Starting Adjoint loop ... 

2020-11-06 00:14:33,379 solvers 0/1 INFO :: Simulation stop time reached.
First line search failed ... reducing step size from  1.1444663169816309e-14  to  5.722331584908154e-15  ... 

After  110  loops: Residual =  0.32102351777442634 | Normalized Residual =  0.003804345928054063  ... 

Starting Loop  111  ... 

2020-11-06 00:14:33,401 direct_Solver 0/1 INFO :: 
Starting Direct loop ... 

2020-11-06 00:14:44,120 solvers 0/1 INFO :: Simulation stop time reached.
2020-11-06 00:14:44,965 adjoint_Solver 0/1 INFO :: 
Starting Adjoint loop ... 

2020-11-06 00:14:57,714 solvers 0/1 INFO :: Simulation stop time reached.
First line search failed ... reducing step size from  5.722331584908154e-15  to  2.861165792454077e-15  ... 

After  111  loops: Residual =  0.32102351777443333 | Normalized Residual =  0.0038043459280541494  ... 

Starting Loop  112  ... 

2020-11-06 00:14:57,748 direct_Solver 0/1 INFO :: 
Starting Direct loop ... 

2020-11-06 00:15:08,427 solvers 0/1 INFO :: Simulation stop time reached.
2020-11-06 00:15:09,272 adjoint_Solver 0/1 INFO :: 
Starting Adjoint loop ... 

2020-11-06 00:15:22,015 solvers 0/1 INFO :: Simulation stop time reached.
First line search failed ... reducing step size from  2.861165792454078e-15  to  1.430582896227039e-15  ... 

After  112  loops: Residual =  0.32102351777443777 | Normalized Residual =  0.0038043459280542075  ... 

Starting Loop  113  ... 

2020-11-06 00:15:22,037 direct_Solver 0/1 INFO :: 
Starting Direct loop ... 

2020-11-06 00:15:32,773 solvers 0/1 INFO :: Simulation stop time reached.
2020-11-06 00:15:33,619 adjoint_Solver 0/1 INFO :: 
Starting Adjoint loop ... 

2020-11-06 00:15:46,416 solvers 0/1 INFO :: Simulation stop time reached.
First line search failed ... reducing step size from  1.430582896227039e-15  to  7.152914481135195e-16  ... 

After  113  loops: Residual =  0.3210235177744477 | Normalized Residual =  0.0038043459280542994  ... 

Starting Loop  114  ... 

2020-11-06 00:15:46,439 direct_Solver 0/1 INFO :: 
Starting Direct loop ... 

2020-11-06 00:15:57,169 solvers 0/1 INFO :: Simulation stop time reached.
2020-11-06 00:15:58,014 adjoint_Solver 0/1 INFO :: 
Starting Adjoint loop ... 

2020-11-06 00:16:10,755 solvers 0/1 INFO :: Simulation stop time reached.
First line search failed ... reducing step size from  7.152914481135194e-16  to  3.576457240567597e-16  ... 

After  114  loops: Residual =  0.3210235177744509 | Normalized Residual =  0.003804345928054317  ... 

Starting Loop  115  ... 

2020-11-06 00:16:10,788 direct_Solver 0/1 INFO :: 
Starting Direct loop ... 

2020-11-06 00:16:21,485 solvers 0/1 INFO :: Simulation stop time reached.
2020-11-06 00:16:22,332 adjoint_Solver 0/1 INFO :: 
Starting Adjoint loop ... 

2020-11-06 00:16:35,113 solvers 0/1 INFO :: Simulation stop time reached.
First line search failed ... reducing step size from  3.576457240567597e-16  to  1.7882286202837985e-16  ... 

After  115  loops: Residual =  0.321023517774452 | Normalized Residual =  0.003804345928054317  ... 

Starting Loop  116  ... 

2020-11-06 00:16:35,136 direct_Solver 0/1 INFO :: 
Starting Direct loop ... 

2020-11-06 00:16:45,823 solvers 0/1 INFO :: Simulation stop time reached.
2020-11-06 00:16:46,668 adjoint_Solver 0/1 INFO :: 
Starting Adjoint loop ... 

2020-11-06 00:16:59,396 solvers 0/1 INFO :: Simulation stop time reached.
First line search failed ... reducing step size from  1.788228620283799e-16  to  8.941143101418995e-17  ... 

After  116  loops: Residual =  0.32102351777445676 | Normalized Residual =  0.0038043459280543814  ... 

Starting Loop  117  ... 

2020-11-06 00:16:59,430 direct_Solver 0/1 INFO :: 
Starting Direct loop ... 

2020-11-06 00:17:10,142 solvers 0/1 INFO :: Simulation stop time reached.
2020-11-06 00:17:10,987 adjoint_Solver 0/1 INFO :: 
Starting Adjoint loop ... 

2020-11-06 00:17:24,776 solvers 0/1 INFO :: Simulation stop time reached.
First line search failed ... reducing step size from  8.941143101418993e-17  to  4.470571550709497e-17  ... 

After  117  loops: Residual =  0.321023517774455 | Normalized Residual =  0.003804345928054397  ... 

Starting Loop  118  ... 

2020-11-06 00:17:24,799 direct_Solver 0/1 INFO :: 
Starting Direct loop ... 

2020-11-06 00:17:35,499 solvers 0/1 INFO :: Simulation stop time reached.
2020-11-06 00:17:36,344 adjoint_Solver 0/1 INFO :: 
Starting Adjoint loop ... 

2020-11-06 00:17:49,081 solvers 0/1 INFO :: Simulation stop time reached.
First line search failed ... reducing step size from  4.470571550709497e-17  to  2.2352857753547484e-17  ... 

After  118  loops: Residual =  0.32102351777445376 | Normalized Residual =  0.003804345928054362  ... 

Starting Loop  119  ... 

2020-11-06 00:17:49,115 direct_Solver 0/1 INFO :: 
Starting Direct loop ... 

2020-11-06 00:17:59,840 solvers 0/1 INFO :: Simulation stop time reached.
2020-11-06 00:18:00,684 adjoint_Solver 0/1 INFO :: 
Starting Adjoint loop ... 

2020-11-06 00:18:13,459 solvers 0/1 INFO :: Simulation stop time reached.
First line search failed ... reducing step size from  2.2352857753547484e-17  to  1.1176428876773742e-17  ... 

After  119  loops: Residual =  0.32102351777445476 | Normalized Residual =  0.0038043459280543575  ... 

Starting Loop  120  ... 

2020-11-06 00:18:13,481 direct_Solver 0/1 INFO :: 
Starting Direct loop ... 

2020-11-06 00:18:24,161 solvers 0/1 INFO :: Simulation stop time reached.
2020-11-06 00:18:25,013 adjoint_Solver 0/1 INFO :: 
Starting Adjoint loop ... 

2020-11-06 00:18:37,752 solvers 0/1 INFO :: Simulation stop time reached.
First line search failed ... reducing step size from  1.1176428876773742e-17  to  5.588214438386871e-18  ... 

After  120  loops: Residual =  0.3210235177744507 | Normalized Residual =  0.003804345928054311  ... 

Starting Loop  121  ... 

2020-11-06 00:18:37,775 direct_Solver 0/1 INFO :: 
Starting Direct loop ... 

2020-11-06 00:18:48,459 solvers 0/1 INFO :: Simulation stop time reached.
2020-11-06 00:18:49,306 adjoint_Solver 0/1 INFO :: 
Starting Adjoint loop ... 

2020-11-06 00:19:02,042 solvers 0/1 INFO :: Simulation stop time reached.
First line search failed ... reducing step size from  5.588214438386871e-18  to  2.7941072191934355e-18  ... 

After  121  loops: Residual =  0.32102351777445665 | Normalized Residual =  0.0038043459280544035  ... 

Starting Loop  122  ... 

2020-11-06 00:19:02,075 direct_Solver 0/1 INFO :: 
Starting Direct loop ... 

2020-11-06 00:19:12,750 solvers 0/1 INFO :: Simulation stop time reached.
2020-11-06 00:19:13,596 adjoint_Solver 0/1 INFO :: 
Starting Adjoint loop ... 

2020-11-06 00:19:26,352 solvers 0/1 INFO :: Simulation stop time reached.
First line search failed ... reducing step size from  2.7941072191934355e-18  to  1.3970536095967177e-18  ... 

After  122  loops: Residual =  0.32102351777445287 | Normalized Residual =  0.0038043459280543393  ... 

Starting Loop  123  ... 

2020-11-06 00:19:26,375 direct_Solver 0/1 INFO :: 
Starting Direct loop ... 

2020-11-06 00:19:37,104 solvers 0/1 INFO :: Simulation stop time reached.
2020-11-06 00:19:37,950 adjoint_Solver 0/1 INFO :: 
Starting Adjoint loop ... 

2020-11-06 00:19:50,737 solvers 0/1 INFO :: Simulation stop time reached.
First line search failed ... reducing step size from  1.3970536095967177e-18  to  6.985268047983589e-19  ... 

After  123  loops: Residual =  0.321023517774455 | Normalized Residual =  0.0038043459280543497  ... 

Starting Loop  124  ... 

2020-11-06 00:19:50,771 direct_Solver 0/1 INFO :: 
Starting Direct loop ... 

2020-11-06 00:20:01,454 solvers 0/1 INFO :: Simulation stop time reached.
2020-11-06 00:20:02,300 adjoint_Solver 0/1 INFO :: 
Starting Adjoint loop ... 

2020-11-06 00:20:15,065 solvers 0/1 INFO :: Simulation stop time reached.
First line search failed ... reducing step size from  6.985268047983589e-19  to  3.4926340239917943e-19  ... 

After  124  loops: Residual =  0.3210235177744517 | Normalized Residual =  0.0038043459280543293  ... 

Starting Loop  125  ... 

2020-11-06 00:20:15,087 direct_Solver 0/1 INFO :: 
Starting Direct loop ... 

2020-11-06 00:20:25,780 solvers 0/1 INFO :: Simulation stop time reached.
2020-11-06 00:20:26,624 adjoint_Solver 0/1 INFO :: 
Starting Adjoint loop ... 

2020-11-06 00:20:39,394 solvers 0/1 INFO :: Simulation stop time reached.
First line search failed ... reducing step size from  3.4926340239917943e-19  to  1.7463170119958972e-19  ... 

After  125  loops: Residual =  0.32102351777445864 | Normalized Residual =  0.003804345928054426  ... 

Starting Loop  126  ... 

2020-11-06 00:20:39,417 direct_Solver 0/1 INFO :: 
Starting Direct loop ... 

2020-11-06 00:20:50,087 solvers 0/1 INFO :: Simulation stop time reached.
2020-11-06 00:20:50,932 adjoint_Solver 0/1 INFO :: 
Starting Adjoint loop ... 

2020-11-06 00:21:03,661 solvers 0/1 INFO :: Simulation stop time reached.
First line search failed ... reducing step size from  1.7463170119958972e-19  to  8.731585059979486e-20  ... 

After  126  loops: Residual =  0.32102351777445765 | Normalized Residual =  0.003804345928054398  ... 

Starting Loop  127  ... 

2020-11-06 00:21:03,695 direct_Solver 0/1 INFO :: 
Starting Direct loop ... 

2020-11-06 00:21:14,386 solvers 0/1 INFO :: Simulation stop time reached.
2020-11-06 00:21:15,231 adjoint_Solver 0/1 INFO :: 
Starting Adjoint loop ... 

2020-11-06 00:21:28,008 solvers 0/1 INFO :: Simulation stop time reached.
First line search failed ... reducing step size from  8.731585059979486e-20  to  4.365792529989743e-20  ... 

After  127  loops: Residual =  0.321023517774453 | Normalized Residual =  0.0038043459280543376  ... 

Starting Loop  128  ... 

2020-11-06 00:21:28,031 direct_Solver 0/1 INFO :: 
Starting Direct loop ... 

2020-11-06 00:21:38,765 solvers 0/1 INFO :: Simulation stop time reached.
2020-11-06 00:21:39,612 adjoint_Solver 0/1 INFO :: 
Starting Adjoint loop ... 

2020-11-06 00:21:52,400 solvers 0/1 INFO :: Simulation stop time reached.
First line search failed ... reducing step size from  4.365792529989743e-20  to  2.1828962649948715e-20  ... 

After  128  loops: Residual =  0.3210235177744525 | Normalized Residual =  0.0038043459280543584  ... 

Starting Loop  129  ... 

2020-11-06 00:21:52,434 direct_Solver 0/1 INFO :: 
Starting Direct loop ... 

2020-11-06 00:22:03,128 solvers 0/1 INFO :: Simulation stop time reached.
2020-11-06 00:22:03,974 adjoint_Solver 0/1 INFO :: 
Starting Adjoint loop ... 

2020-11-06 00:22:16,713 solvers 0/1 INFO :: Simulation stop time reached.
First line search failed ... reducing step size from  2.1828962649948715e-20  to  1.0914481324974357e-20  ... 

After  129  loops: Residual =  0.3210235177744514 | Normalized Residual =  0.0038043459280543363  ... 

Starting Loop  130  ... 

2020-11-06 00:22:16,735 direct_Solver 0/1 INFO :: 
Starting Direct loop ... 

2020-11-06 00:22:27,381 solvers 0/1 INFO :: Simulation stop time reached.
2020-11-06 00:22:28,226 adjoint_Solver 0/1 INFO :: 
Starting Adjoint loop ... 

2020-11-06 00:22:40,968 solvers 0/1 INFO :: Simulation stop time reached.
First line search failed ... reducing step size from  1.0914481324974357e-20  to  5.457240662487179e-21  ... 

After  130  loops: Residual =  0.321023517774455 | Normalized Residual =  0.003804345928054384  ... 

Starting Loop  131  ... 

2020-11-06 00:22:40,990 direct_Solver 0/1 INFO :: 
Starting Direct loop ... 

2020-11-06 00:22:51,686 solvers 0/1 INFO :: Simulation stop time reached.
2020-11-06 00:22:52,532 adjoint_Solver 0/1 INFO :: 
Starting Adjoint loop ... 

2020-11-06 00:23:05,295 solvers 0/1 INFO :: Simulation stop time reached.
First line search failed ... reducing step size from  5.457240662487179e-21  to  2.7286203312435893e-21  ... 

After  131  loops: Residual =  0.32102351777445437 | Normalized Residual =  0.003804345928054353  ... 

Starting Loop  132  ... 

2020-11-06 00:23:05,329 direct_Solver 0/1 INFO :: 
Starting Direct loop ... 

2020-11-06 00:23:16,034 solvers 0/1 INFO :: Simulation stop time reached.
2020-11-06 00:23:16,880 adjoint_Solver 0/1 INFO :: 
Starting Adjoint loop ... 

2020-11-06 00:23:29,628 solvers 0/1 INFO :: Simulation stop time reached.
First line search failed ... reducing step size from  2.7286203312435893e-21  to  1.3643101656217947e-21  ... 

After  132  loops: Residual =  0.32102351777445637 | Normalized Residual =  0.0038043459280543823  ... 

Starting Loop  133  ... 

2020-11-06 00:23:29,651 direct_Solver 0/1 INFO :: 
Starting Direct loop ... 

2020-11-06 00:23:40,350 solvers 0/1 INFO :: Simulation stop time reached.
2020-11-06 00:23:41,196 adjoint_Solver 0/1 INFO :: 
Starting Adjoint loop ... 

2020-11-06 00:23:53,991 solvers 0/1 INFO :: Simulation stop time reached.
First line search failed ... reducing step size from  1.3643101656217947e-21  to  6.821550828108973e-22  ... 

After  133  loops: Residual =  0.32102351777445615 | Normalized Residual =  0.0038043459280543814  ... 

Starting Loop  134  ... 

2020-11-06 00:23:54,025 direct_Solver 0/1 INFO :: 
Starting Direct loop ... 

2020-11-06 00:24:04,755 solvers 0/1 INFO :: Simulation stop time reached.
2020-11-06 00:24:05,602 adjoint_Solver 0/1 INFO :: 
Starting Adjoint loop ... 

2020-11-06 00:24:18,336 solvers 0/1 INFO :: Simulation stop time reached.
First line search failed ... reducing step size from  6.821550828108973e-22  to  3.4107754140544867e-22  ... 

After  134  loops: Residual =  0.3210235177744517 | Normalized Residual =  0.00380434592805433  ... 

Starting Loop  135  ... 

2020-11-06 00:24:18,359 direct_Solver 0/1 INFO :: 
Starting Direct loop ... 

2020-11-06 00:24:29,054 solvers 0/1 INFO :: Simulation stop time reached.
2020-11-06 00:24:29,900 adjoint_Solver 0/1 INFO :: 
Starting Adjoint loop ... 

2020-11-06 00:24:42,681 solvers 0/1 INFO :: Simulation stop time reached.
First line search failed ... reducing step size from  3.4107754140544867e-22  to  1.7053877070272433e-22  ... 

After  135  loops: Residual =  0.3210235177744546 | Normalized Residual =  0.0038043459280544013  ... 

Starting Loop  136  ... 

2020-11-06 00:24:42,704 direct_Solver 0/1 INFO :: 
Starting Direct loop ... 

2020-11-06 00:24:53,385 solvers 0/1 INFO :: Simulation stop time reached.
2020-11-06 00:24:54,232 adjoint_Solver 0/1 INFO :: 
Starting Adjoint loop ... 

2020-11-06 00:25:06,959 solvers 0/1 INFO :: Simulation stop time reached.
First line search failed ... reducing step size from  1.7053877070272433e-22  to  8.526938535136217e-23  ... 

After  136  loops: Residual =  0.3210235177744472 | Normalized Residual =  0.0038043459280542574  ... 

Starting Loop  137  ... 

2020-11-06 00:25:06,993 direct_Solver 0/1 INFO :: 
Starting Direct loop ... 

2020-11-06 00:25:17,696 solvers 0/1 INFO :: Simulation stop time reached.
2020-11-06 00:25:18,656 adjoint_Solver 0/1 INFO :: 
Starting Adjoint loop ... 

2020-11-06 00:25:33,005 solvers 0/1 INFO :: Simulation stop time reached.
First line search failed ... reducing step size from  8.526938535136217e-23  to  4.2634692675681083e-23  ... 

After  137  loops: Residual =  0.3210235177744507 | Normalized Residual =  0.0038043459280543497  ... 

Starting Loop  138  ... 

2020-11-06 00:25:33,029 direct_Solver 0/1 INFO :: 
Starting Direct loop ... 

2020-11-06 00:25:44,571 solvers 0/1 INFO :: Simulation stop time reached.
2020-11-06 00:25:45,449 adjoint_Solver 0/1 INFO :: 
Starting Adjoint loop ... 

2020-11-06 00:25:59,215 solvers 0/1 INFO :: Simulation stop time reached.
First line search failed ... reducing step size from  4.2634692675681083e-23  to  2.1317346337840542e-23  ... 

After  138  loops: Residual =  0.3210235177744498 | Normalized Residual =  0.00380434592805432  ... 

Starting Loop  139  ... 

2020-11-06 00:25:59,251 direct_Solver 0/1 INFO :: 
Starting Direct loop ... 

2020-11-06 00:26:10,817 solvers 0/1 INFO :: Simulation stop time reached.
2020-11-06 00:26:11,698 adjoint_Solver 0/1 INFO :: 
Starting Adjoint loop ... 

2020-11-06 00:26:25,532 solvers 0/1 INFO :: Simulation stop time reached.
First line search failed ... reducing step size from  2.1317346337840542e-23  to  1.0658673168920271e-23  ... 

After  139  loops: Residual =  0.3210235177744515 | Normalized Residual =  0.00380434592805432  ... 

Starting Loop  140  ... 

2020-11-06 00:26:25,557 direct_Solver 0/1 INFO :: 
Starting Direct loop ... 

2020-11-06 00:26:37,161 solvers 0/1 INFO :: Simulation stop time reached.
2020-11-06 00:26:38,046 adjoint_Solver 0/1 INFO :: 
Starting Adjoint loop ... 

2020-11-06 00:26:51,792 solvers 0/1 INFO :: Simulation stop time reached.
First line search failed ... reducing step size from  1.0658673168920271e-23  to  5.3293365844601354e-24  ... 

After  140  loops: Residual =  0.32102351777445515 | Normalized Residual =  0.003804345928054366  ... 

Starting Loop  141  ... 

2020-11-06 00:26:51,828 direct_Solver 0/1 INFO :: 
Starting Direct loop ... 

2020-11-06 00:27:03,393 solvers 0/1 INFO :: Simulation stop time reached.
2020-11-06 00:27:04,280 adjoint_Solver 0/1 INFO :: 
Starting Adjoint loop ... 

2020-11-06 00:27:18,135 solvers 0/1 INFO :: Simulation stop time reached.
First line search failed ... reducing step size from  5.3293365844601354e-24  to  2.6646682922300677e-24  ... 

After  141  loops: Residual =  0.3210235177744495 | Normalized Residual =  0.0038043459280542873  ... 

Starting Loop  142  ... 

2020-11-06 00:27:18,159 direct_Solver 0/1 INFO :: 
Starting Direct loop ... 

2020-11-06 00:27:29,761 solvers 0/1 INFO :: Simulation stop time reached.
2020-11-06 00:27:30,647 adjoint_Solver 0/1 INFO :: 
Starting Adjoint loop ... 

2020-11-06 00:27:44,481 solvers 0/1 INFO :: Simulation stop time reached.
First line search failed ... reducing step size from  2.6646682922300677e-24  to  1.3323341461150338e-24  ... 

After  142  loops: Residual =  0.3210235177744492 | Normalized Residual =  0.003804345928054301  ... 

Starting Loop  143  ... 

2020-11-06 00:27:44,505 direct_Solver 0/1 INFO :: 
Starting Direct loop ... 

2020-11-06 00:27:56,114 solvers 0/1 INFO :: Simulation stop time reached.
2020-11-06 00:27:57,003 adjoint_Solver 0/1 INFO :: 
Starting Adjoint loop ... 

2020-11-06 00:28:10,886 solvers 0/1 INFO :: Simulation stop time reached.
First line search failed ... reducing step size from  1.3323341461150338e-24  to  6.661670730575169e-25  ... 

After  143  loops: Residual =  0.3210235177744526 | Normalized Residual =  0.00380434592805436  ... 

Starting Loop  144  ... 

2020-11-06 00:28:10,922 direct_Solver 0/1 INFO :: 
Starting Direct loop ... 

2020-11-06 00:28:22,557 solvers 0/1 INFO :: Simulation stop time reached.
2020-11-06 00:28:23,445 adjoint_Solver 0/1 INFO :: 
Starting Adjoint loop ... 

2020-11-06 00:28:37,267 solvers 0/1 INFO :: Simulation stop time reached.
First line search failed ... reducing step size from  6.661670730575169e-25  to  3.3308353652875846e-25  ... 

After  144  loops: Residual =  0.32102351777444277 | Normalized Residual =  0.0038043459280542513  ... 

Starting Loop  145  ... 

2020-11-06 00:28:37,291 direct_Solver 0/1 INFO :: 
Starting Direct loop ... 

2020-11-06 00:28:48,886 solvers 0/1 INFO :: Simulation stop time reached.
2020-11-06 00:28:49,774 adjoint_Solver 0/1 INFO :: 
Starting Adjoint loop ... 

2020-11-06 00:29:03,669 solvers 0/1 INFO :: Simulation stop time reached.
First line search failed ... reducing step size from  3.3308353652875846e-25  to  1.6654176826437923e-25  ... 

After  145  loops: Residual =  0.32102351777445565 | Normalized Residual =  0.003804345928054403  ... 

Starting Loop  146  ... 

2020-11-06 00:29:03,705 direct_Solver 0/1 INFO :: 
Starting Direct loop ... 

2020-11-06 00:29:15,337 solvers 0/1 INFO :: Simulation stop time reached.
2020-11-06 00:29:16,226 adjoint_Solver 0/1 INFO :: 
Starting Adjoint loop ... 

2020-11-06 00:29:30,048 solvers 0/1 INFO :: Simulation stop time reached.
First line search failed ... reducing step size from  1.6654176826437923e-25  to  8.327088413218962e-26  ... 

After  146  loops: Residual =  0.3210235177744535 | Normalized Residual =  0.0038043459280543515  ... 

Starting Loop  147  ... 

2020-11-06 00:29:30,072 direct_Solver 0/1 INFO :: 
Starting Direct loop ... 

2020-11-06 00:29:41,669 solvers 0/1 INFO :: Simulation stop time reached.
2020-11-06 00:29:42,559 adjoint_Solver 0/1 INFO :: 
Starting Adjoint loop ... 

2020-11-06 00:29:56,475 solvers 0/1 INFO :: Simulation stop time reached.
First line search failed ... reducing step size from  8.327088413218962e-26  to  4.163544206609481e-26  ... 

After  147  loops: Residual =  0.3210235177744498 | Normalized Residual =  0.003804345928054317  ... 

Starting Loop  148  ... 

2020-11-06 00:29:56,511 direct_Solver 0/1 INFO :: 
Starting Direct loop ... 

2020-11-06 00:30:08,124 solvers 0/1 INFO :: Simulation stop time reached.
2020-11-06 00:30:09,014 adjoint_Solver 0/1 INFO :: 
Starting Adjoint loop ... 

2020-11-06 00:30:22,883 solvers 0/1 INFO :: Simulation stop time reached.
First line search failed ... reducing step size from  4.163544206609481e-26  to  2.0817721033047404e-26  ... 

After  148  loops: Residual =  0.32102351777445826 | Normalized Residual =  0.003804345928054412  ... 

Starting Loop  149  ... 

2020-11-06 00:30:22,910 direct_Solver 0/1 INFO :: 
Starting Direct loop ... 

