2020-11-15 04:52:27,581 pencil 0/1 INFO :: Building pencil matrix 1/32 (~3%) Elapsed: 0s, Remaining: 1s, Rate: 4.8e+01/s
2020-11-15 04:52:27,644 pencil 0/1 INFO :: Building pencil matrix 4/32 (~12%) Elapsed: 0s, Remaining: 1s, Rate: 4.8e+01/s
2020-11-15 04:52:27,725 pencil 0/1 INFO :: Building pencil matrix 8/32 (~25%) Elapsed: 0s, Remaining: 0s, Rate: 4.8e+01/s
2020-11-15 04:52:27,807 pencil 0/1 INFO :: Building pencil matrix 12/32 (~38%) Elapsed: 0s, Remaining: 0s, Rate: 4.9e+01/s
2020-11-15 04:52:27,888 pencil 0/1 INFO :: Building pencil matrix 16/32 (~50%) Elapsed: 0s, Remaining: 0s, Rate: 4.9e+01/s
2020-11-15 04:52:27,971 pencil 0/1 INFO :: Building pencil matrix 20/32 (~62%) Elapsed: 0s, Remaining: 0s, Rate: 4.9e+01/s
2020-11-15 04:52:28,052 pencil 0/1 INFO :: Building pencil matrix 24/32 (~75%) Elapsed: 0s, Remaining: 0s, Rate: 4.9e+01/s
2020-11-15 04:52:28,133 pencil 0/1 INFO :: Building pencil matrix 28/32 (~88%) Elapsed: 1s, Remaining: 0s, Rate: 4.9e+01/s
2020-11-15 04:52:28,215 pencil 0/1 INFO :: Building pencil matrix 32/32 (~100%) Elapsed: 1s, Remaining: 0s, Rate: 4.9e+01/s
2020-11-15 04:52:28,250 pencil 0/1 INFO :: Building pencil matrix 1/32 (~3%) Elapsed: 0s, Remaining: 1s, Rate: 4.7e+01/s
2020-11-15 04:52:28,314 pencil 0/1 INFO :: Building pencil matrix 4/32 (~12%) Elapsed: 0s, Remaining: 1s, Rate: 4.7e+01/s
2020-11-15 04:52:28,398 pencil 0/1 INFO :: Building pencil matrix 8/32 (~25%) Elapsed: 0s, Remaining: 1s, Rate: 4.7e+01/s
2020-11-15 04:52:28,482 pencil 0/1 INFO :: Building pencil matrix 12/32 (~38%) Elapsed: 0s, Remaining: 0s, Rate: 4.7e+01/s
2020-11-15 04:52:28,567 pencil 0/1 INFO :: Building pencil matrix 16/32 (~50%) Elapsed: 0s, Remaining: 0s, Rate: 4.7e+01/s
2020-11-15 04:52:28,652 pencil 0/1 INFO :: Building pencil matrix 20/32 (~62%) Elapsed: 0s, Remaining: 0s, Rate: 4.7e+01/s
2020-11-15 04:52:28,736 pencil 0/1 INFO :: Building pencil matrix 24/32 (~75%) Elapsed: 1s, Remaining: 0s, Rate: 4.7e+01/s
2020-11-15 04:52:28,821 pencil 0/1 INFO :: Building pencil matrix 28/32 (~88%) Elapsed: 1s, Remaining: 0s, Rate: 4.7e+01/s
2020-11-15 04:52:28,905 pencil 0/1 INFO :: Building pencil matrix 32/32 (~100%) Elapsed: 1s, Remaining: 0s, Rate: 4.7e+01/s


=====Optimization Algorithm Parameters=====


(s, T, Re) = ( 0.0 ,  20.0 ,  50.0 )

K       =  1.5
r       =  0.75
e0init  =  1.0
LS      =  1
LSI     =  1
proj    =  1
method  =  rot
dmethod =  conj
powit   =  0
N       =  200
start   =  rand
sstr    =  0


===========================================

Starting from Random IC ... 

2020-11-15 04:52:28,950 direct_Solver 0/1 INFO :: 
Starting Direct loop ... 

2020-11-15 04:56:15,845 solvers 0/1 INFO :: Simulation stop time reached.
rank =  0
2020-11-15 04:56:16,693 adjoint_Solver 0/1 INFO :: 
Starting Adjoint loop ... 

2020-11-15 05:01:02,051 solvers 0/1 INFO :: Simulation stop time reached.
Starting Loop  1  ... 

2020-11-15 05:01:02,086 direct_Solver 0/1 INFO :: 
Starting Direct loop ... 

2020-11-15 05:04:29,482 solvers 0/1 INFO :: Simulation stop time reached.
rank =  0
2020-11-15 05:04:30,359 adjoint_Solver 0/1 INFO :: 
Starting Adjoint loop ... 

2020-11-15 05:08:34,892 solvers 0/1 INFO :: Simulation stop time reached.
Starting Line Search ... 

2020-11-15 05:08:34,923 direct_Solver 0/1 INFO :: 
Starting Direct loop ... 

2020-11-15 05:11:58,436 solvers 0/1 INFO :: Simulation stop time reached.
rank =  0
2020-11-15 05:11:59,323 adjoint_Solver 0/1 INFO :: 
Starting Adjoint loop ... 

2020-11-15 05:16:02,456 solvers 0/1 INFO :: Simulation stop time reached.
2020-11-15 05:16:02,488 direct_Solver 0/1 INFO :: 
Starting Direct loop ... 

2020-11-15 05:19:25,288 solvers 0/1 INFO :: Simulation stop time reached.
rank =  0
2020-11-15 05:19:26,172 adjoint_Solver 0/1 INFO :: 
Starting Adjoint loop ... 

2020-11-15 05:23:30,426 solvers 0/1 INFO :: Simulation stop time reached.
After  4  loops: Residual =  754.8158045352883 | Normalized Residual =  0.9879540551834508  ... 

Starting Loop  5  ... 

2020-11-15 05:23:30,462 direct_Solver 0/1 INFO :: 
Starting Direct loop ... 

2020-11-15 05:26:51,497 solvers 0/1 INFO :: Simulation stop time reached.
rank =  0
2020-11-15 05:26:52,380 adjoint_Solver 0/1 INFO :: 
Starting Adjoint loop ... 

2020-11-15 05:30:51,761 solvers 0/1 INFO :: Simulation stop time reached.
Starting Line Search ... 

2020-11-15 05:30:51,792 direct_Solver 0/1 INFO :: 
Starting Direct loop ... 

2020-11-15 05:34:12,817 solvers 0/1 INFO :: Simulation stop time reached.
rank =  0
2020-11-15 05:34:13,676 adjoint_Solver 0/1 INFO :: 
Starting Adjoint loop ... 

2020-11-15 05:38:14,008 solvers 0/1 INFO :: Simulation stop time reached.
Starting Line Search ... 

2020-11-15 05:38:14,039 direct_Solver 0/1 INFO :: 
Starting Direct loop ... 

2020-11-15 05:41:34,444 solvers 0/1 INFO :: Simulation stop time reached.
rank =  0
2020-11-15 05:41:35,313 adjoint_Solver 0/1 INFO :: 
Starting Adjoint loop ... 

2020-11-15 05:45:33,248 solvers 0/1 INFO :: Simulation stop time reached.
Starting Line Search ... 

2020-11-15 05:45:33,279 direct_Solver 0/1 INFO :: 
Starting Direct loop ... 

2020-11-15 05:48:52,929 solvers 0/1 INFO :: Simulation stop time reached.
rank =  0
2020-11-15 05:48:53,786 adjoint_Solver 0/1 INFO :: 
Starting Adjoint loop ... 

2020-11-15 05:52:52,476 solvers 0/1 INFO :: Simulation stop time reached.
Starting Line Search ... 

2020-11-15 05:52:52,506 direct_Solver 0/1 INFO :: 
Starting Direct loop ... 

2020-11-15 05:56:12,927 solvers 0/1 INFO :: Simulation stop time reached.
rank =  0
2020-11-15 05:56:13,784 adjoint_Solver 0/1 INFO :: 
Starting Adjoint loop ... 

2020-11-15 06:00:11,330 solvers 0/1 INFO :: Simulation stop time reached.
Starting Line Search ... 

2020-11-15 06:00:11,361 direct_Solver 0/1 INFO :: 
Starting Direct loop ... 

2020-11-15 06:03:31,191 solvers 0/1 INFO :: Simulation stop time reached.
rank =  0
2020-11-15 06:03:32,048 adjoint_Solver 0/1 INFO :: 
Starting Adjoint loop ... 

2020-11-15 06:07:29,870 solvers 0/1 INFO :: Simulation stop time reached.
Starting Line Search ... 

2020-11-15 06:07:29,901 direct_Solver 0/1 INFO :: 
Starting Direct loop ... 

2020-11-15 06:10:49,871 solvers 0/1 INFO :: Simulation stop time reached.
rank =  0
2020-11-15 06:10:50,728 adjoint_Solver 0/1 INFO :: 
Starting Adjoint loop ... 

2020-11-15 06:14:48,268 solvers 0/1 INFO :: Simulation stop time reached.
Line search from  0.10935529516840624  to  3.518164886746069  ... 

2020-11-15 06:14:48,299 direct_Solver 0/1 INFO :: 
Starting Direct loop ... 

2020-11-15 06:18:08,110 solvers 0/1 INFO :: Simulation stop time reached.
rank =  0
2020-11-15 06:18:08,967 adjoint_Solver 0/1 INFO :: 
Starting Adjoint loop ... 

2020-11-15 06:22:06,923 solvers 0/1 INFO :: Simulation stop time reached.
Line search interpolation successful ... 

After  12  loops: Residual =  325.9170021828566 | Normalized Residual =  0.9197188840842125  ... 

Starting Loop  13  ... 

2020-11-15 06:22:06,966 direct_Solver 0/1 INFO :: 
Starting Direct loop ... 

2020-11-15 06:25:26,943 solvers 0/1 INFO :: Simulation stop time reached.
rank =  0
2020-11-15 06:25:27,800 adjoint_Solver 0/1 INFO :: 
Starting Adjoint loop ... 

2020-11-15 06:29:25,720 solvers 0/1 INFO :: Simulation stop time reached.
Starting Line Search ... 

2020-11-15 06:29:25,751 direct_Solver 0/1 INFO :: 
Starting Direct loop ... 

2020-11-15 06:32:45,604 solvers 0/1 INFO :: Simulation stop time reached.
rank =  0
2020-11-15 06:32:46,461 adjoint_Solver 0/1 INFO :: 
Starting Adjoint loop ... 

2020-11-15 06:36:45,314 solvers 0/1 INFO :: Simulation stop time reached.
Starting Line Search ... 

2020-11-15 06:36:45,345 direct_Solver 0/1 INFO :: 
Starting Direct loop ... 

2020-11-15 06:40:05,294 solvers 0/1 INFO :: Simulation stop time reached.
rank =  0
2020-11-15 06:40:06,152 adjoint_Solver 0/1 INFO :: 
Starting Adjoint loop ... 

2020-11-15 06:44:03,624 solvers 0/1 INFO :: Simulation stop time reached.
Starting Line Search ... 

2020-11-15 06:44:03,654 direct_Solver 0/1 INFO :: 
Starting Direct loop ... 

2020-11-15 06:47:23,701 solvers 0/1 INFO :: Simulation stop time reached.
rank =  0
2020-11-15 06:47:24,556 adjoint_Solver 0/1 INFO :: 
Starting Adjoint loop ... 

2020-11-15 06:51:23,526 solvers 0/1 INFO :: Simulation stop time reached.
Line search from  0.16642049182089796  to  1.3521664960447959  ... 

2020-11-15 06:51:23,557 direct_Solver 0/1 INFO :: 
Starting Direct loop ... 

2020-11-15 06:54:43,867 solvers 0/1 INFO :: Simulation stop time reached.
rank =  0
2020-11-15 06:54:44,723 adjoint_Solver 0/1 INFO :: 
Starting Adjoint loop ... 

2020-11-15 06:58:41,739 solvers 0/1 INFO :: Simulation stop time reached.
Line search interpolation unsuccessful ... 

2020-11-15 06:58:41,770 direct_Solver 0/1 INFO :: 
Starting Direct loop ... 

2020-11-15 07:02:02,113 solvers 0/1 INFO :: Simulation stop time reached.
rank =  0
2020-11-15 07:02:02,970 adjoint_Solver 0/1 INFO :: 
Starting Adjoint loop ... 

2020-11-15 07:06:01,568 solvers 0/1 INFO :: Simulation stop time reached.
After  18  loops: Residual =  215.88864370945717 | Normalized Residual =  0.9064828289534697  ... 

Starting Loop  19  ... 

2020-11-15 07:06:01,605 direct_Solver 0/1 INFO :: 
Starting Direct loop ... 

2020-11-15 07:09:21,953 solvers 0/1 INFO :: Simulation stop time reached.
rank =  0
2020-11-15 07:09:22,811 adjoint_Solver 0/1 INFO :: 
Starting Adjoint loop ... 

2020-11-15 07:13:20,441 solvers 0/1 INFO :: Simulation stop time reached.
Starting Line Search ... 

2020-11-15 07:13:20,472 direct_Solver 0/1 INFO :: 
Starting Direct loop ... 

2020-11-15 07:16:40,558 solvers 0/1 INFO :: Simulation stop time reached.
rank =  0
2020-11-15 07:16:41,415 adjoint_Solver 0/1 INFO :: 
Starting Adjoint loop ... 

2020-11-15 07:20:39,833 solvers 0/1 INFO :: Simulation stop time reached.
2020-11-15 07:20:39,864 direct_Solver 0/1 INFO :: 
Starting Direct loop ... 

2020-11-15 07:23:59,808 solvers 0/1 INFO :: Simulation stop time reached.
rank =  0
2020-11-15 07:24:00,665 adjoint_Solver 0/1 INFO :: 
Starting Adjoint loop ... 

2020-11-15 07:27:58,831 solvers 0/1 INFO :: Simulation stop time reached.
After  22  loops: Residual =  190.797867750077 | Normalized Residual =  0.8859830206296858  ... 

Starting Loop  23  ... 

2020-11-15 07:27:58,869 direct_Solver 0/1 INFO :: 
Starting Direct loop ... 

2020-11-15 07:31:18,176 solvers 0/1 INFO :: Simulation stop time reached.
rank =  0
2020-11-15 07:31:19,033 adjoint_Solver 0/1 INFO :: 
Starting Adjoint loop ... 

2020-11-15 07:35:17,864 solvers 0/1 INFO :: Simulation stop time reached.
Starting Line Search ... 

2020-11-15 07:35:17,895 direct_Solver 0/1 INFO :: 
Starting Direct loop ... 

2020-11-15 07:38:37,634 solvers 0/1 INFO :: Simulation stop time reached.
rank =  0
2020-11-15 07:38:38,491 adjoint_Solver 0/1 INFO :: 
Starting Adjoint loop ... 

2020-11-15 07:42:35,684 solvers 0/1 INFO :: Simulation stop time reached.
2020-11-15 07:42:35,715 direct_Solver 0/1 INFO :: 
Starting Direct loop ... 

2020-11-15 07:45:55,125 solvers 0/1 INFO :: Simulation stop time reached.
rank =  0
2020-11-15 07:45:55,983 adjoint_Solver 0/1 INFO :: 
Starting Adjoint loop ... 

2020-11-15 07:49:53,510 solvers 0/1 INFO :: Simulation stop time reached.
After  26  loops: Residual =  61.215066756042674 | Normalized Residual =  0.711135279331387  ... 

Starting Loop  27  ... 

2020-11-15 07:49:53,547 direct_Solver 0/1 INFO :: 
Starting Direct loop ... 

2020-11-15 07:53:13,288 solvers 0/1 INFO :: Simulation stop time reached.
rank =  0
2020-11-15 07:53:14,145 adjoint_Solver 0/1 INFO :: 
Starting Adjoint loop ... 

2020-11-15 07:57:11,737 solvers 0/1 INFO :: Simulation stop time reached.
First line search failed ... reducing step size from  0.38399993063745913  to  0.28799994797809436  ... 

After  27  loops: Residual =  451.5010511999412 | Normalized Residual =  0.9679794499489809  ... 

Starting Loop  28  ... 

2020-11-15 07:57:11,767 direct_Solver 0/1 INFO :: 
Starting Direct loop ... 

2020-11-15 08:00:31,008 solvers 0/1 INFO :: Simulation stop time reached.
rank =  0
2020-11-15 08:00:31,865 adjoint_Solver 0/1 INFO :: 
Starting Adjoint loop ... 

2020-11-15 08:04:29,299 solvers 0/1 INFO :: Simulation stop time reached.
First line search failed ... reducing step size from  0.28799994797809436  to  0.21599996098357077  ... 

After  28  loops: Residual =  449.2949240886147 | Normalized Residual =  0.7710079316917214  ... 

Starting Loop  29  ... 

2020-11-15 08:04:29,330 direct_Solver 0/1 INFO :: 
Starting Direct loop ... 

2020-11-15 08:07:49,025 solvers 0/1 INFO :: Simulation stop time reached.
rank =  0
2020-11-15 08:07:49,883 adjoint_Solver 0/1 INFO :: 
Starting Adjoint loop ... 

2020-11-15 08:11:47,591 solvers 0/1 INFO :: Simulation stop time reached.
First line search failed ... reducing step size from  0.2303310788691531  to  0.17274830915186484  ... 

After  29  loops: Residual =  514.7371308563725 | Normalized Residual =  0.6815560770679926  ... 

Starting Loop  30  ... 

2020-11-15 08:11:47,629 direct_Solver 0/1 INFO :: 
Starting Direct loop ... 

2020-11-15 08:15:07,160 solvers 0/1 INFO :: Simulation stop time reached.
rank =  0
2020-11-15 08:15:08,019 adjoint_Solver 0/1 INFO :: 
Starting Adjoint loop ... 

2020-11-15 08:19:07,015 solvers 0/1 INFO :: Simulation stop time reached.
First line search failed ... reducing step size from  0.17929037536241044  to  0.13446778152180783  ... 

After  30  loops: Residual =  586.0882056040506 | Normalized Residual =  0.6633039539086679  ... 

Starting Loop  31  ... 

2020-11-15 08:19:07,049 direct_Solver 0/1 INFO :: 
Starting Direct loop ... 

2020-11-15 08:22:26,870 solvers 0/1 INFO :: Simulation stop time reached.
rank =  0
2020-11-15 08:22:27,727 adjoint_Solver 0/1 INFO :: 
Starting Adjoint loop ... 

2020-11-15 08:26:24,166 solvers 0/1 INFO :: Simulation stop time reached.
First line search failed ... reducing step size from  0.13785716775043896  to  0.10339287581282922  ... 

After  31  loops: Residual =  576.1505935587796 | Normalized Residual =  0.64849261448778  ... 

Starting Loop  32  ... 

2020-11-15 08:26:24,201 direct_Solver 0/1 INFO :: 
Starting Direct loop ... 

2020-11-15 08:29:42,528 solvers 0/1 INFO :: Simulation stop time reached.
rank =  0
2020-11-15 08:29:43,386 adjoint_Solver 0/1 INFO :: 
Starting Adjoint loop ... 

2020-11-15 08:33:40,233 solvers 0/1 INFO :: Simulation stop time reached.
First line search failed ... reducing step size from  0.10499603167563659  to  0.07874702375672744  ... 

After  32  loops: Residual =  490.4818663154698 | Normalized Residual =  0.6241287118388937  ... 

Starting Loop  33  ... 

2020-11-15 08:33:40,271 direct_Solver 0/1 INFO :: 
Starting Direct loop ... 

2020-11-15 08:36:47,215 solvers 0/1 INFO :: Simulation stop time reached.
rank =  0
2020-11-15 08:36:48,003 adjoint_Solver 0/1 INFO :: 
Starting Adjoint loop ... 

2020-11-15 08:40:24,927 solvers 0/1 INFO :: Simulation stop time reached.
First line search failed ... reducing step size from  0.07947852115610893  to  0.059608890867081696  ... 

After  33  loops: Residual =  398.8644498837857 | Normalized Residual =  0.597751525130983  ... 

Starting Loop  34  ... 

2020-11-15 08:40:24,960 direct_Solver 0/1 INFO :: 
Starting Direct loop ... 

2020-11-15 08:43:27,559 solvers 0/1 INFO :: Simulation stop time reached.
rank =  0
2020-11-15 08:43:28,347 adjoint_Solver 0/1 INFO :: 
Starting Adjoint loop ... 

2020-11-15 08:47:06,473 solvers 0/1 INFO :: Simulation stop time reached.
First line search failed ... reducing step size from  0.05993294438053223  to  0.044949708285399174  ... 

After  34  loops: Residual =  336.4308882882018 | Normalized Residual =  0.5792043287048642  ... 

Starting Loop  35  ... 

2020-11-15 08:47:06,505 direct_Solver 0/1 INFO :: 
Starting Direct loop ... 

2020-11-15 08:50:08,361 solvers 0/1 INFO :: Simulation stop time reached.
rank =  0
2020-11-15 08:50:09,149 adjoint_Solver 0/1 INFO :: 
Starting Adjoint loop ... 

2020-11-15 08:53:46,474 solvers 0/1 INFO :: Simulation stop time reached.
First line search failed ... reducing step size from  0.04509052013004207  to  0.033817890097531556  ... 

After  35  loops: Residual =  304.00275153243666 | Normalized Residual =  0.5730619112060865  ... 

Starting Loop  36  ... 

2020-11-15 08:53:46,509 direct_Solver 0/1 INFO :: 
Starting Direct loop ... 

2020-11-15 08:56:48,636 solvers 0/1 INFO :: Simulation stop time reached.
rank =  0
2020-11-15 08:56:49,424 adjoint_Solver 0/1 INFO :: 
Starting Adjoint loop ... 

2020-11-15 09:00:26,961 solvers 0/1 INFO :: Simulation stop time reached.
First line search failed ... reducing step size from  0.0338783383691233  to  0.02540875377684248  ... 

After  36  loops: Residual =  291.3295319483441 | Normalized Residual =  0.5767574475088235  ... 

Starting Loop  37  ... 

2020-11-15 09:00:26,990 direct_Solver 0/1 INFO :: 
Starting Direct loop ... 

2020-11-15 09:03:29,149 solvers 0/1 INFO :: Simulation stop time reached.
rank =  0
2020-11-15 09:03:29,941 adjoint_Solver 0/1 INFO :: 
Starting Adjoint loop ... 

2020-11-15 09:07:05,837 solvers 0/1 INFO :: Simulation stop time reached.
First line search failed ... reducing step size from  0.025434513519513983  to  0.019075885139635488  ... 

After  37  loops: Residual =  289.0743468876811 | Normalized Residual =  0.5852255213479307  ... 

Starting Loop  38  ... 

2020-11-15 09:07:05,866 direct_Solver 0/1 INFO :: 
Starting Direct loop ... 

2020-11-15 09:10:06,824 solvers 0/1 INFO :: Simulation stop time reached.
rank =  0
2020-11-15 09:10:07,613 adjoint_Solver 0/1 INFO :: 
Starting Adjoint loop ... 

2020-11-15 09:13:43,944 solvers 0/1 INFO :: Simulation stop time reached.
First line search failed ... reducing step size from  0.01908681530556175  to  0.014315111479171312  ... 

After  38  loops: Residual =  291.42399689632526 | Normalized Residual =  0.5947216973448809  ... 

Starting Loop  39  ... 

2020-11-15 09:13:43,973 direct_Solver 0/1 INFO :: 
Starting Direct loop ... 

2020-11-15 09:16:45,964 solvers 0/1 INFO :: Simulation stop time reached.
rank =  0
2020-11-15 09:16:46,752 adjoint_Solver 0/1 INFO :: 
Starting Adjoint loop ... 

2020-11-15 09:20:24,116 solvers 0/1 INFO :: Simulation stop time reached.
First line search failed ... reducing step size from  0.01431973775181214  to  0.010739803313859105  ... 

After  39  loops: Residual =  295.3350763405827 | Normalized Residual =  0.6034064134743954  ... 

Starting Loop  40  ... 

2020-11-15 09:20:24,145 direct_Solver 0/1 INFO :: 
Starting Direct loop ... 

2020-11-15 09:23:26,463 solvers 0/1 INFO :: Simulation stop time reached.
rank =  0
2020-11-15 09:23:27,255 adjoint_Solver 0/1 INFO :: 
Starting Adjoint loop ... 

2020-11-15 09:27:05,689 solvers 0/1 INFO :: Simulation stop time reached.
First line search failed ... reducing step size from  0.010741758637125733  to  0.0080563189778443  ... 

After  40  loops: Residual =  299.3926609359711 | Normalized Residual =  0.6106627517617594  ... 

Starting Loop  41  ... 

2020-11-15 09:27:05,718 direct_Solver 0/1 INFO :: 
Starting Direct loop ... 

2020-11-15 09:30:08,482 solvers 0/1 INFO :: Simulation stop time reached.
rank =  0
2020-11-15 09:30:09,270 adjoint_Solver 0/1 INFO :: 
Starting Adjoint loop ... 

2020-11-15 09:33:46,103 solvers 0/1 INFO :: Simulation stop time reached.
First line search failed ... reducing step size from  0.00805714474152636  to  0.00604285855614477  ... 

After  41  loops: Residual =  303.0236108841276 | Normalized Residual =  0.6164542609237372  ... 

Starting Loop  42  ... 

2020-11-15 09:33:46,132 direct_Solver 0/1 INFO :: 
Starting Direct loop ... 

2020-11-15 09:36:47,924 solvers 0/1 INFO :: Simulation stop time reached.
rank =  0
2020-11-15 09:36:48,713 adjoint_Solver 0/1 INFO :: 
Starting Adjoint loop ... 

2020-11-15 09:40:26,016 solvers 0/1 INFO :: Simulation stop time reached.
First line search failed ... reducing step size from  0.00604320713020938  to  0.004532405347657035  ... 

After  42  loops: Residual =  306.05610492603927 | Normalized Residual =  0.6209631882976908  ... 

Starting Loop  43  ... 

2020-11-15 09:40:26,045 direct_Solver 0/1 INFO :: 
Starting Direct loop ... 

2020-11-15 09:43:28,569 solvers 0/1 INFO :: Simulation stop time reached.
rank =  0
2020-11-15 09:43:29,357 adjoint_Solver 0/1 INFO :: 
Starting Adjoint loop ... 

2020-11-15 09:47:06,698 solvers 0/1 INFO :: Simulation stop time reached.
First line search failed ... reducing step size from  0.004532552451061874  to  0.0033994143382964056  ... 

After  43  loops: Residual =  308.49475118936454 | Normalized Residual =  0.6244243297383778  ... 

Starting Loop  44  ... 

2020-11-15 09:47:06,727 direct_Solver 0/1 INFO :: 
Starting Direct loop ... 

2020-11-15 09:50:08,311 solvers 0/1 INFO :: Simulation stop time reached.
rank =  0
2020-11-15 09:50:09,101 adjoint_Solver 0/1 INFO :: 
Starting Adjoint loop ... 

2020-11-15 09:53:47,205 solvers 0/1 INFO :: Simulation stop time reached.
First line search failed ... reducing step size from  0.0033994764091166522  to  0.002549607306837489  ... 

After  44  loops: Residual =  310.41185571964877 | Normalized Residual =  0.6270591166809301  ... 

Starting Loop  45  ... 

2020-11-15 09:53:47,234 direct_Solver 0/1 INFO :: 
Starting Direct loop ... 

2020-11-15 09:56:49,007 solvers 0/1 INFO :: Simulation stop time reached.
rank =  0
2020-11-15 09:56:49,795 adjoint_Solver 0/1 INFO :: 
Starting Adjoint loop ... 

2020-11-15 10:00:26,912 solvers 0/1 INFO :: Simulation stop time reached.
First line search failed ... reducing step size from  0.0025496334957119857  to  0.0019122251217839892  ... 

After  45  loops: Residual =  311.89738806497473 | Normalized Residual =  0.6290546780726075  ... 

Starting Loop  46  ... 

2020-11-15 10:00:26,941 direct_Solver 0/1 INFO :: 
Starting Direct loop ... 

2020-11-15 10:03:29,188 solvers 0/1 INFO :: Simulation stop time reached.
rank =  0
2020-11-15 10:03:29,978 adjoint_Solver 0/1 INFO :: 
Starting Adjoint loop ... 

2020-11-15 10:07:07,852 solvers 0/1 INFO :: Simulation stop time reached.
First line search failed ... reducing step size from  0.0019122361708675123  to  0.0014341771281506342  ... 

After  46  loops: Residual =  313.0375685439147 | Normalized Residual =  0.6305612818500786  ... 

Starting Loop  47  ... 

2020-11-15 10:07:07,881 direct_Solver 0/1 INFO :: 
Starting Direct loop ... 

2020-11-15 10:10:09,764 solvers 0/1 INFO :: Simulation stop time reached.
rank =  0
2020-11-15 10:10:10,553 adjoint_Solver 0/1 INFO :: 
Starting Adjoint loop ... 

2020-11-15 10:13:47,842 solvers 0/1 INFO :: Simulation stop time reached.
First line search failed ... reducing step size from  0.001434181789637513  to  0.0010756363422281348  ... 

After  47  loops: Residual =  313.9070032789862 | Normalized Residual =  0.6316963938200801  ... 

Starting Loop  48  ... 

2020-11-15 10:13:47,871 direct_Solver 0/1 INFO :: 
Starting Direct loop ... 

2020-11-15 10:16:49,717 solvers 0/1 INFO :: Simulation stop time reached.
rank =  0
2020-11-15 10:16:50,507 adjoint_Solver 0/1 INFO :: 
Starting Adjoint loop ... 

2020-11-15 10:20:29,918 solvers 0/1 INFO :: Simulation stop time reached.
First line search failed ... reducing step size from  0.0010756383088296427  to  0.000806728731622232  ... 

After  48  loops: Residual =  314.5669765356386 | Normalized Residual =  0.6325504501317345  ... 

Starting Loop  49  ... 

2020-11-15 10:20:29,947 direct_Solver 0/1 INFO :: 
Starting Direct loop ... 

2020-11-15 10:23:32,408 solvers 0/1 INFO :: Simulation stop time reached.
rank =  0
2020-11-15 10:23:33,198 adjoint_Solver 0/1 INFO :: 
Starting Adjoint loop ... 

2020-11-15 10:27:09,184 solvers 0/1 INFO :: Simulation stop time reached.
First line search failed ... reducing step size from  0.0008067295612909595  to  0.0006050471709682197  ... 

After  49  loops: Residual =  315.0663365543725 | Normalized Residual =  0.6331924482031783  ... 

Starting Loop  50  ... 

2020-11-15 10:27:09,213 direct_Solver 0/1 INFO :: 
Starting Direct loop ... 

2020-11-15 10:30:11,262 solvers 0/1 INFO :: Simulation stop time reached.
rank =  0
2020-11-15 10:30:12,065 adjoint_Solver 0/1 INFO :: 
Starting Adjoint loop ... 

2020-11-15 10:34:06,396 solvers 0/1 INFO :: Simulation stop time reached.
First line search failed ... reducing step size from  0.0006050475209867827  to  0.000453785640740087  ... 

After  50  loops: Residual =  315.44329403224174 | Normalized Residual =  0.6336747339382227  ... 

Starting Loop  51  ... 

2020-11-15 10:34:06,429 direct_Solver 0/1 INFO :: 
Starting Direct loop ... 

2020-11-15 10:37:37,794 solvers 0/1 INFO :: Simulation stop time reached.
rank =  0
2020-11-15 10:37:38,655 adjoint_Solver 0/1 INFO :: 
Starting Adjoint loop ... 

2020-11-15 10:41:45,689 solvers 0/1 INFO :: Simulation stop time reached.
First line search failed ... reducing step size from  0.0004537857884046591  to  0.0003403393413034943  ... 

After  51  loops: Residual =  315.7273720664268 | Normalized Residual =  0.6340368776826564  ... 

Starting Loop  52  ... 

2020-11-15 10:41:45,723 direct_Solver 0/1 INFO :: 
Starting Direct loop ... 

2020-11-15 10:45:14,408 solvers 0/1 INFO :: Simulation stop time reached.
rank =  0
2020-11-15 10:45:15,276 adjoint_Solver 0/1 INFO :: 
Starting Adjoint loop ... 

2020-11-15 10:49:25,172 solvers 0/1 INFO :: Simulation stop time reached.
First line search failed ... reducing step size from  0.0003403394035996022  to  0.00025525455269970166  ... 

After  52  loops: Residual =  315.941190835146 | Normalized Residual =  0.6343087214349681  ... 

Starting Loop  53  ... 

2020-11-15 10:49:25,204 direct_Solver 0/1 INFO :: 
Starting Direct loop ... 

2020-11-15 10:52:54,984 solvers 0/1 INFO :: Simulation stop time reached.
rank =  0
2020-11-15 10:52:55,847 adjoint_Solver 0/1 INFO :: 
Starting Adjoint loop ... 

2020-11-15 10:57:05,977 solvers 0/1 INFO :: Simulation stop time reached.
First line search failed ... reducing step size from  0.00025525457898089974  to  0.0001914409342356748  ... 

After  53  loops: Residual =  316.10198055523 | Normalized Residual =  0.6345127346017833  ... 

Starting Loop  54  ... 

2020-11-15 10:57:06,010 direct_Solver 0/1 INFO :: 
Starting Direct loop ... 

2020-11-15 11:00:36,315 solvers 0/1 INFO :: Simulation stop time reached.
rank =  0
2020-11-15 11:00:37,176 adjoint_Solver 0/1 INFO :: 
Starting Adjoint loop ... 

2020-11-15 11:04:48,149 solvers 0/1 INFO :: Simulation stop time reached.
First line search failed ... reducing step size from  0.0001914409453230618  to  0.00014358070899229635  ... 

After  54  loops: Residual =  316.22281142782873 | Normalized Residual =  0.6346658168035069  ... 

Starting Loop  55  ... 

2020-11-15 11:04:48,182 direct_Solver 0/1 INFO :: 
Starting Direct loop ... 

2020-11-15 11:08:19,375 solvers 0/1 INFO :: Simulation stop time reached.
rank =  0
2020-11-15 11:08:20,234 adjoint_Solver 0/1 INFO :: 
Starting Adjoint loop ... 

2020-11-15 11:12:29,212 solvers 0/1 INFO :: Simulation stop time reached.
First line search failed ... reducing step size from  0.00014358071366978934  to  0.00010768553525234201  ... 

After  55  loops: Residual =  316.313568429282 | Normalized Residual =  0.6347806687184244  ... 

Starting Loop  56  ... 

2020-11-15 11:12:29,244 direct_Solver 0/1 INFO :: 
Starting Direct loop ... 

2020-11-15 11:15:58,818 solvers 0/1 INFO :: Simulation stop time reached.
rank =  0
2020-11-15 11:15:59,682 adjoint_Solver 0/1 INFO :: 
Starting Adjoint loop ... 

2020-11-15 11:20:09,397 solvers 0/1 INFO :: Simulation stop time reached.
First line search failed ... reducing step size from  0.00010768553722565972  to  8.076415291924479e-05  ... 

After  56  loops: Residual =  316.38171131923923 | Normalized Residual =  0.6348668301258233  ... 

Starting Loop  57  ... 

2020-11-15 11:20:09,428 direct_Solver 0/1 INFO :: 
Starting Direct loop ... 

2020-11-15 11:23:30,306 solvers 0/1 INFO :: Simulation stop time reached.
rank =  0
2020-11-15 11:23:31,129 adjoint_Solver 0/1 INFO :: 
Starting Adjoint loop ... 

2020-11-15 11:27:21,649 solvers 0/1 INFO :: Simulation stop time reached.
First line search failed ... reducing step size from  8.076415375173831e-05  to  6.057311531380373e-05  ... 

After  57  loops: Residual =  316.4328606888726 | Normalized Residual =  0.6349314637468123  ... 

Starting Loop  58  ... 

2020-11-15 11:27:21,680 direct_Solver 0/1 INFO :: 
Starting Direct loop ... 

2020-11-15 11:30:49,893 solvers 0/1 INFO :: Simulation stop time reached.
rank =  0
2020-11-15 11:30:50,753 adjoint_Solver 0/1 INFO :: 
Starting Adjoint loop ... 

2020-11-15 11:35:00,224 solvers 0/1 INFO :: Simulation stop time reached.
First line search failed ... reducing step size from  6.057311566501194e-05  to  4.542983674875896e-05  ... 

After  58  loops: Residual =  316.47124642810684 | Normalized Residual =  0.6349799459990804  ... 

Starting Loop  59  ... 

2020-11-15 11:35:00,255 direct_Solver 0/1 INFO :: 
Starting Direct loop ... 

2020-11-15 11:38:27,345 solvers 0/1 INFO :: Simulation stop time reached.
rank =  0
2020-11-15 11:38:28,206 adjoint_Solver 0/1 INFO :: 
Starting Adjoint loop ... 

2020-11-15 11:42:37,397 solvers 0/1 INFO :: Simulation stop time reached.
First line search failed ... reducing step size from  4.542983689692492e-05  to  3.407237767269369e-05  ... 

After  59  loops: Residual =  316.50004905924624 | Normalized Residual =  0.6350163116330614  ... 

Starting Loop  60  ... 

2020-11-15 11:42:37,430 direct_Solver 0/1 INFO :: 
Starting Direct loop ... 

2020-11-15 11:46:06,187 solvers 0/1 INFO :: Simulation stop time reached.
rank =  0
2020-11-15 11:46:07,050 adjoint_Solver 0/1 INFO :: 
Starting Adjoint loop ... 

2020-11-15 11:50:17,444 solvers 0/1 INFO :: Simulation stop time reached.
First line search failed ... reducing step size from  3.407237773520121e-05  to  2.555428330140091e-05  ... 

After  60  loops: Residual =  316.5216585240862 | Normalized Residual =  0.6350435880718974  ... 

Starting Loop  61  ... 

2020-11-15 11:50:17,476 direct_Solver 0/1 INFO :: 
Starting Direct loop ... 

2020-11-15 11:53:49,120 solvers 0/1 INFO :: Simulation stop time reached.
rank =  0
2020-11-15 11:53:49,982 adjoint_Solver 0/1 INFO :: 
Starting Adjoint loop ... 

2020-11-15 11:58:00,332 solvers 0/1 INFO :: Simulation stop time reached.
First line search failed ... reducing step size from  2.5554283327771275e-05  to  1.9165712495828457e-05  ... 

After  61  loops: Residual =  316.53786983472355 | Normalized Residual =  0.6350640466436748  ... 

Starting Loop  62  ... 

2020-11-15 11:58:00,364 direct_Solver 0/1 INFO :: 
Starting Direct loop ... 

2020-11-15 12:01:27,620 solvers 0/1 INFO :: Simulation stop time reached.
rank =  0
2020-11-15 12:01:28,479 adjoint_Solver 0/1 INFO :: 
Starting Adjoint loop ... 

2020-11-15 12:05:28,719 solvers 0/1 INFO :: Simulation stop time reached.
First line search failed ... reducing step size from  1.9165712506953452e-05  to  1.4374284380215089e-05  ... 

After  62  loops: Residual =  316.55003068605737 | Normalized Residual =  0.6350793912704865  ... 

Starting Loop  63  ... 

2020-11-15 12:05:28,749 direct_Solver 0/1 INFO :: 
Starting Direct loop ... 

2020-11-15 12:08:37,978 solvers 0/1 INFO :: Simulation stop time reached.
rank =  0
2020-11-15 12:08:38,800 adjoint_Solver 0/1 INFO :: 
Starting Adjoint loop ... 

2020-11-15 12:12:40,801 solvers 0/1 INFO :: Simulation stop time reached.
First line search failed ... reducing step size from  1.4374284384908443e-05  to  1.0780713288681333e-05  ... 

After  63  loops: Residual =  316.5591526564191 | Normalized Residual =  0.6350909001327937  ... 

Starting Loop  64  ... 

2020-11-15 12:12:40,833 direct_Solver 0/1 INFO :: 
Starting Direct loop ... 

2020-11-15 12:16:12,061 solvers 0/1 INFO :: Simulation stop time reached.
rank =  0
2020-11-15 12:16:12,922 adjoint_Solver 0/1 INFO :: 
Starting Adjoint loop ... 

2020-11-15 12:20:21,728 solvers 0/1 INFO :: Simulation stop time reached.
First line search failed ... reducing step size from  1.0780713290661345e-05  to  8.085534967996008e-06  ... 

After  64  loops: Residual =  316.56599488319813 | Normalized Residual =  0.6350995319999667  ... 

Starting Loop  65  ... 

2020-11-15 12:20:21,761 direct_Solver 0/1 INFO :: 
Starting Direct loop ... 

2020-11-15 12:23:52,784 solvers 0/1 INFO :: Simulation stop time reached.
rank =  0
2020-11-15 12:23:53,644 adjoint_Solver 0/1 INFO :: 
Starting Adjoint loop ... 

2020-11-15 12:28:04,040 solvers 0/1 INFO :: Simulation stop time reached.
First line search failed ... reducing step size from  8.085534968831325e-06  to  6.0641512266234935e-06  ... 

After  65  loops: Residual =  316.57112697454835 | Normalized Residual =  0.6351060060242788  ... 

Starting Loop  66  ... 

2020-11-15 12:28:04,075 direct_Solver 0/1 INFO :: 
Starting Direct loop ... 

2020-11-15 12:31:33,873 solvers 0/1 INFO :: Simulation stop time reached.
rank =  0
2020-11-15 12:31:34,732 adjoint_Solver 0/1 INFO :: 
Starting Adjoint loop ... 

2020-11-15 12:35:45,045 solvers 0/1 INFO :: Simulation stop time reached.
First line search failed ... reducing step size from  6.064151226975893e-06  to  4.54811342023192e-06  ... 

After  66  loops: Residual =  316.57497627997935 | Normalized Residual =  0.6351108616121635  ... 

Starting Loop  67  ... 

2020-11-15 12:35:45,078 direct_Solver 0/1 INFO :: 
Starting Direct loop ... 

2020-11-15 12:39:14,938 solvers 0/1 INFO :: Simulation stop time reached.
rank =  0
2020-11-15 12:39:15,797 adjoint_Solver 0/1 INFO :: 
Starting Adjoint loop ... 

2020-11-15 12:43:25,742 solvers 0/1 INFO :: Simulation stop time reached.
First line search failed ... reducing step size from  4.548113420380588e-06  to  3.4110850652854405e-06  ... 

After  67  loops: Residual =  316.5778633923372 | Normalized Residual =  0.6351145033422483  ... 

Starting Loop  68  ... 

2020-11-15 12:43:25,778 direct_Solver 0/1 INFO :: 
Starting Direct loop ... 

2020-11-15 12:46:56,600 solvers 0/1 INFO :: Simulation stop time reached.
rank =  0
2020-11-15 12:46:57,461 adjoint_Solver 0/1 INFO :: 
Starting Adjoint loop ... 

2020-11-15 12:51:07,369 solvers 0/1 INFO :: Simulation stop time reached.
First line search failed ... reducing step size from  3.4110850653481604e-06  to  2.55831379901112e-06  ... 

After  68  loops: Residual =  316.58002880152213 | Normalized Residual =  0.6351172346618658  ... 

Starting Loop  69  ... 

2020-11-15 12:51:07,402 direct_Solver 0/1 INFO :: 
Starting Direct loop ... 

2020-11-15 12:54:36,332 solvers 0/1 INFO :: Simulation stop time reached.
rank =  0
2020-11-15 12:54:37,190 adjoint_Solver 0/1 INFO :: 
Starting Adjoint loop ... 

2020-11-15 12:58:46,609 solvers 0/1 INFO :: Simulation stop time reached.
First line search failed ... reducing step size from  2.5583137990375798e-06  to  1.918735349278185e-06  ... 

After  69  loops: Residual =  316.58165290061635 | Normalized Residual =  0.6351192831639723  ... 

Starting Loop  70  ... 

2020-11-15 12:58:46,642 direct_Solver 0/1 INFO :: 
Starting Direct loop ... 

2020-11-15 13:02:16,873 solvers 0/1 INFO :: Simulation stop time reached.
rank =  0
2020-11-15 13:02:17,735 adjoint_Solver 0/1 INFO :: 
Starting Adjoint loop ... 

2020-11-15 13:06:27,903 solvers 0/1 INFO :: Simulation stop time reached.
First line search failed ... reducing step size from  1.9187353492893475e-06  to  1.4390515119670106e-06  ... 

After  70  loops: Residual =  316.582870998659 | Normalized Residual =  0.6351208195475152  ... 

Starting Loop  71  ... 

2020-11-15 13:06:27,937 direct_Solver 0/1 INFO :: 
Starting Direct loop ... 

2020-11-15 13:09:58,335 solvers 0/1 INFO :: Simulation stop time reached.
rank =  0
2020-11-15 13:09:59,197 adjoint_Solver 0/1 INFO :: 
Starting Adjoint loop ... 

2020-11-15 13:14:06,728 solvers 0/1 INFO :: Simulation stop time reached.
First line search failed ... reducing step size from  1.43905151197172e-06  to  1.0792886339787901e-06  ... 

After  71  loops: Residual =  316.5837845855374 | Normalized Residual =  0.6351219718390778  ... 

Starting Loop  72  ... 

2020-11-15 13:14:06,761 direct_Solver 0/1 INFO :: 
Starting Direct loop ... 

2020-11-15 13:17:28,278 solvers 0/1 INFO :: Simulation stop time reached.
rank =  0
2020-11-15 13:17:29,128 adjoint_Solver 0/1 INFO :: 
Starting Adjoint loop ... 

2020-11-15 13:21:31,740 solvers 0/1 INFO :: Simulation stop time reached.
First line search failed ... reducing step size from  1.0792886339807766e-06  to  8.094664754855825e-07  ... 

After  72  loops: Residual =  316.58446978315436 | Normalized Residual =  0.6351228360599778  ... 

Starting Loop  73  ... 

2020-11-15 13:21:31,775 direct_Solver 0/1 INFO :: 
Starting Direct loop ... 

2020-11-15 13:25:02,398 solvers 0/1 INFO :: Simulation stop time reached.
rank =  0
2020-11-15 13:25:03,257 adjoint_Solver 0/1 INFO :: 
Starting Adjoint loop ... 

2020-11-15 13:29:13,099 solvers 0/1 INFO :: Simulation stop time reached.
First line search failed ... reducing step size from  8.094664754864204e-07  to  6.070998566148152e-07  ... 

After  73  loops: Residual =  316.58498368558 | Normalized Residual =  0.6351234842268603  ... 

Starting Loop  74  ... 

2020-11-15 13:29:13,132 direct_Solver 0/1 INFO :: 
Starting Direct loop ... 

2020-11-15 13:32:43,246 solvers 0/1 INFO :: Simulation stop time reached.
rank =  0
2020-11-15 13:32:44,106 adjoint_Solver 0/1 INFO :: 
Starting Adjoint loop ... 

2020-11-15 13:36:54,006 solvers 0/1 INFO :: Simulation stop time reached.
First line search failed ... reducing step size from  6.070998566151689e-07  to  4.5532489246137666e-07  ... 

After  74  loops: Residual =  316.5853691148293 | Normalized Residual =  0.6351239703527589  ... 

Starting Loop  75  ... 

2020-11-15 13:36:54,042 direct_Solver 0/1 INFO :: 
Starting Direct loop ... 

2020-11-15 13:40:24,111 solvers 0/1 INFO :: Simulation stop time reached.
rank =  0
2020-11-15 13:40:24,971 adjoint_Solver 0/1 INFO :: 
Starting Adjoint loop ... 

2020-11-15 13:44:32,626 solvers 0/1 INFO :: Simulation stop time reached.
First line search failed ... reducing step size from  4.553248924615259e-07  to  3.414936693461444e-07  ... 

After  75  loops: Residual =  316.58565818805187 | Normalized Residual =  0.6351243349475366  ... 

Starting Loop  76  ... 

2020-11-15 13:44:32,660 direct_Solver 0/1 INFO :: 
Starting Direct loop ... 

2020-11-15 13:48:02,473 solvers 0/1 INFO :: Simulation stop time reached.
rank =  0
2020-11-15 13:48:03,332 adjoint_Solver 0/1 INFO :: 
Starting Adjoint loop ... 

2020-11-15 13:52:13,896 solvers 0/1 INFO :: Simulation stop time reached.
First line search failed ... reducing step size from  3.4149366934620734e-07  to  2.561202520096555e-07  ... 

After  76  loops: Residual =  316.5858749937321 | Normalized Residual =  0.6351246083938451  ... 

Starting Loop  77  ... 

2020-11-15 13:52:13,929 direct_Solver 0/1 INFO :: 
Starting Direct loop ... 

2020-11-15 13:55:43,215 solvers 0/1 INFO :: Simulation stop time reached.
rank =  0
2020-11-15 13:55:44,075 adjoint_Solver 0/1 INFO :: 
Starting Adjoint loop ... 

2020-11-15 13:59:53,802 solvers 0/1 INFO :: Simulation stop time reached.
First line search failed ... reducing step size from  2.56120252009682e-07  to  1.9209018900726153e-07  ... 

After  77  loops: Residual =  316.58603759842896 | Normalized Residual =  0.6351248134787169  ... 

Starting Loop  78  ... 

2020-11-15 13:59:53,836 direct_Solver 0/1 INFO :: 
Starting Direct loop ... 

2020-11-15 14:03:24,626 solvers 0/1 INFO :: Simulation stop time reached.
rank =  0
2020-11-15 14:03:25,486 adjoint_Solver 0/1 INFO :: 
Starting Adjoint loop ... 

2020-11-15 14:07:36,946 solvers 0/1 INFO :: Simulation stop time reached.
First line search failed ... reducing step size from  1.9209018900727278e-07  to  1.440676417554546e-07  ... 

After  78  loops: Residual =  316.5861595521866 | Normalized Residual =  0.6351249672924492  ... 

Starting Loop  79  ... 

2020-11-15 14:07:36,979 direct_Solver 0/1 INFO :: 
Starting Direct loop ... 

2020-11-15 14:11:07,341 solvers 0/1 INFO :: Simulation stop time reached.
rank =  0
2020-11-15 14:11:08,198 adjoint_Solver 0/1 INFO :: 
Starting Adjoint loop ... 

2020-11-15 14:15:18,901 solvers 0/1 INFO :: Simulation stop time reached.
First line search failed ... reducing step size from  1.4406764175545935e-07  to  1.0805073131659452e-07  ... 

After  79  loops: Residual =  316.58625101764045 | Normalized Residual =  0.6351250826527802  ... 

Starting Loop  80  ... 

2020-11-15 14:15:18,932 direct_Solver 0/1 INFO :: 
Starting Direct loop ... 

2020-11-15 14:18:49,056 solvers 0/1 INFO :: Simulation stop time reached.
rank =  0
2020-11-15 14:18:49,917 adjoint_Solver 0/1 INFO :: 
Starting Adjoint loop ... 

2020-11-15 14:22:57,856 solvers 0/1 INFO :: Simulation stop time reached.
First line search failed ... reducing step size from  1.080507313165965e-07  to  8.103804848744737e-08  ... 

After  80  loops: Residual =  316.58631961677577 | Normalized Residual =  0.6351251691730582  ... 

Starting Loop  81  ... 

2020-11-15 14:22:57,888 direct_Solver 0/1 INFO :: 
Starting Direct loop ... 

2020-11-15 14:26:27,668 solvers 0/1 INFO :: Simulation stop time reached.
rank =  0
2020-11-15 14:26:28,529 adjoint_Solver 0/1 INFO :: 
Starting Adjoint loop ... 

2020-11-15 14:30:40,173 solvers 0/1 INFO :: Simulation stop time reached.
First line search failed ... reducing step size from  8.103804848744821e-08  to  6.077853636558616e-08  ... 

After  81  loops: Residual =  316.5863710662226 | Normalized Residual =  0.635125234063257  ... 

Starting Loop  82  ... 

2020-11-15 14:30:40,205 direct_Solver 0/1 INFO :: 
Starting Direct loop ... 

2020-11-15 14:34:09,982 solvers 0/1 INFO :: Simulation stop time reached.
rank =  0
2020-11-15 14:34:10,843 adjoint_Solver 0/1 INFO :: 
Starting Adjoint loop ... 

2020-11-15 14:38:20,009 solvers 0/1 INFO :: Simulation stop time reached.
First line search failed ... reducing step size from  6.077853636558652e-08  to  4.558390227418989e-08  ... 

After  82  loops: Residual =  316.58640965328283 | Normalized Residual =  0.6351252827309122  ... 

Starting Loop  83  ... 

2020-11-15 14:38:20,039 direct_Solver 0/1 INFO :: 
Starting Direct loop ... 

2020-11-15 14:41:48,270 solvers 0/1 INFO :: Simulation stop time reached.
rank =  0
2020-11-15 14:41:49,130 adjoint_Solver 0/1 INFO :: 
Starting Adjoint loop ... 

2020-11-15 14:45:59,687 solvers 0/1 INFO :: Simulation stop time reached.
First line search failed ... reducing step size from  4.5583902274190026e-08  to  3.418792670564252e-08  ... 

After  83  loops: Residual =  316.58643859360575 | Normalized Residual =  0.6351253192316745  ... 

Starting Loop  84  ... 

2020-11-15 14:45:59,720 direct_Solver 0/1 INFO :: 
Starting Direct loop ... 

2020-11-15 14:49:25,615 solvers 0/1 INFO :: Simulation stop time reached.
rank =  0
2020-11-15 14:49:26,476 adjoint_Solver 0/1 INFO :: 
Starting Adjoint loop ... 

2020-11-15 14:53:35,593 solvers 0/1 INFO :: Simulation stop time reached.
First line search failed ... reducing step size from  3.4187926705642586e-08  to  2.5640945029231938e-08  ... 

After  84  loops: Residual =  316.5864602988475 | Normalized Residual =  0.6351253466072304  ... 

Starting Loop  85  ... 

2020-11-15 14:53:35,626 direct_Solver 0/1 INFO :: 
Starting Direct loop ... 

2020-11-15 14:57:03,735 solvers 0/1 INFO :: Simulation stop time reached.
rank =  0
2020-11-15 14:57:04,595 adjoint_Solver 0/1 INFO :: 
Starting Adjoint loop ... 

2020-11-15 15:01:10,961 solvers 0/1 INFO :: Simulation stop time reached.
First line search failed ... reducing step size from  2.5640945029231967e-08  to  1.9230708771923976e-08  ... 

After  85  loops: Residual =  316.58647657780733 | Normalized Residual =  0.6351253671389184  ... 

Starting Loop  86  ... 

2020-11-15 15:01:10,995 direct_Solver 0/1 INFO :: 
Starting Direct loop ... 

2020-11-15 15:04:40,736 solvers 0/1 INFO :: Simulation stop time reached.
rank =  0
2020-11-15 15:04:41,595 adjoint_Solver 0/1 INFO :: 
Starting Adjoint loop ... 

2020-11-15 15:08:51,003 solvers 0/1 INFO :: Simulation stop time reached.
First line search failed ... reducing step size from  1.9230708771923986e-08  to  1.4423031578942989e-08  ... 

After  86  loops: Residual =  316.5864887870278 | Normalized Residual =  0.6351253825376754  ... 

Starting Loop  87  ... 

2020-11-15 15:08:51,037 direct_Solver 0/1 INFO :: 
Starting Direct loop ... 

2020-11-15 15:12:20,351 solvers 0/1 INFO :: Simulation stop time reached.
rank =  0
2020-11-15 15:12:21,210 adjoint_Solver 0/1 INFO :: 
Starting Adjoint loop ... 

2020-11-15 15:16:31,350 solvers 0/1 INFO :: Simulation stop time reached.
First line search failed ... reducing step size from  1.4423031578942996e-08  to  1.0817273684207246e-08  ... 

After  87  loops: Residual =  316.58649794393517 | Normalized Residual =  0.6351253940867538  ... 

Starting Loop  88  ... 

2020-11-15 15:16:31,383 direct_Solver 0/1 INFO :: 
Starting Direct loop ... 

2020-11-15 15:19:59,198 solvers 0/1 INFO :: Simulation stop time reached.
rank =  0
2020-11-15 15:20:00,056 adjoint_Solver 0/1 INFO :: 
Starting Adjoint loop ... 

2020-11-15 15:24:13,926 solvers 0/1 INFO :: Simulation stop time reached.
First line search failed ... reducing step size from  1.0817273684207246e-08  to  8.112955263155435e-09  ... 

After  88  loops: Residual =  316.5865048115898 | Normalized Residual =  0.6351254027485479  ... 

Starting Loop  89  ... 

2020-11-15 15:24:13,957 direct_Solver 0/1 INFO :: 
Starting Direct loop ... 

2020-11-15 15:27:42,261 solvers 0/1 INFO :: Simulation stop time reached.
rank =  0
2020-11-15 15:27:43,144 adjoint_Solver 0/1 INFO :: 
Starting Adjoint loop ... 

2020-11-15 15:32:09,324 solvers 0/1 INFO :: Simulation stop time reached.
First line search failed ... reducing step size from  8.112955263155437e-09  to  6.084716447366577e-09  ... 

After  89  loops: Residual =  316.5865099623651 | Normalized Residual =  0.6351254092448918  ... 

Starting Loop  90  ... 

2020-11-15 15:32:09,356 direct_Solver 0/1 INFO :: 
Starting Direct loop ... 

2020-11-15 15:35:39,220 solvers 0/1 INFO :: Simulation stop time reached.
rank =  0
2020-11-15 15:35:40,079 adjoint_Solver 0/1 INFO :: 
Starting Adjoint loop ... 

2020-11-15 15:39:52,161 solvers 0/1 INFO :: Simulation stop time reached.
First line search failed ... reducing step size from  6.084716447366579e-09  to  4.563537335524934e-09  ... 

After  90  loops: Residual =  316.5865138254299 | Normalized Residual =  0.6351254141171577  ... 

Starting Loop  91  ... 

2020-11-15 15:39:52,193 direct_Solver 0/1 INFO :: 
Starting Direct loop ... 

2020-11-15 15:43:23,089 solvers 0/1 INFO :: Simulation stop time reached.
rank =  0
2020-11-15 15:43:23,951 adjoint_Solver 0/1 INFO :: 
Starting Adjoint loop ... 

2020-11-15 15:47:33,968 solvers 0/1 INFO :: Simulation stop time reached.
First line search failed ... reducing step size from  4.563537335524934e-09  to  3.4226530016437006e-09  ... 

After  91  loops: Residual =  316.5865167227589 | Normalized Residual =  0.6351254177713673  ... 

Starting Loop  92  ... 

2020-11-15 15:47:34,002 direct_Solver 0/1 INFO :: 
Starting Direct loop ... 

2020-11-15 15:51:02,733 solvers 0/1 INFO :: Simulation stop time reached.
rank =  0
2020-11-15 15:51:03,594 adjoint_Solver 0/1 INFO :: 
Starting Adjoint loop ... 

2020-11-15 15:55:19,789 solvers 0/1 INFO :: Simulation stop time reached.
First line search failed ... reducing step size from  3.4226530016437006e-09  to  2.5669897512327754e-09  ... 

After  92  loops: Residual =  316.58651889570814 | Normalized Residual =  0.6351254205120161  ... 

Starting Loop  93  ... 

2020-11-15 15:55:19,823 direct_Solver 0/1 INFO :: 
Starting Direct loop ... 

2020-11-15 15:58:49,852 solvers 0/1 INFO :: Simulation stop time reached.
rank =  0
2020-11-15 15:58:50,711 adjoint_Solver 0/1 INFO :: 
Starting Adjoint loop ... 

2020-11-15 16:03:03,181 solvers 0/1 INFO :: Simulation stop time reached.
First line search failed ... reducing step size from  2.5669897512327754e-09  to  1.9252423134245815e-09  ... 

After  93  loops: Residual =  316.58652052548535 | Normalized Residual =  0.6351254225674775  ... 

Starting Loop  94  ... 

2020-11-15 16:03:03,216 direct_Solver 0/1 INFO :: 
Starting Direct loop ... 

2020-11-15 16:06:29,571 solvers 0/1 INFO :: Simulation stop time reached.
rank =  0
2020-11-15 16:06:30,458 adjoint_Solver 0/1 INFO :: 
Starting Adjoint loop ... 

2020-11-15 16:10:42,196 solvers 0/1 INFO :: Simulation stop time reached.
First line search failed ... reducing step size from  1.9252423134245815e-09  to  1.4439317350684361e-09  ... 

After  94  loops: Residual =  316.58652174776034 | Normalized Residual =  0.6351254241091115  ... 

Starting Loop  95  ... 

2020-11-15 16:10:42,228 direct_Solver 0/1 INFO :: 
Starting Direct loop ... 

2020-11-15 16:14:07,190 solvers 0/1 INFO :: Simulation stop time reached.
rank =  0
2020-11-15 16:14:08,024 adjoint_Solver 0/1 INFO :: 
Starting Adjoint loop ... 

2020-11-15 16:18:19,696 solvers 0/1 INFO :: Simulation stop time reached.
First line search failed ... reducing step size from  1.4439317350684361e-09  to  1.082948801301327e-09  ... 

After  95  loops: Residual =  316.586522664493 | Normalized Residual =  0.6351254252653116  ... 

Starting Loop  96  ... 

2020-11-15 16:18:19,729 direct_Solver 0/1 INFO :: 
Starting Direct loop ... 

2020-11-15 16:21:49,994 solvers 0/1 INFO :: Simulation stop time reached.
rank =  0
2020-11-15 16:21:50,874 adjoint_Solver 0/1 INFO :: 
Starting Adjoint loop ... 

2020-11-15 16:26:06,884 solvers 0/1 INFO :: Simulation stop time reached.
First line search failed ... reducing step size from  1.0829488013013273e-09  to  8.122116009759955e-10  ... 

After  96  loops: Residual =  316.5865233520047 | Normalized Residual =  0.6351254261324694  ... 

Starting Loop  97  ... 

2020-11-15 16:26:06,919 direct_Solver 0/1 INFO :: 
Starting Direct loop ... 

2020-11-15 16:29:37,272 solvers 0/1 INFO :: Simulation stop time reached.
rank =  0
2020-11-15 16:29:38,134 adjoint_Solver 0/1 INFO :: 
Starting Adjoint loop ... 

2020-11-15 16:33:48,594 solvers 0/1 INFO :: Simulation stop time reached.
First line search failed ... reducing step size from  8.122116009759954e-10  to  6.091587007319965e-10  ... 

After  97  loops: Residual =  316.58652386768193 | Normalized Residual =  0.6351254267828467  ... 

Starting Loop  98  ... 

2020-11-15 16:33:48,630 direct_Solver 0/1 INFO :: 
Starting Direct loop ... 

2020-11-15 16:37:22,168 solvers 0/1 INFO :: Simulation stop time reached.
rank =  0
2020-11-15 16:37:23,048 adjoint_Solver 0/1 INFO :: 
Starting Adjoint loop ... 

2020-11-15 16:41:37,430 solvers 0/1 INFO :: Simulation stop time reached.
First line search failed ... reducing step size from  6.091587007319965e-10  to  4.568690255489974e-10  ... 

After  98  loops: Residual =  316.58652425443165 | Normalized Residual =  0.6351254272706184  ... 

Starting Loop  99  ... 

2020-11-15 16:41:37,465 direct_Solver 0/1 INFO :: 
Starting Direct loop ... 

2020-11-15 16:45:11,439 solvers 0/1 INFO :: Simulation stop time reached.
rank =  0
2020-11-15 16:45:12,314 adjoint_Solver 0/1 INFO :: 
Starting Adjoint loop ... 

2020-11-15 16:49:27,833 solvers 0/1 INFO :: Simulation stop time reached.
First line search failed ... reducing step size from  4.5686902554899734e-10  to  3.42651769161748e-10  ... 

After  99  loops: Residual =  316.5865245444954 | Normalized Residual =  0.6351254276364484  ... 

Starting Loop  100  ... 

2020-11-15 16:49:27,865 direct_Solver 0/1 INFO :: 
Starting Direct loop ... 

