2020-11-05 23:30:13,587 pencil 0/1 INFO :: Building pencil matrix 1/32 (~3%) Elapsed: 0s, Remaining: 1s, Rate: 4.9e+01/s
2020-11-05 23:30:13,649 pencil 0/1 INFO :: Building pencil matrix 4/32 (~12%) Elapsed: 0s, Remaining: 1s, Rate: 4.8e+01/s
2020-11-05 23:30:13,730 pencil 0/1 INFO :: Building pencil matrix 8/32 (~25%) Elapsed: 0s, Remaining: 0s, Rate: 4.9e+01/s
2020-11-05 23:30:13,811 pencil 0/1 INFO :: Building pencil matrix 12/32 (~38%) Elapsed: 0s, Remaining: 0s, Rate: 4.9e+01/s
2020-11-05 23:30:13,892 pencil 0/1 INFO :: Building pencil matrix 16/32 (~50%) Elapsed: 0s, Remaining: 0s, Rate: 4.9e+01/s
2020-11-05 23:30:13,972 pencil 0/1 INFO :: Building pencil matrix 20/32 (~62%) Elapsed: 0s, Remaining: 0s, Rate: 4.9e+01/s
2020-11-05 23:30:14,053 pencil 0/1 INFO :: Building pencil matrix 24/32 (~75%) Elapsed: 0s, Remaining: 0s, Rate: 4.9e+01/s
2020-11-05 23:30:14,133 pencil 0/1 INFO :: Building pencil matrix 28/32 (~88%) Elapsed: 1s, Remaining: 0s, Rate: 4.9e+01/s
2020-11-05 23:30:14,214 pencil 0/1 INFO :: Building pencil matrix 32/32 (~100%) Elapsed: 1s, Remaining: 0s, Rate: 4.9e+01/s
2020-11-05 23:30:14,248 pencil 0/1 INFO :: Building pencil matrix 1/32 (~3%) Elapsed: 0s, Remaining: 1s, Rate: 4.8e+01/s
2020-11-05 23:30:14,310 pencil 0/1 INFO :: Building pencil matrix 4/32 (~12%) Elapsed: 0s, Remaining: 1s, Rate: 4.8e+01/s
2020-11-05 23:30:14,393 pencil 0/1 INFO :: Building pencil matrix 8/32 (~25%) Elapsed: 0s, Remaining: 0s, Rate: 4.8e+01/s
2020-11-05 23:30:14,477 pencil 0/1 INFO :: Building pencil matrix 12/32 (~38%) Elapsed: 0s, Remaining: 0s, Rate: 4.8e+01/s
2020-11-05 23:30:14,560 pencil 0/1 INFO :: Building pencil matrix 16/32 (~50%) Elapsed: 0s, Remaining: 0s, Rate: 4.8e+01/s
2020-11-05 23:30:14,643 pencil 0/1 INFO :: Building pencil matrix 20/32 (~62%) Elapsed: 0s, Remaining: 0s, Rate: 4.8e+01/s
2020-11-05 23:30:14,727 pencil 0/1 INFO :: Building pencil matrix 24/32 (~75%) Elapsed: 0s, Remaining: 0s, Rate: 4.8e+01/s
2020-11-05 23:30:14,811 pencil 0/1 INFO :: Building pencil matrix 28/32 (~88%) Elapsed: 1s, Remaining: 0s, Rate: 4.8e+01/s
2020-11-05 23:30:14,896 pencil 0/1 INFO :: Building pencil matrix 32/32 (~100%) Elapsed: 1s, Remaining: 0s, Rate: 4.8e+01/s


=====Optimization Algorithm Parameters=====


(s, T, Re) = ( 1.0 ,  4.0 ,  50.0 )

K       =  1.5
r       =  0.5
e0init  =  0.1
LS      =  1
LSI     =  1
proj    =  1
method  =  rot
dmethod =  conj
powit   =  0
N       =  200
start   =  rand
sstr    =  1


===========================================

Starting from Random IC ... 

2020-11-05 23:30:14,940 direct_Solver 0/1 INFO :: 
Starting Direct loop ... 

2020-11-05 23:31:04,385 solvers 0/1 INFO :: Simulation stop time reached.
2020-11-05 23:31:05,229 adjoint_Solver 0/1 INFO :: 
Starting Adjoint loop ... 

2020-11-05 23:32:05,621 solvers 0/1 INFO :: Simulation stop time reached.
Starting Loop  1  ... 

2020-11-05 23:32:05,658 direct_Solver 0/1 INFO :: 
Starting Direct loop ... 

2020-11-05 23:32:50,631 solvers 0/1 INFO :: Simulation stop time reached.
2020-11-05 23:32:51,482 adjoint_Solver 0/1 INFO :: 
Starting Adjoint loop ... 

2020-11-05 23:33:44,963 solvers 0/1 INFO :: Simulation stop time reached.
Starting Line Search ... 

2020-11-05 23:33:44,986 direct_Solver 0/1 INFO :: 
Starting Direct loop ... 

2020-11-05 23:34:28,693 solvers 0/1 INFO :: Simulation stop time reached.
2020-11-05 23:34:29,542 adjoint_Solver 0/1 INFO :: 
Starting Adjoint loop ... 

2020-11-05 23:35:21,412 solvers 0/1 INFO :: Simulation stop time reached.
Starting Line Search ... 

2020-11-05 23:35:21,446 direct_Solver 0/1 INFO :: 
Starting Direct loop ... 

2020-11-05 23:36:05,015 solvers 0/1 INFO :: Simulation stop time reached.
2020-11-05 23:36:05,867 adjoint_Solver 0/1 INFO :: 
Starting Adjoint loop ... 

2020-11-05 23:36:58,115 solvers 0/1 INFO :: Simulation stop time reached.
Starting Line Search ... 

2020-11-05 23:36:58,149 direct_Solver 0/1 INFO :: 
Starting Direct loop ... 

2020-11-05 23:37:41,723 solvers 0/1 INFO :: Simulation stop time reached.
2020-11-05 23:37:42,574 adjoint_Solver 0/1 INFO :: 
Starting Adjoint loop ... 

2020-11-05 23:38:34,127 solvers 0/1 INFO :: Simulation stop time reached.
Starting Line Search ... 

2020-11-05 23:38:34,161 direct_Solver 0/1 INFO :: 
Starting Direct loop ... 

2020-11-05 23:39:17,298 solvers 0/1 INFO :: Simulation stop time reached.
2020-11-05 23:39:18,148 adjoint_Solver 0/1 INFO :: 
Starting Adjoint loop ... 

2020-11-05 23:40:10,000 solvers 0/1 INFO :: Simulation stop time reached.
Starting Line Search ... 

2020-11-05 23:40:10,033 direct_Solver 0/1 INFO :: 
Starting Direct loop ... 

2020-11-05 23:40:53,181 solvers 0/1 INFO :: Simulation stop time reached.
2020-11-05 23:40:54,032 adjoint_Solver 0/1 INFO :: 
Starting Adjoint loop ... 

2020-11-05 23:41:45,242 solvers 0/1 INFO :: Simulation stop time reached.
Starting Line Search ... 

2020-11-05 23:41:45,276 direct_Solver 0/1 INFO :: 
Starting Direct loop ... 

2020-11-05 23:42:28,231 solvers 0/1 INFO :: Simulation stop time reached.
2020-11-05 23:42:29,078 adjoint_Solver 0/1 INFO :: 
Starting Adjoint loop ... 

2020-11-05 23:43:20,746 solvers 0/1 INFO :: Simulation stop time reached.
Starting Line Search ... 

2020-11-05 23:43:20,780 direct_Solver 0/1 INFO :: 
Starting Direct loop ... 

2020-11-05 23:44:03,749 solvers 0/1 INFO :: Simulation stop time reached.
2020-11-05 23:44:04,600 adjoint_Solver 0/1 INFO :: 
Starting Adjoint loop ... 

2020-11-05 23:44:55,369 solvers 0/1 INFO :: Simulation stop time reached.
Line search from  0.1  to  4.92578125  ... 

2020-11-05 23:44:55,403 direct_Solver 0/1 INFO :: 
Starting Direct loop ... 

2020-11-05 23:45:38,304 solvers 0/1 INFO :: Simulation stop time reached.
2020-11-05 23:45:39,152 adjoint_Solver 0/1 INFO :: 
Starting Adjoint loop ... 

2020-11-05 23:46:30,255 solvers 0/1 INFO :: Simulation stop time reached.
Line search interpolation unsuccessful ... 

2020-11-05 23:46:30,289 direct_Solver 0/1 INFO :: 
Starting Direct loop ... 

2020-11-05 23:47:12,901 solvers 0/1 INFO :: Simulation stop time reached.
2020-11-05 23:47:13,747 adjoint_Solver 0/1 INFO :: 
Starting Adjoint loop ... 

2020-11-05 23:48:04,599 solvers 0/1 INFO :: Simulation stop time reached.
After  10  loops: Residual =  234.09048117795288 | Normalized Residual =  0.3402615894743231  ... 

Starting Loop  11  ... 

2020-11-05 23:48:04,637 direct_Solver 0/1 INFO :: 
Starting Direct loop ... 

2020-11-05 23:48:47,227 solvers 0/1 INFO :: Simulation stop time reached.
2020-11-05 23:48:48,077 adjoint_Solver 0/1 INFO :: 
Starting Adjoint loop ... 

2020-11-05 23:49:39,212 solvers 0/1 INFO :: Simulation stop time reached.
Starting Line Search ... 

2020-11-05 23:49:39,245 direct_Solver 0/1 INFO :: 
Starting Direct loop ... 

2020-11-05 23:50:22,037 solvers 0/1 INFO :: Simulation stop time reached.
2020-11-05 23:50:22,883 adjoint_Solver 0/1 INFO :: 
Starting Adjoint loop ... 

2020-11-05 23:51:13,802 solvers 0/1 INFO :: Simulation stop time reached.
Starting Line Search ... 

2020-11-05 23:51:13,835 direct_Solver 0/1 INFO :: 
Starting Direct loop ... 

2020-11-05 23:51:56,497 solvers 0/1 INFO :: Simulation stop time reached.
2020-11-05 23:51:57,346 adjoint_Solver 0/1 INFO :: 
Starting Adjoint loop ... 

2020-11-05 23:52:48,463 solvers 0/1 INFO :: Simulation stop time reached.
Starting Line Search ... 

2020-11-05 23:52:48,497 direct_Solver 0/1 INFO :: 
Starting Direct loop ... 

2020-11-05 23:53:31,220 solvers 0/1 INFO :: Simulation stop time reached.
2020-11-05 23:53:32,067 adjoint_Solver 0/1 INFO :: 
Starting Adjoint loop ... 

2020-11-05 23:54:22,929 solvers 0/1 INFO :: Simulation stop time reached.
Starting Line Search ... 

2020-11-05 23:54:22,962 direct_Solver 0/1 INFO :: 
Starting Direct loop ... 

2020-11-05 23:55:05,524 solvers 0/1 INFO :: Simulation stop time reached.
2020-11-05 23:55:06,370 adjoint_Solver 0/1 INFO :: 
Starting Adjoint loop ... 

2020-11-05 23:55:57,533 solvers 0/1 INFO :: Simulation stop time reached.
Starting Line Search ... 

2020-11-05 23:55:57,567 direct_Solver 0/1 INFO :: 
Starting Direct loop ... 

2020-11-05 23:56:40,311 solvers 0/1 INFO :: Simulation stop time reached.
2020-11-05 23:56:41,157 adjoint_Solver 0/1 INFO :: 
Starting Adjoint loop ... 

2020-11-05 23:57:32,073 solvers 0/1 INFO :: Simulation stop time reached.
Starting Line Search ... 

2020-11-05 23:57:32,106 direct_Solver 0/1 INFO :: 
Starting Direct loop ... 

2020-11-05 23:58:14,728 solvers 0/1 INFO :: Simulation stop time reached.
2020-11-05 23:58:15,574 adjoint_Solver 0/1 INFO :: 
Starting Adjoint loop ... 

2020-11-05 23:59:06,496 solvers 0/1 INFO :: Simulation stop time reached.
Starting Line Search ... 

2020-11-05 23:59:06,529 direct_Solver 0/1 INFO :: 
Starting Direct loop ... 

2020-11-05 23:59:49,247 solvers 0/1 INFO :: Simulation stop time reached.
2020-11-05 23:59:50,094 adjoint_Solver 0/1 INFO :: 
Starting Adjoint loop ... 

2020-11-06 00:00:40,971 solvers 0/1 INFO :: Simulation stop time reached.
Starting Line Search ... 

2020-11-06 00:00:41,005 direct_Solver 0/1 INFO :: 
Starting Direct loop ... 

2020-11-06 00:01:23,711 solvers 0/1 INFO :: Simulation stop time reached.
2020-11-06 00:01:24,557 adjoint_Solver 0/1 INFO :: 
Starting Adjoint loop ... 

2020-11-06 00:02:15,569 solvers 0/1 INFO :: Simulation stop time reached.
Starting Line Search ... 

2020-11-06 00:02:15,602 direct_Solver 0/1 INFO :: 
Starting Direct loop ... 

2020-11-06 00:02:58,278 solvers 0/1 INFO :: Simulation stop time reached.
2020-11-06 00:02:59,129 adjoint_Solver 0/1 INFO :: 
Starting Adjoint loop ... 

2020-11-06 00:03:49,827 solvers 0/1 INFO :: Simulation stop time reached.
Starting Line Search ... 

2020-11-06 00:03:49,861 direct_Solver 0/1 INFO :: 
Starting Direct loop ... 

2020-11-06 00:04:32,417 solvers 0/1 INFO :: Simulation stop time reached.
2020-11-06 00:04:33,264 adjoint_Solver 0/1 INFO :: 
Starting Adjoint loop ... 

2020-11-06 00:05:24,200 solvers 0/1 INFO :: Simulation stop time reached.
Starting Line Search ... 

2020-11-06 00:05:24,233 direct_Solver 0/1 INFO :: 
Starting Direct loop ... 

2020-11-06 00:06:06,972 solvers 0/1 INFO :: Simulation stop time reached.
2020-11-06 00:06:07,818 adjoint_Solver 0/1 INFO :: 
Starting Adjoint loop ... 

2020-11-06 00:06:58,505 solvers 0/1 INFO :: Simulation stop time reached.
Starting Line Search ... 

2020-11-06 00:06:58,539 direct_Solver 0/1 INFO :: 
Starting Direct loop ... 

2020-11-06 00:07:41,308 solvers 0/1 INFO :: Simulation stop time reached.
2020-11-06 00:07:42,156 adjoint_Solver 0/1 INFO :: 
Starting Adjoint loop ... 

2020-11-06 00:08:33,000 solvers 0/1 INFO :: Simulation stop time reached.
Line search from  0.011130416290556775  to  4.310131426112575  ... 

2020-11-06 00:08:33,036 direct_Solver 0/1 INFO :: 
Starting Direct loop ... 

2020-11-06 00:09:15,695 solvers 0/1 INFO :: Simulation stop time reached.
2020-11-06 00:09:16,541 adjoint_Solver 0/1 INFO :: 
Starting Adjoint loop ... 

2020-11-06 00:10:07,557 solvers 0/1 INFO :: Simulation stop time reached.
Line search interpolation unsuccessful ... 

2020-11-06 00:10:07,590 direct_Solver 0/1 INFO :: 
Starting Direct loop ... 

2020-11-06 00:10:50,295 solvers 0/1 INFO :: Simulation stop time reached.
2020-11-06 00:10:51,141 adjoint_Solver 0/1 INFO :: 
Starting Adjoint loop ... 

2020-11-06 00:11:42,164 solvers 0/1 INFO :: Simulation stop time reached.
After  25  loops: Residual =  183.63373569308828 | Normalized Residual =  0.24344095545001865  ... 

Starting Loop  26  ... 

2020-11-06 00:11:42,204 direct_Solver 0/1 INFO :: 
Starting Direct loop ... 

2020-11-06 00:12:24,960 solvers 0/1 INFO :: Simulation stop time reached.
2020-11-06 00:12:25,806 adjoint_Solver 0/1 INFO :: 
Starting Adjoint loop ... 

2020-11-06 00:13:16,498 solvers 0/1 INFO :: Simulation stop time reached.
Starting Line Search ... 

2020-11-06 00:13:16,531 direct_Solver 0/1 INFO :: 
Starting Direct loop ... 

2020-11-06 00:13:59,226 solvers 0/1 INFO :: Simulation stop time reached.
2020-11-06 00:14:00,073 adjoint_Solver 0/1 INFO :: 
Starting Adjoint loop ... 

2020-11-06 00:14:51,135 solvers 0/1 INFO :: Simulation stop time reached.
Starting Line Search ... 

2020-11-06 00:14:51,168 direct_Solver 0/1 INFO :: 
Starting Direct loop ... 

2020-11-06 00:15:33,909 solvers 0/1 INFO :: Simulation stop time reached.
2020-11-06 00:15:34,756 adjoint_Solver 0/1 INFO :: 
Starting Adjoint loop ... 

2020-11-06 00:16:25,841 solvers 0/1 INFO :: Simulation stop time reached.
Starting Line Search ... 

2020-11-06 00:16:25,875 direct_Solver 0/1 INFO :: 
Starting Direct loop ... 

2020-11-06 00:17:08,508 solvers 0/1 INFO :: Simulation stop time reached.
2020-11-06 00:17:09,358 adjoint_Solver 0/1 INFO :: 
Starting Adjoint loop ... 

2020-11-06 00:18:01,127 solvers 0/1 INFO :: Simulation stop time reached.
Starting Line Search ... 

2020-11-06 00:18:01,161 direct_Solver 0/1 INFO :: 
Starting Direct loop ... 

2020-11-06 00:18:43,882 solvers 0/1 INFO :: Simulation stop time reached.
2020-11-06 00:18:44,729 adjoint_Solver 0/1 INFO :: 
Starting Adjoint loop ... 

2020-11-06 00:19:35,535 solvers 0/1 INFO :: Simulation stop time reached.
Starting Line Search ... 

2020-11-06 00:19:35,569 direct_Solver 0/1 INFO :: 
Starting Direct loop ... 

2020-11-06 00:20:18,191 solvers 0/1 INFO :: Simulation stop time reached.
2020-11-06 00:20:19,038 adjoint_Solver 0/1 INFO :: 
Starting Adjoint loop ... 

2020-11-06 00:21:10,307 solvers 0/1 INFO :: Simulation stop time reached.
Starting Line Search ... 

2020-11-06 00:21:10,341 direct_Solver 0/1 INFO :: 
Starting Direct loop ... 

2020-11-06 00:21:53,076 solvers 0/1 INFO :: Simulation stop time reached.
2020-11-06 00:21:53,925 adjoint_Solver 0/1 INFO :: 
Starting Adjoint loop ... 

2020-11-06 00:22:44,642 solvers 0/1 INFO :: Simulation stop time reached.
Starting Line Search ... 

2020-11-06 00:22:44,676 direct_Solver 0/1 INFO :: 
Starting Direct loop ... 

2020-11-06 00:23:27,244 solvers 0/1 INFO :: Simulation stop time reached.
2020-11-06 00:23:28,091 adjoint_Solver 0/1 INFO :: 
Starting Adjoint loop ... 

2020-11-06 00:24:19,126 solvers 0/1 INFO :: Simulation stop time reached.
Line search from  0.012566867911780348  to  0.619016423310743  ... 

2020-11-06 00:24:19,160 direct_Solver 0/1 INFO :: 
Starting Direct loop ... 

2020-11-06 00:25:01,830 solvers 0/1 INFO :: Simulation stop time reached.
2020-11-06 00:25:02,677 adjoint_Solver 0/1 INFO :: 
Starting Adjoint loop ... 

2020-11-06 00:25:56,172 solvers 0/1 INFO :: Simulation stop time reached.
Line search interpolation successful ... 

After  34  loops: Residual =  108.20728610388072 | Normalized Residual =  0.11272397003761256  ... 

Starting Loop  35  ... 

2020-11-06 00:25:56,211 direct_Solver 0/1 INFO :: 
Starting Direct loop ... 

2020-11-06 00:26:42,247 solvers 0/1 INFO :: Simulation stop time reached.
2020-11-06 00:26:43,134 adjoint_Solver 0/1 INFO :: 
Starting Adjoint loop ... 

2020-11-06 00:27:38,184 solvers 0/1 INFO :: Simulation stop time reached.
Starting Line Search ... 

2020-11-06 00:27:38,221 direct_Solver 0/1 INFO :: 
Starting Direct loop ... 

2020-11-06 00:28:24,736 solvers 0/1 INFO :: Simulation stop time reached.
2020-11-06 00:28:25,625 adjoint_Solver 0/1 INFO :: 
Starting Adjoint loop ... 

2020-11-06 00:29:20,966 solvers 0/1 INFO :: Simulation stop time reached.
Starting Line Search ... 

2020-11-06 00:29:21,002 direct_Solver 0/1 INFO :: 
Starting Direct loop ... 

2020-11-06 00:30:07,548 solvers 0/1 INFO :: Simulation stop time reached.
2020-11-06 00:30:08,443 adjoint_Solver 0/1 INFO :: 
Starting Adjoint loop ... 

2020-11-06 00:31:03,020 solvers 0/1 INFO :: Simulation stop time reached.
Starting Line Search ... 

2020-11-06 00:31:03,056 direct_Solver 0/1 INFO :: 
Starting Direct loop ... 

2020-11-06 00:31:48,357 solvers 0/1 INFO :: Simulation stop time reached.
2020-11-06 00:31:49,236 adjoint_Solver 0/1 INFO :: 
Starting Adjoint loop ... 

2020-11-06 00:32:43,240 solvers 0/1 INFO :: Simulation stop time reached.
Starting Line Search ... 

2020-11-06 00:32:43,275 direct_Solver 0/1 INFO :: 
Starting Direct loop ... 

2020-11-06 00:33:28,625 solvers 0/1 INFO :: Simulation stop time reached.
2020-11-06 00:33:29,503 adjoint_Solver 0/1 INFO :: 
Starting Adjoint loop ... 

2020-11-06 00:34:23,797 solvers 0/1 INFO :: Simulation stop time reached.
Starting Line Search ... 

2020-11-06 00:34:23,831 direct_Solver 0/1 INFO :: 
Starting Direct loop ... 

2020-11-06 00:35:09,151 solvers 0/1 INFO :: Simulation stop time reached.
2020-11-06 00:35:10,028 adjoint_Solver 0/1 INFO :: 
Starting Adjoint loop ... 

2020-11-06 00:36:03,946 solvers 0/1 INFO :: Simulation stop time reached.
Starting Line Search ... 

2020-11-06 00:36:03,981 direct_Solver 0/1 INFO :: 
Starting Direct loop ... 

2020-11-06 00:36:49,235 solvers 0/1 INFO :: Simulation stop time reached.
2020-11-06 00:36:50,113 adjoint_Solver 0/1 INFO :: 
Starting Adjoint loop ... 

2020-11-06 00:37:44,034 solvers 0/1 INFO :: Simulation stop time reached.
Line search from  0.01637099336577998  to  0.5266855521897028  ... 

2020-11-06 00:37:44,068 direct_Solver 0/1 INFO :: 
Starting Direct loop ... 

2020-11-06 00:38:29,073 solvers 0/1 INFO :: Simulation stop time reached.
2020-11-06 00:38:29,948 adjoint_Solver 0/1 INFO :: 
Starting Adjoint loop ... 

2020-11-06 00:39:22,855 solvers 0/1 INFO :: Simulation stop time reached.
Line search interpolation unsuccessful ... 

2020-11-06 00:39:22,888 direct_Solver 0/1 INFO :: 
Starting Direct loop ... 

2020-11-06 00:40:06,818 solvers 0/1 INFO :: Simulation stop time reached.
2020-11-06 00:40:07,692 adjoint_Solver 0/1 INFO :: 
Starting Adjoint loop ... 

2020-11-06 00:41:00,596 solvers 0/1 INFO :: Simulation stop time reached.
After  43  loops: Residual =  88.16276628548131 | Normalized Residual =  0.08173991924826263  ... 

Starting Loop  44  ... 

2020-11-06 00:41:00,634 direct_Solver 0/1 INFO :: 
Starting Direct loop ... 

2020-11-06 00:41:44,738 solvers 0/1 INFO :: Simulation stop time reached.
2020-11-06 00:41:45,612 adjoint_Solver 0/1 INFO :: 
Starting Adjoint loop ... 

2020-11-06 00:42:38,160 solvers 0/1 INFO :: Simulation stop time reached.
Starting Line Search ... 

2020-11-06 00:42:38,193 direct_Solver 0/1 INFO :: 
Starting Direct loop ... 

2020-11-06 00:43:22,214 solvers 0/1 INFO :: Simulation stop time reached.
2020-11-06 00:43:23,084 adjoint_Solver 0/1 INFO :: 
Starting Adjoint loop ... 

2020-11-06 00:44:15,881 solvers 0/1 INFO :: Simulation stop time reached.
Starting Line Search ... 

2020-11-06 00:44:15,914 direct_Solver 0/1 INFO :: 
Starting Direct loop ... 

2020-11-06 00:45:00,122 solvers 0/1 INFO :: Simulation stop time reached.
2020-11-06 00:45:00,994 adjoint_Solver 0/1 INFO :: 
Starting Adjoint loop ... 

2020-11-06 00:45:53,941 solvers 0/1 INFO :: Simulation stop time reached.
Starting Line Search ... 

2020-11-06 00:45:53,975 direct_Solver 0/1 INFO :: 
Starting Direct loop ... 

2020-11-06 00:46:38,336 solvers 0/1 INFO :: Simulation stop time reached.
2020-11-06 00:46:39,229 adjoint_Solver 0/1 INFO :: 
Starting Adjoint loop ... 

2020-11-06 00:47:33,735 solvers 0/1 INFO :: Simulation stop time reached.
Starting Line Search ... 

2020-11-06 00:47:33,769 direct_Solver 0/1 INFO :: 
Starting Direct loop ... 

2020-11-06 00:48:19,367 solvers 0/1 INFO :: Simulation stop time reached.
2020-11-06 00:48:20,262 adjoint_Solver 0/1 INFO :: 
Starting Adjoint loop ... 

2020-11-06 00:49:14,794 solvers 0/1 INFO :: Simulation stop time reached.
Starting Line Search ... 

2020-11-06 00:49:14,829 direct_Solver 0/1 INFO :: 
Starting Direct loop ... 

2020-11-06 00:50:00,290 solvers 0/1 INFO :: Simulation stop time reached.
2020-11-06 00:50:01,182 adjoint_Solver 0/1 INFO :: 
Starting Adjoint loop ... 

2020-11-06 00:50:55,720 solvers 0/1 INFO :: Simulation stop time reached.
Starting Line Search ... 

2020-11-06 00:50:55,755 direct_Solver 0/1 INFO :: 
Starting Direct loop ... 

2020-11-06 00:51:41,510 solvers 0/1 INFO :: Simulation stop time reached.
2020-11-06 00:51:42,404 adjoint_Solver 0/1 INFO :: 
Starting Adjoint loop ... 

2020-11-06 00:52:36,793 solvers 0/1 INFO :: Simulation stop time reached.
Line search from  0.018136800697531874  to  0.5834948849409083  ... 

2020-11-06 00:52:36,829 direct_Solver 0/1 INFO :: 
Starting Direct loop ... 

2020-11-06 00:53:22,621 solvers 0/1 INFO :: Simulation stop time reached.
2020-11-06 00:53:23,515 adjoint_Solver 0/1 INFO :: 
Starting Adjoint loop ... 

2020-11-06 00:54:18,285 solvers 0/1 INFO :: Simulation stop time reached.
Line search interpolation unsuccessful ... 

2020-11-06 00:54:18,319 direct_Solver 0/1 INFO :: 
Starting Direct loop ... 

2020-11-06 00:55:04,035 solvers 0/1 INFO :: Simulation stop time reached.
2020-11-06 00:55:04,929 adjoint_Solver 0/1 INFO :: 
Starting Adjoint loop ... 

2020-11-06 00:55:59,571 solvers 0/1 INFO :: Simulation stop time reached.
After  52  loops: Residual =  57.80479086310881 | Normalized Residual =  0.04990375202853479  ... 

Starting Loop  53  ... 

2020-11-06 00:55:59,610 direct_Solver 0/1 INFO :: 
Starting Direct loop ... 

2020-11-06 00:56:45,233 solvers 0/1 INFO :: Simulation stop time reached.
2020-11-06 00:56:46,125 adjoint_Solver 0/1 INFO :: 
Starting Adjoint loop ... 

2020-11-06 00:57:40,787 solvers 0/1 INFO :: Simulation stop time reached.
First line search failed ... reducing step size from  0.022398625463455564  to  0.011199312731727782  ... 

After  53  loops: Residual =  55.40990992072588 | Normalized Residual =  0.04760918906818886  ... 

Starting Loop  54  ... 

2020-11-06 00:57:40,826 direct_Solver 0/1 INFO :: 
Starting Direct loop ... 

2020-11-06 00:58:26,629 solvers 0/1 INFO :: Simulation stop time reached.
2020-11-06 00:58:27,523 adjoint_Solver 0/1 INFO :: 
Starting Adjoint loop ... 

2020-11-06 00:59:20,852 solvers 0/1 INFO :: Simulation stop time reached.
First line search failed ... reducing step size from  0.011199312731727782  to  0.005599656365863891  ... 

After  54  loops: Residual =  53.056891627586225 | Normalized Residual =  0.04546817293989913  ... 

Starting Loop  55  ... 

2020-11-06 00:59:20,890 direct_Solver 0/1 INFO :: 
Starting Direct loop ... 

2020-11-06 01:00:02,944 solvers 0/1 INFO :: Simulation stop time reached.
2020-11-06 01:00:03,792 adjoint_Solver 0/1 INFO :: 
Starting Adjoint loop ... 

2020-11-06 01:00:53,791 solvers 0/1 INFO :: Simulation stop time reached.
First line search failed ... reducing step size from  0.005600783525750191  to  0.0028003917628750953  ... 

After  55  loops: Residual =  51.960758915365176 | Normalized Residual =  0.044470104251540535  ... 

Starting Loop  56  ... 

2020-11-06 01:00:53,828 direct_Solver 0/1 INFO :: 
Starting Direct loop ... 

2020-11-06 01:01:35,660 solvers 0/1 INFO :: Simulation stop time reached.
2020-11-06 01:01:36,509 adjoint_Solver 0/1 INFO :: 
Starting Adjoint loop ... 

2020-11-06 01:02:26,480 solvers 0/1 INFO :: Simulation stop time reached.
First line search failed ... reducing step size from  0.0028005673203885806  to  0.0014002836601942903  ... 

After  56  loops: Residual =  51.43348002041791 | Normalized Residual =  0.043989697420596226  ... 

Starting Loop  57  ... 

2020-11-06 01:02:26,516 direct_Solver 0/1 INFO :: 
Starting Direct loop ... 

2020-11-06 01:03:08,181 solvers 0/1 INFO :: Simulation stop time reached.
2020-11-06 01:03:09,029 adjoint_Solver 0/1 INFO :: 
Starting Adjoint loop ... 

2020-11-06 01:03:59,203 solvers 0/1 INFO :: Simulation stop time reached.
First line search failed ... reducing step size from  0.0014003056203202198  to  0.0007001528101601099  ... 

After  57  loops: Residual =  51.175127462596635 | Normalized Residual =  0.04375421785516655  ... 

Starting Loop  58  ... 

2020-11-06 01:03:59,240 direct_Solver 0/1 INFO :: 
Starting Direct loop ... 

2020-11-06 01:04:41,167 solvers 0/1 INFO :: Simulation stop time reached.
2020-11-06 01:04:42,016 adjoint_Solver 0/1 INFO :: 
Starting Adjoint loop ... 

2020-11-06 01:05:32,253 solvers 0/1 INFO :: Simulation stop time reached.
First line search failed ... reducing step size from  0.0007001555557942842  to  0.0003500777778971421  ... 

After  58  loops: Residual =  51.04728405050526 | Normalized Residual =  0.043637667289200405  ... 

Starting Loop  59  ... 

2020-11-06 01:05:32,289 direct_Solver 0/1 INFO :: 
Starting Direct loop ... 

2020-11-06 01:06:14,341 solvers 0/1 INFO :: Simulation stop time reached.
2020-11-06 01:06:15,187 adjoint_Solver 0/1 INFO :: 
Starting Adjoint loop ... 

2020-11-06 01:07:05,228 solvers 0/1 INFO :: Simulation stop time reached.
First line search failed ... reducing step size from  0.0003500781211207566  to  0.0001750390605603783  ... 

After  59  loops: Residual =  50.98369694709854 | Normalized Residual =  0.04357969033457046  ... 

Starting Loop  60  ... 

2020-11-06 01:07:05,265 direct_Solver 0/1 INFO :: 
Starting Direct loop ... 

2020-11-06 01:07:48,408 solvers 0/1 INFO :: Simulation stop time reached.
2020-11-06 01:07:49,301 adjoint_Solver 0/1 INFO :: 
Starting Adjoint loop ... 

2020-11-06 01:08:44,307 solvers 0/1 INFO :: Simulation stop time reached.
First line search failed ... reducing step size from  0.00017503910346393467  to  8.751955173196734e-05  ... 

After  60  loops: Residual =  50.95198721883363 | Normalized Residual =  0.0435507765668785  ... 

Starting Loop  61  ... 

2020-11-06 01:08:44,346 direct_Solver 0/1 INFO :: 
Starting Direct loop ... 

2020-11-06 01:09:30,476 solvers 0/1 INFO :: Simulation stop time reached.
2020-11-06 01:09:31,376 adjoint_Solver 0/1 INFO :: 
Starting Adjoint loop ... 

2020-11-06 01:10:26,395 solvers 0/1 INFO :: Simulation stop time reached.
First line search failed ... reducing step size from  8.75195570949308e-05  to  4.37597785474654e-05  ... 

After  61  loops: Residual =  50.936153332134175 | Normalized Residual =  0.04353633837634985  ... 

Starting Loop  62  ... 

2020-11-06 01:10:26,435 direct_Solver 0/1 INFO :: 
Starting Direct loop ... 

2020-11-06 01:11:12,682 solvers 0/1 INFO :: Simulation stop time reached.
2020-11-06 01:11:13,586 adjoint_Solver 0/1 INFO :: 
Starting Adjoint loop ... 

2020-11-06 01:12:08,868 solvers 0/1 INFO :: Simulation stop time reached.
First line search failed ... reducing step size from  4.375977921783641e-05  to  2.1879889608918207e-05  ... 

After  62  loops: Residual =  50.928241635835136 | Normalized Residual =  0.04352912395640011  ... 

Starting Loop  63  ... 

2020-11-06 01:12:08,907 direct_Solver 0/1 INFO :: 
Starting Direct loop ... 

2020-11-06 01:12:55,275 solvers 0/1 INFO :: Simulation stop time reached.
2020-11-06 01:12:56,178 adjoint_Solver 0/1 INFO :: 
Starting Adjoint loop ... 

2020-11-06 01:13:51,423 solvers 0/1 INFO :: Simulation stop time reached.
First line search failed ... reducing step size from  2.1879889692714607e-05  to  1.0939944846357303e-05  ... 

After  63  loops: Residual =  50.92428709978388 | Normalized Residual =  0.043525517915502424  ... 

Starting Loop  64  ... 

2020-11-06 01:13:51,484 direct_Solver 0/1 INFO :: 
Starting Direct loop ... 

2020-11-06 01:14:37,885 solvers 0/1 INFO :: Simulation stop time reached.
2020-11-06 01:14:38,791 adjoint_Solver 0/1 INFO :: 
Starting Adjoint loop ... 

2020-11-06 01:15:33,953 solvers 0/1 INFO :: Simulation stop time reached.
First line search failed ... reducing step size from  1.0939944856831852e-05  to  5.469972428415926e-06  ... 

After  64  loops: Residual =  50.92231015982687 | Normalized Residual =  0.04352371518735461  ... 

Starting Loop  65  ... 

2020-11-06 01:15:33,993 direct_Solver 0/1 INFO :: 
Starting Direct loop ... 

2020-11-06 01:16:20,358 solvers 0/1 INFO :: Simulation stop time reached.
2020-11-06 01:16:21,264 adjoint_Solver 0/1 INFO :: 
Starting Adjoint loop ... 

2020-11-06 01:17:16,438 solvers 0/1 INFO :: Simulation stop time reached.
First line search failed ... reducing step size from  5.469972429725246e-06  to  2.734986214862623e-06  ... 

After  65  loops: Residual =  50.92132177187084 | Normalized Residual =  0.04352281389636114  ... 

Starting Loop  66  ... 

2020-11-06 01:17:16,478 direct_Solver 0/1 INFO :: 
Starting Direct loop ... 

2020-11-06 01:18:02,761 solvers 0/1 INFO :: Simulation stop time reached.
2020-11-06 01:18:03,667 adjoint_Solver 0/1 INFO :: 
Starting Adjoint loop ... 

2020-11-06 01:18:59,018 solvers 0/1 INFO :: Simulation stop time reached.
First line search failed ... reducing step size from  2.734986215026288e-06  to  1.367493107513144e-06  ... 

After  66  loops: Residual =  50.9208275983988 | Normalized Residual =  0.043522363269132544  ... 

Starting Loop  67  ... 

2020-11-06 01:18:59,057 direct_Solver 0/1 INFO :: 
Starting Direct loop ... 

2020-11-06 01:19:45,401 solvers 0/1 INFO :: Simulation stop time reached.
2020-11-06 01:19:46,306 adjoint_Solver 0/1 INFO :: 
Starting Adjoint loop ... 

2020-11-06 01:20:41,010 solvers 0/1 INFO :: Simulation stop time reached.
First line search failed ... reducing step size from  1.3674931075336019e-06  to  6.837465537668009e-07  ... 

After  67  loops: Residual =  50.92058051678866 | Normalized Residual =  0.043522137960086624  ... 

Starting Loop  68  ... 

2020-11-06 01:20:41,050 direct_Solver 0/1 INFO :: 
Starting Direct loop ... 

2020-11-06 01:21:25,814 solvers 0/1 INFO :: Simulation stop time reached.
2020-11-06 01:21:26,693 adjoint_Solver 0/1 INFO :: 
Starting Adjoint loop ... 

2020-11-06 01:22:20,023 solvers 0/1 INFO :: Simulation stop time reached.
First line search failed ... reducing step size from  6.837465537693581e-07  to  3.4187327688467906e-07  ... 

After  68  loops: Residual =  50.9204569772655 | Normalized Residual =  0.04352202530670455  ... 

Starting Loop  69  ... 

2020-11-06 01:22:20,062 direct_Solver 0/1 INFO :: 
Starting Direct loop ... 

2020-11-06 01:23:04,886 solvers 0/1 INFO :: Simulation stop time reached.
2020-11-06 01:23:05,762 adjoint_Solver 0/1 INFO :: 
Starting Adjoint loop ... 

2020-11-06 01:23:59,136 solvers 0/1 INFO :: Simulation stop time reached.
First line search failed ... reducing step size from  3.418732768849987e-07  to  1.7093663844249936e-07  ... 

After  69  loops: Residual =  50.92039520782476 | Normalized Residual =  0.04352196898030051  ... 

Starting Loop  70  ... 

2020-11-06 01:23:59,174 direct_Solver 0/1 INFO :: 
Starting Direct loop ... 

2020-11-06 01:24:43,849 solvers 0/1 INFO :: Simulation stop time reached.
2020-11-06 01:24:44,727 adjoint_Solver 0/1 INFO :: 
Starting Adjoint loop ... 

2020-11-06 01:25:38,074 solvers 0/1 INFO :: Simulation stop time reached.
First line search failed ... reducing step size from  1.7093663844253933e-07  to  8.546831922126966e-08  ... 

After  70  loops: Residual =  50.92036432318407 | Normalized Residual =  0.04352194081716866  ... 

Starting Loop  71  ... 

2020-11-06 01:25:38,111 direct_Solver 0/1 INFO :: 
Starting Direct loop ... 

2020-11-06 01:26:22,833 solvers 0/1 INFO :: Simulation stop time reached.
2020-11-06 01:26:23,710 adjoint_Solver 0/1 INFO :: 
Starting Adjoint loop ... 

2020-11-06 01:27:17,439 solvers 0/1 INFO :: Simulation stop time reached.
First line search failed ... reducing step size from  8.546831922127468e-08  to  4.273415961063734e-08  ... 

After  71  loops: Residual =  50.920348880884035 | Normalized Residual =  0.04352192673562079  ... 

Starting Loop  72  ... 

2020-11-06 01:27:17,479 direct_Solver 0/1 INFO :: 
Starting Direct loop ... 

2020-11-06 01:28:03,702 solvers 0/1 INFO :: Simulation stop time reached.
2020-11-06 01:28:04,611 adjoint_Solver 0/1 INFO :: 
Starting Adjoint loop ... 

2020-11-06 01:28:59,961 solvers 0/1 INFO :: Simulation stop time reached.
First line search failed ... reducing step size from  4.273415961063797e-08  to  2.1367079805318984e-08  ... 

After  72  loops: Residual =  50.92034115974087 | Normalized Residual =  0.04352191969485262  ... 

Starting Loop  73  ... 

2020-11-06 01:29:00,001 direct_Solver 0/1 INFO :: 
Starting Direct loop ... 

2020-11-06 01:29:46,472 solvers 0/1 INFO :: Simulation stop time reached.
2020-11-06 01:29:47,376 adjoint_Solver 0/1 INFO :: 
Starting Adjoint loop ... 

2020-11-06 01:30:42,581 solvers 0/1 INFO :: Simulation stop time reached.
First line search failed ... reducing step size from  2.136707980531906e-08  to  1.068353990265953e-08  ... 

After  73  loops: Residual =  50.92033729916801 | Normalized Residual =  0.04352191617446904  ... 

Starting Loop  74  ... 

2020-11-06 01:30:42,619 direct_Solver 0/1 INFO :: 
Starting Direct loop ... 

2020-11-06 01:31:27,986 solvers 0/1 INFO :: Simulation stop time reached.
2020-11-06 01:31:28,881 adjoint_Solver 0/1 INFO :: 
Starting Adjoint loop ... 

2020-11-06 01:32:22,793 solvers 0/1 INFO :: Simulation stop time reached.
First line search failed ... reducing step size from  1.068353990265954e-08  to  5.34176995132977e-09  ... 

After  74  loops: Residual =  50.92033536888177 | Normalized Residual =  0.043521914414276254  ... 

Starting Loop  75  ... 

2020-11-06 01:32:22,833 direct_Solver 0/1 INFO :: 
Starting Direct loop ... 

2020-11-06 01:33:08,037 solvers 0/1 INFO :: Simulation stop time reached.
2020-11-06 01:33:08,930 adjoint_Solver 0/1 INFO :: 
Starting Adjoint loop ... 

2020-11-06 01:34:02,936 solvers 0/1 INFO :: Simulation stop time reached.
First line search failed ... reducing step size from  5.3417699513297725e-09  to  2.6708849756648862e-09  ... 

After  75  loops: Residual =  50.92033440374005 | Normalized Residual =  0.043521913534182256  ... 

Starting Loop  76  ... 

2020-11-06 01:34:02,976 direct_Solver 0/1 INFO :: 
Starting Direct loop ... 

2020-11-06 01:34:48,087 solvers 0/1 INFO :: Simulation stop time reached.
2020-11-06 01:34:48,980 adjoint_Solver 0/1 INFO :: 
Starting Adjoint loop ... 

2020-11-06 01:35:43,139 solvers 0/1 INFO :: Simulation stop time reached.
First line search failed ... reducing step size from  2.6708849756648867e-09  to  1.3354424878324433e-09  ... 

After  76  loops: Residual =  50.92033392116759 | Normalized Residual =  0.0435219130941325  ... 

Starting Loop  77  ... 

2020-11-06 01:35:43,178 direct_Solver 0/1 INFO :: 
Starting Direct loop ... 

2020-11-06 01:36:28,410 solvers 0/1 INFO :: Simulation stop time reached.
2020-11-06 01:36:29,301 adjoint_Solver 0/1 INFO :: 
Starting Adjoint loop ... 

2020-11-06 01:37:23,162 solvers 0/1 INFO :: Simulation stop time reached.
First line search failed ... reducing step size from  1.335442487832443e-09  to  6.677212439162215e-10  ... 

After  77  loops: Residual =  50.920333679880784 | Normalized Residual =  0.04352191287410957  ... 

Starting Loop  78  ... 

2020-11-06 01:37:23,201 direct_Solver 0/1 INFO :: 
Starting Direct loop ... 

2020-11-06 01:38:08,442 solvers 0/1 INFO :: Simulation stop time reached.
2020-11-06 01:38:09,335 adjoint_Solver 0/1 INFO :: 
Starting Adjoint loop ... 

2020-11-06 01:39:03,421 solvers 0/1 INFO :: Simulation stop time reached.
First line search failed ... reducing step size from  6.677212439162218e-10  to  3.338606219581109e-10  ... 

After  78  loops: Residual =  50.920333559238834 | Normalized Residual =  0.04352191276409736  ... 

Starting Loop  79  ... 

2020-11-06 01:39:03,459 direct_Solver 0/1 INFO :: 
Starting Direct loop ... 

2020-11-06 01:39:48,665 solvers 0/1 INFO :: Simulation stop time reached.
2020-11-06 01:39:49,558 adjoint_Solver 0/1 INFO :: 
Starting Adjoint loop ... 

2020-11-06 01:40:43,621 solvers 0/1 INFO :: Simulation stop time reached.
First line search failed ... reducing step size from  3.3386062195811083e-10  to  1.6693031097905542e-10  ... 

After  79  loops: Residual =  50.920333498916904 | Normalized Residual =  0.04352191270909259  ... 

Starting Loop  80  ... 

2020-11-06 01:40:43,659 direct_Solver 0/1 INFO :: 
Starting Direct loop ... 

2020-11-06 01:41:28,770 solvers 0/1 INFO :: Simulation stop time reached.
2020-11-06 01:41:29,655 adjoint_Solver 0/1 INFO :: 
Starting Adjoint loop ... 

2020-11-06 01:42:21,445 solvers 0/1 INFO :: Simulation stop time reached.
First line search failed ... reducing step size from  1.669303109790554e-10  to  8.34651554895277e-11  ... 

After  80  loops: Residual =  50.920333468757434 | Normalized Residual =  0.0435219126815896  ... 

Starting Loop  81  ... 

2020-11-06 01:42:21,481 direct_Solver 0/1 INFO :: 
Starting Direct loop ... 

2020-11-06 01:43:02,595 solvers 0/1 INFO :: Simulation stop time reached.
2020-11-06 01:43:03,442 adjoint_Solver 0/1 INFO :: 
Starting Adjoint loop ... 

2020-11-06 01:43:52,732 solvers 0/1 INFO :: Simulation stop time reached.
First line search failed ... reducing step size from  8.346515548952773e-11  to  4.173257774476387e-11  ... 

After  81  loops: Residual =  50.9203334536793 | Normalized Residual =  0.04352191266783652  ... 

Starting Loop  82  ... 

2020-11-06 01:43:52,768 direct_Solver 0/1 INFO :: 
Starting Direct loop ... 

2020-11-06 01:44:33,858 solvers 0/1 INFO :: Simulation stop time reached.
2020-11-06 01:44:34,705 adjoint_Solver 0/1 INFO :: 
Starting Adjoint loop ... 

2020-11-06 01:45:23,883 solvers 0/1 INFO :: Simulation stop time reached.
First line search failed ... reducing step size from  4.173257774476386e-11  to  2.086628887238193e-11  ... 

After  82  loops: Residual =  50.92033344613561 | Normalized Residual =  0.0435219126609611  ... 

Starting Loop  83  ... 

2020-11-06 01:45:23,919 direct_Solver 0/1 INFO :: 
Starting Direct loop ... 

2020-11-06 01:46:05,121 solvers 0/1 INFO :: Simulation stop time reached.
2020-11-06 01:46:05,967 adjoint_Solver 0/1 INFO :: 
Starting Adjoint loop ... 

2020-11-06 01:46:54,945 solvers 0/1 INFO :: Simulation stop time reached.
First line search failed ... reducing step size from  2.086628887238193e-11  to  1.0433144436190965e-11  ... 

After  83  loops: Residual =  50.920333442369746 | Normalized Residual =  0.04352191265752466  ... 

Starting Loop  84  ... 

2020-11-06 01:46:54,981 direct_Solver 0/1 INFO :: 
Starting Direct loop ... 

2020-11-06 01:47:36,129 solvers 0/1 INFO :: Simulation stop time reached.
2020-11-06 01:47:36,976 adjoint_Solver 0/1 INFO :: 
Starting Adjoint loop ... 

2020-11-06 01:48:26,412 solvers 0/1 INFO :: Simulation stop time reached.
First line search failed ... reducing step size from  1.0433144436190965e-11  to  5.2165722180954826e-12  ... 

After  84  loops: Residual =  50.92033344047981 | Normalized Residual =  0.04352191265580414  ... 

Starting Loop  85  ... 

2020-11-06 01:48:26,449 direct_Solver 0/1 INFO :: 
Starting Direct loop ... 

2020-11-06 01:49:07,470 solvers 0/1 INFO :: Simulation stop time reached.
2020-11-06 01:49:08,317 adjoint_Solver 0/1 INFO :: 
Starting Adjoint loop ... 

2020-11-06 01:49:57,624 solvers 0/1 INFO :: Simulation stop time reached.
First line search failed ... reducing step size from  5.216572218095482e-12  to  2.608286109047741e-12  ... 

After  85  loops: Residual =  50.920333439537515 | Normalized Residual =  0.04352191265494393  ... 

Starting Loop  86  ... 

2020-11-06 01:49:57,660 direct_Solver 0/1 INFO :: 
Starting Direct loop ... 

2020-11-06 01:50:38,752 solvers 0/1 INFO :: Simulation stop time reached.
2020-11-06 01:50:39,599 adjoint_Solver 0/1 INFO :: 
Starting Adjoint loop ... 

2020-11-06 01:51:28,737 solvers 0/1 INFO :: Simulation stop time reached.
First line search failed ... reducing step size from  2.6082861090477413e-12  to  1.3041430545238706e-12  ... 

After  86  loops: Residual =  50.920333439068195 | Normalized Residual =  0.04352191265451622  ... 

Starting Loop  87  ... 

2020-11-06 01:51:28,773 direct_Solver 0/1 INFO :: 
Starting Direct loop ... 

2020-11-06 01:52:09,909 solvers 0/1 INFO :: Simulation stop time reached.
2020-11-06 01:52:10,756 adjoint_Solver 0/1 INFO :: 
Starting Adjoint loop ... 

2020-11-06 01:52:59,865 solvers 0/1 INFO :: Simulation stop time reached.
First line search failed ... reducing step size from  1.3041430545238708e-12  to  6.520715272619354e-13  ... 

After  87  loops: Residual =  50.92033343883352 | Normalized Residual =  0.04352191265430092  ... 

Starting Loop  88  ... 

2020-11-06 01:52:59,901 direct_Solver 0/1 INFO :: 
Starting Direct loop ... 

2020-11-06 01:53:41,027 solvers 0/1 INFO :: Simulation stop time reached.
2020-11-06 01:53:41,874 adjoint_Solver 0/1 INFO :: 
Starting Adjoint loop ... 

2020-11-06 01:54:31,030 solvers 0/1 INFO :: Simulation stop time reached.
First line search failed ... reducing step size from  6.520715272619353e-13  to  3.2603576363096766e-13  ... 

After  88  loops: Residual =  50.920333438713755 | Normalized Residual =  0.043521912654193064  ... 

Starting Loop  89  ... 

2020-11-06 01:54:31,065 direct_Solver 0/1 INFO :: 
Starting Direct loop ... 

2020-11-06 01:55:12,215 solvers 0/1 INFO :: Simulation stop time reached.
2020-11-06 01:55:13,065 adjoint_Solver 0/1 INFO :: 
Starting Adjoint loop ... 

2020-11-06 01:56:02,089 solvers 0/1 INFO :: Simulation stop time reached.
First line search failed ... reducing step size from  3.260357636309676e-13  to  1.630178818154838e-13  ... 

After  89  loops: Residual =  50.92033343865629 | Normalized Residual =  0.0435219126541392  ... 

Starting Loop  90  ... 

2020-11-06 01:56:02,125 direct_Solver 0/1 INFO :: 
Starting Direct loop ... 

2020-11-06 01:56:43,180 solvers 0/1 INFO :: Simulation stop time reached.
2020-11-06 01:56:44,029 adjoint_Solver 0/1 INFO :: 
Starting Adjoint loop ... 

2020-11-06 01:57:33,394 solvers 0/1 INFO :: Simulation stop time reached.
First line search failed ... reducing step size from  1.6301788181548383e-13  to  8.150894090774192e-14  ... 

After  90  loops: Residual =  50.92033343862667 | Normalized Residual =  0.04352191265411288  ... 

Starting Loop  91  ... 

2020-11-06 01:57:33,430 direct_Solver 0/1 INFO :: 
Starting Direct loop ... 

2020-11-06 01:58:14,473 solvers 0/1 INFO :: Simulation stop time reached.
2020-11-06 01:58:15,319 adjoint_Solver 0/1 INFO :: 
Starting Adjoint loop ... 

2020-11-06 01:59:04,508 solvers 0/1 INFO :: Simulation stop time reached.
First line search failed ... reducing step size from  8.15089409077419e-14  to  4.075447045387095e-14  ... 

After  91  loops: Residual =  50.92033343861183 | Normalized Residual =  0.043521912654099874  ... 

Starting Loop  92  ... 

2020-11-06 01:59:04,544 direct_Solver 0/1 INFO :: 
Starting Direct loop ... 

2020-11-06 01:59:45,683 solvers 0/1 INFO :: Simulation stop time reached.
2020-11-06 01:59:46,533 adjoint_Solver 0/1 INFO :: 
Starting Adjoint loop ... 

2020-11-06 02:00:34,679 solvers 0/1 INFO :: Simulation stop time reached.
First line search failed ... reducing step size from  4.075447045387097e-14  to  2.0377235226935485e-14  ... 

After  92  loops: Residual =  50.920333438605574 | Normalized Residual =  0.04352191265409289  ... 

Starting Loop  93  ... 

2020-11-06 02:00:34,714 direct_Solver 0/1 INFO :: 
Starting Direct loop ... 

2020-11-06 02:01:14,864 solvers 0/1 INFO :: Simulation stop time reached.
2020-11-06 02:01:15,691 adjoint_Solver 0/1 INFO :: 
Starting Adjoint loop ... 

2020-11-06 02:02:03,448 solvers 0/1 INFO :: Simulation stop time reached.
First line search failed ... reducing step size from  2.0377235226935482e-14  to  1.0188617613467741e-14  ... 

After  93  loops: Residual =  50.92033343860204 | Normalized Residual =  0.04352191265409022  ... 

Starting Loop  94  ... 

2020-11-06 02:02:03,483 direct_Solver 0/1 INFO :: 
Starting Direct loop ... 

2020-11-06 02:02:43,637 solvers 0/1 INFO :: Simulation stop time reached.
2020-11-06 02:02:44,463 adjoint_Solver 0/1 INFO :: 
Starting Adjoint loop ... 

2020-11-06 02:03:32,514 solvers 0/1 INFO :: Simulation stop time reached.
First line search failed ... reducing step size from  1.0188617613467741e-14  to  5.0943088067338705e-15  ... 

After  94  loops: Residual =  50.920333438600686 | Normalized Residual =  0.04352191265408908  ... 

Starting Loop  95  ... 

2020-11-06 02:03:32,549 direct_Solver 0/1 INFO :: 
Starting Direct loop ... 

2020-11-06 02:04:12,546 solvers 0/1 INFO :: Simulation stop time reached.
2020-11-06 02:04:13,372 adjoint_Solver 0/1 INFO :: 
Starting Adjoint loop ... 

2020-11-06 02:05:01,274 solvers 0/1 INFO :: Simulation stop time reached.
First line search failed ... reducing step size from  5.0943088067338705e-15  to  2.5471544033669352e-15  ... 

After  95  loops: Residual =  50.92033343859868 | Normalized Residual =  0.043521912654087364  ... 

Starting Loop  96  ... 

2020-11-06 02:05:01,309 direct_Solver 0/1 INFO :: 
Starting Direct loop ... 

2020-11-06 02:05:41,494 solvers 0/1 INFO :: Simulation stop time reached.
2020-11-06 02:05:42,320 adjoint_Solver 0/1 INFO :: 
Starting Adjoint loop ... 

2020-11-06 02:06:30,263 solvers 0/1 INFO :: Simulation stop time reached.
First line search failed ... reducing step size from  2.5471544033669352e-15  to  1.2735772016834676e-15  ... 

After  96  loops: Residual =  50.92033343859939 | Normalized Residual =  0.043521912654087114  ... 

Starting Loop  97  ... 

2020-11-06 02:06:30,298 direct_Solver 0/1 INFO :: 
Starting Direct loop ... 

2020-11-06 02:07:10,439 solvers 0/1 INFO :: Simulation stop time reached.
2020-11-06 02:07:11,266 adjoint_Solver 0/1 INFO :: 
Starting Adjoint loop ... 

2020-11-06 02:08:02,988 solvers 0/1 INFO :: Simulation stop time reached.
First line search failed ... reducing step size from  1.2735772016834676e-15  to  6.367886008417338e-16  ... 

After  97  loops: Residual =  50.92033343859759 | Normalized Residual =  0.04352191265408679  ... 

Starting Loop  98  ... 

2020-11-06 02:08:03,026 direct_Solver 0/1 INFO :: 
Starting Direct loop ... 

2020-11-06 02:08:48,436 solvers 0/1 INFO :: Simulation stop time reached.
2020-11-06 02:08:49,331 adjoint_Solver 0/1 INFO :: 
Starting Adjoint loop ... 

2020-11-06 02:09:43,576 solvers 0/1 INFO :: Simulation stop time reached.
First line search failed ... reducing step size from  6.367886008417338e-16  to  3.183943004208669e-16  ... 

After  98  loops: Residual =  50.92033343859829 | Normalized Residual =  0.04352191265408722  ... 

Starting Loop  99  ... 

2020-11-06 02:09:43,610 direct_Solver 0/1 INFO :: 
Starting Direct loop ... 

2020-11-06 02:10:29,147 solvers 0/1 INFO :: Simulation stop time reached.
2020-11-06 02:10:30,050 adjoint_Solver 0/1 INFO :: 
Starting Adjoint loop ... 

2020-11-06 02:11:24,735 solvers 0/1 INFO :: Simulation stop time reached.
First line search failed ... reducing step size from  3.183943004208669e-16  to  1.5919715021043345e-16  ... 

After  99  loops: Residual =  50.920333438598135 | Normalized Residual =  0.04352191265408683  ... 

Starting Loop  100  ... 

2020-11-06 02:11:24,770 direct_Solver 0/1 INFO :: 
Starting Direct loop ... 

2020-11-06 02:12:10,282 solvers 0/1 INFO :: Simulation stop time reached.
2020-11-06 02:12:11,185 adjoint_Solver 0/1 INFO :: 
Starting Adjoint loop ... 

2020-11-06 02:13:05,815 solvers 0/1 INFO :: Simulation stop time reached.
First line search failed ... reducing step size from  1.5919715021043343e-16  to  7.959857510521671e-17  ... 

After  100  loops: Residual =  50.92033343859826 | Normalized Residual =  0.04352191265408681  ... 

Starting Loop  101  ... 

2020-11-06 02:13:05,850 direct_Solver 0/1 INFO :: 
Starting Direct loop ... 

2020-11-06 02:13:51,490 solvers 0/1 INFO :: Simulation stop time reached.
2020-11-06 02:13:52,394 adjoint_Solver 0/1 INFO :: 
Starting Adjoint loop ... 

2020-11-06 02:14:46,885 solvers 0/1 INFO :: Simulation stop time reached.
First line search failed ... reducing step size from  7.959857510521673e-17  to  3.9799287552608363e-17  ... 

After  101  loops: Residual =  50.92033343859781 | Normalized Residual =  0.043521912654086975  ... 

Starting Loop  102  ... 

2020-11-06 02:14:46,919 direct_Solver 0/1 INFO :: 
Starting Direct loop ... 

2020-11-06 02:15:32,698 solvers 0/1 INFO :: Simulation stop time reached.
2020-11-06 02:15:33,601 adjoint_Solver 0/1 INFO :: 
Starting Adjoint loop ... 

2020-11-06 02:16:28,190 solvers 0/1 INFO :: Simulation stop time reached.
First line search failed ... reducing step size from  3.9799287552608363e-17  to  1.9899643776304182e-17  ... 

After  102  loops: Residual =  50.9203334385983 | Normalized Residual =  0.04352191265408674  ... 

Starting Loop  103  ... 

2020-11-06 02:16:28,229 direct_Solver 0/1 INFO :: 
Starting Direct loop ... 

2020-11-06 02:17:13,846 solvers 0/1 INFO :: Simulation stop time reached.
2020-11-06 02:17:14,750 adjoint_Solver 0/1 INFO :: 
Starting Adjoint loop ... 

2020-11-06 02:18:09,440 solvers 0/1 INFO :: Simulation stop time reached.
First line search failed ... reducing step size from  1.9899643776304182e-17  to  9.949821888152091e-18  ... 

After  103  loops: Residual =  50.92033343859806 | Normalized Residual =  0.04352191265408686  ... 

Starting Loop  104  ... 

2020-11-06 02:18:09,475 direct_Solver 0/1 INFO :: 
Starting Direct loop ... 

2020-11-06 02:18:55,073 solvers 0/1 INFO :: Simulation stop time reached.
2020-11-06 02:18:55,976 adjoint_Solver 0/1 INFO :: 
Starting Adjoint loop ... 

2020-11-06 02:19:50,455 solvers 0/1 INFO :: Simulation stop time reached.
First line search failed ... reducing step size from  9.949821888152091e-18  to  4.9749109440760454e-18  ... 

After  104  loops: Residual =  50.92033343859847 | Normalized Residual =  0.04352191265408672  ... 

Starting Loop  105  ... 

2020-11-06 02:19:50,494 direct_Solver 0/1 INFO :: 
Starting Direct loop ... 

2020-11-06 02:20:36,131 solvers 0/1 INFO :: Simulation stop time reached.
2020-11-06 02:20:37,033 adjoint_Solver 0/1 INFO :: 
Starting Adjoint loop ... 

2020-11-06 02:21:31,663 solvers 0/1 INFO :: Simulation stop time reached.
First line search failed ... reducing step size from  4.9749109440760454e-18  to  2.4874554720380227e-18  ... 

After  105  loops: Residual =  50.92033343859847 | Normalized Residual =  0.04352191265408686  ... 

Starting Loop  106  ... 

2020-11-06 02:21:31,698 direct_Solver 0/1 INFO :: 
Starting Direct loop ... 

2020-11-06 02:22:17,350 solvers 0/1 INFO :: Simulation stop time reached.
2020-11-06 02:22:18,256 adjoint_Solver 0/1 INFO :: 
Starting Adjoint loop ... 

2020-11-06 02:23:13,000 solvers 0/1 INFO :: Simulation stop time reached.
First line search failed ... reducing step size from  2.4874554720380227e-18  to  1.2437277360190113e-18  ... 

After  106  loops: Residual =  50.92033343859768 | Normalized Residual =  0.043521912654086725  ... 

Starting Loop  107  ... 

2020-11-06 02:23:13,036 direct_Solver 0/1 INFO :: 
Starting Direct loop ... 

2020-11-06 02:23:58,836 solvers 0/1 INFO :: Simulation stop time reached.
2020-11-06 02:23:59,740 adjoint_Solver 0/1 INFO :: 
Starting Adjoint loop ... 

2020-11-06 02:24:54,302 solvers 0/1 INFO :: Simulation stop time reached.
First line search failed ... reducing step size from  1.2437277360190113e-18  to  6.218638680095057e-19  ... 

After  107  loops: Residual =  50.92033343859886 | Normalized Residual =  0.043521912654086496  ... 

Starting Loop  108  ... 

2020-11-06 02:24:54,340 direct_Solver 0/1 INFO :: 
Starting Direct loop ... 

2020-11-06 02:25:40,033 solvers 0/1 INFO :: Simulation stop time reached.
2020-11-06 02:25:40,934 adjoint_Solver 0/1 INFO :: 
Starting Adjoint loop ... 

2020-11-06 02:26:35,431 solvers 0/1 INFO :: Simulation stop time reached.
First line search failed ... reducing step size from  6.218638680095057e-19  to  3.1093193400475284e-19  ... 

After  108  loops: Residual =  50.920333438597986 | Normalized Residual =  0.04352191265408643  ... 

Starting Loop  109  ... 

2020-11-06 02:26:35,470 direct_Solver 0/1 INFO :: 
Starting Direct loop ... 

2020-11-06 02:27:21,023 solvers 0/1 INFO :: Simulation stop time reached.
2020-11-06 02:27:21,927 adjoint_Solver 0/1 INFO :: 
Starting Adjoint loop ... 

2020-11-06 02:28:16,645 solvers 0/1 INFO :: Simulation stop time reached.
First line search failed ... reducing step size from  3.1093193400475284e-19  to  1.5546596700237642e-19  ... 

After  109  loops: Residual =  50.920333438597986 | Normalized Residual =  0.043521912654086795  ... 

Starting Loop  110  ... 

2020-11-06 02:28:16,680 direct_Solver 0/1 INFO :: 
Starting Direct loop ... 

2020-11-06 02:29:02,309 solvers 0/1 INFO :: Simulation stop time reached.
2020-11-06 02:29:03,212 adjoint_Solver 0/1 INFO :: 
Starting Adjoint loop ... 

2020-11-06 02:29:57,707 solvers 0/1 INFO :: Simulation stop time reached.
First line search failed ... reducing step size from  1.5546596700237642e-19  to  7.773298350118821e-20  ... 

After  110  loops: Residual =  50.920333438598526 | Normalized Residual =  0.04352191265408731  ... 

Starting Loop  111  ... 

2020-11-06 02:29:57,742 direct_Solver 0/1 INFO :: 
Starting Direct loop ... 

