2020-11-07 18:01:49,294 pencil 0/1 INFO :: Building pencil matrix 1/32 (~3%) Elapsed: 0s, Remaining: 1s, Rate: 4.7e+01/s
2020-11-07 18:01:49,357 pencil 0/1 INFO :: Building pencil matrix 4/32 (~12%) Elapsed: 0s, Remaining: 1s, Rate: 4.8e+01/s
2020-11-07 18:01:49,440 pencil 0/1 INFO :: Building pencil matrix 8/32 (~25%) Elapsed: 0s, Remaining: 1s, Rate: 4.8e+01/s
2020-11-07 18:01:49,524 pencil 0/1 INFO :: Building pencil matrix 12/32 (~38%) Elapsed: 0s, Remaining: 0s, Rate: 4.8e+01/s
2020-11-07 18:01:49,607 pencil 0/1 INFO :: Building pencil matrix 16/32 (~50%) Elapsed: 0s, Remaining: 0s, Rate: 4.8e+01/s
2020-11-07 18:01:49,693 pencil 0/1 INFO :: Building pencil matrix 20/32 (~62%) Elapsed: 0s, Remaining: 0s, Rate: 4.8e+01/s
2020-11-07 18:01:49,776 pencil 0/1 INFO :: Building pencil matrix 24/32 (~75%) Elapsed: 1s, Remaining: 0s, Rate: 4.8e+01/s
2020-11-07 18:01:49,859 pencil 0/1 INFO :: Building pencil matrix 28/32 (~88%) Elapsed: 1s, Remaining: 0s, Rate: 4.8e+01/s
2020-11-07 18:01:49,942 pencil 0/1 INFO :: Building pencil matrix 32/32 (~100%) Elapsed: 1s, Remaining: 0s, Rate: 4.8e+01/s
2020-11-07 18:01:49,979 pencil 0/1 INFO :: Building pencil matrix 1/32 (~3%) Elapsed: 0s, Remaining: 1s, Rate: 4.6e+01/s
2020-11-07 18:01:50,044 pencil 0/1 INFO :: Building pencil matrix 4/32 (~12%) Elapsed: 0s, Remaining: 1s, Rate: 4.6e+01/s
2020-11-07 18:01:50,130 pencil 0/1 INFO :: Building pencil matrix 8/32 (~25%) Elapsed: 0s, Remaining: 1s, Rate: 4.6e+01/s
2020-11-07 18:01:50,216 pencil 0/1 INFO :: Building pencil matrix 12/32 (~38%) Elapsed: 0s, Remaining: 0s, Rate: 4.6e+01/s
2020-11-07 18:01:50,303 pencil 0/1 INFO :: Building pencil matrix 16/32 (~50%) Elapsed: 0s, Remaining: 0s, Rate: 4.6e+01/s
2020-11-07 18:01:50,389 pencil 0/1 INFO :: Building pencil matrix 20/32 (~62%) Elapsed: 0s, Remaining: 0s, Rate: 4.6e+01/s
2020-11-07 18:01:50,476 pencil 0/1 INFO :: Building pencil matrix 24/32 (~75%) Elapsed: 1s, Remaining: 0s, Rate: 4.6e+01/s
2020-11-07 18:01:50,562 pencil 0/1 INFO :: Building pencil matrix 28/32 (~88%) Elapsed: 1s, Remaining: 0s, Rate: 4.6e+01/s
2020-11-07 18:01:50,649 pencil 0/1 INFO :: Building pencil matrix 32/32 (~100%) Elapsed: 1s, Remaining: 0s, Rate: 4.6e+01/s


=====Optimization Algorithm Parameters=====


(s, T, Re) = ( 1.0 ,  3.0 ,  50.0 )

K       =  1.1
r       =  0.9
e0init  =  0.1
LS      =  1
LSI     =  1
proj    =  1
method  =  rot
dmethod =  conj
powit   =  0
N       =  200
start   =  cont
sstr    =  1
resMin  =  0.01


===========================================

Continuing from previous solution ... 

2020-11-07 18:01:50,749 direct_Solver 0/1 INFO :: 
Starting Direct loop ... 

2020-11-07 18:02:28,051 solvers 0/1 INFO :: Simulation stop time reached.
2020-11-07 18:02:28,922 adjoint_Solver 0/1 INFO :: 
Starting Adjoint loop ... 

2020-11-07 18:03:15,293 solvers 0/1 INFO :: Simulation stop time reached.
Starting Loop  1  ... 

2020-11-07 18:03:15,329 direct_Solver 0/1 INFO :: 
Starting Direct loop ... 

2020-11-07 18:03:48,974 solvers 0/1 INFO :: Simulation stop time reached.
2020-11-07 18:03:49,849 adjoint_Solver 0/1 INFO :: 
Starting Adjoint loop ... 

2020-11-07 18:04:29,512 solvers 0/1 INFO :: Simulation stop time reached.
First line search failed ... reducing step size from  0.1  to  0.09000000000000001  ... 

After  1  loops: Residual =  11.02257188246836 | Normalized Residual =  0.014704768599419401  ... 

Starting Loop  2  ... 

2020-11-07 18:04:29,543 direct_Solver 0/1 INFO :: 
Starting Direct loop ... 

2020-11-07 18:05:02,550 solvers 0/1 INFO :: Simulation stop time reached.
2020-11-07 18:05:03,426 adjoint_Solver 0/1 INFO :: 
Starting Adjoint loop ... 

2020-11-07 18:05:42,832 solvers 0/1 INFO :: Simulation stop time reached.
First line search failed ... reducing step size from  0.09000000000000001  to  0.08100000000000002  ... 

After  2  loops: Residual =  10.951610461374605 | Normalized Residual =  0.014395386835939463  ... 

Starting Loop  3  ... 

2020-11-07 18:05:42,852 direct_Solver 0/1 INFO :: 
Starting Direct loop ... 

2020-11-07 18:06:15,835 solvers 0/1 INFO :: Simulation stop time reached.
2020-11-07 18:06:16,709 adjoint_Solver 0/1 INFO :: 
Starting Adjoint loop ... 

2020-11-07 18:06:56,341 solvers 0/1 INFO :: Simulation stop time reached.
First line search failed ... reducing step size from  0.08100604260062826  to  0.07290543834056543  ... 

After  3  loops: Residual =  11.58749138925454 | Normalized Residual =  0.015012884280778866  ... 

Starting Loop  4  ... 

2020-11-07 18:06:56,374 direct_Solver 0/1 INFO :: 
Starting Direct loop ... 

2020-11-07 18:07:29,385 solvers 0/1 INFO :: Simulation stop time reached.
2020-11-07 18:07:30,263 adjoint_Solver 0/1 INFO :: 
Starting Adjoint loop ... 

2020-11-07 18:08:09,719 solvers 0/1 INFO :: Simulation stop time reached.
First line search failed ... reducing step size from  0.07320166107678355  to  0.0658814949691052  ... 

After  4  loops: Residual =  12.923490101841654 | Normalized Residual =  0.0165201598685888  ... 

Starting Loop  5  ... 

2020-11-07 18:08:09,750 direct_Solver 0/1 INFO :: 
Starting Direct loop ... 

2020-11-07 18:08:42,744 solvers 0/1 INFO :: Simulation stop time reached.
2020-11-07 18:08:43,618 adjoint_Solver 0/1 INFO :: 
Starting Adjoint loop ... 

2020-11-07 18:09:23,270 solvers 0/1 INFO :: Simulation stop time reached.
First line search failed ... reducing step size from  0.0660964962216413  to  0.059486846599477165  ... 

After  5  loops: Residual =  14.98286495327002 | Normalized Residual =  0.018923831596673237  ... 

Starting Loop  6  ... 

2020-11-07 18:09:23,302 direct_Solver 0/1 INFO :: 
Starting Direct loop ... 

2020-11-07 18:09:56,384 solvers 0/1 INFO :: Simulation stop time reached.
2020-11-07 18:09:57,258 adjoint_Solver 0/1 INFO :: 
Starting Adjoint loop ... 

2020-11-07 18:10:36,861 solvers 0/1 INFO :: Simulation stop time reached.
First line search failed ... reducing step size from  0.05964554673509948  to  0.053680992061589536  ... 

After  6  loops: Residual =  17.764350304236252 | Normalized Residual =  0.02220414708047372  ... 

Starting Loop  7  ... 

2020-11-07 18:10:36,894 direct_Solver 0/1 INFO :: 
Starting Direct loop ... 

2020-11-07 18:11:09,806 solvers 0/1 INFO :: Simulation stop time reached.
2020-11-07 18:11:10,681 adjoint_Solver 0/1 INFO :: 
Starting Adjoint loop ... 

2020-11-07 18:11:50,353 solvers 0/1 INFO :: Simulation stop time reached.
First line search failed ... reducing step size from  0.05379784160455096  to  0.048418057444095865  ... 

After  7  loops: Residual =  21.220645212195198 | Normalized Residual =  0.026290030355342546  ... 

Starting Loop  8  ... 

2020-11-07 18:11:50,385 direct_Solver 0/1 INFO :: 
Starting Direct loop ... 

2020-11-07 18:12:23,436 solvers 0/1 INFO :: Simulation stop time reached.
2020-11-07 18:12:24,310 adjoint_Solver 0/1 INFO :: 
Starting Adjoint loop ... 

2020-11-07 18:13:03,721 solvers 0/1 INFO :: Simulation stop time reached.
First line search failed ... reducing step size from  0.048503937174823784  to  0.043653543457341404  ... 

After  8  loops: Residual =  25.259402890668035 | Normalized Residual =  0.031061134569742164  ... 

Starting Loop  9  ... 

2020-11-07 18:13:03,753 direct_Solver 0/1 INFO :: 
Starting Direct loop ... 

2020-11-07 18:13:36,700 solvers 0/1 INFO :: Simulation stop time reached.
2020-11-07 18:13:37,576 adjoint_Solver 0/1 INFO :: 
Starting Adjoint loop ... 

2020-11-07 18:14:16,890 solvers 0/1 INFO :: Simulation stop time reached.
First line search failed ... reducing step size from  0.04371656732976105  to  0.039344910596784945  ... 

After  9  loops: Residual =  29.75721084685723 | Normalized Residual =  0.0363644850969379  ... 

Starting Loop  10  ... 

2020-11-07 18:14:16,921 direct_Solver 0/1 INFO :: 
Starting Direct loop ... 

2020-11-07 18:14:49,722 solvers 0/1 INFO :: Simulation stop time reached.
2020-11-07 18:14:50,600 adjoint_Solver 0/1 INFO :: 
Starting Adjoint loop ... 

2020-11-07 18:15:29,751 solvers 0/1 INFO :: Simulation stop time reached.
First line search failed ... reducing step size from  0.03939110465396946  to  0.03545199418857251  ... 

After  10  loops: Residual =  34.577316392931614 | Normalized Residual =  0.042034814092297416  ... 

Starting Loop  11  ... 

2020-11-07 18:15:29,783 direct_Solver 0/1 INFO :: 
Starting Direct loop ... 

2020-11-07 18:16:02,509 solvers 0/1 INFO :: Simulation stop time reached.
2020-11-07 18:16:03,385 adjoint_Solver 0/1 INFO :: 
Starting Adjoint loop ... 

2020-11-07 18:16:42,600 solvers 0/1 INFO :: Simulation stop time reached.
First line search failed ... reducing step size from  0.03548581858343488  to  0.03193723672509139  ... 

After  11  loops: Residual =  39.585109303753924 | Normalized Residual =  0.04791194735200584  ... 

Starting Loop  12  ... 

2020-11-07 18:16:42,620 direct_Solver 0/1 INFO :: 
Starting Direct loop ... 

2020-11-07 18:17:15,219 solvers 0/1 INFO :: Simulation stop time reached.
2020-11-07 18:17:16,093 adjoint_Solver 0/1 INFO :: 
Starting Adjoint loop ... 

2020-11-07 18:17:54,741 solvers 0/1 INFO :: Simulation stop time reached.
First line search failed ... reducing step size from  0.0319619833818275  to  0.02876578504364475  ... 

After  12  loops: Residual =  44.65886578404211 | Normalized Residual =  0.053852637540918985  ... 

Starting Loop  13  ... 

2020-11-07 18:17:54,772 direct_Solver 0/1 INFO :: 
Starting Direct loop ... 

2020-11-07 18:18:27,381 solvers 0/1 INFO :: Simulation stop time reached.
2020-11-07 18:18:28,255 adjoint_Solver 0/1 INFO :: 
Starting Adjoint loop ... 

2020-11-07 18:19:07,240 solvers 0/1 INFO :: Simulation stop time reached.
First line search failed ... reducing step size from  0.02878387807181112  to  0.02590549026463001  ... 

After  13  loops: Residual =  49.695627625522896 | Normalized Residual =  0.05973683584999555  ... 

Starting Loop  14  ... 

2020-11-07 18:19:07,271 direct_Solver 0/1 INFO :: 
Starting Direct loop ... 

2020-11-07 18:19:39,855 solvers 0/1 INFO :: Simulation stop time reached.
2020-11-07 18:19:40,730 adjoint_Solver 0/1 INFO :: 
Starting Adjoint loop ... 

2020-11-07 18:20:19,385 solvers 0/1 INFO :: Simulation stop time reached.
First line search failed ... reducing step size from  0.02591871138160118  to  0.02332684024344106  ... 

After  14  loops: Residual =  54.61321344020786 | Normalized Residual =  0.06546958793209064  ... 

Starting Loop  15  ... 

2020-11-07 18:20:19,417 direct_Solver 0/1 INFO :: 
Starting Direct loop ... 

2020-11-07 18:20:51,862 solvers 0/1 INFO :: Simulation stop time reached.
2020-11-07 18:20:52,740 adjoint_Solver 0/1 INFO :: 
Starting Adjoint loop ... 

2020-11-07 18:21:31,515 solvers 0/1 INFO :: Simulation stop time reached.
First line search failed ... reducing step size from  0.02333649700243958  to  0.021002847302195624  ... 

After  15  loops: Residual =  59.349629600709996 | Normalized Residual =  0.0709800105076865  ... 

Starting Loop  16  ... 

2020-11-07 18:21:31,546 direct_Solver 0/1 INFO :: 
Starting Direct loop ... 

2020-11-07 18:22:04,022 solvers 0/1 INFO :: Simulation stop time reached.
2020-11-07 18:22:04,895 adjoint_Solver 0/1 INFO :: 
Starting Adjoint loop ... 

2020-11-07 18:22:43,657 solvers 0/1 INFO :: Simulation stop time reached.
First line search failed ... reducing step size from  0.021009898081624692  to  0.018908908273462224  ... 

After  16  loops: Residual =  63.86099386470236 | Normalized Residual =  0.07621861948355407  ... 

Starting Loop  17  ... 

2020-11-07 18:22:43,688 direct_Solver 0/1 INFO :: 
Starting Direct loop ... 

2020-11-07 18:23:16,100 solvers 0/1 INFO :: Simulation stop time reached.
2020-11-07 18:23:16,972 adjoint_Solver 0/1 INFO :: 
Starting Adjoint loop ... 

2020-11-07 18:23:55,745 solvers 0/1 INFO :: Simulation stop time reached.
First line search failed ... reducing step size from  0.018914054807464657  to  0.01702264932671819  ... 

After  17  loops: Residual =  68.11879141686198 | Normalized Residual =  0.08115394566946761  ... 

Starting Loop  18  ... 

2020-11-07 18:23:55,776 direct_Solver 0/1 INFO :: 
Starting Direct loop ... 

2020-11-07 18:24:28,249 solvers 0/1 INFO :: Simulation stop time reached.
2020-11-07 18:24:29,121 adjoint_Solver 0/1 INFO :: 
Starting Adjoint loop ... 

2020-11-07 18:25:07,882 solvers 0/1 INFO :: Simulation stop time reached.
First line search failed ... reducing step size from  0.01702640500672375  to  0.015323764506051376  ... 

After  18  loops: Residual =  72.10699697919016 | Normalized Residual =  0.085769047351186  ... 

Starting Loop  19  ... 

2020-11-07 18:25:07,913 direct_Solver 0/1 INFO :: 
Starting Direct loop ... 

2020-11-07 18:25:40,374 solvers 0/1 INFO :: Simulation stop time reached.
2020-11-07 18:25:41,247 adjoint_Solver 0/1 INFO :: 
Starting Adjoint loop ... 

2020-11-07 18:26:20,040 solvers 0/1 INFO :: Simulation stop time reached.
First line search failed ... reducing step size from  0.015326504678546841  to  0.013793854210692158  ... 

After  19  loops: Residual =  75.81937166495928 | Normalized Residual =  0.09005827014515616  ... 

Starting Loop  20  ... 

2020-11-07 18:26:20,071 direct_Solver 0/1 INFO :: 
Starting Direct loop ... 

2020-11-07 18:26:52,588 solvers 0/1 INFO :: Simulation stop time reached.
2020-11-07 18:26:53,466 adjoint_Solver 0/1 INFO :: 
Starting Adjoint loop ... 

2020-11-07 18:27:32,442 solvers 0/1 INFO :: Simulation stop time reached.
First line search failed ... reducing step size from  0.01379585314592395  to  0.012416267831331556  ... 

After  20  loops: Residual =  79.25708663180289 | Normalized Residual =  0.09402442317756554  ... 

Starting Loop  21  ... 

2020-11-07 18:27:32,473 direct_Solver 0/1 INFO :: 
Starting Direct loop ... 

2020-11-07 18:28:04,935 solvers 0/1 INFO :: Simulation stop time reached.
2020-11-07 18:28:05,813 adjoint_Solver 0/1 INFO :: 
Starting Adjoint loop ... 

2020-11-07 18:28:44,606 solvers 0/1 INFO :: Simulation stop time reached.
First line search failed ... reducing step size from  0.012417725852987626  to  0.011175953267688863  ... 

After  21  loops: Residual =  82.42672611201844 | Normalized Residual =  0.09767642509354554  ... 

Starting Loop  22  ... 

2020-11-07 18:28:44,638 direct_Solver 0/1 INFO :: 
Starting Direct loop ... 

2020-11-07 18:29:17,195 solvers 0/1 INFO :: Simulation stop time reached.
2020-11-07 18:29:18,067 adjoint_Solver 0/1 INFO :: 
Starting Adjoint loop ... 

2020-11-07 18:29:56,814 solvers 0/1 INFO :: Simulation stop time reached.
First line search failed ... reducing step size from  0.011177016637098577  to  0.01005931497338872  ... 

After  22  loops: Residual =  85.33866463907674 | Normalized Residual =  0.10102740659077357  ... 

Starting Loop  23  ... 

2020-11-07 18:29:56,846 direct_Solver 0/1 INFO :: 
Starting Direct loop ... 

2020-11-07 18:30:29,325 solvers 0/1 INFO :: Simulation stop time reached.
2020-11-07 18:30:30,198 adjoint_Solver 0/1 INFO :: 
Starting Adjoint loop ... 

2020-11-07 18:31:08,943 solvers 0/1 INFO :: Simulation stop time reached.
First line search failed ... reducing step size from  0.010060090448410008  to  0.009054081403569007  ... 

After  23  loops: Residual =  88.00578346313014 | Normalized Residual =  0.10409322226503312  ... 

Starting Loop  24  ... 

2020-11-07 18:31:08,974 direct_Solver 0/1 INFO :: 
Starting Direct loop ... 

2020-11-07 18:31:41,513 solvers 0/1 INFO :: Simulation stop time reached.
2020-11-07 18:31:42,386 adjoint_Solver 0/1 INFO :: 
Starting Adjoint loop ... 

2020-11-07 18:32:21,099 solvers 0/1 INFO :: Simulation stop time reached.
First line search failed ... reducing step size from  0.009054646889553555  to  0.0081491822005982  ... 

After  24  loops: Residual =  90.4424787677565 | Normalized Residual =  0.10689131124770165  ... 

Starting Loop  25  ... 

2020-11-07 18:32:21,130 direct_Solver 0/1 INFO :: 
Starting Direct loop ... 

2020-11-07 18:32:53,602 solvers 0/1 INFO :: Simulation stop time reached.
2020-11-07 18:32:54,474 adjoint_Solver 0/1 INFO :: 
Starting Adjoint loop ... 

2020-11-07 18:33:33,301 solvers 0/1 INFO :: Simulation stop time reached.
First line search failed ... reducing step size from  0.008149594537184609  to  0.007334635083466148  ... 

After  25  loops: Residual =  92.66391207584162 | Normalized Residual =  0.10943984472839959  ... 

Starting Loop  26  ... 

2020-11-07 18:33:33,332 direct_Solver 0/1 INFO :: 
Starting Direct loop ... 

2020-11-07 18:34:05,864 solvers 0/1 INFO :: Simulation stop time reached.
2020-11-07 18:34:06,741 adjoint_Solver 0/1 INFO :: 
Starting Adjoint loop ... 

2020-11-07 18:34:45,567 solvers 0/1 INFO :: Simulation stop time reached.
First line search failed ... reducing step size from  0.007334935734320083  to  0.0066014421608880745  ... 

After  26  loops: Residual =  94.68545640877475 | Normalized Residual =  0.11175710329110684  ... 

Starting Loop  27  ... 

2020-11-07 18:34:45,599 direct_Solver 0/1 INFO :: 
Starting Direct loop ... 

2020-11-07 18:35:18,113 solvers 0/1 INFO :: Simulation stop time reached.
2020-11-07 18:35:18,985 adjoint_Solver 0/1 INFO :: 
Starting Adjoint loop ... 

2020-11-07 18:35:57,866 solvers 0/1 INFO :: Simulation stop time reached.
First line search failed ... reducing step size from  0.006601661369315658  to  0.005941495232384093  ... 

After  27  loops: Residual =  96.5222974020027 | Normalized Residual =  0.11386103452917584  ... 

Starting Loop  28  ... 

2020-11-07 18:35:57,897 direct_Solver 0/1 INFO :: 
Starting Direct loop ... 

2020-11-07 18:36:30,446 solvers 0/1 INFO :: Simulation stop time reached.
2020-11-07 18:36:31,319 adjoint_Solver 0/1 INFO :: 
Starting Adjoint loop ... 

2020-11-07 18:37:10,099 solvers 0/1 INFO :: Simulation stop time reached.
First line search failed ... reducing step size from  0.005941655055383792  to  0.005347489549845413  ... 

After  28  loops: Residual =  98.18915496569032 | Normalized Residual =  0.11576894960961513  ... 

Starting Loop  29  ... 

2020-11-07 18:37:10,131 direct_Solver 0/1 INFO :: 
Starting Direct loop ... 

2020-11-07 18:37:42,642 solvers 0/1 INFO :: Simulation stop time reached.
2020-11-07 18:37:43,516 adjoint_Solver 0/1 INFO :: 
Starting Adjoint loop ... 

2020-11-07 18:38:22,327 solvers 0/1 INFO :: Simulation stop time reached.
First line search failed ... reducing step size from  0.005347606072657862  to  0.004812845465392076  ... 

After  29  loops: Residual =  99.70009728076052 | Normalized Residual =  0.11749732524922372  ... 

Starting Loop  30  ... 

2020-11-07 18:38:22,358 direct_Solver 0/1 INFO :: 
Starting Direct loop ... 

2020-11-07 18:38:54,927 solvers 0/1 INFO :: Simulation stop time reached.
2020-11-07 18:38:55,801 adjoint_Solver 0/1 INFO :: 
Starting Adjoint loop ... 

2020-11-07 18:39:34,671 solvers 0/1 INFO :: Simulation stop time reached.
First line search failed ... reducing step size from  0.004812930417518442  to  0.004331637375766598  ... 

After  30  loops: Residual =  101.0684244880357 | Normalized Residual =  0.11906168444746675  ... 

Starting Loop  31  ... 

2020-11-07 18:39:34,702 direct_Solver 0/1 INFO :: 
Starting Direct loop ... 

2020-11-07 18:40:07,237 solvers 0/1 INFO :: Simulation stop time reached.
2020-11-07 18:40:08,111 adjoint_Solver 0/1 INFO :: 
Starting Adjoint loop ... 

2020-11-07 18:40:46,976 solvers 0/1 INFO :: Simulation stop time reached.
First line search failed ... reducing step size from  0.004331699309998483  to  0.003898529378998635  ... 

After  31  loops: Residual =  102.30660419346619 | Normalized Residual =  0.12047653513215827  ... 

Starting Loop  32  ... 

2020-11-07 18:40:47,008 direct_Solver 0/1 INFO :: 
Starting Direct loop ... 

2020-11-07 18:41:19,551 solvers 0/1 INFO :: Simulation stop time reached.
2020-11-07 18:41:20,429 adjoint_Solver 0/1 INFO :: 
Starting Adjoint loop ... 

2020-11-07 18:41:59,262 solvers 0/1 INFO :: Simulation stop time reached.
First line search failed ... reducing step size from  0.0038985745314937524  to  0.003508717078344377  ... 

After  32  loops: Residual =  103.426244863234 | Normalized Residual =  0.1217553506341822  ... 

Starting Loop  33  ... 

2020-11-07 18:41:59,293 direct_Solver 0/1 INFO :: 
Starting Direct loop ... 

2020-11-07 18:42:31,849 solvers 0/1 INFO :: Simulation stop time reached.
2020-11-07 18:42:32,724 adjoint_Solver 0/1 INFO :: 
Starting Adjoint loop ... 

2020-11-07 18:43:11,536 solvers 0/1 INFO :: Simulation stop time reached.
First line search failed ... reducing step size from  0.003508749995954303  to  0.0031578749963588728  ... 

After  33  loops: Residual =  104.43809638458495 | Normalized Residual =  0.12291057972243462  ... 

Starting Loop  34  ... 

2020-11-07 18:43:11,568 direct_Solver 0/1 INFO :: 
Starting Direct loop ... 

2020-11-07 18:43:44,144 solvers 0/1 INFO :: Simulation stop time reached.
2020-11-07 18:43:45,019 adjoint_Solver 0/1 INFO :: 
Starting Adjoint loop ... 

2020-11-07 18:44:23,781 solvers 0/1 INFO :: Simulation stop time reached.
First line search failed ... reducing step size from  0.0031578989941474667  to  0.00284210909473272  ... 

After  34  loops: Residual =  105.35206961937146 | Normalized Residual =  0.12395367693817612  ... 

Starting Loop  35  ... 

2020-11-07 18:44:23,812 direct_Solver 0/1 INFO :: 
Starting Direct loop ... 

2020-11-07 18:44:56,338 solvers 0/1 INFO :: Simulation stop time reached.
2020-11-07 18:44:57,214 adjoint_Solver 0/1 INFO :: 
Starting Adjoint loop ... 

2020-11-07 18:45:36,072 solvers 0/1 INFO :: Simulation stop time reached.
First line search failed ... reducing step size from  0.0028421265896231207  to  0.0025579139306608086  ... 

After  35  loops: Residual =  106.17726878379018 | Normalized Residual =  0.1248951463099858  ... 

Starting Loop  36  ... 

2020-11-07 18:45:36,104 direct_Solver 0/1 INFO :: 
Starting Direct loop ... 

2020-11-07 18:46:08,684 solvers 0/1 INFO :: Simulation stop time reached.
2020-11-07 18:46:09,559 adjoint_Solver 0/1 INFO :: 
Starting Adjoint loop ... 

2020-11-07 18:46:48,298 solvers 0/1 INFO :: Simulation stop time reached.
First line search failed ... reducing step size from  0.0025579266847326576  to  0.002302134016259392  ... 

After  36  loops: Residual =  106.92203204883684 | Normalized Residual =  0.12574459333531973  ... 

Starting Loop  37  ... 

2020-11-07 18:46:48,330 direct_Solver 0/1 INFO :: 
Starting Direct loop ... 

2020-11-07 18:47:20,906 solvers 0/1 INFO :: Simulation stop time reached.
2020-11-07 18:47:21,779 adjoint_Solver 0/1 INFO :: 
Starting Adjoint loop ... 

2020-11-07 18:48:00,564 solvers 0/1 INFO :: Simulation stop time reached.
First line search failed ... reducing step size from  0.002302143314153004  to  0.0020719289827377035  ... 

After  37  loops: Residual =  107.59397696020939 | Normalized Residual =  0.12651078149357659  ... 

Starting Loop  38  ... 

2020-11-07 18:48:00,595 direct_Solver 0/1 INFO :: 
Starting Direct loop ... 

2020-11-07 18:48:33,144 solvers 0/1 INFO :: Simulation stop time reached.
2020-11-07 18:48:34,020 adjoint_Solver 0/1 INFO :: 
Starting Adjoint loop ... 

2020-11-07 18:49:12,781 solvers 0/1 INFO :: Simulation stop time reached.
First line search failed ... reducing step size from  0.002071935761005623  to  0.0018647421849050608  ... 

After  38  loops: Residual =  108.20004819771196 | Normalized Residual =  0.1272016906013616  ... 

Starting Loop  39  ... 

2020-11-07 18:49:12,813 direct_Solver 0/1 INFO :: 
Starting Direct loop ... 

2020-11-07 18:49:45,306 solvers 0/1 INFO :: Simulation stop time reached.
2020-11-07 18:49:46,182 adjoint_Solver 0/1 INFO :: 
Starting Adjoint loop ... 

2020-11-07 18:50:25,089 solvers 0/1 INFO :: Simulation stop time reached.
First line search failed ... reducing step size from  0.001864747126323479  to  0.001678272413691131  ... 

After  39  loops: Residual =  108.74656589481073 | Normalized Residual =  0.1278245751080849  ... 

Starting Loop  40  ... 

2020-11-07 18:50:25,121 direct_Solver 0/1 INFO :: 
Starting Direct loop ... 

2020-11-07 18:50:57,648 solvers 0/1 INFO :: Simulation stop time reached.
2020-11-07 18:50:58,523 adjoint_Solver 0/1 INFO :: 
Starting Adjoint loop ... 

2020-11-07 18:51:37,311 solvers 0/1 INFO :: Simulation stop time reached.
First line search failed ... reducing step size from  0.00167827601602124  to  0.001510448414419116  ... 

After  40  loops: Residual =  109.23927326752049 | Normalized Residual =  0.12838602101892566  ... 

Starting Loop  41  ... 

2020-11-07 18:51:37,342 direct_Solver 0/1 INFO :: 
Starting Direct loop ... 

2020-11-07 18:52:09,862 solvers 0/1 INFO :: Simulation stop time reached.
2020-11-07 18:52:10,739 adjoint_Solver 0/1 INFO :: 
Starting Adjoint loop ... 

2020-11-07 18:52:49,564 solvers 0/1 INFO :: Simulation stop time reached.
First line search failed ... reducing step size from  0.0015104510405390716  to  0.0013594059364851645  ... 

After  41  loops: Residual =  109.68338269808744 | Normalized Residual =  0.1288920005695453  ... 

Starting Loop  42  ... 

2020-11-07 18:52:49,595 direct_Solver 0/1 INFO :: 
Starting Direct loop ... 

2020-11-07 18:53:22,138 solvers 0/1 INFO :: Simulation stop time reached.
2020-11-07 18:53:23,013 adjoint_Solver 0/1 INFO :: 
Starting Adjoint loop ... 

2020-11-07 18:54:01,774 solvers 0/1 INFO :: Simulation stop time reached.
First line search failed ... reducing step size from  0.001359407850939194  to  0.0012234670658452748  ... 

After  42  loops: Residual =  110.08361971385973 | Normalized Residual =  0.12934792409891793  ... 

Starting Loop  43  ... 

2020-11-07 18:54:01,806 direct_Solver 0/1 INFO :: 
Starting Direct loop ... 

2020-11-07 18:54:34,321 solvers 0/1 INFO :: Simulation stop time reached.
2020-11-07 18:54:35,198 adjoint_Solver 0/1 INFO :: 
Starting Adjoint loop ... 

2020-11-07 18:55:14,066 solvers 0/1 INFO :: Simulation stop time reached.
First line search failed ... reducing step size from  0.0012234684614896912  to  0.0011011216153407222  ... 

After  43  loops: Residual =  110.44426451917856 | Normalized Residual =  0.12975868880171101  ... 

Starting Loop  44  ... 

2020-11-07 18:55:14,098 direct_Solver 0/1 INFO :: 
Starting Direct loop ... 

2020-11-07 18:55:46,653 solvers 0/1 INFO :: Simulation stop time reached.
2020-11-07 18:55:47,529 adjoint_Solver 0/1 INFO :: 
Starting Adjoint loop ... 

2020-11-07 18:56:26,283 solvers 0/1 INFO :: Simulation stop time reached.
First line search failed ... reducing step size from  0.0011011226327698892  to  0.0009910103694929003  ... 

After  44  loops: Residual =  110.76919089685524 | Normalized Residual =  0.13012872421097255  ... 

Starting Loop  45  ... 

2020-11-07 18:56:26,314 direct_Solver 0/1 INFO :: 
Starting Direct loop ... 

2020-11-07 18:56:58,822 solvers 0/1 INFO :: Simulation stop time reached.
2020-11-07 18:56:59,702 adjoint_Solver 0/1 INFO :: 
Starting Adjoint loop ... 

2020-11-07 18:57:38,525 solvers 0/1 INFO :: Simulation stop time reached.
First line search failed ... reducing step size from  0.0009910111112013532  to  0.0008919100000812179  ... 

After  45  loops: Residual =  111.06190241026135 | Normalized Residual =  0.13046203438236015  ... 

Starting Loop  46  ... 

2020-11-07 18:57:38,557 direct_Solver 0/1 INFO :: 
Starting Direct loop ... 

2020-11-07 18:58:11,121 solvers 0/1 INFO :: Simulation stop time reached.
2020-11-07 18:58:11,997 adjoint_Solver 0/1 INFO :: 
Starting Adjoint loop ... 

2020-11-07 18:58:50,772 solvers 0/1 INFO :: Simulation stop time reached.
First line search failed ... reducing step size from  0.0008919105407882102  to  0.0008027194867093892  ... 

After  46  loops: Residual =  111.32556591795598 | Normalized Residual =  0.13076223683475677  ... 

Starting Loop  47  ... 

2020-11-07 18:58:50,803 direct_Solver 0/1 INFO :: 
Starting Direct loop ... 

2020-11-07 18:59:23,394 solvers 0/1 INFO :: Simulation stop time reached.
2020-11-07 18:59:24,271 adjoint_Solver 0/1 INFO :: 
Starting Adjoint loop ... 

2020-11-07 19:00:03,085 solvers 0/1 INFO :: Simulation stop time reached.
First line search failed ... reducing step size from  0.0008027198808856895  to  0.0007224478927971206  ... 

After  47  loops: Residual =  111.56304246895492 | Normalized Residual =  0.13103259835878714  ... 

Starting Loop  48  ... 

2020-11-07 19:00:03,117 direct_Solver 0/1 INFO :: 
Starting Direct loop ... 

2020-11-07 19:00:35,631 solvers 0/1 INFO :: Simulation stop time reached.
2020-11-07 19:00:36,506 adjoint_Solver 0/1 INFO :: 
Starting Adjoint loop ... 

2020-11-07 19:01:15,269 solvers 0/1 INFO :: Simulation stop time reached.
First line search failed ... reducing step size from  0.0007224481801521771  to  0.0006502033621369594  ... 

After  48  loops: Residual =  111.77691568406037 | Normalized Residual =  0.1312760678412743  ... 

Starting Loop  49  ... 

2020-11-07 19:01:15,300 direct_Solver 0/1 INFO :: 
Starting Direct loop ... 

2020-11-07 19:01:47,857 solvers 0/1 INFO :: Simulation stop time reached.
2020-11-07 19:01:48,731 adjoint_Solver 0/1 INFO :: 
Starting Adjoint loop ... 

2020-11-07 19:02:27,569 solvers 0/1 INFO :: Simulation stop time reached.
First line search failed ... reducing step size from  0.0006502035716191104  to  0.0005851832144571994  ... 

After  49  loops: Residual =  111.96951775256176 | Normalized Residual =  0.13149530627567999  ... 

Starting Loop  50  ... 

2020-11-07 19:02:27,600 direct_Solver 0/1 INFO :: 
Starting Direct loop ... 

2020-11-07 19:03:00,101 solvers 0/1 INFO :: Simulation stop time reached.
2020-11-07 19:03:00,974 adjoint_Solver 0/1 INFO :: 
Starting Adjoint loop ... 

2020-11-07 19:03:39,627 solvers 0/1 INFO :: Simulation stop time reached.
First line search failed ... reducing step size from  0.0005851833671698735  to  0.0005266650304528861  ... 

After  50  loops: Residual =  112.14295318704981 | Normalized Residual =  0.13169271413993525  ... 

Starting Loop  51  ... 

2020-11-07 19:03:39,659 direct_Solver 0/1 INFO :: 
Starting Direct loop ... 

2020-11-07 19:04:12,226 solvers 0/1 INFO :: Simulation stop time reached.
2020-11-07 19:04:13,099 adjoint_Solver 0/1 INFO :: 
Starting Adjoint loop ... 

2020-11-07 19:04:51,860 solvers 0/1 INFO :: Simulation stop time reached.
First line search failed ... reducing step size from  0.0005266651417805354  to  0.00047399862760248186  ... 

After  51  loops: Residual =  112.29912048572409 | Normalized Residual =  0.13187045632676292  ... 

Starting Loop  52  ... 

2020-11-07 19:04:51,891 direct_Solver 0/1 INFO :: 
Starting Direct loop ... 

2020-11-07 19:05:24,401 solvers 0/1 INFO :: Simulation stop time reached.
2020-11-07 19:05:25,273 adjoint_Solver 0/1 INFO :: 
Starting Adjoint loop ... 

2020-11-07 19:06:03,981 solvers 0/1 INFO :: Simulation stop time reached.
First line search failed ... reducing step size from  0.00047399870876040296  to  0.0004265988378843627  ... 

After  52  loops: Residual =  112.43973185250775 | Normalized Residual =  0.13203048481027194  ... 

Starting Loop  53  ... 

2020-11-07 19:06:04,012 direct_Solver 0/1 INFO :: 
Starting Direct loop ... 

2020-11-07 19:06:36,560 solvers 0/1 INFO :: Simulation stop time reached.
2020-11-07 19:06:37,432 adjoint_Solver 0/1 INFO :: 
Starting Adjoint loop ... 

2020-11-07 19:07:16,251 solvers 0/1 INFO :: Simulation stop time reached.
First line search failed ... reducing step size from  0.0004265988970485254  to  0.00038393900734367284  ... 

After  53  loops: Residual =  112.56633112288645 | Normalized Residual =  0.13217455922716384  ... 

Starting Loop  54  ... 

2020-11-07 19:07:16,282 direct_Solver 0/1 INFO :: 
Starting Direct loop ... 

2020-11-07 19:07:48,821 solvers 0/1 INFO :: Simulation stop time reached.
2020-11-07 19:07:49,694 adjoint_Solver 0/1 INFO :: 
Starting Adjoint loop ... 

2020-11-07 19:08:28,463 solvers 0/1 INFO :: Simulation stop time reached.
First line search failed ... reducing step size from  0.00038393905047437015  to  0.00034554514542693314  ... 

After  54  loops: Residual =  112.68031003837172 | Normalized Residual =  0.13230426554354413  ... 

Starting Loop  55  ... 

2020-11-07 19:08:28,495 direct_Solver 0/1 INFO :: 
Starting Direct loop ... 

2020-11-07 19:09:01,096 solvers 0/1 INFO :: Simulation stop time reached.
2020-11-07 19:09:01,968 adjoint_Solver 0/1 INFO :: 
Starting Adjoint loop ... 

2020-11-07 19:09:40,813 solvers 0/1 INFO :: Simulation stop time reached.
First line search failed ... reducing step size from  0.00034554517686922483  to  0.00031099065918230236  ... 

After  55  loops: Residual =  112.78292300588915 | Normalized Residual =  0.1324210329691096  ... 

Starting Loop  56  ... 

2020-11-07 19:09:40,844 direct_Solver 0/1 INFO :: 
Starting Direct loop ... 

2020-11-07 19:10:13,367 solvers 0/1 INFO :: Simulation stop time reached.
2020-11-07 19:10:14,240 adjoint_Solver 0/1 INFO :: 
Starting Adjoint loop ... 

2020-11-07 19:10:52,989 solvers 0/1 INFO :: Simulation stop time reached.
First line search failed ... reducing step size from  0.0003109906821037408  to  0.00027989161389336674  ... 

After  56  loops: Residual =  112.8753004707779 | Normalized Residual =  0.13252614927058368  ... 

Starting Loop  57  ... 

2020-11-07 19:10:53,021 direct_Solver 0/1 INFO :: 
Starting Direct loop ... 

2020-11-07 19:11:25,583 solvers 0/1 INFO :: Simulation stop time reached.
2020-11-07 19:11:26,456 adjoint_Solver 0/1 INFO :: 
Starting Adjoint loop ... 

2020-11-07 19:12:05,300 solvers 0/1 INFO :: Simulation stop time reached.
First line search failed ... reducing step size from  0.00027989163060310006  to  0.00025190246754279005  ... 

After  57  loops: Residual =  112.95846102389409 | Normalized Residual =  0.13262077462604513  ... 

Starting Loop  58  ... 

2020-11-07 19:12:05,333 direct_Solver 0/1 INFO :: 
Starting Direct loop ... 

2020-11-07 19:12:37,974 solvers 0/1 INFO :: Simulation stop time reached.
2020-11-07 19:12:38,845 adjoint_Solver 0/1 INFO :: 
Starting Adjoint loop ... 

2020-11-07 19:13:17,700 solvers 0/1 INFO :: Simulation stop time reached.
First line search failed ... reducing step size from  0.0002519024797241884  to  0.00022671223175176958  ... 

After  58  loops: Residual =  113.03332235511061 | Normalized Residual =  0.13270595415135805  ... 

Starting Loop  59  ... 

2020-11-07 19:13:17,732 direct_Solver 0/1 INFO :: 
Starting Direct loop ... 

2020-11-07 19:13:50,360 solvers 0/1 INFO :: Simulation stop time reached.
2020-11-07 19:13:51,232 adjoint_Solver 0/1 INFO :: 
Starting Adjoint loop ... 

2020-11-07 19:14:30,130 solvers 0/1 INFO :: Simulation stop time reached.
First line search failed ... reducing step size from  0.0002267122406320106  to  0.00020404101656880955  ... 

After  59  loops: Residual =  113.10071115711646 | Normalized Residual =  0.13278262921994313  ... 

Starting Loop  60  ... 

2020-11-07 19:14:30,161 direct_Solver 0/1 INFO :: 
Starting Direct loop ... 

2020-11-07 19:15:02,877 solvers 0/1 INFO :: Simulation stop time reached.
2020-11-07 19:15:03,748 adjoint_Solver 0/1 INFO :: 
Starting Adjoint loop ... 

2020-11-07 19:15:42,591 solvers 0/1 INFO :: Simulation stop time reached.
First line search failed ... reducing step size from  0.0002040410230425062  to  0.0001836369207382556  ... 

After  60  loops: Residual =  113.161372075347 | Normalized Residual =  0.13285164768733437  ... 

Starting Loop  61  ... 

2020-11-07 19:15:42,623 direct_Solver 0/1 INFO :: 
Starting Direct loop ... 

2020-11-07 19:16:15,255 solvers 0/1 INFO :: Simulation stop time reached.
2020-11-07 19:16:16,127 adjoint_Solver 0/1 INFO :: 
Starting Adjoint loop ... 

2020-11-07 19:16:55,259 solvers 0/1 INFO :: Simulation stop time reached.
First line search failed ... reducing step size from  0.000183636925457581  to  0.0001652732329118229  ... 

After  61  loops: Residual =  113.21597579227411 | Normalized Residual =  0.1329137731226492  ... 

Starting Loop  62  ... 

2020-11-07 19:16:55,290 direct_Solver 0/1 INFO :: 
Starting Direct loop ... 

2020-11-07 19:17:27,941 solvers 0/1 INFO :: Simulation stop time reached.
2020-11-07 19:17:28,815 adjoint_Solver 0/1 INFO :: 
Starting Adjoint loop ... 

2020-11-07 19:18:07,669 solvers 0/1 INFO :: Simulation stop time reached.
First line search failed ... reducing step size from  0.00016527323635221147  to  0.00014874591271699032  ... 

After  62  loops: Residual =  113.26512632673638 | Normalized Residual =  0.13296969314051565  ... 

Starting Loop  63  ... 

2020-11-07 19:18:07,700 direct_Solver 0/1 INFO :: 
Starting Direct loop ... 

2020-11-07 19:18:40,356 solvers 0/1 INFO :: Simulation stop time reached.
2020-11-07 19:18:41,230 adjoint_Solver 0/1 INFO :: 
Starting Adjoint loop ... 

2020-11-07 19:19:20,058 solvers 0/1 INFO :: Simulation stop time reached.
First line search failed ... reducing step size from  0.0001487459152250338  to  0.00013387132370253042  ... 

After  63  loops: Residual =  113.30936762219531 | Normalized Residual =  0.13302002691865034  ... 

Starting Loop  64  ... 

2020-11-07 19:19:20,091 direct_Solver 0/1 INFO :: 
Starting Direct loop ... 

2020-11-07 19:19:52,742 solvers 0/1 INFO :: Simulation stop time reached.
2020-11-07 19:19:53,616 adjoint_Solver 0/1 INFO :: 
Starting Adjoint loop ... 

2020-11-07 19:20:32,431 solvers 0/1 INFO :: Simulation stop time reached.
First line search failed ... reducing step size from  0.0001338713255308942  to  0.00012048419297780479  ... 

After  64  loops: Residual =  113.34918949137578 | Normalized Residual =  0.13306533197890483  ... 

Starting Loop  65  ... 

2020-11-07 19:20:32,462 direct_Solver 0/1 INFO :: 
Starting Direct loop ... 

2020-11-07 19:21:05,105 solvers 0/1 INFO :: Simulation stop time reached.
2020-11-07 19:21:05,979 adjoint_Solver 0/1 INFO :: 
Starting Adjoint loop ... 

2020-11-07 19:21:44,841 solvers 0/1 INFO :: Simulation stop time reached.
First line search failed ... reducing step size from  0.00012048419431068207  to  0.00010843577487961386  ... 

After  65  loops: Residual =  113.38503297858267 | Normalized Residual =  0.1331061103023216  ... 

Starting Loop  66  ... 

2020-11-07 19:21:44,872 direct_Solver 0/1 INFO :: 
Starting Direct loop ... 

2020-11-07 19:22:17,498 solvers 0/1 INFO :: Simulation stop time reached.
2020-11-07 19:22:18,373 adjoint_Solver 0/1 INFO :: 
Starting Adjoint loop ... 

2020-11-07 19:22:57,180 solvers 0/1 INFO :: Simulation stop time reached.
First line search failed ... reducing step size from  0.00010843577585128146  to  9.759219826615332e-05  ... 

After  66  loops: Residual =  113.41729519565213 | Normalized Residual =  0.13314281384253807  ... 

Starting Loop  67  ... 

2020-11-07 19:22:57,212 direct_Solver 0/1 INFO :: 
Starting Direct loop ... 

2020-11-07 19:23:29,800 solvers 0/1 INFO :: Simulation stop time reached.
2020-11-07 19:23:30,672 adjoint_Solver 0/1 INFO :: 
Starting Adjoint loop ... 

2020-11-07 19:24:09,634 solvers 0/1 INFO :: Simulation stop time reached.
First line search failed ... reducing step size from  9.759219897449901e-05  to  8.783297907704911e-05  ... 

After  67  loops: Residual =  113.44633368217374 | Normalized Residual =  0.1331758494956909  ... 

Starting Loop  68  ... 

2020-11-07 19:24:09,666 direct_Solver 0/1 INFO :: 
Starting Direct loop ... 

2020-11-07 19:24:42,320 solvers 0/1 INFO :: Simulation stop time reached.
2020-11-07 19:24:43,192 adjoint_Solver 0/1 INFO :: 
Starting Adjoint loop ... 

2020-11-07 19:25:22,016 solvers 0/1 INFO :: Simulation stop time reached.
First line search failed ... reducing step size from  8.783297959343314e-05  to  7.904968163408982e-05  ... 

After  68  loops: Residual =  113.47247033605619 | Normalized Residual =  0.13320558357968726  ... 

Starting Loop  69  ... 

2020-11-07 19:25:22,047 direct_Solver 0/1 INFO :: 
Starting Direct loop ... 

2020-11-07 19:25:54,731 solvers 0/1 INFO :: Simulation stop time reached.
2020-11-07 19:25:55,606 adjoint_Solver 0/1 INFO :: 
Starting Adjoint loop ... 

2020-11-07 19:26:34,578 solvers 0/1 INFO :: Simulation stop time reached.
First line search failed ... reducing step size from  7.904968201053379e-05  to  7.114471380948042e-05  ... 

After  69  loops: Residual =  113.49599495619077 | Normalized Residual =  0.13323234587066102  ... 

Starting Loop  70  ... 

2020-11-07 19:26:34,609 direct_Solver 0/1 INFO :: 
Starting Direct loop ... 

2020-11-07 19:27:07,271 solvers 0/1 INFO :: Simulation stop time reached.
2020-11-07 19:27:08,143 adjoint_Solver 0/1 INFO :: 
Starting Adjoint loop ... 

2020-11-07 19:27:47,059 solvers 0/1 INFO :: Simulation stop time reached.
First line search failed ... reducing step size from  7.114471408390806e-05  to  6.403024267551726e-05  ... 

After  70  loops: Residual =  113.51716843498103 | Normalized Residual =  0.13325643323988826  ... 

Starting Loop  71  ... 

2020-11-07 19:27:47,090 direct_Solver 0/1 INFO :: 
Starting Direct loop ... 

2020-11-07 19:28:19,795 solvers 0/1 INFO :: Simulation stop time reached.
2020-11-07 19:28:20,668 adjoint_Solver 0/1 INFO :: 
Starting Adjoint loop ... 

2020-11-07 19:28:59,671 solvers 0/1 INFO :: Simulation stop time reached.
First line search failed ... reducing step size from  6.403024287557502e-05  to  5.762721858801752e-05  ... 

After  71  loops: Residual =  113.5362256349245 | Normalized Residual =  0.13327811293034514  ... 

Starting Loop  72  ... 

2020-11-07 19:28:59,703 direct_Solver 0/1 INFO :: 
Starting Direct loop ... 

2020-11-07 19:29:32,374 solvers 0/1 INFO :: Simulation stop time reached.
2020-11-07 19:29:33,249 adjoint_Solver 0/1 INFO :: 
Starting Adjoint loop ... 

2020-11-07 19:30:12,152 solvers 0/1 INFO :: Simulation stop time reached.
First line search failed ... reducing step size from  5.7627218733859613e-05  to  5.186449686047365e-05  ... 

After  72  loops: Residual =  113.55337798026615 | Normalized Residual =  0.13329762550827312  ... 

Starting Loop  73  ... 

2020-11-07 19:30:12,184 direct_Solver 0/1 INFO :: 
Starting Direct loop ... 

2020-11-07 19:30:44,909 solvers 0/1 INFO :: Simulation stop time reached.
2020-11-07 19:30:45,783 adjoint_Solver 0/1 INFO :: 
Starting Adjoint loop ... 

2020-11-07 19:31:24,797 solvers 0/1 INFO :: Simulation stop time reached.
First line search failed ... reducing step size from  5.1864496966792564e-05  to  4.667804727011331e-05  ... 

After  73  loops: Residual =  113.56881579168126 | Normalized Residual =  0.1333151875217522  ... 

Starting Loop  74  ... 

2020-11-07 19:31:24,829 direct_Solver 0/1 INFO :: 
Starting Direct loop ... 

2020-11-07 19:31:57,470 solvers 0/1 INFO :: Simulation stop time reached.
2020-11-07 19:31:58,344 adjoint_Solver 0/1 INFO :: 
Starting Adjoint loop ... 

