2020-11-07 12:56:06,930 pencil 0/1 INFO :: Building pencil matrix 1/32 (~3%) Elapsed: 0s, Remaining: 1s, Rate: 4.9e+01/s
2020-11-07 12:56:06,992 pencil 0/1 INFO :: Building pencil matrix 4/32 (~12%) Elapsed: 0s, Remaining: 1s, Rate: 4.8e+01/s
2020-11-07 12:56:07,073 pencil 0/1 INFO :: Building pencil matrix 8/32 (~25%) Elapsed: 0s, Remaining: 0s, Rate: 4.9e+01/s
2020-11-07 12:56:07,154 pencil 0/1 INFO :: Building pencil matrix 12/32 (~38%) Elapsed: 0s, Remaining: 0s, Rate: 4.9e+01/s
2020-11-07 12:56:07,235 pencil 0/1 INFO :: Building pencil matrix 16/32 (~50%) Elapsed: 0s, Remaining: 0s, Rate: 4.9e+01/s
2020-11-07 12:56:07,317 pencil 0/1 INFO :: Building pencil matrix 20/32 (~62%) Elapsed: 0s, Remaining: 0s, Rate: 4.9e+01/s
2020-11-07 12:56:07,398 pencil 0/1 INFO :: Building pencil matrix 24/32 (~75%) Elapsed: 0s, Remaining: 0s, Rate: 4.9e+01/s
2020-11-07 12:56:07,478 pencil 0/1 INFO :: Building pencil matrix 28/32 (~88%) Elapsed: 1s, Remaining: 0s, Rate: 4.9e+01/s
2020-11-07 12:56:07,558 pencil 0/1 INFO :: Building pencil matrix 32/32 (~100%) Elapsed: 1s, Remaining: 0s, Rate: 4.9e+01/s
2020-11-07 12:56:07,593 pencil 0/1 INFO :: Building pencil matrix 1/32 (~3%) Elapsed: 0s, Remaining: 1s, Rate: 4.7e+01/s
2020-11-07 12:56:07,656 pencil 0/1 INFO :: Building pencil matrix 4/32 (~12%) Elapsed: 0s, Remaining: 1s, Rate: 4.8e+01/s
2020-11-07 12:56:07,739 pencil 0/1 INFO :: Building pencil matrix 8/32 (~25%) Elapsed: 0s, Remaining: 1s, Rate: 4.8e+01/s
2020-11-07 12:56:07,823 pencil 0/1 INFO :: Building pencil matrix 12/32 (~38%) Elapsed: 0s, Remaining: 0s, Rate: 4.8e+01/s
2020-11-07 12:56:07,907 pencil 0/1 INFO :: Building pencil matrix 16/32 (~50%) Elapsed: 0s, Remaining: 0s, Rate: 4.8e+01/s
2020-11-07 12:56:07,991 pencil 0/1 INFO :: Building pencil matrix 20/32 (~62%) Elapsed: 0s, Remaining: 0s, Rate: 4.8e+01/s
2020-11-07 12:56:08,075 pencil 0/1 INFO :: Building pencil matrix 24/32 (~75%) Elapsed: 1s, Remaining: 0s, Rate: 4.8e+01/s
2020-11-07 12:56:08,159 pencil 0/1 INFO :: Building pencil matrix 28/32 (~88%) Elapsed: 1s, Remaining: 0s, Rate: 4.8e+01/s
2020-11-07 12:56:08,244 pencil 0/1 INFO :: Building pencil matrix 32/32 (~100%) Elapsed: 1s, Remaining: 0s, Rate: 4.8e+01/s


=====Optimization Algorithm Parameters=====


(s, T, Re) = ( 1.0 ,  10.0 ,  50.0 )

K       =  1.5
r       =  0.5
e0init  =  0.1
LS      =  1
LSI     =  1
proj    =  1
method  =  rot
dmethod =  conj
powit   =  0
N       =  200
start   =  rand
sstr    =  1


===========================================

Starting from Random IC ... 

2020-11-07 12:56:08,289 direct_Solver 0/1 INFO :: 
Starting Direct loop ... 

2020-11-07 12:58:17,767 solvers 0/1 INFO :: Simulation stop time reached.
2020-11-07 12:58:18,640 adjoint_Solver 0/1 INFO :: 
Starting Adjoint loop ... 

2020-11-07 13:01:03,196 solvers 0/1 INFO :: Simulation stop time reached.
Starting Loop  1  ... 

2020-11-07 13:01:03,235 direct_Solver 0/1 INFO :: 
Starting Direct loop ... 

2020-11-07 13:03:04,355 solvers 0/1 INFO :: Simulation stop time reached.
2020-11-07 13:03:05,247 adjoint_Solver 0/1 INFO :: 
Starting Adjoint loop ... 

2020-11-07 13:05:26,653 solvers 0/1 INFO :: Simulation stop time reached.
Starting Line Search ... 

2020-11-07 13:05:26,689 direct_Solver 0/1 INFO :: 
Starting Direct loop ... 

2020-11-07 13:07:24,683 solvers 0/1 INFO :: Simulation stop time reached.
2020-11-07 13:07:25,579 adjoint_Solver 0/1 INFO :: 
Starting Adjoint loop ... 

2020-11-07 13:09:46,276 solvers 0/1 INFO :: Simulation stop time reached.
Starting Line Search ... 

2020-11-07 13:09:46,311 direct_Solver 0/1 INFO :: 
Starting Direct loop ... 

2020-11-07 13:11:45,039 solvers 0/1 INFO :: Simulation stop time reached.
2020-11-07 13:11:45,936 adjoint_Solver 0/1 INFO :: 
Starting Adjoint loop ... 

2020-11-07 13:14:07,779 solvers 0/1 INFO :: Simulation stop time reached.
Starting Line Search ... 

2020-11-07 13:14:07,815 direct_Solver 0/1 INFO :: 
Starting Direct loop ... 

2020-11-07 13:16:06,202 solvers 0/1 INFO :: Simulation stop time reached.
2020-11-07 13:16:07,095 adjoint_Solver 0/1 INFO :: 
Starting Adjoint loop ... 

2020-11-07 13:18:28,152 solvers 0/1 INFO :: Simulation stop time reached.
Starting Line Search ... 

2020-11-07 13:18:28,188 direct_Solver 0/1 INFO :: 
Starting Direct loop ... 

2020-11-07 13:20:26,710 solvers 0/1 INFO :: Simulation stop time reached.
2020-11-07 13:20:27,605 adjoint_Solver 0/1 INFO :: 
Starting Adjoint loop ... 

2020-11-07 13:22:49,459 solvers 0/1 INFO :: Simulation stop time reached.
Starting Line Search ... 

2020-11-07 13:22:49,494 direct_Solver 0/1 INFO :: 
Starting Direct loop ... 

2020-11-07 13:24:48,691 solvers 0/1 INFO :: Simulation stop time reached.
2020-11-07 13:24:49,585 adjoint_Solver 0/1 INFO :: 
Starting Adjoint loop ... 

2020-11-07 13:27:10,806 solvers 0/1 INFO :: Simulation stop time reached.
Starting Line Search ... 

2020-11-07 13:27:10,842 direct_Solver 0/1 INFO :: 
Starting Direct loop ... 

2020-11-07 13:29:09,452 solvers 0/1 INFO :: Simulation stop time reached.
2020-11-07 13:29:10,348 adjoint_Solver 0/1 INFO :: 
Starting Adjoint loop ... 

2020-11-07 13:31:31,963 solvers 0/1 INFO :: Simulation stop time reached.
Starting Line Search ... 

2020-11-07 13:31:31,998 direct_Solver 0/1 INFO :: 
Starting Direct loop ... 

2020-11-07 13:33:31,228 solvers 0/1 INFO :: Simulation stop time reached.
2020-11-07 13:33:32,122 adjoint_Solver 0/1 INFO :: 
Starting Adjoint loop ... 

2020-11-07 13:35:53,408 solvers 0/1 INFO :: Simulation stop time reached.
Line search from  0.1  to  4.92578125  ... 

2020-11-07 13:35:53,445 direct_Solver 0/1 INFO :: 
Starting Direct loop ... 

2020-11-07 13:37:52,445 solvers 0/1 INFO :: Simulation stop time reached.
2020-11-07 13:37:53,341 adjoint_Solver 0/1 INFO :: 
Starting Adjoint loop ... 

2020-11-07 13:40:15,538 solvers 0/1 INFO :: Simulation stop time reached.
Line search interpolation unsuccessful ... 

2020-11-07 13:40:15,574 direct_Solver 0/1 INFO :: 
Starting Direct loop ... 

2020-11-07 13:42:14,703 solvers 0/1 INFO :: Simulation stop time reached.
2020-11-07 13:42:15,598 adjoint_Solver 0/1 INFO :: 
Starting Adjoint loop ... 

2020-11-07 13:44:36,878 solvers 0/1 INFO :: Simulation stop time reached.
After  10  loops: Residual =  598.0142221828658 | Normalized Residual =  0.6738074763248847  ... 

Starting Loop  11  ... 

2020-11-07 13:44:36,919 direct_Solver 0/1 INFO :: 
Starting Direct loop ... 

2020-11-07 13:46:35,532 solvers 0/1 INFO :: Simulation stop time reached.
2020-11-07 13:46:36,428 adjoint_Solver 0/1 INFO :: 
Starting Adjoint loop ... 

2020-11-07 13:48:58,577 solvers 0/1 INFO :: Simulation stop time reached.
Starting Line Search ... 

2020-11-07 13:48:58,613 direct_Solver 0/1 INFO :: 
Starting Direct loop ... 

2020-11-07 13:50:58,087 solvers 0/1 INFO :: Simulation stop time reached.
2020-11-07 13:50:58,982 adjoint_Solver 0/1 INFO :: 
Starting Adjoint loop ... 

2020-11-07 13:53:20,471 solvers 0/1 INFO :: Simulation stop time reached.
Starting Line Search ... 

2020-11-07 13:53:20,507 direct_Solver 0/1 INFO :: 
Starting Direct loop ... 

2020-11-07 13:55:19,414 solvers 0/1 INFO :: Simulation stop time reached.
2020-11-07 13:55:20,310 adjoint_Solver 0/1 INFO :: 
Starting Adjoint loop ... 

2020-11-07 13:57:42,269 solvers 0/1 INFO :: Simulation stop time reached.
Starting Line Search ... 

2020-11-07 13:57:42,305 direct_Solver 0/1 INFO :: 
Starting Direct loop ... 

2020-11-07 13:59:41,377 solvers 0/1 INFO :: Simulation stop time reached.
2020-11-07 13:59:42,271 adjoint_Solver 0/1 INFO :: 
Starting Adjoint loop ... 

2020-11-07 14:02:04,185 solvers 0/1 INFO :: Simulation stop time reached.
Starting Line Search ... 

2020-11-07 14:02:04,222 direct_Solver 0/1 INFO :: 
Starting Direct loop ... 

2020-11-07 14:04:03,375 solvers 0/1 INFO :: Simulation stop time reached.
2020-11-07 14:04:04,270 adjoint_Solver 0/1 INFO :: 
Starting Adjoint loop ... 

2020-11-07 14:06:25,933 solvers 0/1 INFO :: Simulation stop time reached.
Starting Line Search ... 

2020-11-07 14:06:25,969 direct_Solver 0/1 INFO :: 
Starting Direct loop ... 

2020-11-07 14:08:25,568 solvers 0/1 INFO :: Simulation stop time reached.
2020-11-07 14:08:26,463 adjoint_Solver 0/1 INFO :: 
Starting Adjoint loop ... 

2020-11-07 14:10:48,357 solvers 0/1 INFO :: Simulation stop time reached.
Starting Line Search ... 

2020-11-07 14:10:48,392 direct_Solver 0/1 INFO :: 
Starting Direct loop ... 

2020-11-07 14:12:47,992 solvers 0/1 INFO :: Simulation stop time reached.
2020-11-07 14:12:48,888 adjoint_Solver 0/1 INFO :: 
Starting Adjoint loop ... 

2020-11-07 14:15:10,882 solvers 0/1 INFO :: Simulation stop time reached.
Starting Line Search ... 

2020-11-07 14:15:10,918 direct_Solver 0/1 INFO :: 
Starting Direct loop ... 

2020-11-07 14:17:10,293 solvers 0/1 INFO :: Simulation stop time reached.
2020-11-07 14:17:11,186 adjoint_Solver 0/1 INFO :: 
Starting Adjoint loop ... 

2020-11-07 14:19:33,205 solvers 0/1 INFO :: Simulation stop time reached.
Starting Line Search ... 

2020-11-07 14:19:33,241 direct_Solver 0/1 INFO :: 
Starting Direct loop ... 

2020-11-07 14:21:32,314 solvers 0/1 INFO :: Simulation stop time reached.
2020-11-07 14:21:33,210 adjoint_Solver 0/1 INFO :: 
Starting Adjoint loop ... 

2020-11-07 14:23:55,222 solvers 0/1 INFO :: Simulation stop time reached.
Starting Line Search ... 

2020-11-07 14:23:55,258 direct_Solver 0/1 INFO :: 
Starting Direct loop ... 

2020-11-07 14:25:54,125 solvers 0/1 INFO :: Simulation stop time reached.
2020-11-07 14:25:55,019 adjoint_Solver 0/1 INFO :: 
Starting Adjoint loop ... 

2020-11-07 14:28:15,829 solvers 0/1 INFO :: Simulation stop time reached.
Starting Line Search ... 

2020-11-07 14:28:15,864 direct_Solver 0/1 INFO :: 
Starting Direct loop ... 

2020-11-07 14:30:14,976 solvers 0/1 INFO :: Simulation stop time reached.
2020-11-07 14:30:15,871 adjoint_Solver 0/1 INFO :: 
Starting Adjoint loop ... 

2020-11-07 14:32:37,718 solvers 0/1 INFO :: Simulation stop time reached.
Starting Line Search ... 

2020-11-07 14:32:37,754 direct_Solver 0/1 INFO :: 
Starting Direct loop ... 

2020-11-07 14:34:36,948 solvers 0/1 INFO :: Simulation stop time reached.
2020-11-07 14:34:37,844 adjoint_Solver 0/1 INFO :: 
Starting Adjoint loop ... 

2020-11-07 14:36:59,331 solvers 0/1 INFO :: Simulation stop time reached.
Starting Line Search ... 

2020-11-07 14:36:59,367 direct_Solver 0/1 INFO :: 
Starting Direct loop ... 

2020-11-07 14:38:58,568 solvers 0/1 INFO :: Simulation stop time reached.
2020-11-07 14:38:59,463 adjoint_Solver 0/1 INFO :: 
Starting Adjoint loop ... 

2020-11-07 14:41:21,308 solvers 0/1 INFO :: Simulation stop time reached.
Line search from  0.011837008380616283  to  4.583751450135567  ... 

2020-11-07 14:41:21,346 direct_Solver 0/1 INFO :: 
Starting Direct loop ... 

2020-11-07 14:43:20,449 solvers 0/1 INFO :: Simulation stop time reached.
2020-11-07 14:43:21,345 adjoint_Solver 0/1 INFO :: 
Starting Adjoint loop ... 

2020-11-07 14:45:42,699 solvers 0/1 INFO :: Simulation stop time reached.
Line search interpolation unsuccessful ... 

2020-11-07 14:45:42,735 direct_Solver 0/1 INFO :: 
Starting Direct loop ... 

2020-11-07 14:47:41,537 solvers 0/1 INFO :: Simulation stop time reached.
2020-11-07 14:47:42,434 adjoint_Solver 0/1 INFO :: 
Starting Adjoint loop ... 

2020-11-07 14:50:04,746 solvers 0/1 INFO :: Simulation stop time reached.
After  25  loops: Residual =  374.02800957713237 | Normalized Residual =  0.5690431440955203  ... 

Starting Loop  26  ... 

2020-11-07 14:50:04,787 direct_Solver 0/1 INFO :: 
Starting Direct loop ... 

2020-11-07 14:52:04,272 solvers 0/1 INFO :: Simulation stop time reached.
2020-11-07 14:52:05,166 adjoint_Solver 0/1 INFO :: 
Starting Adjoint loop ... 

2020-11-07 14:54:26,774 solvers 0/1 INFO :: Simulation stop time reached.
Starting Line Search ... 

2020-11-07 14:54:26,810 direct_Solver 0/1 INFO :: 
Starting Direct loop ... 

2020-11-07 14:56:26,262 solvers 0/1 INFO :: Simulation stop time reached.
2020-11-07 14:56:27,163 adjoint_Solver 0/1 INFO :: 
Starting Adjoint loop ... 

2020-11-07 14:58:49,090 solvers 0/1 INFO :: Simulation stop time reached.
Starting Line Search ... 

2020-11-07 14:58:49,126 direct_Solver 0/1 INFO :: 
Starting Direct loop ... 

2020-11-07 15:00:48,235 solvers 0/1 INFO :: Simulation stop time reached.
2020-11-07 15:00:49,131 adjoint_Solver 0/1 INFO :: 
Starting Adjoint loop ... 

2020-11-07 15:03:10,505 solvers 0/1 INFO :: Simulation stop time reached.
Starting Line Search ... 

2020-11-07 15:03:10,541 direct_Solver 0/1 INFO :: 
Starting Direct loop ... 

2020-11-07 15:05:09,559 solvers 0/1 INFO :: Simulation stop time reached.
2020-11-07 15:05:10,455 adjoint_Solver 0/1 INFO :: 
Starting Adjoint loop ... 

2020-11-07 15:07:32,565 solvers 0/1 INFO :: Simulation stop time reached.
Starting Line Search ... 

2020-11-07 15:07:32,602 direct_Solver 0/1 INFO :: 
Starting Direct loop ... 

2020-11-07 15:09:31,942 solvers 0/1 INFO :: Simulation stop time reached.
2020-11-07 15:09:32,836 adjoint_Solver 0/1 INFO :: 
Starting Adjoint loop ... 

2020-11-07 15:11:54,680 solvers 0/1 INFO :: Simulation stop time reached.
Starting Line Search ... 

2020-11-07 15:11:54,715 direct_Solver 0/1 INFO :: 
Starting Direct loop ... 

2020-11-07 15:13:53,165 solvers 0/1 INFO :: Simulation stop time reached.
2020-11-07 15:13:54,062 adjoint_Solver 0/1 INFO :: 
Starting Adjoint loop ... 

2020-11-07 15:16:16,005 solvers 0/1 INFO :: Simulation stop time reached.
Line search from  0.014967375294050617  to  0.31104076782948936  ... 

2020-11-07 15:16:16,041 direct_Solver 0/1 INFO :: 
Starting Direct loop ... 

2020-11-07 15:18:15,700 solvers 0/1 INFO :: Simulation stop time reached.
2020-11-07 15:18:16,592 adjoint_Solver 0/1 INFO :: 
Starting Adjoint loop ... 

2020-11-07 15:20:38,434 solvers 0/1 INFO :: Simulation stop time reached.
Line search interpolation successful ... 

After  32  loops: Residual =  97.21201936400966 | Normalized Residual =  0.36067881125140133  ... 

Starting Loop  33  ... 

2020-11-07 15:20:38,474 direct_Solver 0/1 INFO :: 
Starting Direct loop ... 

2020-11-07 15:22:37,910 solvers 0/1 INFO :: Simulation stop time reached.
2020-11-07 15:22:38,806 adjoint_Solver 0/1 INFO :: 
Starting Adjoint loop ... 

2020-11-07 15:25:01,178 solvers 0/1 INFO :: Simulation stop time reached.
Starting Line Search ... 

2020-11-07 15:25:01,214 direct_Solver 0/1 INFO :: 
Starting Direct loop ... 

2020-11-07 15:27:00,797 solvers 0/1 INFO :: Simulation stop time reached.
2020-11-07 15:27:01,691 adjoint_Solver 0/1 INFO :: 
Starting Adjoint loop ... 

2020-11-07 15:29:23,544 solvers 0/1 INFO :: Simulation stop time reached.
Starting Line Search ... 

2020-11-07 15:29:23,580 direct_Solver 0/1 INFO :: 
Starting Direct loop ... 

2020-11-07 15:31:22,725 solvers 0/1 INFO :: Simulation stop time reached.
2020-11-07 15:31:23,623 adjoint_Solver 0/1 INFO :: 
Starting Adjoint loop ... 

2020-11-07 15:33:45,720 solvers 0/1 INFO :: Simulation stop time reached.
Line search from  0.02935876137479462  to  0.13945411653027445  ... 

2020-11-07 15:33:45,757 direct_Solver 0/1 INFO :: 
Starting Direct loop ... 

2020-11-07 15:35:45,626 solvers 0/1 INFO :: Simulation stop time reached.
2020-11-07 15:35:46,521 adjoint_Solver 0/1 INFO :: 
Starting Adjoint loop ... 

2020-11-07 15:38:07,577 solvers 0/1 INFO :: Simulation stop time reached.
Line search interpolation unsuccessful ... 

2020-11-07 15:38:07,612 direct_Solver 0/1 INFO :: 
Starting Direct loop ... 

2020-11-07 15:40:06,821 solvers 0/1 INFO :: Simulation stop time reached.
2020-11-07 15:40:07,717 adjoint_Solver 0/1 INFO :: 
Starting Adjoint loop ... 

2020-11-07 15:42:29,090 solvers 0/1 INFO :: Simulation stop time reached.
After  37  loops: Residual =  59.5115867688837 | Normalized Residual =  0.24234920817400266  ... 

Starting Loop  38  ... 

2020-11-07 15:42:29,133 direct_Solver 0/1 INFO :: 
Starting Direct loop ... 

2020-11-07 15:44:28,426 solvers 0/1 INFO :: Simulation stop time reached.
2020-11-07 15:44:29,322 adjoint_Solver 0/1 INFO :: 
Starting Adjoint loop ... 

2020-11-07 15:46:50,177 solvers 0/1 INFO :: Simulation stop time reached.
Starting Line Search ... 

2020-11-07 15:46:50,213 direct_Solver 0/1 INFO :: 
Starting Direct loop ... 

2020-11-07 15:48:49,064 solvers 0/1 INFO :: Simulation stop time reached.
2020-11-07 15:48:49,960 adjoint_Solver 0/1 INFO :: 
Starting Adjoint loop ... 

2020-11-07 15:51:11,862 solvers 0/1 INFO :: Simulation stop time reached.
Starting Line Search ... 

2020-11-07 15:51:11,900 direct_Solver 0/1 INFO :: 
Starting Direct loop ... 

2020-11-07 15:53:11,864 solvers 0/1 INFO :: Simulation stop time reached.
2020-11-07 15:53:12,759 adjoint_Solver 0/1 INFO :: 
Starting Adjoint loop ... 

2020-11-07 15:55:35,140 solvers 0/1 INFO :: Simulation stop time reached.
Starting Line Search ... 

2020-11-07 15:55:35,176 direct_Solver 0/1 INFO :: 
Starting Direct loop ... 

2020-11-07 15:57:35,342 solvers 0/1 INFO :: Simulation stop time reached.
2020-11-07 15:57:36,239 adjoint_Solver 0/1 INFO :: 
Starting Adjoint loop ... 

2020-11-07 15:59:58,752 solvers 0/1 INFO :: Simulation stop time reached.
Line search from  0.03752294755655664  to  0.30487394889702274  ... 

2020-11-07 15:59:58,788 direct_Solver 0/1 INFO :: 
Starting Direct loop ... 

2020-11-07 16:01:58,922 solvers 0/1 INFO :: Simulation stop time reached.
2020-11-07 16:01:59,818 adjoint_Solver 0/1 INFO :: 
Starting Adjoint loop ... 

2020-11-07 16:04:22,257 solvers 0/1 INFO :: Simulation stop time reached.
Line search interpolation unsuccessful ... 

2020-11-07 16:04:22,293 direct_Solver 0/1 INFO :: 
Starting Direct loop ... 

2020-11-07 16:06:22,564 solvers 0/1 INFO :: Simulation stop time reached.
2020-11-07 16:06:23,462 adjoint_Solver 0/1 INFO :: 
Starting Adjoint loop ... 

2020-11-07 16:08:46,108 solvers 0/1 INFO :: Simulation stop time reached.
After  43  loops: Residual =  51.5074793037072 | Normalized Residual =  0.16870767226851474  ... 

Starting Loop  44  ... 

2020-11-07 16:08:46,154 direct_Solver 0/1 INFO :: 
Starting Direct loop ... 

2020-11-07 16:10:46,120 solvers 0/1 INFO :: Simulation stop time reached.
2020-11-07 16:10:47,016 adjoint_Solver 0/1 INFO :: 
Starting Adjoint loop ... 

2020-11-07 16:13:09,191 solvers 0/1 INFO :: Simulation stop time reached.
Starting Line Search ... 

2020-11-07 16:13:09,229 direct_Solver 0/1 INFO :: 
Starting Direct loop ... 

2020-11-07 16:15:09,061 solvers 0/1 INFO :: Simulation stop time reached.
2020-11-07 16:15:09,962 adjoint_Solver 0/1 INFO :: 
Starting Adjoint loop ... 

2020-11-07 16:17:32,769 solvers 0/1 INFO :: Simulation stop time reached.
Starting Line Search ... 

2020-11-07 16:17:32,805 direct_Solver 0/1 INFO :: 
Starting Direct loop ... 

2020-11-07 16:19:33,045 solvers 0/1 INFO :: Simulation stop time reached.
2020-11-07 16:19:33,941 adjoint_Solver 0/1 INFO :: 
Starting Adjoint loop ... 

2020-11-07 16:21:56,125 solvers 0/1 INFO :: Simulation stop time reached.
Starting Line Search ... 

2020-11-07 16:21:56,161 direct_Solver 0/1 INFO :: 
Starting Direct loop ... 

2020-11-07 16:23:56,590 solvers 0/1 INFO :: Simulation stop time reached.
2020-11-07 16:23:57,489 adjoint_Solver 0/1 INFO :: 
Starting Adjoint loop ... 

2020-11-07 16:26:20,128 solvers 0/1 INFO :: Simulation stop time reached.
Starting Line Search ... 

2020-11-07 16:26:20,164 direct_Solver 0/1 INFO :: 
Starting Direct loop ... 

2020-11-07 16:28:20,213 solvers 0/1 INFO :: Simulation stop time reached.
2020-11-07 16:28:21,109 adjoint_Solver 0/1 INFO :: 
Starting Adjoint loop ... 

2020-11-07 16:30:43,280 solvers 0/1 INFO :: Simulation stop time reached.
Line search from  0.040333189148949254  to  0.5318939319017683  ... 

2020-11-07 16:30:43,317 direct_Solver 0/1 INFO :: 
Starting Direct loop ... 

2020-11-07 16:32:43,850 solvers 0/1 INFO :: Simulation stop time reached.
2020-11-07 16:32:44,746 adjoint_Solver 0/1 INFO :: 
Starting Adjoint loop ... 

2020-11-07 16:35:07,426 solvers 0/1 INFO :: Simulation stop time reached.
Line search interpolation successful ... 

After  49  loops: Residual =  76.08566853660949 | Normalized Residual =  0.2154105663435374  ... 

Starting Loop  50  ... 

2020-11-07 16:35:07,462 direct_Solver 0/1 INFO :: 
Starting Direct loop ... 

2020-11-07 16:37:07,129 solvers 0/1 INFO :: Simulation stop time reached.
2020-11-07 16:37:08,033 adjoint_Solver 0/1 INFO :: 
Starting Adjoint loop ... 

2020-11-07 16:39:30,399 solvers 0/1 INFO :: Simulation stop time reached.
Starting Line Search ... 

2020-11-07 16:39:30,435 direct_Solver 0/1 INFO :: 
Starting Direct loop ... 

2020-11-07 16:41:29,814 solvers 0/1 INFO :: Simulation stop time reached.
2020-11-07 16:41:30,713 adjoint_Solver 0/1 INFO :: 
Starting Adjoint loop ... 

2020-11-07 16:43:52,629 solvers 0/1 INFO :: Simulation stop time reached.
Starting Line Search ... 

2020-11-07 16:43:52,665 direct_Solver 0/1 INFO :: 
Starting Direct loop ... 

2020-11-07 16:45:51,244 solvers 0/1 INFO :: Simulation stop time reached.
2020-11-07 16:45:52,139 adjoint_Solver 0/1 INFO :: 
Starting Adjoint loop ... 

2020-11-07 16:48:13,806 solvers 0/1 INFO :: Simulation stop time reached.
Starting Line Search ... 

2020-11-07 16:48:13,842 direct_Solver 0/1 INFO :: 
Starting Direct loop ... 

2020-11-07 16:50:12,435 solvers 0/1 INFO :: Simulation stop time reached.
2020-11-07 16:50:13,331 adjoint_Solver 0/1 INFO :: 
Starting Adjoint loop ... 

2020-11-07 16:52:35,270 solvers 0/1 INFO :: Simulation stop time reached.
Starting Line Search ... 

2020-11-07 16:52:35,306 direct_Solver 0/1 INFO :: 
Starting Direct loop ... 

2020-11-07 16:54:34,727 solvers 0/1 INFO :: Simulation stop time reached.
2020-11-07 16:54:35,622 adjoint_Solver 0/1 INFO :: 
Starting Adjoint loop ... 

2020-11-07 16:56:57,607 solvers 0/1 INFO :: Simulation stop time reached.
Line search from  0.03318534071699581  to  0.4376316807053823  ... 

2020-11-07 16:56:57,643 direct_Solver 0/1 INFO :: 
Starting Direct loop ... 

2020-11-07 16:58:56,667 solvers 0/1 INFO :: Simulation stop time reached.
2020-11-07 16:58:57,564 adjoint_Solver 0/1 INFO :: 
Starting Adjoint loop ... 

2020-11-07 17:01:19,651 solvers 0/1 INFO :: Simulation stop time reached.
Line search interpolation unsuccessful ... 

2020-11-07 17:01:19,687 direct_Solver 0/1 INFO :: 
Starting Direct loop ... 

2020-11-07 17:03:18,969 solvers 0/1 INFO :: Simulation stop time reached.
2020-11-07 17:03:19,866 adjoint_Solver 0/1 INFO :: 
Starting Adjoint loop ... 

2020-11-07 17:05:41,785 solvers 0/1 INFO :: Simulation stop time reached.
After  56  loops: Residual =  53.31947273686845 | Normalized Residual =  0.15121744283133734  ... 

Starting Loop  57  ... 

2020-11-07 17:05:41,841 direct_Solver 0/1 INFO :: 
Starting Direct loop ... 

2020-11-07 17:07:41,203 solvers 0/1 INFO :: Simulation stop time reached.
2020-11-07 17:07:42,099 adjoint_Solver 0/1 INFO :: 
Starting Adjoint loop ... 

2020-11-07 17:10:04,324 solvers 0/1 INFO :: Simulation stop time reached.
Starting Line Search ... 

2020-11-07 17:10:04,360 direct_Solver 0/1 INFO :: 
Starting Direct loop ... 

2020-11-07 17:12:03,911 solvers 0/1 INFO :: Simulation stop time reached.
2020-11-07 17:12:04,807 adjoint_Solver 0/1 INFO :: 
Starting Adjoint loop ... 

2020-11-07 17:14:25,220 solvers 0/1 INFO :: Simulation stop time reached.
Starting Line Search ... 

2020-11-07 17:14:25,254 direct_Solver 0/1 INFO :: 
Starting Direct loop ... 

2020-11-07 17:16:20,453 solvers 0/1 INFO :: Simulation stop time reached.
2020-11-07 17:16:21,355 adjoint_Solver 0/1 INFO :: 
Starting Adjoint loop ... 

2020-11-07 17:18:40,106 solvers 0/1 INFO :: Simulation stop time reached.
Line search from  0.03964192982126286  to  0.1882991666509986  ... 

2020-11-07 17:18:40,142 direct_Solver 0/1 INFO :: 
Starting Direct loop ... 

2020-11-07 17:20:31,353 solvers 0/1 INFO :: Simulation stop time reached.
2020-11-07 17:20:32,225 adjoint_Solver 0/1 INFO :: 
Starting Adjoint loop ... 

2020-11-07 17:22:43,791 solvers 0/1 INFO :: Simulation stop time reached.
Line search interpolation unsuccessful ... 

2020-11-07 17:22:43,824 direct_Solver 0/1 INFO :: 
Starting Direct loop ... 

2020-11-07 17:24:35,379 solvers 0/1 INFO :: Simulation stop time reached.
2020-11-07 17:24:36,254 adjoint_Solver 0/1 INFO :: 
Starting Adjoint loop ... 

2020-11-07 17:26:50,014 solvers 0/1 INFO :: Simulation stop time reached.
After  61  loops: Residual =  22.392146500449783 | Normalized Residual =  0.08255819170773017  ... 

Starting Loop  62  ... 

2020-11-07 17:26:50,053 direct_Solver 0/1 INFO :: 
Starting Direct loop ... 

2020-11-07 17:28:39,872 solvers 0/1 INFO :: Simulation stop time reached.
2020-11-07 17:28:40,735 adjoint_Solver 0/1 INFO :: 
Starting Adjoint loop ... 

2020-11-07 17:30:51,310 solvers 0/1 INFO :: Simulation stop time reached.
First line search failed ... reducing step size from  0.06117160112407417  to  0.030585800562037083  ... 

After  62  loops: Residual =  13.922712772826792 | Normalized Residual =  0.05294108297649926  ... 

Starting Loop  63  ... 

2020-11-07 17:30:51,348 direct_Solver 0/1 INFO :: 
Starting Direct loop ... 

2020-11-07 17:32:41,267 solvers 0/1 INFO :: Simulation stop time reached.
2020-11-07 17:32:42,131 adjoint_Solver 0/1 INFO :: 
Starting Adjoint loop ... 

2020-11-07 17:34:53,244 solvers 0/1 INFO :: Simulation stop time reached.
First line search failed ... reducing step size from  0.03058580056203709  to  0.015292900281018545  ... 

After  63  loops: Residual =  20.033751569139763 | Normalized Residual =  0.0730858126074375  ... 

Starting Loop  64  ... 

2020-11-07 17:34:53,278 direct_Solver 0/1 INFO :: 
Starting Direct loop ... 

2020-11-07 17:36:41,347 solvers 0/1 INFO :: Simulation stop time reached.
2020-11-07 17:36:42,203 adjoint_Solver 0/1 INFO :: 
Starting Adjoint loop ... 

2020-11-07 17:38:48,889 solvers 0/1 INFO :: Simulation stop time reached.
First line search failed ... reducing step size from  0.0153169487696115  to  0.00765847438480575  ... 

After  64  loops: Residual =  28.398968586800265 | Normalized Residual =  0.09982491851367097  ... 

Starting Loop  65  ... 

2020-11-07 17:38:48,923 direct_Solver 0/1 INFO :: 
Starting Direct loop ... 

2020-11-07 17:40:35,103 solvers 0/1 INFO :: Simulation stop time reached.
2020-11-07 17:40:35,945 adjoint_Solver 0/1 INFO :: 
Starting Adjoint loop ... 

2020-11-07 17:42:42,930 solvers 0/1 INFO :: Simulation stop time reached.
First line search failed ... reducing step size from  0.007662046757817817  to  0.0038310233789089084  ... 

After  65  loops: Residual =  34.01276710738816 | Normalized Residual =  0.11689147178040833  ... 

Starting Loop  66  ... 

2020-11-07 17:42:42,963 direct_Solver 0/1 INFO :: 
Starting Direct loop ... 

2020-11-07 17:44:29,391 solvers 0/1 INFO :: Simulation stop time reached.
2020-11-07 17:44:30,233 adjoint_Solver 0/1 INFO :: 
Starting Adjoint loop ... 

2020-11-07 17:46:37,034 solvers 0/1 INFO :: Simulation stop time reached.
First line search failed ... reducing step size from  0.0038314723999972045  to  0.0019157361999986022  ... 

After  66  loops: Residual =  37.18626470551632 | Normalized Residual =  0.12624501229973847  ... 

Starting Loop  67  ... 

2020-11-07 17:46:37,067 direct_Solver 0/1 INFO :: 
Starting Direct loop ... 

2020-11-07 17:48:23,706 solvers 0/1 INFO :: Simulation stop time reached.
2020-11-07 17:48:24,564 adjoint_Solver 0/1 INFO :: 
Starting Adjoint loop ... 

2020-11-07 17:50:31,766 solvers 0/1 INFO :: Simulation stop time reached.
First line search failed ... reducing step size from  0.0019157924217192174  to  0.0009578962108596087  ... 

After  67  loops: Residual =  38.86548094574549 | Normalized Residual =  0.13111174803770945  ... 

Starting Loop  68  ... 

2020-11-07 17:50:31,799 direct_Solver 0/1 INFO :: 
Starting Direct loop ... 

2020-11-07 17:52:17,402 solvers 0/1 INFO :: Simulation stop time reached.
2020-11-07 17:52:18,243 adjoint_Solver 0/1 INFO :: 
Starting Adjoint loop ... 

2020-11-07 17:54:23,536 solvers 0/1 INFO :: Simulation stop time reached.
First line search failed ... reducing step size from  0.000957903241534707  to  0.0004789516207673535  ... 

After  68  loops: Residual =  39.72829007814515 | Normalized Residual =  0.1335906181528235  ... 

Starting Loop  69  ... 

2020-11-07 17:54:23,570 direct_Solver 0/1 INFO :: 
Starting Direct loop ... 

2020-11-07 17:56:07,614 solvers 0/1 INFO :: Simulation stop time reached.
2020-11-07 17:56:08,450 adjoint_Solver 0/1 INFO :: 
Starting Adjoint loop ... 

2020-11-07 17:58:10,146 solvers 0/1 INFO :: Simulation stop time reached.
First line search failed ... reducing step size from  0.00047895249969442775  to  0.00023947624984721388  ... 

After  69  loops: Residual =  40.165504277017625 | Normalized Residual =  0.13484117477276195  ... 

Starting Loop  70  ... 

2020-11-07 17:58:10,178 direct_Solver 0/1 INFO :: 
Starting Direct loop ... 

2020-11-07 17:59:50,940 solvers 0/1 INFO :: Simulation stop time reached.
2020-11-07 17:59:51,779 adjoint_Solver 0/1 INFO :: 
Starting Adjoint loop ... 

2020-11-07 18:01:50,994 solvers 0/1 INFO :: Simulation stop time reached.
First line search failed ... reducing step size from  0.0002394763597159961  to  0.00011973817985799805  ... 

After  70  loops: Residual =  40.38556488563188 | Normalized Residual =  0.13546920141980648  ... 

Starting Loop  71  ... 

2020-11-07 18:01:51,026 direct_Solver 0/1 INFO :: 
Starting Direct loop ... 

2020-11-07 18:03:31,739 solvers 0/1 INFO :: Simulation stop time reached.
2020-11-07 18:03:32,568 adjoint_Solver 0/1 INFO :: 
Starting Adjoint loop ... 

2020-11-07 18:05:32,682 solvers 0/1 INFO :: Simulation stop time reached.
First line search failed ... reducing step size from  0.00011973819359168641  to  5.9869096795843204e-05  ... 

After  71  loops: Residual =  40.49595870038905 | Normalized Residual =  0.1357838978029216  ... 

Starting Loop  72  ... 

2020-11-07 18:05:32,714 direct_Solver 0/1 INFO :: 
Starting Direct loop ... 

2020-11-07 18:07:12,922 solvers 0/1 INFO :: Simulation stop time reached.
2020-11-07 18:07:13,751 adjoint_Solver 0/1 INFO :: 
Starting Adjoint loop ... 

2020-11-07 18:09:13,494 solvers 0/1 INFO :: Simulation stop time reached.
First line search failed ... reducing step size from  5.986909851255707e-05  to  2.9934549256278536e-05  ... 

After  72  loops: Residual =  40.55124650173785 | Normalized Residual =  0.135941416255202  ... 

Starting Loop  73  ... 

2020-11-07 18:09:13,526 direct_Solver 0/1 INFO :: 
Starting Direct loop ... 

2020-11-07 18:10:53,226 solvers 0/1 INFO :: Simulation stop time reached.
2020-11-07 18:10:54,053 adjoint_Solver 0/1 INFO :: 
Starting Adjoint loop ... 

2020-11-07 18:12:54,197 solvers 0/1 INFO :: Simulation stop time reached.
First line search failed ... reducing step size from  2.993454947086785e-05  to  1.4967274735433924e-05  ... 

After  73  loops: Residual =  40.57891312793875 | Normalized Residual =  0.13602021798343158  ... 

Starting Loop  74  ... 

2020-11-07 18:12:54,229 direct_Solver 0/1 INFO :: 
Starting Direct loop ... 

2020-11-07 18:14:34,251 solvers 0/1 INFO :: Simulation stop time reached.
2020-11-07 18:14:35,079 adjoint_Solver 0/1 INFO :: 
Starting Adjoint loop ... 

2020-11-07 18:16:35,073 solvers 0/1 INFO :: Simulation stop time reached.
First line search failed ... reducing step size from  1.49672747622576e-05  to  7.4836373811288e-06  ... 

After  74  loops: Residual =  40.59275212267057 | Normalized Residual =  0.13605962946516215  ... 

Starting Loop  75  ... 

2020-11-07 18:16:35,104 direct_Solver 0/1 INFO :: 
Starting Direct loop ... 

2020-11-07 18:18:15,214 solvers 0/1 INFO :: Simulation stop time reached.
2020-11-07 18:18:16,040 adjoint_Solver 0/1 INFO :: 
Starting Adjoint loop ... 

2020-11-07 18:20:16,236 solvers 0/1 INFO :: Simulation stop time reached.
First line search failed ... reducing step size from  7.4836373844817575e-06  to  3.7418186922408788e-06  ... 

After  75  loops: Residual =  40.59967304047774 | Normalized Residual =  0.13607933785945614  ... 

Starting Loop  76  ... 

2020-11-07 18:20:16,268 direct_Solver 0/1 INFO :: 
Starting Direct loop ... 

2020-11-07 18:21:56,218 solvers 0/1 INFO :: Simulation stop time reached.
2020-11-07 18:21:57,047 adjoint_Solver 0/1 INFO :: 
Starting Adjoint loop ... 

2020-11-07 18:23:57,043 solvers 0/1 INFO :: Simulation stop time reached.
First line search failed ... reducing step size from  3.741818692659998e-06  to  1.870909346329999e-06  ... 

After  76  loops: Residual =  40.603133854494715 | Normalized Residual =  0.1360891927198465  ... 

Starting Loop  77  ... 

2020-11-07 18:23:57,075 direct_Solver 0/1 INFO :: 
Starting Direct loop ... 

2020-11-07 18:25:36,822 solvers 0/1 INFO :: Simulation stop time reached.
2020-11-07 18:25:37,649 adjoint_Solver 0/1 INFO :: 
Starting Adjoint loop ... 

2020-11-07 18:27:37,309 solvers 0/1 INFO :: Simulation stop time reached.
First line search failed ... reducing step size from  1.870909346382389e-06  to  9.354546731911945e-07  ... 

After  77  loops: Residual =  40.60486435028439 | Normalized Residual =  0.13609412031582718  ... 

Starting Loop  78  ... 

2020-11-07 18:27:37,341 direct_Solver 0/1 INFO :: 
Starting Direct loop ... 

2020-11-07 18:29:17,646 solvers 0/1 INFO :: Simulation stop time reached.
2020-11-07 18:29:18,472 adjoint_Solver 0/1 INFO :: 
Starting Adjoint loop ... 

2020-11-07 18:31:17,962 solvers 0/1 INFO :: Simulation stop time reached.
First line search failed ... reducing step size from  9.35454673197743e-07  to  4.677273365988715e-07  ... 

After  78  loops: Residual =  40.60572962037189 | Normalized Residual =  0.13609658415525783  ... 

Starting Loop  79  ... 

2020-11-07 18:31:17,994 direct_Solver 0/1 INFO :: 
Starting Direct loop ... 

2020-11-07 18:32:58,122 solvers 0/1 INFO :: Simulation stop time reached.
2020-11-07 18:32:58,951 adjoint_Solver 0/1 INFO :: 
Starting Adjoint loop ... 

2020-11-07 18:34:58,779 solvers 0/1 INFO :: Simulation stop time reached.
First line search failed ... reducing step size from  4.677273365996902e-07  to  2.338636682998451e-07  ... 

After  79  loops: Residual =  40.6061622609635 | Normalized Residual =  0.13609781608533633  ... 

Starting Loop  80  ... 

2020-11-07 18:34:58,811 direct_Solver 0/1 INFO :: 
Starting Direct loop ... 

2020-11-07 18:36:39,150 solvers 0/1 INFO :: Simulation stop time reached.
2020-11-07 18:36:39,977 adjoint_Solver 0/1 INFO :: 
Starting Adjoint loop ... 

2020-11-07 18:38:39,672 solvers 0/1 INFO :: Simulation stop time reached.
First line search failed ... reducing step size from  2.338636682999474e-07  to  1.169318341499737e-07  ... 

After  80  loops: Residual =  40.60637858264568 | Normalized Residual =  0.1360984320529722  ... 

Starting Loop  81  ... 

2020-11-07 18:38:39,704 direct_Solver 0/1 INFO :: 
Starting Direct loop ... 

2020-11-07 18:40:19,632 solvers 0/1 INFO :: Simulation stop time reached.
2020-11-07 18:40:20,459 adjoint_Solver 0/1 INFO :: 
Starting Adjoint loop ... 

2020-11-07 18:42:20,976 solvers 0/1 INFO :: Simulation stop time reached.
First line search failed ... reducing step size from  1.1693183414998648e-07  to  5.846591707499324e-08  ... 

After  81  loops: Residual =  40.60648674383558 | Normalized Residual =  0.13609874003743486  ... 

Starting Loop  82  ... 

2020-11-07 18:42:21,008 direct_Solver 0/1 INFO :: 
Starting Direct loop ... 

2020-11-07 18:44:01,015 solvers 0/1 INFO :: Simulation stop time reached.
2020-11-07 18:44:01,844 adjoint_Solver 0/1 INFO :: 
Starting Adjoint loop ... 

2020-11-07 18:46:01,907 solvers 0/1 INFO :: Simulation stop time reached.
First line search failed ... reducing step size from  5.846591707499485e-08  to  2.9232958537497423e-08  ... 

After  82  loops: Residual =  40.60654082452303 | Normalized Residual =  0.13609889402982595  ... 

Starting Loop  83  ... 

2020-11-07 18:46:01,939 direct_Solver 0/1 INFO :: 
Starting Direct loop ... 

2020-11-07 18:47:41,750 solvers 0/1 INFO :: Simulation stop time reached.
2020-11-07 18:47:42,577 adjoint_Solver 0/1 INFO :: 
Starting Adjoint loop ... 

2020-11-07 18:49:42,473 solvers 0/1 INFO :: Simulation stop time reached.
First line search failed ... reducing step size from  2.923295853749762e-08  to  1.461647926874881e-08  ... 

After  83  loops: Residual =  40.606567864877256 | Normalized Residual =  0.13609897102605736  ... 

Starting Loop  84  ... 

2020-11-07 18:49:42,505 direct_Solver 0/1 INFO :: 
Starting Direct loop ... 

2020-11-07 18:51:22,718 solvers 0/1 INFO :: Simulation stop time reached.
2020-11-07 18:51:23,545 adjoint_Solver 0/1 INFO :: 
Starting Adjoint loop ... 

2020-11-07 18:53:23,038 solvers 0/1 INFO :: Simulation stop time reached.
First line search failed ... reducing step size from  1.4616479268748836e-08  to  7.308239634374418e-09  ... 

After  84  loops: Residual =  40.606581385063095 | Normalized Residual =  0.13609900952420012  ... 

Starting Loop  85  ... 

2020-11-07 18:53:23,070 direct_Solver 0/1 INFO :: 
Starting Direct loop ... 

2020-11-07 18:55:02,991 solvers 0/1 INFO :: Simulation stop time reached.
2020-11-07 18:55:03,817 adjoint_Solver 0/1 INFO :: 
Starting Adjoint loop ... 

2020-11-07 18:56:58,149 solvers 0/1 INFO :: Simulation stop time reached.
First line search failed ... reducing step size from  7.308239634374421e-09  to  3.6541198171872106e-09  ... 

After  85  loops: Residual =  40.60658814516412 | Normalized Residual =  0.13609902877326  ... 

Starting Loop  86  ... 

2020-11-07 18:56:58,177 direct_Solver 0/1 INFO :: 
Starting Direct loop ... 

2020-11-07 18:58:27,756 solvers 0/1 INFO :: Simulation stop time reached.
2020-11-07 18:58:28,537 adjoint_Solver 0/1 INFO :: 
Starting Adjoint loop ... 

2020-11-07 19:00:15,816 solvers 0/1 INFO :: Simulation stop time reached.
First line search failed ... reducing step size from  3.6541198171872114e-09  to  1.8270599085936057e-09  ... 

After  86  loops: Residual =  40.60659152520477 | Normalized Residual =  0.13609903839779236  ... 

Starting Loop  87  ... 

2020-11-07 19:00:15,844 direct_Solver 0/1 INFO :: 
Starting Direct loop ... 

2020-11-07 19:01:45,986 solvers 0/1 INFO :: Simulation stop time reached.
2020-11-07 19:01:46,769 adjoint_Solver 0/1 INFO :: 
Starting Adjoint loop ... 

2020-11-07 19:03:34,834 solvers 0/1 INFO :: Simulation stop time reached.
First line search failed ... reducing step size from  1.8270599085936061e-09  to  9.135299542968031e-10  ... 

After  87  loops: Residual =  40.606593215233175 | Normalized Residual =  0.13609904321006078  ... 

Starting Loop  88  ... 

2020-11-07 19:03:34,862 direct_Solver 0/1 INFO :: 
Starting Direct loop ... 

2020-11-07 19:05:04,845 solvers 0/1 INFO :: Simulation stop time reached.
2020-11-07 19:05:05,627 adjoint_Solver 0/1 INFO :: 
Starting Adjoint loop ... 

2020-11-07 19:06:52,679 solvers 0/1 INFO :: Simulation stop time reached.
First line search failed ... reducing step size from  9.135299542968031e-10  to  4.5676497714840153e-10  ... 

After  88  loops: Residual =  40.60659406024599 | Normalized Residual =  0.1360990456161988  ... 

Starting Loop  89  ... 

2020-11-07 19:06:52,707 direct_Solver 0/1 INFO :: 
Starting Direct loop ... 

2020-11-07 19:08:22,746 solvers 0/1 INFO :: Simulation stop time reached.
2020-11-07 19:08:23,529 adjoint_Solver 0/1 INFO :: 
Starting Adjoint loop ... 

2020-11-07 19:10:10,944 solvers 0/1 INFO :: Simulation stop time reached.
First line search failed ... reducing step size from  4.5676497714840143e-10  to  2.2838248857420071e-10  ... 

After  89  loops: Residual =  40.60659448275214 | Normalized Residual =  0.13609904681925833  ... 

Starting Loop  90  ... 

2020-11-07 19:10:10,972 direct_Solver 0/1 INFO :: 
Starting Direct loop ... 

2020-11-07 19:11:40,889 solvers 0/1 INFO :: Simulation stop time reached.
2020-11-07 19:11:41,672 adjoint_Solver 0/1 INFO :: 
Starting Adjoint loop ... 

2020-11-07 19:13:28,708 solvers 0/1 INFO :: Simulation stop time reached.
First line search failed ... reducing step size from  2.2838248857420071e-10  to  1.1419124428710036e-10  ... 

After  90  loops: Residual =  40.60659469400312 | Normalized Residual =  0.13609904742079532  ... 

Starting Loop  91  ... 

2020-11-07 19:13:28,736 direct_Solver 0/1 INFO :: 
Starting Direct loop ... 

2020-11-07 19:14:58,493 solvers 0/1 INFO :: Simulation stop time reached.
2020-11-07 19:14:59,280 adjoint_Solver 0/1 INFO :: 
Starting Adjoint loop ... 

2020-11-07 19:16:46,607 solvers 0/1 INFO :: Simulation stop time reached.
First line search failed ... reducing step size from  1.1419124428710036e-10  to  5.709562214355018e-11  ... 

After  91  loops: Residual =  40.606594799626976 | Normalized Residual =  0.13609904772155862  ... 

Starting Loop  92  ... 

2020-11-07 19:16:46,635 direct_Solver 0/1 INFO :: 
Starting Direct loop ... 

2020-11-07 19:18:16,299 solvers 0/1 INFO :: Simulation stop time reached.
2020-11-07 19:18:17,081 adjoint_Solver 0/1 INFO :: 
Starting Adjoint loop ... 

2020-11-07 19:20:11,131 solvers 0/1 INFO :: Simulation stop time reached.
First line search failed ... reducing step size from  5.709562214355018e-11  to  2.854781107177509e-11  ... 

After  92  loops: Residual =  40.606594852443294 | Normalized Residual =  0.13609904787193922  ... 

Starting Loop  93  ... 

2020-11-07 19:20:11,160 direct_Solver 0/1 INFO :: 
Starting Direct loop ... 

2020-11-07 19:21:54,203 solvers 0/1 INFO :: Simulation stop time reached.
2020-11-07 19:21:55,085 adjoint_Solver 0/1 INFO :: 
Starting Adjoint loop ... 

2020-11-07 19:23:59,757 solvers 0/1 INFO :: Simulation stop time reached.
First line search failed ... reducing step size from  2.854781107177509e-11  to  1.4273905535887545e-11  ... 

After  93  loops: Residual =  40.60659487885321 | Normalized Residual =  0.13609904794713404  ... 

Starting Loop  94  ... 

2020-11-07 19:23:59,788 direct_Solver 0/1 INFO :: 
Starting Direct loop ... 

2020-11-07 19:25:44,187 solvers 0/1 INFO :: Simulation stop time reached.
2020-11-07 19:25:45,067 adjoint_Solver 0/1 INFO :: 
Starting Adjoint loop ... 

2020-11-07 19:27:49,627 solvers 0/1 INFO :: Simulation stop time reached.
First line search failed ... reducing step size from  1.4273905535887545e-11  to  7.136952767943772e-12  ... 

After  94  loops: Residual =  40.60659489205437 | Normalized Residual =  0.13609904798472727  ... 

Starting Loop  95  ... 

2020-11-07 19:27:49,657 direct_Solver 0/1 INFO :: 
Starting Direct loop ... 

2020-11-07 19:29:33,900 solvers 0/1 INFO :: Simulation stop time reached.
2020-11-07 19:29:34,782 adjoint_Solver 0/1 INFO :: 
Starting Adjoint loop ... 

2020-11-07 19:31:39,628 solvers 0/1 INFO :: Simulation stop time reached.
First line search failed ... reducing step size from  7.136952767943772e-12  to  3.568476383971886e-12  ... 

After  95  loops: Residual =  40.606594898654514 | Normalized Residual =  0.1360990480035424  ... 

Starting Loop  96  ... 

2020-11-07 19:31:39,658 direct_Solver 0/1 INFO :: 
Starting Direct loop ... 

2020-11-07 19:33:23,825 solvers 0/1 INFO :: Simulation stop time reached.
2020-11-07 19:33:24,704 adjoint_Solver 0/1 INFO :: 
Starting Adjoint loop ... 

2020-11-07 19:35:29,340 solvers 0/1 INFO :: Simulation stop time reached.
First line search failed ... reducing step size from  3.568476383971886e-12  to  1.784238191985943e-12  ... 

After  96  loops: Residual =  40.60659490195462 | Normalized Residual =  0.13609904801292183  ... 

Starting Loop  97  ... 

2020-11-07 19:35:29,374 direct_Solver 0/1 INFO :: 
Starting Direct loop ... 

2020-11-07 19:37:13,507 solvers 0/1 INFO :: Simulation stop time reached.
2020-11-07 19:37:14,385 adjoint_Solver 0/1 INFO :: 
Starting Adjoint loop ... 

2020-11-07 19:39:19,059 solvers 0/1 INFO :: Simulation stop time reached.
First line search failed ... reducing step size from  1.784238191985943e-12  to  8.921190959929715e-13  ... 

After  97  loops: Residual =  40.60659490360559 | Normalized Residual =  0.13609904801763276  ... 

Starting Loop  98  ... 

2020-11-07 19:39:19,089 direct_Solver 0/1 INFO :: 
Starting Direct loop ... 

2020-11-07 19:41:03,309 solvers 0/1 INFO :: Simulation stop time reached.
2020-11-07 19:41:04,189 adjoint_Solver 0/1 INFO :: 
Starting Adjoint loop ... 

2020-11-07 19:43:08,857 solvers 0/1 INFO :: Simulation stop time reached.
First line search failed ... reducing step size from  8.921190959929713e-13  to  4.4605954799648567e-13  ... 

After  98  loops: Residual =  40.60659490443179 | Normalized Residual =  0.13609904801998451  ... 

Starting Loop  99  ... 

2020-11-07 19:43:08,891 direct_Solver 0/1 INFO :: 
Starting Direct loop ... 

2020-11-07 19:44:53,139 solvers 0/1 INFO :: Simulation stop time reached.
2020-11-07 19:44:54,018 adjoint_Solver 0/1 INFO :: 
Starting Adjoint loop ... 

2020-11-07 19:46:58,895 solvers 0/1 INFO :: Simulation stop time reached.
First line search failed ... reducing step size from  4.4605954799648577e-13  to  2.2302977399824289e-13  ... 

After  99  loops: Residual =  40.606594904840584 | Normalized Residual =  0.13609904802114847  ... 

Starting Loop  100  ... 

2020-11-07 19:46:58,925 direct_Solver 0/1 INFO :: 
Starting Direct loop ... 

2020-11-07 19:48:43,074 solvers 0/1 INFO :: Simulation stop time reached.
2020-11-07 19:48:43,952 adjoint_Solver 0/1 INFO :: 
Starting Adjoint loop ... 

2020-11-07 19:50:48,234 solvers 0/1 INFO :: Simulation stop time reached.
First line search failed ... reducing step size from  2.2302977399824294e-13  to  1.1151488699912147e-13  ... 

After  100  loops: Residual =  40.60659490504902 | Normalized Residual =  0.13609904802174227  ... 

Starting Loop  101  ... 

2020-11-07 19:50:48,264 direct_Solver 0/1 INFO :: 
Starting Direct loop ... 

2020-11-07 19:52:32,407 solvers 0/1 INFO :: Simulation stop time reached.
2020-11-07 19:52:33,286 adjoint_Solver 0/1 INFO :: 
Starting Adjoint loop ... 

2020-11-07 19:54:38,066 solvers 0/1 INFO :: Simulation stop time reached.
First line search failed ... reducing step size from  1.1151488699912144e-13  to  5.575744349956072e-14  ... 

After  101  loops: Residual =  40.60659490515351 | Normalized Residual =  0.13609904802203446  ... 

Starting Loop  102  ... 

2020-11-07 19:54:38,096 direct_Solver 0/1 INFO :: 
Starting Direct loop ... 

