2020-11-07 12:56:06,930 pencil 0/1 INFO :: Building pencil matrix 1/32 (~3%) Elapsed: 0s, Remaining: 1s, Rate: 4.8e+01/s
2020-11-07 12:56:06,993 pencil 0/1 INFO :: Building pencil matrix 4/32 (~12%) Elapsed: 0s, Remaining: 1s, Rate: 4.8e+01/s
2020-11-07 12:56:07,074 pencil 0/1 INFO :: Building pencil matrix 8/32 (~25%) Elapsed: 0s, Remaining: 0s, Rate: 4.9e+01/s
2020-11-07 12:56:07,155 pencil 0/1 INFO :: Building pencil matrix 12/32 (~38%) Elapsed: 0s, Remaining: 0s, Rate: 4.9e+01/s
2020-11-07 12:56:07,237 pencil 0/1 INFO :: Building pencil matrix 16/32 (~50%) Elapsed: 0s, Remaining: 0s, Rate: 4.9e+01/s
2020-11-07 12:56:07,317 pencil 0/1 INFO :: Building pencil matrix 20/32 (~62%) Elapsed: 0s, Remaining: 0s, Rate: 4.9e+01/s
2020-11-07 12:56:07,400 pencil 0/1 INFO :: Building pencil matrix 24/32 (~75%) Elapsed: 0s, Remaining: 0s, Rate: 4.9e+01/s
2020-11-07 12:56:07,480 pencil 0/1 INFO :: Building pencil matrix 28/32 (~88%) Elapsed: 1s, Remaining: 0s, Rate: 4.9e+01/s
2020-11-07 12:56:07,561 pencil 0/1 INFO :: Building pencil matrix 32/32 (~100%) Elapsed: 1s, Remaining: 0s, Rate: 4.9e+01/s
2020-11-07 12:56:07,596 pencil 0/1 INFO :: Building pencil matrix 1/32 (~3%) Elapsed: 0s, Remaining: 1s, Rate: 4.8e+01/s
2020-11-07 12:56:07,658 pencil 0/1 INFO :: Building pencil matrix 4/32 (~12%) Elapsed: 0s, Remaining: 1s, Rate: 4.8e+01/s
2020-11-07 12:56:07,741 pencil 0/1 INFO :: Building pencil matrix 8/32 (~25%) Elapsed: 0s, Remaining: 0s, Rate: 4.8e+01/s
2020-11-07 12:56:07,824 pencil 0/1 INFO :: Building pencil matrix 12/32 (~38%) Elapsed: 0s, Remaining: 0s, Rate: 4.8e+01/s
2020-11-07 12:56:07,908 pencil 0/1 INFO :: Building pencil matrix 16/32 (~50%) Elapsed: 0s, Remaining: 0s, Rate: 4.8e+01/s
2020-11-07 12:56:07,992 pencil 0/1 INFO :: Building pencil matrix 20/32 (~62%) Elapsed: 0s, Remaining: 0s, Rate: 4.8e+01/s
2020-11-07 12:56:08,076 pencil 0/1 INFO :: Building pencil matrix 24/32 (~75%) Elapsed: 1s, Remaining: 0s, Rate: 4.8e+01/s
2020-11-07 12:56:08,160 pencil 0/1 INFO :: Building pencil matrix 28/32 (~88%) Elapsed: 1s, Remaining: 0s, Rate: 4.8e+01/s
2020-11-07 12:56:08,243 pencil 0/1 INFO :: Building pencil matrix 32/32 (~100%) Elapsed: 1s, Remaining: 0s, Rate: 4.8e+01/s


=====Optimization Algorithm Parameters=====


(s, T, Re) = ( 1.0 ,  7.0 ,  50.0 )

K       =  1.5
r       =  0.5
e0init  =  0.1
LS      =  1
LSI     =  1
proj    =  1
method  =  rot
dmethod =  conj
powit   =  0
N       =  200
start   =  rand
sstr    =  1


===========================================

Starting from Random IC ... 

2020-11-07 12:56:08,289 direct_Solver 0/1 INFO :: 
Starting Direct loop ... 

2020-11-07 12:57:37,125 solvers 0/1 INFO :: Simulation stop time reached.
2020-11-07 12:57:38,000 adjoint_Solver 0/1 INFO :: 
Starting Adjoint loop ... 

2020-11-07 12:59:32,000 solvers 0/1 INFO :: Simulation stop time reached.
Starting Loop  1  ... 

2020-11-07 12:59:32,039 direct_Solver 0/1 INFO :: 
Starting Direct loop ... 

2020-11-07 13:00:56,257 solvers 0/1 INFO :: Simulation stop time reached.
2020-11-07 13:00:57,145 adjoint_Solver 0/1 INFO :: 
Starting Adjoint loop ... 

2020-11-07 13:02:37,135 solvers 0/1 INFO :: Simulation stop time reached.
Starting Line Search ... 

2020-11-07 13:02:37,170 direct_Solver 0/1 INFO :: 
Starting Direct loop ... 

2020-11-07 13:03:59,254 solvers 0/1 INFO :: Simulation stop time reached.
2020-11-07 13:04:00,142 adjoint_Solver 0/1 INFO :: 
Starting Adjoint loop ... 

2020-11-07 13:05:38,100 solvers 0/1 INFO :: Simulation stop time reached.
Starting Line Search ... 

2020-11-07 13:05:38,135 direct_Solver 0/1 INFO :: 
Starting Direct loop ... 

2020-11-07 13:06:59,746 solvers 0/1 INFO :: Simulation stop time reached.
2020-11-07 13:07:00,637 adjoint_Solver 0/1 INFO :: 
Starting Adjoint loop ... 

2020-11-07 13:08:38,961 solvers 0/1 INFO :: Simulation stop time reached.
Starting Line Search ... 

2020-11-07 13:08:38,996 direct_Solver 0/1 INFO :: 
Starting Direct loop ... 

2020-11-07 13:10:01,036 solvers 0/1 INFO :: Simulation stop time reached.
2020-11-07 13:10:01,924 adjoint_Solver 0/1 INFO :: 
Starting Adjoint loop ... 

2020-11-07 13:11:40,523 solvers 0/1 INFO :: Simulation stop time reached.
Starting Line Search ... 

2020-11-07 13:11:40,559 direct_Solver 0/1 INFO :: 
Starting Direct loop ... 

2020-11-07 13:13:02,945 solvers 0/1 INFO :: Simulation stop time reached.
2020-11-07 13:13:03,832 adjoint_Solver 0/1 INFO :: 
Starting Adjoint loop ... 

2020-11-07 13:14:42,637 solvers 0/1 INFO :: Simulation stop time reached.
Starting Line Search ... 

2020-11-07 13:14:42,672 direct_Solver 0/1 INFO :: 
Starting Direct loop ... 

2020-11-07 13:16:04,705 solvers 0/1 INFO :: Simulation stop time reached.
2020-11-07 13:16:05,591 adjoint_Solver 0/1 INFO :: 
Starting Adjoint loop ... 

2020-11-07 13:17:43,534 solvers 0/1 INFO :: Simulation stop time reached.
Starting Line Search ... 

2020-11-07 13:17:43,570 direct_Solver 0/1 INFO :: 
Starting Direct loop ... 

2020-11-07 13:19:06,120 solvers 0/1 INFO :: Simulation stop time reached.
2020-11-07 13:19:07,009 adjoint_Solver 0/1 INFO :: 
Starting Adjoint loop ... 

2020-11-07 13:20:45,706 solvers 0/1 INFO :: Simulation stop time reached.
Starting Line Search ... 

2020-11-07 13:20:45,741 direct_Solver 0/1 INFO :: 
Starting Direct loop ... 

2020-11-07 13:22:08,249 solvers 0/1 INFO :: Simulation stop time reached.
2020-11-07 13:22:09,138 adjoint_Solver 0/1 INFO :: 
Starting Adjoint loop ... 

2020-11-07 13:23:47,651 solvers 0/1 INFO :: Simulation stop time reached.
Line search from  0.1  to  4.92578125  ... 

2020-11-07 13:23:47,687 direct_Solver 0/1 INFO :: 
Starting Direct loop ... 

2020-11-07 13:25:10,349 solvers 0/1 INFO :: Simulation stop time reached.
2020-11-07 13:25:11,239 adjoint_Solver 0/1 INFO :: 
Starting Adjoint loop ... 

2020-11-07 13:26:49,679 solvers 0/1 INFO :: Simulation stop time reached.
Line search interpolation unsuccessful ... 

2020-11-07 13:26:49,714 direct_Solver 0/1 INFO :: 
Starting Direct loop ... 

2020-11-07 13:28:12,404 solvers 0/1 INFO :: Simulation stop time reached.
2020-11-07 13:28:13,292 adjoint_Solver 0/1 INFO :: 
Starting Adjoint loop ... 

2020-11-07 13:29:51,369 solvers 0/1 INFO :: Simulation stop time reached.
After  10  loops: Residual =  575.5935506584877 | Normalized Residual =  0.5030856750017825  ... 

Starting Loop  11  ... 

2020-11-07 13:29:51,414 direct_Solver 0/1 INFO :: 
Starting Direct loop ... 

2020-11-07 13:31:13,479 solvers 0/1 INFO :: Simulation stop time reached.
2020-11-07 13:31:14,367 adjoint_Solver 0/1 INFO :: 
Starting Adjoint loop ... 

2020-11-07 13:32:53,277 solvers 0/1 INFO :: Simulation stop time reached.
Starting Line Search ... 

2020-11-07 13:32:53,312 direct_Solver 0/1 INFO :: 
Starting Direct loop ... 

2020-11-07 13:34:15,463 solvers 0/1 INFO :: Simulation stop time reached.
2020-11-07 13:34:16,350 adjoint_Solver 0/1 INFO :: 
Starting Adjoint loop ... 

2020-11-07 13:35:54,318 solvers 0/1 INFO :: Simulation stop time reached.
Starting Line Search ... 

2020-11-07 13:35:54,353 direct_Solver 0/1 INFO :: 
Starting Direct loop ... 

2020-11-07 13:37:17,059 solvers 0/1 INFO :: Simulation stop time reached.
2020-11-07 13:37:17,949 adjoint_Solver 0/1 INFO :: 
Starting Adjoint loop ... 

2020-11-07 13:38:57,244 solvers 0/1 INFO :: Simulation stop time reached.
Starting Line Search ... 

2020-11-07 13:38:57,280 direct_Solver 0/1 INFO :: 
Starting Direct loop ... 

2020-11-07 13:40:20,313 solvers 0/1 INFO :: Simulation stop time reached.
2020-11-07 13:40:21,202 adjoint_Solver 0/1 INFO :: 
Starting Adjoint loop ... 

2020-11-07 13:42:00,471 solvers 0/1 INFO :: Simulation stop time reached.
Starting Line Search ... 

2020-11-07 13:42:00,506 direct_Solver 0/1 INFO :: 
Starting Direct loop ... 

2020-11-07 13:43:23,347 solvers 0/1 INFO :: Simulation stop time reached.
2020-11-07 13:43:24,236 adjoint_Solver 0/1 INFO :: 
Starting Adjoint loop ... 

2020-11-07 13:45:03,480 solvers 0/1 INFO :: Simulation stop time reached.
Starting Line Search ... 

2020-11-07 13:45:03,516 direct_Solver 0/1 INFO :: 
Starting Direct loop ... 

2020-11-07 13:46:26,322 solvers 0/1 INFO :: Simulation stop time reached.
2020-11-07 13:46:27,210 adjoint_Solver 0/1 INFO :: 
Starting Adjoint loop ... 

2020-11-07 13:48:06,430 solvers 0/1 INFO :: Simulation stop time reached.
Starting Line Search ... 

2020-11-07 13:48:06,465 direct_Solver 0/1 INFO :: 
Starting Direct loop ... 

2020-11-07 13:49:29,406 solvers 0/1 INFO :: Simulation stop time reached.
2020-11-07 13:49:30,296 adjoint_Solver 0/1 INFO :: 
Starting Adjoint loop ... 

2020-11-07 13:51:09,310 solvers 0/1 INFO :: Simulation stop time reached.
Starting Line Search ... 

2020-11-07 13:51:09,346 direct_Solver 0/1 INFO :: 
Starting Direct loop ... 

2020-11-07 13:52:31,832 solvers 0/1 INFO :: Simulation stop time reached.
2020-11-07 13:52:32,720 adjoint_Solver 0/1 INFO :: 
Starting Adjoint loop ... 

2020-11-07 13:54:12,159 solvers 0/1 INFO :: Simulation stop time reached.
Starting Line Search ... 

2020-11-07 13:54:12,194 direct_Solver 0/1 INFO :: 
Starting Direct loop ... 

2020-11-07 13:55:34,752 solvers 0/1 INFO :: Simulation stop time reached.
2020-11-07 13:55:35,642 adjoint_Solver 0/1 INFO :: 
Starting Adjoint loop ... 

2020-11-07 13:57:14,309 solvers 0/1 INFO :: Simulation stop time reached.
Starting Line Search ... 

2020-11-07 13:57:14,345 direct_Solver 0/1 INFO :: 
Starting Direct loop ... 

2020-11-07 13:58:37,333 solvers 0/1 INFO :: Simulation stop time reached.
2020-11-07 13:58:38,220 adjoint_Solver 0/1 INFO :: 
Starting Adjoint loop ... 

2020-11-07 14:00:17,488 solvers 0/1 INFO :: Simulation stop time reached.
Starting Line Search ... 

2020-11-07 14:00:17,524 direct_Solver 0/1 INFO :: 
Starting Direct loop ... 

2020-11-07 14:01:40,147 solvers 0/1 INFO :: Simulation stop time reached.
2020-11-07 14:01:41,035 adjoint_Solver 0/1 INFO :: 
Starting Adjoint loop ... 

2020-11-07 14:03:19,683 solvers 0/1 INFO :: Simulation stop time reached.
Starting Line Search ... 

2020-11-07 14:03:19,718 direct_Solver 0/1 INFO :: 
Starting Direct loop ... 

2020-11-07 14:04:42,549 solvers 0/1 INFO :: Simulation stop time reached.
2020-11-07 14:04:43,436 adjoint_Solver 0/1 INFO :: 
Starting Adjoint loop ... 

2020-11-07 14:06:22,196 solvers 0/1 INFO :: Simulation stop time reached.
Starting Line Search ... 

2020-11-07 14:06:22,232 direct_Solver 0/1 INFO :: 
Starting Direct loop ... 

2020-11-07 14:07:45,094 solvers 0/1 INFO :: Simulation stop time reached.
2020-11-07 14:07:45,983 adjoint_Solver 0/1 INFO :: 
Starting Adjoint loop ... 

2020-11-07 14:09:25,110 solvers 0/1 INFO :: Simulation stop time reached.
Line search from  0.01010923456682374  to  3.91469002263445  ... 

2020-11-07 14:09:25,152 direct_Solver 0/1 INFO :: 
Starting Direct loop ... 

2020-11-07 14:10:47,741 solvers 0/1 INFO :: Simulation stop time reached.
2020-11-07 14:10:48,628 adjoint_Solver 0/1 INFO :: 
Starting Adjoint loop ... 

2020-11-07 14:12:28,070 solvers 0/1 INFO :: Simulation stop time reached.
Line search interpolation unsuccessful ... 

2020-11-07 14:12:28,105 direct_Solver 0/1 INFO :: 
Starting Direct loop ... 

2020-11-07 14:13:51,145 solvers 0/1 INFO :: Simulation stop time reached.
2020-11-07 14:13:52,037 adjoint_Solver 0/1 INFO :: 
Starting Adjoint loop ... 

2020-11-07 14:15:30,968 solvers 0/1 INFO :: Simulation stop time reached.
After  25  loops: Residual =  494.0992668849033 | Normalized Residual =  0.42346371097682645  ... 

Starting Loop  26  ... 

2020-11-07 14:15:31,009 direct_Solver 0/1 INFO :: 
Starting Direct loop ... 

2020-11-07 14:16:54,018 solvers 0/1 INFO :: Simulation stop time reached.
2020-11-07 14:16:54,906 adjoint_Solver 0/1 INFO :: 
Starting Adjoint loop ... 

2020-11-07 14:18:34,422 solvers 0/1 INFO :: Simulation stop time reached.
Starting Line Search ... 

2020-11-07 14:18:34,458 direct_Solver 0/1 INFO :: 
Starting Direct loop ... 

2020-11-07 14:19:57,471 solvers 0/1 INFO :: Simulation stop time reached.
2020-11-07 14:19:58,360 adjoint_Solver 0/1 INFO :: 
Starting Adjoint loop ... 

2020-11-07 14:21:37,410 solvers 0/1 INFO :: Simulation stop time reached.
Starting Line Search ... 

2020-11-07 14:21:37,445 direct_Solver 0/1 INFO :: 
Starting Direct loop ... 

2020-11-07 14:23:00,368 solvers 0/1 INFO :: Simulation stop time reached.
2020-11-07 14:23:01,256 adjoint_Solver 0/1 INFO :: 
Starting Adjoint loop ... 

2020-11-07 14:24:40,058 solvers 0/1 INFO :: Simulation stop time reached.
Starting Line Search ... 

2020-11-07 14:24:40,094 direct_Solver 0/1 INFO :: 
Starting Direct loop ... 

2020-11-07 14:26:02,136 solvers 0/1 INFO :: Simulation stop time reached.
2020-11-07 14:26:03,023 adjoint_Solver 0/1 INFO :: 
Starting Adjoint loop ... 

2020-11-07 14:27:41,832 solvers 0/1 INFO :: Simulation stop time reached.
Starting Line Search ... 

2020-11-07 14:27:41,868 direct_Solver 0/1 INFO :: 
Starting Direct loop ... 

2020-11-07 14:29:04,752 solvers 0/1 INFO :: Simulation stop time reached.
2020-11-07 14:29:05,639 adjoint_Solver 0/1 INFO :: 
Starting Adjoint loop ... 

2020-11-07 14:30:44,255 solvers 0/1 INFO :: Simulation stop time reached.
Starting Line Search ... 

2020-11-07 14:30:44,291 direct_Solver 0/1 INFO :: 
Starting Direct loop ... 

2020-11-07 14:32:07,242 solvers 0/1 INFO :: Simulation stop time reached.
2020-11-07 14:32:08,131 adjoint_Solver 0/1 INFO :: 
Starting Adjoint loop ... 

2020-11-07 14:33:47,448 solvers 0/1 INFO :: Simulation stop time reached.
Starting Line Search ... 

2020-11-07 14:33:47,483 direct_Solver 0/1 INFO :: 
Starting Direct loop ... 

2020-11-07 14:35:10,334 solvers 0/1 INFO :: Simulation stop time reached.
2020-11-07 14:35:11,224 adjoint_Solver 0/1 INFO :: 
Starting Adjoint loop ... 

2020-11-07 14:36:49,539 solvers 0/1 INFO :: Simulation stop time reached.
Starting Line Search ... 

2020-11-07 14:36:49,575 direct_Solver 0/1 INFO :: 
Starting Direct loop ... 

2020-11-07 14:38:12,253 solvers 0/1 INFO :: Simulation stop time reached.
2020-11-07 14:38:13,141 adjoint_Solver 0/1 INFO :: 
Starting Adjoint loop ... 

2020-11-07 14:39:52,308 solvers 0/1 INFO :: Simulation stop time reached.
Starting Line Search ... 

2020-11-07 14:39:52,344 direct_Solver 0/1 INFO :: 
Starting Direct loop ... 

2020-11-07 14:41:14,936 solvers 0/1 INFO :: Simulation stop time reached.
2020-11-07 14:41:15,822 adjoint_Solver 0/1 INFO :: 
Starting Adjoint loop ... 

2020-11-07 14:42:54,497 solvers 0/1 INFO :: Simulation stop time reached.
Line search from  0.010911114883975006  to  0.8170975915651754  ... 

2020-11-07 14:42:54,534 direct_Solver 0/1 INFO :: 
Starting Direct loop ... 

2020-11-07 14:44:16,669 solvers 0/1 INFO :: Simulation stop time reached.
2020-11-07 14:44:17,559 adjoint_Solver 0/1 INFO :: 
Starting Adjoint loop ... 

2020-11-07 14:45:56,325 solvers 0/1 INFO :: Simulation stop time reached.
Line search interpolation successful ... 

After  35  loops: Residual =  274.5026098051589 | Normalized Residual =  0.32232220652882926  ... 

Starting Loop  36  ... 

2020-11-07 14:45:56,369 direct_Solver 0/1 INFO :: 
Starting Direct loop ... 

2020-11-07 14:47:18,674 solvers 0/1 INFO :: Simulation stop time reached.
2020-11-07 14:47:19,563 adjoint_Solver 0/1 INFO :: 
Starting Adjoint loop ... 

2020-11-07 14:48:58,104 solvers 0/1 INFO :: Simulation stop time reached.
Starting Line Search ... 

2020-11-07 14:48:58,140 direct_Solver 0/1 INFO :: 
Starting Direct loop ... 

2020-11-07 14:50:20,848 solvers 0/1 INFO :: Simulation stop time reached.
2020-11-07 14:50:21,737 adjoint_Solver 0/1 INFO :: 
Starting Adjoint loop ... 

2020-11-07 14:52:00,793 solvers 0/1 INFO :: Simulation stop time reached.
Starting Line Search ... 

2020-11-07 14:52:00,828 direct_Solver 0/1 INFO :: 
Starting Direct loop ... 

2020-11-07 14:53:23,506 solvers 0/1 INFO :: Simulation stop time reached.
2020-11-07 14:53:24,394 adjoint_Solver 0/1 INFO :: 
Starting Adjoint loop ... 

2020-11-07 14:55:03,179 solvers 0/1 INFO :: Simulation stop time reached.
Starting Line Search ... 

2020-11-07 14:55:03,215 direct_Solver 0/1 INFO :: 
Starting Direct loop ... 

2020-11-07 14:56:26,188 solvers 0/1 INFO :: Simulation stop time reached.
2020-11-07 14:56:27,083 adjoint_Solver 0/1 INFO :: 
Starting Adjoint loop ... 

2020-11-07 14:58:05,984 solvers 0/1 INFO :: Simulation stop time reached.
Line search from  0.01463871630591445  to  0.11893956998555491  ... 

2020-11-07 14:58:06,021 direct_Solver 0/1 INFO :: 
Starting Direct loop ... 

2020-11-07 14:59:28,683 solvers 0/1 INFO :: Simulation stop time reached.
2020-11-07 14:59:29,572 adjoint_Solver 0/1 INFO :: 
Starting Adjoint loop ... 

2020-11-07 15:01:09,161 solvers 0/1 INFO :: Simulation stop time reached.
Line search interpolation unsuccessful ... 

2020-11-07 15:01:09,197 direct_Solver 0/1 INFO :: 
Starting Direct loop ... 

2020-11-07 15:02:31,833 solvers 0/1 INFO :: Simulation stop time reached.
2020-11-07 15:02:32,722 adjoint_Solver 0/1 INFO :: 
Starting Adjoint loop ... 

2020-11-07 15:04:11,861 solvers 0/1 INFO :: Simulation stop time reached.
After  41  loops: Residual =  215.1627000175935 | Normalized Residual =  0.27366434172620346  ... 

Starting Loop  42  ... 

2020-11-07 15:04:11,901 direct_Solver 0/1 INFO :: 
Starting Direct loop ... 

2020-11-07 15:05:34,682 solvers 0/1 INFO :: Simulation stop time reached.
2020-11-07 15:05:35,571 adjoint_Solver 0/1 INFO :: 
Starting Adjoint loop ... 

2020-11-07 15:07:14,819 solvers 0/1 INFO :: Simulation stop time reached.
Starting Line Search ... 

2020-11-07 15:07:14,855 direct_Solver 0/1 INFO :: 
Starting Direct loop ... 

2020-11-07 15:08:37,228 solvers 0/1 INFO :: Simulation stop time reached.
2020-11-07 15:08:38,116 adjoint_Solver 0/1 INFO :: 
Starting Adjoint loop ... 

2020-11-07 15:10:17,242 solvers 0/1 INFO :: Simulation stop time reached.
2020-11-07 15:10:17,278 direct_Solver 0/1 INFO :: 
Starting Direct loop ... 

2020-11-07 15:11:39,907 solvers 0/1 INFO :: Simulation stop time reached.
2020-11-07 15:11:40,796 adjoint_Solver 0/1 INFO :: 
Starting Adjoint loop ... 

2020-11-07 15:13:19,492 solvers 0/1 INFO :: Simulation stop time reached.
After  45  loops: Residual =  187.15355605801193 | Normalized Residual =  0.2425466344502809  ... 

Starting Loop  46  ... 

2020-11-07 15:13:19,533 direct_Solver 0/1 INFO :: 
Starting Direct loop ... 

2020-11-07 15:14:42,474 solvers 0/1 INFO :: Simulation stop time reached.
2020-11-07 15:14:43,362 adjoint_Solver 0/1 INFO :: 
Starting Adjoint loop ... 

2020-11-07 15:16:22,658 solvers 0/1 INFO :: Simulation stop time reached.
First line search failed ... reducing step size from  0.01772871226607536  to  0.00886435613303768  ... 

After  46  loops: Residual =  159.52909780515608 | Normalized Residual =  0.21027969296824314  ... 

Starting Loop  47  ... 

2020-11-07 15:16:22,698 direct_Solver 0/1 INFO :: 
Starting Direct loop ... 

2020-11-07 15:17:45,343 solvers 0/1 INFO :: Simulation stop time reached.
2020-11-07 15:17:46,230 adjoint_Solver 0/1 INFO :: 
Starting Adjoint loop ... 

2020-11-07 15:19:24,864 solvers 0/1 INFO :: Simulation stop time reached.
First line search failed ... reducing step size from  0.00886435613303768  to  0.00443217806651884  ... 

After  47  loops: Residual =  146.60081579924082 | Normalized Residual =  0.1946547636079341  ... 

Starting Loop  48  ... 

2020-11-07 15:19:24,904 direct_Solver 0/1 INFO :: 
Starting Direct loop ... 

2020-11-07 15:20:47,497 solvers 0/1 INFO :: Simulation stop time reached.
2020-11-07 15:20:48,386 adjoint_Solver 0/1 INFO :: 
Starting Adjoint loop ... 

2020-11-07 15:22:27,664 solvers 0/1 INFO :: Simulation stop time reached.
First line search failed ... reducing step size from  0.004432874690573944  to  0.002216437345286972  ... 

After  48  loops: Residual =  140.3870000038593 | Normalized Residual =  0.18702465866293755  ... 

Starting Loop  49  ... 

2020-11-07 15:22:27,706 direct_Solver 0/1 INFO :: 
Starting Direct loop ... 

2020-11-07 15:23:50,593 solvers 0/1 INFO :: Simulation stop time reached.
2020-11-07 15:23:51,481 adjoint_Solver 0/1 INFO :: 
Starting Adjoint loop ... 

2020-11-07 15:25:30,425 solvers 0/1 INFO :: Simulation stop time reached.
First line search failed ... reducing step size from  0.0022165244010583403  to  0.0011082622005291701  ... 

After  49  loops: Residual =  137.3469717677031 | Normalized Residual =  0.18326309211318775  ... 

Starting Loop  50  ... 

2020-11-07 15:25:30,465 direct_Solver 0/1 INFO :: 
Starting Direct loop ... 

2020-11-07 15:26:53,450 solvers 0/1 INFO :: Simulation stop time reached.
2020-11-07 15:26:54,340 adjoint_Solver 0/1 INFO :: 
Starting Adjoint loop ... 

2020-11-07 15:28:33,378 solvers 0/1 INFO :: Simulation stop time reached.
First line search failed ... reducing step size from  0.001108273088648594  to  0.000554136544324297  ... 

After  50  loops: Residual =  135.8442121065114 | Normalized Residual =  0.1813966813896226  ... 

Starting Loop  51  ... 

2020-11-07 15:28:33,419 direct_Solver 0/1 INFO :: 
Starting Direct loop ... 

2020-11-07 15:29:55,961 solvers 0/1 INFO :: Simulation stop time reached.
2020-11-07 15:29:56,850 adjoint_Solver 0/1 INFO :: 
Starting Adjoint loop ... 

2020-11-07 15:31:35,675 solvers 0/1 INFO :: Simulation stop time reached.
First line search failed ... reducing step size from  0.0005541379055313334  to  0.0002770689527656667  ... 

After  51  loops: Residual =  135.097212485578 | Normalized Residual =  0.18046719497939587  ... 

Starting Loop  52  ... 

2020-11-07 15:31:35,715 direct_Solver 0/1 INFO :: 
Starting Direct loop ... 

2020-11-07 15:32:58,530 solvers 0/1 INFO :: Simulation stop time reached.
2020-11-07 15:32:59,418 adjoint_Solver 0/1 INFO :: 
Starting Adjoint loop ... 

2020-11-07 15:34:38,420 solvers 0/1 INFO :: Simulation stop time reached.
First line search failed ... reducing step size from  0.00027706912292255366  to  0.00013853456146127683  ... 

After  52  loops: Residual =  134.72481603610737 | Normalized Residual =  0.1800033972743748  ... 

Starting Loop  53  ... 

2020-11-07 15:34:38,461 direct_Solver 0/1 INFO :: 
Starting Direct loop ... 

2020-11-07 15:36:01,259 solvers 0/1 INFO :: Simulation stop time reached.
2020-11-07 15:36:02,147 adjoint_Solver 0/1 INFO :: 
Starting Adjoint loop ... 

2020-11-07 15:37:41,283 solvers 0/1 INFO :: Simulation stop time reached.
First line search failed ... reducing step size from  0.0001385345827310755  to  6.926729136553775e-05  ... 

After  53  loops: Residual =  134.5388946891378 | Normalized Residual =  0.17977173676916672  ... 

Starting Loop  54  ... 

2020-11-07 15:37:41,323 direct_Solver 0/1 INFO :: 
Starting Direct loop ... 

2020-11-07 15:39:04,094 solvers 0/1 INFO :: Simulation stop time reached.
2020-11-07 15:39:04,983 adjoint_Solver 0/1 INFO :: 
Starting Adjoint loop ... 

2020-11-07 15:40:43,986 solvers 0/1 INFO :: Simulation stop time reached.
First line search failed ... reducing step size from  6.926729402426845e-05  to  3.463364701213422e-05  ... 

After  54  loops: Residual =  134.4460033647312 | Normalized Residual =  0.1796559663500315  ... 

Starting Loop  55  ... 

2020-11-07 15:40:44,026 direct_Solver 0/1 INFO :: 
Starting Direct loop ... 

2020-11-07 15:42:06,386 solvers 0/1 INFO :: Simulation stop time reached.
2020-11-07 15:42:07,275 adjoint_Solver 0/1 INFO :: 
Starting Adjoint loop ... 

2020-11-07 15:43:45,727 solvers 0/1 INFO :: Simulation stop time reached.
First line search failed ... reducing step size from  3.4633647344475745e-05  to  1.7316823672237873e-05  ... 

After  55  loops: Residual =  134.39957505597937 | Normalized Residual =  0.17959809612968236  ... 

Starting Loop  56  ... 

2020-11-07 15:43:45,767 direct_Solver 0/1 INFO :: 
Starting Direct loop ... 

2020-11-07 15:45:08,397 solvers 0/1 INFO :: Simulation stop time reached.
2020-11-07 15:45:09,284 adjoint_Solver 0/1 INFO :: 
Starting Adjoint loop ... 

2020-11-07 15:46:48,053 solvers 0/1 INFO :: Simulation stop time reached.
First line search failed ... reducing step size from  1.7316823713780566e-05  to  8.658411856890283e-06  ... 

After  56  loops: Residual =  134.37636524200346 | Normalized Residual =  0.179569164770661  ... 

Starting Loop  57  ... 

2020-11-07 15:46:48,093 direct_Solver 0/1 INFO :: 
Starting Direct loop ... 

2020-11-07 15:48:10,792 solvers 0/1 INFO :: Simulation stop time reached.
2020-11-07 15:48:11,680 adjoint_Solver 0/1 INFO :: 
Starting Adjoint loop ... 

2020-11-07 15:49:50,267 solvers 0/1 INFO :: Simulation stop time reached.
First line search failed ... reducing step size from  8.65841186208312e-06  to  4.32920593104156e-06  ... 

After  57  loops: Residual =  134.36476142036145 | Normalized Residual =  0.17955470002942064  ... 

Starting Loop  58  ... 

2020-11-07 15:49:50,309 direct_Solver 0/1 INFO :: 
Starting Direct loop ... 

2020-11-07 15:51:12,862 solvers 0/1 INFO :: Simulation stop time reached.
2020-11-07 15:51:13,751 adjoint_Solver 0/1 INFO :: 
Starting Adjoint loop ... 

2020-11-07 15:52:53,198 solvers 0/1 INFO :: Simulation stop time reached.
First line search failed ... reducing step size from  4.329205931690666e-06  to  2.164602965845333e-06  ... 

After  58  loops: Residual =  134.3589597809114 | Normalized Residual =  0.17954746789342557  ... 

Starting Loop  59  ... 

2020-11-07 15:52:53,243 direct_Solver 0/1 INFO :: 
Starting Direct loop ... 

2020-11-07 15:54:16,664 solvers 0/1 INFO :: Simulation stop time reached.
2020-11-07 15:54:17,552 adjoint_Solver 0/1 INFO :: 
Starting Adjoint loop ... 

2020-11-07 15:55:56,759 solvers 0/1 INFO :: Simulation stop time reached.
First line search failed ... reducing step size from  2.164602965926471e-06  to  1.0823014829632356e-06  ... 

After  59  loops: Residual =  134.35605902903484 | Normalized Residual =  0.17954385188409983  ... 

Starting Loop  60  ... 

2020-11-07 15:55:56,801 direct_Solver 0/1 INFO :: 
Starting Direct loop ... 

2020-11-07 15:57:20,362 solvers 0/1 INFO :: Simulation stop time reached.
2020-11-07 15:57:21,250 adjoint_Solver 0/1 INFO :: 
Starting Adjoint loop ... 

2020-11-07 15:59:00,536 solvers 0/1 INFO :: Simulation stop time reached.
First line search failed ... reducing step size from  1.0823014829733777e-06  to  5.411507414866889e-07  ... 

After  60  loops: Residual =  134.3546086700582 | Normalized Residual =  0.17954204389409964  ... 

Starting Loop  61  ... 

2020-11-07 15:59:00,580 direct_Solver 0/1 INFO :: 
Starting Direct loop ... 

2020-11-07 16:00:24,037 solvers 0/1 INFO :: Simulation stop time reached.
2020-11-07 16:00:24,926 adjoint_Solver 0/1 INFO :: 
Starting Adjoint loop ... 

2020-11-07 16:02:04,379 solvers 0/1 INFO :: Simulation stop time reached.
First line search failed ... reducing step size from  5.411507414879567e-07  to  2.7057537074397833e-07  ... 

After  61  loops: Residual =  134.35388349480604 | Normalized Residual =  0.1795411399027497  ... 

Starting Loop  62  ... 

2020-11-07 16:02:04,421 direct_Solver 0/1 INFO :: 
Starting Direct loop ... 

2020-11-07 16:03:27,764 solvers 0/1 INFO :: Simulation stop time reached.
2020-11-07 16:03:28,654 adjoint_Solver 0/1 INFO :: 
Starting Adjoint loop ... 

2020-11-07 16:05:08,124 solvers 0/1 INFO :: Simulation stop time reached.
First line search failed ... reducing step size from  2.705753707441368e-07  to  1.352876853720684e-07  ... 

After  62  loops: Residual =  134.35352090824156 | Normalized Residual =  0.17954068790801425  ... 

Starting Loop  63  ... 

2020-11-07 16:05:08,166 direct_Solver 0/1 INFO :: 
Starting Direct loop ... 

2020-11-07 16:06:31,456 solvers 0/1 INFO :: Simulation stop time reached.
2020-11-07 16:06:32,345 adjoint_Solver 0/1 INFO :: 
Starting Adjoint loop ... 

2020-11-07 16:08:11,656 solvers 0/1 INFO :: Simulation stop time reached.
First line search failed ... reducing step size from  1.3528768537208822e-07  to  6.764384268604411e-08  ... 

After  63  loops: Residual =  134.35333961522613 | Normalized Residual =  0.1795404619108723  ... 

Starting Loop  64  ... 

2020-11-07 16:08:11,698 direct_Solver 0/1 INFO :: 
Starting Direct loop ... 

2020-11-07 16:09:34,587 solvers 0/1 INFO :: Simulation stop time reached.
2020-11-07 16:09:35,476 adjoint_Solver 0/1 INFO :: 
Starting Adjoint loop ... 

2020-11-07 16:11:14,870 solvers 0/1 INFO :: Simulation stop time reached.
First line search failed ... reducing step size from  6.76438426860466e-08  to  3.38219213430233e-08  ... 

After  64  loops: Residual =  134.3532489687877 | Normalized Residual =  0.1795403489123546  ... 

Starting Loop  65  ... 

2020-11-07 16:11:14,913 direct_Solver 0/1 INFO :: 
Starting Direct loop ... 

2020-11-07 16:12:37,979 solvers 0/1 INFO :: Simulation stop time reached.
2020-11-07 16:12:38,871 adjoint_Solver 0/1 INFO :: 
Starting Adjoint loop ... 

2020-11-07 16:14:18,259 solvers 0/1 INFO :: Simulation stop time reached.
First line search failed ... reducing step size from  3.3821921343023596e-08  to  1.6910960671511798e-08  ... 

After  65  loops: Residual =  134.35320364558518 | Normalized Residual =  0.17954029241311784  ... 

Starting Loop  66  ... 

2020-11-07 16:14:18,303 direct_Solver 0/1 INFO :: 
Starting Direct loop ... 

2020-11-07 16:15:41,447 solvers 0/1 INFO :: Simulation stop time reached.
2020-11-07 16:15:42,337 adjoint_Solver 0/1 INFO :: 
Starting Adjoint loop ... 

2020-11-07 16:17:21,879 solvers 0/1 INFO :: Simulation stop time reached.
First line search failed ... reducing step size from  1.6910960671511838e-08  to  8.455480335755919e-09  ... 

After  66  loops: Residual =  134.353180983978 | Normalized Residual =  0.17954026416349736  ... 

Starting Loop  67  ... 

2020-11-07 16:17:21,921 direct_Solver 0/1 INFO :: 
Starting Direct loop ... 

2020-11-07 16:18:45,201 solvers 0/1 INFO :: Simulation stop time reached.
2020-11-07 16:18:46,091 adjoint_Solver 0/1 INFO :: 
Starting Adjoint loop ... 

2020-11-07 16:20:25,530 solvers 0/1 INFO :: Simulation stop time reached.
First line search failed ... reducing step size from  8.455480335755924e-09  to  4.227740167877962e-09  ... 

After  67  loops: Residual =  134.3531696531849 | Normalized Residual =  0.1795402500386893  ... 

Starting Loop  68  ... 

2020-11-07 16:20:25,575 direct_Solver 0/1 INFO :: 
Starting Direct loop ... 

2020-11-07 16:21:48,439 solvers 0/1 INFO :: Simulation stop time reached.
2020-11-07 16:21:49,328 adjoint_Solver 0/1 INFO :: 
Starting Adjoint loop ... 

2020-11-07 16:23:28,858 solvers 0/1 INFO :: Simulation stop time reached.
First line search failed ... reducing step size from  4.227740167877962e-09  to  2.113870083938981e-09  ... 

After  68  loops: Residual =  134.3531639877838 | Normalized Residual =  0.1795402429762831  ... 

Starting Loop  69  ... 

2020-11-07 16:23:28,901 direct_Solver 0/1 INFO :: 
Starting Direct loop ... 

2020-11-07 16:24:52,126 solvers 0/1 INFO :: Simulation stop time reached.
2020-11-07 16:24:53,014 adjoint_Solver 0/1 INFO :: 
Starting Adjoint loop ... 

2020-11-07 16:26:32,595 solvers 0/1 INFO :: Simulation stop time reached.
First line search failed ... reducing step size from  2.113870083938981e-09  to  1.0569350419694905e-09  ... 

After  69  loops: Residual =  134.35316115508482 | Normalized Residual =  0.17954023944508363  ... 

Starting Loop  70  ... 

2020-11-07 16:26:32,639 direct_Solver 0/1 INFO :: 
Starting Direct loop ... 

2020-11-07 16:27:56,213 solvers 0/1 INFO :: Simulation stop time reached.
2020-11-07 16:27:57,112 adjoint_Solver 0/1 INFO :: 
Starting Adjoint loop ... 

2020-11-07 16:29:36,504 solvers 0/1 INFO :: Simulation stop time reached.
First line search failed ... reducing step size from  1.0569350419694907e-09  to  5.284675209847453e-10  ... 

After  70  loops: Residual =  134.35315973873313 | Normalized Residual =  0.17954023767947866  ... 

Starting Loop  71  ... 

2020-11-07 16:29:36,549 direct_Solver 0/1 INFO :: 
Starting Direct loop ... 

2020-11-07 16:30:59,684 solvers 0/1 INFO :: Simulation stop time reached.
2020-11-07 16:31:00,573 adjoint_Solver 0/1 INFO :: 
Starting Adjoint loop ... 

2020-11-07 16:32:40,058 solvers 0/1 INFO :: Simulation stop time reached.
First line search failed ... reducing step size from  5.284675209847453e-10  to  2.6423376049237267e-10  ... 

After  71  loops: Residual =  134.353159030558 | Normalized Residual =  0.1795402367966777  ... 

Starting Loop  72  ... 

2020-11-07 16:32:40,101 direct_Solver 0/1 INFO :: 
Starting Direct loop ... 

2020-11-07 16:34:03,383 solvers 0/1 INFO :: Simulation stop time reached.
2020-11-07 16:34:04,274 adjoint_Solver 0/1 INFO :: 
Starting Adjoint loop ... 

2020-11-07 16:35:44,133 solvers 0/1 INFO :: Simulation stop time reached.
First line search failed ... reducing step size from  2.6423376049237267e-10  to  1.3211688024618633e-10  ... 

After  72  loops: Residual =  134.35315867647773 | Normalized Residual =  0.17954023635528302  ... 

Starting Loop  73  ... 

2020-11-07 16:35:44,177 direct_Solver 0/1 INFO :: 
Starting Direct loop ... 

2020-11-07 16:37:07,200 solvers 0/1 INFO :: Simulation stop time reached.
2020-11-07 16:37:08,097 adjoint_Solver 0/1 INFO :: 
Starting Adjoint loop ... 

2020-11-07 16:38:47,359 solvers 0/1 INFO :: Simulation stop time reached.
First line search failed ... reducing step size from  1.3211688024618633e-10  to  6.605844012309317e-11  ... 

After  73  loops: Residual =  134.35315849942913 | Normalized Residual =  0.17954023613458167  ... 

Starting Loop  74  ... 

2020-11-07 16:38:47,402 direct_Solver 0/1 INFO :: 
Starting Direct loop ... 

2020-11-07 16:40:10,593 solvers 0/1 INFO :: Simulation stop time reached.
2020-11-07 16:40:11,483 adjoint_Solver 0/1 INFO :: 
Starting Adjoint loop ... 

2020-11-07 16:41:51,162 solvers 0/1 INFO :: Simulation stop time reached.
First line search failed ... reducing step size from  6.605844012309317e-11  to  3.3029220061546584e-11  ... 

After  74  loops: Residual =  134.35315841091264 | Normalized Residual =  0.1795402360242173  ... 

Starting Loop  75  ... 

2020-11-07 16:41:51,205 direct_Solver 0/1 INFO :: 
Starting Direct loop ... 

2020-11-07 16:43:14,206 solvers 0/1 INFO :: Simulation stop time reached.
2020-11-07 16:43:15,094 adjoint_Solver 0/1 INFO :: 
Starting Adjoint loop ... 

2020-11-07 16:44:53,639 solvers 0/1 INFO :: Simulation stop time reached.
First line search failed ... reducing step size from  3.3029220061546584e-11  to  1.6514610030773292e-11  ... 

After  75  loops: Residual =  134.35315836665188 | Normalized Residual =  0.179540235969047  ... 

Starting Loop  76  ... 

2020-11-07 16:44:53,680 direct_Solver 0/1 INFO :: 
Starting Direct loop ... 

2020-11-07 16:46:16,307 solvers 0/1 INFO :: Simulation stop time reached.
2020-11-07 16:46:17,198 adjoint_Solver 0/1 INFO :: 
Starting Adjoint loop ... 

2020-11-07 16:47:56,131 solvers 0/1 INFO :: Simulation stop time reached.
First line search failed ... reducing step size from  1.651461003077329e-11  to  8.257305015386644e-12  ... 

After  76  loops: Residual =  134.3531583445271 | Normalized Residual =  0.17954023594146454  ... 

Starting Loop  77  ... 

2020-11-07 16:47:56,171 direct_Solver 0/1 INFO :: 
Starting Direct loop ... 

2020-11-07 16:49:19,229 solvers 0/1 INFO :: Simulation stop time reached.
2020-11-07 16:49:20,118 adjoint_Solver 0/1 INFO :: 
Starting Adjoint loop ... 

2020-11-07 16:50:59,377 solvers 0/1 INFO :: Simulation stop time reached.
First line search failed ... reducing step size from  8.257305015386644e-12  to  4.128652507693322e-12  ... 

After  77  loops: Residual =  134.35315833345547 | Normalized Residual =  0.1795402359276722  ... 

Starting Loop  78  ... 

2020-11-07 16:50:59,417 direct_Solver 0/1 INFO :: 
Starting Direct loop ... 

2020-11-07 16:52:22,416 solvers 0/1 INFO :: Simulation stop time reached.
2020-11-07 16:52:23,303 adjoint_Solver 0/1 INFO :: 
Starting Adjoint loop ... 

2020-11-07 16:54:02,839 solvers 0/1 INFO :: Simulation stop time reached.
First line search failed ... reducing step size from  4.128652507693323e-12  to  2.0643262538466615e-12  ... 

After  78  loops: Residual =  134.3531583279239 | Normalized Residual =  0.17954023592077042  ... 

Starting Loop  79  ... 

2020-11-07 16:54:02,880 direct_Solver 0/1 INFO :: 
Starting Direct loop ... 

2020-11-07 16:55:25,452 solvers 0/1 INFO :: Simulation stop time reached.
2020-11-07 16:55:26,341 adjoint_Solver 0/1 INFO :: 
Starting Adjoint loop ... 

2020-11-07 16:57:06,025 solvers 0/1 INFO :: Simulation stop time reached.
First line search failed ... reducing step size from  2.064326253846661e-12  to  1.0321631269233305e-12  ... 

After  79  loops: Residual =  134.35315832515568 | Normalized Residual =  0.1795402359173251  ... 

Starting Loop  80  ... 

2020-11-07 16:57:06,068 direct_Solver 0/1 INFO :: 
Starting Direct loop ... 

2020-11-07 16:58:29,153 solvers 0/1 INFO :: Simulation stop time reached.
2020-11-07 16:58:30,044 adjoint_Solver 0/1 INFO :: 
Starting Adjoint loop ... 

2020-11-07 17:00:09,725 solvers 0/1 INFO :: Simulation stop time reached.
First line search failed ... reducing step size from  1.0321631269233307e-12  to  5.160815634616654e-13  ... 

After  80  loops: Residual =  134.35315832377347 | Normalized Residual =  0.1795402359155864  ... 

Starting Loop  81  ... 

2020-11-07 17:00:09,771 direct_Solver 0/1 INFO :: 
Starting Direct loop ... 

2020-11-07 17:01:32,734 solvers 0/1 INFO :: Simulation stop time reached.
2020-11-07 17:01:33,623 adjoint_Solver 0/1 INFO :: 
Starting Adjoint loop ... 

2020-11-07 17:03:12,387 solvers 0/1 INFO :: Simulation stop time reached.
First line search failed ... reducing step size from  5.160815634616655e-13  to  2.5804078173083273e-13  ... 

After  81  loops: Residual =  134.3531583230821 | Normalized Residual =  0.17954023591473137  ... 

Starting Loop  82  ... 

2020-11-07 17:03:12,437 direct_Solver 0/1 INFO :: 
Starting Direct loop ... 

2020-11-07 17:04:35,395 solvers 0/1 INFO :: Simulation stop time reached.
2020-11-07 17:04:36,289 adjoint_Solver 0/1 INFO :: 
Starting Adjoint loop ... 

2020-11-07 17:06:16,126 solvers 0/1 INFO :: Simulation stop time reached.
First line search failed ... reducing step size from  2.580407817308327e-13  to  1.2902039086541634e-13  ... 

After  82  loops: Residual =  134.35315832273244 | Normalized Residual =  0.17954023591429796  ... 

Starting Loop  83  ... 

2020-11-07 17:06:16,174 direct_Solver 0/1 INFO :: 
Starting Direct loop ... 

2020-11-07 17:07:39,380 solvers 0/1 INFO :: Simulation stop time reached.
2020-11-07 17:07:40,271 adjoint_Solver 0/1 INFO :: 
Starting Adjoint loop ... 

2020-11-07 17:09:19,475 solvers 0/1 INFO :: Simulation stop time reached.
First line search failed ... reducing step size from  1.2902039086541632e-13  to  6.451019543270816e-14  ... 

After  83  loops: Residual =  134.35315832255733 | Normalized Residual =  0.17954023591408097  ... 

Starting Loop  84  ... 

2020-11-07 17:09:19,525 direct_Solver 0/1 INFO :: 
Starting Direct loop ... 

2020-11-07 17:10:43,065 solvers 0/1 INFO :: Simulation stop time reached.
2020-11-07 17:10:43,957 adjoint_Solver 0/1 INFO :: 
Starting Adjoint loop ... 

2020-11-07 17:12:23,793 solvers 0/1 INFO :: Simulation stop time reached.
First line search failed ... reducing step size from  6.451019543270817e-14  to  3.2255097716354086e-14  ... 

After  84  loops: Residual =  134.35315832247124 | Normalized Residual =  0.17954023591397708  ... 

Starting Loop  85  ... 

2020-11-07 17:12:23,844 direct_Solver 0/1 INFO :: 
Starting Direct loop ... 

2020-11-07 17:13:46,974 solvers 0/1 INFO :: Simulation stop time reached.
2020-11-07 17:13:47,863 adjoint_Solver 0/1 INFO :: 
Starting Adjoint loop ... 

2020-11-07 17:15:23,854 solvers 0/1 INFO :: Simulation stop time reached.
First line search failed ... reducing step size from  3.2255097716354086e-14  to  1.6127548858177043e-14  ... 

After  85  loops: Residual =  134.35315832242787 | Normalized Residual =  0.1795402359139236  ... 

Starting Loop  86  ... 

2020-11-07 17:15:23,905 direct_Solver 0/1 INFO :: 
Starting Direct loop ... 

2020-11-07 17:16:46,387 solvers 0/1 INFO :: Simulation stop time reached.
2020-11-07 17:16:47,283 adjoint_Solver 0/1 INFO :: 
Starting Adjoint loop ... 

2020-11-07 17:18:23,027 solvers 0/1 INFO :: Simulation stop time reached.
First line search failed ... reducing step size from  1.6127548858177043e-14  to  8.063774429088521e-15  ... 

After  86  loops: Residual =  134.35315832240724 | Normalized Residual =  0.1795402359138967  ... 

Starting Loop  87  ... 

2020-11-07 17:18:23,076 direct_Solver 0/1 INFO :: 
Starting Direct loop ... 

2020-11-07 17:19:40,953 solvers 0/1 INFO :: Simulation stop time reached.
2020-11-07 17:19:41,815 adjoint_Solver 0/1 INFO :: 
Starting Adjoint loop ... 

2020-11-07 17:21:13,479 solvers 0/1 INFO :: Simulation stop time reached.
First line search failed ... reducing step size from  8.063774429088521e-15  to  4.031887214544261e-15  ... 

After  87  loops: Residual =  134.35315832239843 | Normalized Residual =  0.1795402359138865  ... 

Starting Loop  88  ... 

2020-11-07 17:21:13,516 direct_Solver 0/1 INFO :: 
Starting Direct loop ... 

2020-11-07 17:22:30,040 solvers 0/1 INFO :: Simulation stop time reached.
2020-11-07 17:22:30,901 adjoint_Solver 0/1 INFO :: 
Starting Adjoint loop ... 

2020-11-07 17:24:03,502 solvers 0/1 INFO :: Simulation stop time reached.
First line search failed ... reducing step size from  4.031887214544261e-15  to  2.0159436072721303e-15  ... 

After  88  loops: Residual =  134.3531583223919 | Normalized Residual =  0.1795402359138776  ... 

Starting Loop  89  ... 

2020-11-07 17:24:03,540 direct_Solver 0/1 INFO :: 
Starting Direct loop ... 

2020-11-07 17:25:22,273 solvers 0/1 INFO :: Simulation stop time reached.
2020-11-07 17:25:23,146 adjoint_Solver 0/1 INFO :: 
Starting Adjoint loop ... 

2020-11-07 17:26:55,622 solvers 0/1 INFO :: Simulation stop time reached.
First line search failed ... reducing step size from  2.0159436072721303e-15  to  1.0079718036360652e-15  ... 

After  89  loops: Residual =  134.35315832238953 | Normalized Residual =  0.17954023591387364  ... 

Starting Loop  90  ... 

2020-11-07 17:26:55,660 direct_Solver 0/1 INFO :: 
Starting Direct loop ... 

2020-11-07 17:28:12,213 solvers 0/1 INFO :: Simulation stop time reached.
2020-11-07 17:28:13,076 adjoint_Solver 0/1 INFO :: 
Starting Adjoint loop ... 

2020-11-07 17:29:44,459 solvers 0/1 INFO :: Simulation stop time reached.
First line search failed ... reducing step size from  1.0079718036360652e-15  to  5.039859018180326e-16  ... 

After  90  loops: Residual =  134.35315832238814 | Normalized Residual =  0.1795402359138764  ... 

Starting Loop  91  ... 

2020-11-07 17:29:44,492 direct_Solver 0/1 INFO :: 
Starting Direct loop ... 

2020-11-07 17:31:00,764 solvers 0/1 INFO :: Simulation stop time reached.
2020-11-07 17:31:01,622 adjoint_Solver 0/1 INFO :: 
Starting Adjoint loop ... 

2020-11-07 17:32:33,024 solvers 0/1 INFO :: Simulation stop time reached.
First line search failed ... reducing step size from  5.039859018180326e-16  to  2.519929509090163e-16  ... 

After  91  loops: Residual =  134.35315832238564 | Normalized Residual =  0.17954023591386875  ... 

Starting Loop  92  ... 

2020-11-07 17:32:33,068 direct_Solver 0/1 INFO :: 
Starting Direct loop ... 

2020-11-07 17:33:49,138 solvers 0/1 INFO :: Simulation stop time reached.
2020-11-07 17:33:49,998 adjoint_Solver 0/1 INFO :: 
Starting Adjoint loop ... 

2020-11-07 17:35:21,291 solvers 0/1 INFO :: Simulation stop time reached.
First line search failed ... reducing step size from  2.5199295090901634e-16  to  1.2599647545450817e-16  ... 

After  92  loops: Residual =  134.3531583223866 | Normalized Residual =  0.17954023591387266  ... 

Starting Loop  93  ... 

2020-11-07 17:35:21,324 direct_Solver 0/1 INFO :: 
Starting Direct loop ... 

2020-11-07 17:36:36,366 solvers 0/1 INFO :: Simulation stop time reached.
2020-11-07 17:36:37,211 adjoint_Solver 0/1 INFO :: 
Starting Adjoint loop ... 

2020-11-07 17:38:06,067 solvers 0/1 INFO :: Simulation stop time reached.
First line search failed ... reducing step size from  1.2599647545450815e-16  to  6.299823772725407e-17  ... 

After  93  loops: Residual =  134.35315832238962 | Normalized Residual =  0.17954023591387022  ... 

Starting Loop  94  ... 

2020-11-07 17:38:06,100 direct_Solver 0/1 INFO :: 
Starting Direct loop ... 

2020-11-07 17:39:20,063 solvers 0/1 INFO :: Simulation stop time reached.
2020-11-07 17:39:20,916 adjoint_Solver 0/1 INFO :: 
Starting Adjoint loop ... 

2020-11-07 17:40:49,233 solvers 0/1 INFO :: Simulation stop time reached.
First line search failed ... reducing step size from  6.299823772725407e-17  to  3.1499118863627037e-17  ... 

After  94  loops: Residual =  134.35315832238575 | Normalized Residual =  0.17954023591387355  ... 

Starting Loop  95  ... 

2020-11-07 17:40:49,266 direct_Solver 0/1 INFO :: 
Starting Direct loop ... 

2020-11-07 17:42:03,032 solvers 0/1 INFO :: Simulation stop time reached.
2020-11-07 17:42:03,869 adjoint_Solver 0/1 INFO :: 
Starting Adjoint loop ... 

2020-11-07 17:43:32,466 solvers 0/1 INFO :: Simulation stop time reached.
First line search failed ... reducing step size from  3.1499118863627037e-17  to  1.5749559431813518e-17  ... 

After  95  loops: Residual =  134.3531583223898 | Normalized Residual =  0.17954023591387613  ... 

Starting Loop  96  ... 

2020-11-07 17:43:32,499 direct_Solver 0/1 INFO :: 
Starting Direct loop ... 

2020-11-07 17:44:46,544 solvers 0/1 INFO :: Simulation stop time reached.
2020-11-07 17:44:47,383 adjoint_Solver 0/1 INFO :: 
Starting Adjoint loop ... 

2020-11-07 17:46:15,841 solvers 0/1 INFO :: Simulation stop time reached.
First line search failed ... reducing step size from  1.5749559431813518e-17  to  7.874779715906759e-18  ... 

After  96  loops: Residual =  134.35315832238518 | Normalized Residual =  0.17954023591387544  ... 

Starting Loop  97  ... 

2020-11-07 17:46:15,874 direct_Solver 0/1 INFO :: 
Starting Direct loop ... 

2020-11-07 17:47:30,168 solvers 0/1 INFO :: Simulation stop time reached.
2020-11-07 17:47:31,027 adjoint_Solver 0/1 INFO :: 
Starting Adjoint loop ... 

2020-11-07 17:48:59,712 solvers 0/1 INFO :: Simulation stop time reached.
First line search failed ... reducing step size from  7.874779715906759e-18  to  3.9373898579533796e-18  ... 

After  97  loops: Residual =  134.35315832238587 | Normalized Residual =  0.179540235913872  ... 

Starting Loop  98  ... 

2020-11-07 17:48:59,745 direct_Solver 0/1 INFO :: 
Starting Direct loop ... 

2020-11-07 17:50:13,748 solvers 0/1 INFO :: Simulation stop time reached.
2020-11-07 17:50:14,591 adjoint_Solver 0/1 INFO :: 
Starting Adjoint loop ... 

2020-11-07 17:51:43,604 solvers 0/1 INFO :: Simulation stop time reached.
First line search failed ... reducing step size from  3.9373898579533796e-18  to  1.9686949289766898e-18  ... 

After  98  loops: Residual =  134.3531583223872 | Normalized Residual =  0.17954023591387025  ... 

Starting Loop  99  ... 

2020-11-07 17:51:43,637 direct_Solver 0/1 INFO :: 
Starting Direct loop ... 

2020-11-07 17:52:57,816 solvers 0/1 INFO :: Simulation stop time reached.
2020-11-07 17:52:58,651 adjoint_Solver 0/1 INFO :: 
Starting Adjoint loop ... 

2020-11-07 17:54:26,837 solvers 0/1 INFO :: Simulation stop time reached.
First line search failed ... reducing step size from  1.9686949289766898e-18  to  9.843474644883449e-19  ... 

After  99  loops: Residual =  134.35315832238624 | Normalized Residual =  0.17954023591386772  ... 

Starting Loop  100  ... 

2020-11-07 17:54:26,874 direct_Solver 0/1 INFO :: 
Starting Direct loop ... 

2020-11-07 17:55:40,949 solvers 0/1 INFO :: Simulation stop time reached.
2020-11-07 17:55:41,791 adjoint_Solver 0/1 INFO :: 
Starting Adjoint loop ... 

