2020-11-03 20:22:47,326 pencil 0/1 INFO :: Building pencil matrix 1/32 (~3%) Elapsed: 0s, Remaining: 1s, Rate: 4.6e+01/s
2020-11-03 20:22:47,390 pencil 0/1 INFO :: Building pencil matrix 4/32 (~12%) Elapsed: 0s, Remaining: 1s, Rate: 4.7e+01/s
2020-11-03 20:22:47,474 pencil 0/1 INFO :: Building pencil matrix 8/32 (~25%) Elapsed: 0s, Remaining: 1s, Rate: 4.7e+01/s
2020-11-03 20:22:47,558 pencil 0/1 INFO :: Building pencil matrix 12/32 (~38%) Elapsed: 0s, Remaining: 0s, Rate: 4.7e+01/s
2020-11-03 20:22:47,642 pencil 0/1 INFO :: Building pencil matrix 16/32 (~50%) Elapsed: 0s, Remaining: 0s, Rate: 4.7e+01/s
2020-11-03 20:22:47,727 pencil 0/1 INFO :: Building pencil matrix 20/32 (~62%) Elapsed: 0s, Remaining: 0s, Rate: 4.7e+01/s
2020-11-03 20:22:47,811 pencil 0/1 INFO :: Building pencil matrix 24/32 (~75%) Elapsed: 1s, Remaining: 0s, Rate: 4.7e+01/s
2020-11-03 20:22:47,895 pencil 0/1 INFO :: Building pencil matrix 28/32 (~88%) Elapsed: 1s, Remaining: 0s, Rate: 4.7e+01/s
2020-11-03 20:22:47,979 pencil 0/1 INFO :: Building pencil matrix 32/32 (~100%) Elapsed: 1s, Remaining: 0s, Rate: 4.7e+01/s
2020-11-03 20:22:48,015 pencil 0/1 INFO :: Building pencil matrix 1/32 (~3%) Elapsed: 0s, Remaining: 1s, Rate: 4.5e+01/s
2020-11-03 20:22:48,081 pencil 0/1 INFO :: Building pencil matrix 4/32 (~12%) Elapsed: 0s, Remaining: 1s, Rate: 4.6e+01/s
2020-11-03 20:22:48,168 pencil 0/1 INFO :: Building pencil matrix 8/32 (~25%) Elapsed: 0s, Remaining: 1s, Rate: 4.6e+01/s
2020-11-03 20:22:48,256 pencil 0/1 INFO :: Building pencil matrix 12/32 (~38%) Elapsed: 0s, Remaining: 0s, Rate: 4.5e+01/s
2020-11-03 20:22:48,345 pencil 0/1 INFO :: Building pencil matrix 16/32 (~50%) Elapsed: 0s, Remaining: 0s, Rate: 4.5e+01/s
2020-11-03 20:22:48,433 pencil 0/1 INFO :: Building pencil matrix 20/32 (~62%) Elapsed: 0s, Remaining: 0s, Rate: 4.5e+01/s
2020-11-03 20:22:48,521 pencil 0/1 INFO :: Building pencil matrix 24/32 (~75%) Elapsed: 1s, Remaining: 0s, Rate: 4.5e+01/s
2020-11-03 20:22:48,609 pencil 0/1 INFO :: Building pencil matrix 28/32 (~88%) Elapsed: 1s, Remaining: 0s, Rate: 4.5e+01/s
2020-11-03 20:22:48,696 pencil 0/1 INFO :: Building pencil matrix 32/32 (~100%) Elapsed: 1s, Remaining: 0s, Rate: 4.5e+01/s


=====Optimization Algorithm Parameters=====

K       =  1.5
r       =  0.5
e0init  =  0.01
LS      =  1
LSI     =  1
proj    =  1
method  =  rot
dmethod =  conj
powit   =  0
N       =  50
start   =  cont
sstr    =  0.5
s       =  0.5
resMin  =  0.005


===========================================

Continuing from previous solution ... 

2020-11-03 20:22:48,789 direct_Solver 0/1 INFO :: 
Starting Direct loop ... 

2020-11-03 20:23:12,484 solvers 0/1 INFO :: Simulation stop time reached.
2020-11-03 20:23:13,358 adjoint_Solver 0/1 INFO :: 
Starting Adjoint loop ... 

2020-11-03 20:23:42,436 solvers 0/1 INFO :: Simulation stop time reached.
Starting Loop  1  ... 

2020-11-03 20:23:42,470 direct_Solver 0/1 INFO :: 
Starting Direct loop ... 

2020-11-03 20:24:03,530 solvers 0/1 INFO :: Simulation stop time reached.
2020-11-03 20:24:04,406 adjoint_Solver 0/1 INFO :: 
Starting Adjoint loop ... 

2020-11-03 20:24:29,410 solvers 0/1 INFO :: Simulation stop time reached.
First line search failed ... reducing step size from  0.01  to  0.005  ... 

After  1  loops: Residual =  1.7130459014918091 | Normalized Residual =  0.005148193822904187  ... 

Starting Loop  2  ... 

2020-11-03 20:24:29,440 direct_Solver 0/1 INFO :: 
Starting Direct loop ... 

2020-11-03 20:24:50,542 solvers 0/1 INFO :: Simulation stop time reached.
2020-11-03 20:24:51,418 adjoint_Solver 0/1 INFO :: 
Starting Adjoint loop ... 

2020-11-03 20:25:16,294 solvers 0/1 INFO :: Simulation stop time reached.
First line search failed ... reducing step size from  0.005  to  0.0025  ... 

After  2  loops: Residual =  1.6830747902148844 | Normalized Residual =  0.005062404851817739  ... 

Starting Loop  3  ... 

2020-11-03 20:25:16,324 direct_Solver 0/1 INFO :: 
Starting Direct loop ... 

2020-11-03 20:25:37,184 solvers 0/1 INFO :: Simulation stop time reached.
2020-11-03 20:25:38,059 adjoint_Solver 0/1 INFO :: 
Starting Adjoint loop ... 

2020-11-03 20:26:03,203 solvers 0/1 INFO :: Simulation stop time reached.
First line search failed ... reducing step size from  0.002500000645175221  to  0.0012500003225876105  ... 

After  3  loops: Residual =  1.6687856587337848 | Normalized Residual =  0.005021534752895126  ... 

Starting Loop  4  ... 

2020-11-03 20:26:03,233 direct_Solver 0/1 INFO :: 
Starting Direct loop ... 

2020-11-03 20:26:24,180 solvers 0/1 INFO :: Simulation stop time reached.
2020-11-03 20:26:25,053 adjoint_Solver 0/1 INFO :: 
Starting Adjoint loop ... 

2020-11-03 20:26:49,962 solvers 0/1 INFO :: Simulation stop time reached.
First line search failed ... reducing step size from  0.00125001594774634  to  0.00062500797387317  ... 

After  4  loops: Residual =  1.6617934538038384 | Normalized Residual =  0.005001541410499451  ... 

Starting Loop  5  ... 

2020-11-03 20:26:49,981 direct_Solver 0/1 INFO :: 
Starting Direct loop ... 

2020-11-03 20:27:10,830 solvers 0/1 INFO :: Simulation stop time reached.
2020-11-03 20:27:11,704 adjoint_Solver 0/1 INFO :: 
Starting Adjoint loop ... 

2020-11-03 20:27:36,853 solvers 0/1 INFO :: Simulation stop time reached.
First line search failed ... reducing step size from  0.0006250099269803544  to  0.0003125049634901772  ... 

After  5  loops: Residual =  1.6583351703530833 | Normalized Residual =  0.00499165443493911  ... 

Starting Loop  6  ... 

2020-11-03 20:27:36,888 direct_Solver 0/1 INFO :: 
Starting Direct loop ... 

2020-11-03 20:27:57,813 solvers 0/1 INFO :: Simulation stop time reached.
2020-11-03 20:27:58,686 adjoint_Solver 0/1 INFO :: 
Starting Adjoint loop ... 

2020-11-03 20:28:23,647 solvers 0/1 INFO :: Simulation stop time reached.
First line search failed ... reducing step size from  0.0003125052076395428  to  0.0001562526038197714  ... 

After  6  loops: Residual =  1.6566154500608326 | Normalized Residual =  0.004986738281325325  ... 

Starting Loop  7  ... 

2020-11-03 20:28:23,669 direct_Solver 0/1 INFO :: 
Starting Direct loop ... 

2020-11-03 20:28:44,590 solvers 0/1 INFO :: Simulation stop time reached.
2020-11-03 20:28:45,464 adjoint_Solver 0/1 INFO :: 
Starting Adjoint loop ... 

2020-11-03 20:29:10,530 solvers 0/1 INFO :: Simulation stop time reached.
First line search failed ... reducing step size from  0.00015625263433878482  to  7.812631716939241e-05  ... 

After  7  loops: Residual =  1.6557579411370174 | Normalized Residual =  0.0049842870269247936  ... 

Starting Loop  8  ... 

2020-11-03 20:29:10,564 direct_Solver 0/1 INFO :: 
Starting Direct loop ... 

2020-11-03 20:29:31,476 solvers 0/1 INFO :: Simulation stop time reached.
2020-11-03 20:29:32,350 adjoint_Solver 0/1 INFO :: 
Starting Adjoint loop ... 

2020-11-03 20:29:57,311 solvers 0/1 INFO :: Simulation stop time reached.
First line search failed ... reducing step size from  7.812632098427978e-05  to  3.906316049213989e-05  ... 

After  8  loops: Residual =  1.6553297739653825 | Normalized Residual =  0.0049830631039386635  ... 

Starting Loop  9  ... 

2020-11-03 20:29:57,334 direct_Solver 0/1 INFO :: 
Starting Direct loop ... 

2020-11-03 20:30:18,230 solvers 0/1 INFO :: Simulation stop time reached.
2020-11-03 20:30:19,103 adjoint_Solver 0/1 INFO :: 
Starting Adjoint loop ... 

2020-11-03 20:30:44,233 solvers 0/1 INFO :: Simulation stop time reached.
First line search failed ... reducing step size from  3.906316096900114e-05  to  1.953158048450057e-05  ... 

After  9  loops: Residual =  1.6551158371378398 | Normalized Residual =  0.0049824515683262495  ... 

Starting Loop  10  ... 

2020-11-03 20:30:44,266 direct_Solver 0/1 INFO :: 
Starting Direct loop ... 

2020-11-03 20:31:05,232 solvers 0/1 INFO :: Simulation stop time reached.
2020-11-03 20:31:06,106 adjoint_Solver 0/1 INFO :: 
Starting Adjoint loop ... 

2020-11-03 20:31:31,058 solvers 0/1 INFO :: Simulation stop time reached.
First line search failed ... reducing step size from  1.9531580544108242e-05  to  9.765790272054121e-06  ... 

After  10  loops: Residual =  1.6550089054056742 | Normalized Residual =  0.004982145906968856  ... 

Starting Loop  11  ... 

2020-11-03 20:31:31,079 direct_Solver 0/1 INFO :: 
Starting Direct loop ... 

2020-11-03 20:31:51,892 solvers 0/1 INFO :: Simulation stop time reached.
2020-11-03 20:31:52,765 adjoint_Solver 0/1 INFO :: 
Starting Adjoint loop ... 

2020-11-03 20:32:17,830 solvers 0/1 INFO :: Simulation stop time reached.
First line search failed ... reducing step size from  9.76579027950508e-06  to  4.88289513975254e-06  ... 

After  11  loops: Residual =  1.6549554487090596 | Normalized Residual =  0.00498199310289952  ... 

Starting Loop  12  ... 

2020-11-03 20:32:17,865 direct_Solver 0/1 INFO :: 
Starting Direct loop ... 

2020-11-03 20:32:38,798 solvers 0/1 INFO :: Simulation stop time reached.
2020-11-03 20:32:39,671 adjoint_Solver 0/1 INFO :: 
Starting Adjoint loop ... 

2020-11-03 20:33:04,658 solvers 0/1 INFO :: Simulation stop time reached.
First line search failed ... reducing step size from  4.8828951406839105e-06  to  2.4414475703419553e-06  ... 

After  12  loops: Residual =  1.6549287226528717 | Normalized Residual =  0.004981916707516806  ... 

Starting Loop  13  ... 

2020-11-03 20:33:04,681 direct_Solver 0/1 INFO :: 
Starting Direct loop ... 

2020-11-03 20:33:25,497 solvers 0/1 INFO :: Simulation stop time reached.
2020-11-03 20:33:26,371 adjoint_Solver 0/1 INFO :: 
Starting Adjoint loop ... 

2020-11-03 20:33:51,453 solvers 0/1 INFO :: Simulation stop time reached.
First line search failed ... reducing step size from  2.4414475704583757e-06  to  1.2207237852291879e-06  ... 

After  13  loops: Residual =  1.65491536019787 | Normalized Residual =  0.004981878511488514  ... 

Starting Loop  14  ... 

2020-11-03 20:33:51,486 direct_Solver 0/1 INFO :: 
Starting Direct loop ... 

2020-11-03 20:34:12,515 solvers 0/1 INFO :: Simulation stop time reached.
2020-11-03 20:34:13,389 adjoint_Solver 0/1 INFO :: 
Starting Adjoint loop ... 

2020-11-03 20:34:38,339 solvers 0/1 INFO :: Simulation stop time reached.
First line search failed ... reducing step size from  1.2207237852437405e-06  to  6.103618926218703e-07  ... 

After  14  loops: Residual =  1.6549086791136094 | Normalized Residual =  0.004981859413890127  ... 

Starting Loop  15  ... 

2020-11-03 20:34:38,362 direct_Solver 0/1 INFO :: 
Starting Direct loop ... 

2020-11-03 20:34:59,207 solvers 0/1 INFO :: Simulation stop time reached.
2020-11-03 20:35:00,081 adjoint_Solver 0/1 INFO :: 
Starting Adjoint loop ... 

2020-11-03 20:35:25,234 solvers 0/1 INFO :: Simulation stop time reached.
First line search failed ... reducing step size from  6.103618926236893e-07  to  3.0518094631184463e-07  ... 

After  15  loops: Residual =  1.6549053386072778 | Normalized Residual =  0.004981849865194766  ... 

Starting Loop  16  ... 

2020-11-03 20:35:25,269 direct_Solver 0/1 INFO :: 
Starting Direct loop ... 

2020-11-03 20:35:46,297 solvers 0/1 INFO :: Simulation stop time reached.
2020-11-03 20:35:47,170 adjoint_Solver 0/1 INFO :: 
Starting Adjoint loop ... 

2020-11-03 20:36:12,123 solvers 0/1 INFO :: Simulation stop time reached.
First line search failed ... reducing step size from  3.0518094631207206e-07  to  1.5259047315603603e-07  ... 

After  16  loops: Residual =  1.6549036683631142 | Normalized Residual =  0.004981845090873183  ... 

Starting Loop  17  ... 

2020-11-03 20:36:12,146 direct_Solver 0/1 INFO :: 
Starting Direct loop ... 

2020-11-03 20:36:32,994 solvers 0/1 INFO :: Simulation stop time reached.
2020-11-03 20:36:33,868 adjoint_Solver 0/1 INFO :: 
Starting Adjoint loop ... 

2020-11-03 20:36:59,020 solvers 0/1 INFO :: Simulation stop time reached.
First line search failed ... reducing step size from  1.5259047315606446e-07  to  7.629523657803223e-08  ... 

After  17  loops: Residual =  1.6549028332432043 | Normalized Residual =  0.00498184270371868  ... 

Starting Loop  18  ... 

2020-11-03 20:36:59,052 direct_Solver 0/1 INFO :: 
Starting Direct loop ... 

2020-11-03 20:37:20,042 solvers 0/1 INFO :: Simulation stop time reached.
2020-11-03 20:37:20,916 adjoint_Solver 0/1 INFO :: 
Starting Adjoint loop ... 

2020-11-03 20:37:45,889 solvers 0/1 INFO :: Simulation stop time reached.
First line search failed ... reducing step size from  7.629523657803579e-08  to  3.8147618289017895e-08  ... 

After  18  loops: Residual =  1.6549024156838874 | Normalized Residual =  0.004981841510143501  ... 

Starting Loop  19  ... 

2020-11-03 20:37:45,911 direct_Solver 0/1 INFO :: 
Starting Direct loop ... 

2020-11-03 20:38:06,784 solvers 0/1 INFO :: Simulation stop time reached.
2020-11-03 20:38:07,657 adjoint_Solver 0/1 INFO :: 
Starting Adjoint loop ... 

2020-11-03 20:38:32,794 solvers 0/1 INFO :: Simulation stop time reached.
First line search failed ... reducing step size from  3.8147618289018345e-08  to  1.9073809144509172e-08  ... 

After  19  loops: Residual =  1.6549022069042623 | Normalized Residual =  0.004981840913355789  ... 

Starting Loop  20  ... 

2020-11-03 20:38:32,831 direct_Solver 0/1 INFO :: 
Starting Direct loop ... 

2020-11-03 20:38:53,755 solvers 0/1 INFO :: Simulation stop time reached.
2020-11-03 20:38:54,627 adjoint_Solver 0/1 INFO :: 
Starting Adjoint loop ... 

2020-11-03 20:39:19,577 solvers 0/1 INFO :: Simulation stop time reached.
First line search failed ... reducing step size from  1.9073809144509232e-08  to  9.536904572254616e-09  ... 

After  20  loops: Residual =  1.6549021025145036 | Normalized Residual =  0.004981840614962092  ... 

Starting Loop  21  ... 

2020-11-03 20:39:19,602 direct_Solver 0/1 INFO :: 
Starting Direct loop ... 

2020-11-03 20:39:40,534 solvers 0/1 INFO :: Simulation stop time reached.
2020-11-03 20:39:41,408 adjoint_Solver 0/1 INFO :: 
Starting Adjoint loop ... 

2020-11-03 20:40:06,595 solvers 0/1 INFO :: Simulation stop time reached.
First line search failed ... reducing step size from  9.536904572254621e-09  to  4.7684522861273104e-09  ... 

After  21  loops: Residual =  1.6549020503197134 | Normalized Residual =  0.004981840465765601  ... 

Starting Loop  22  ... 

2020-11-03 20:40:06,629 direct_Solver 0/1 INFO :: 
Starting Direct loop ... 

2020-11-03 20:40:27,559 solvers 0/1 INFO :: Simulation stop time reached.
2020-11-03 20:40:28,433 adjoint_Solver 0/1 INFO :: 
Starting Adjoint loop ... 

2020-11-03 20:40:53,486 solvers 0/1 INFO :: Simulation stop time reached.
First line search failed ... reducing step size from  4.768452286127311e-09  to  2.3842261430636556e-09  ... 

After  22  loops: Residual =  1.6549020242222716 | Normalized Residual =  0.0049818403911671295  ... 

Starting Loop  23  ... 

2020-11-03 20:40:53,508 direct_Solver 0/1 INFO :: 
Starting Direct loop ... 

2020-11-03 20:41:14,335 solvers 0/1 INFO :: Simulation stop time reached.
2020-11-03 20:41:15,208 adjoint_Solver 0/1 INFO :: 
Starting Adjoint loop ... 

2020-11-03 20:41:40,436 solvers 0/1 INFO :: Simulation stop time reached.
First line search failed ... reducing step size from  2.384226143063656e-09  to  1.192113071531828e-09  ... 

After  23  loops: Residual =  1.6549020111735397 | Normalized Residual =  0.004981840353867798  ... 

Starting Loop  24  ... 

2020-11-03 20:41:40,469 direct_Solver 0/1 INFO :: 
Starting Direct loop ... 

2020-11-03 20:42:01,366 solvers 0/1 INFO :: Simulation stop time reached.
2020-11-03 20:42:02,241 adjoint_Solver 0/1 INFO :: 
Starting Adjoint loop ... 

2020-11-03 20:42:27,251 solvers 0/1 INFO :: Simulation stop time reached.
First line search failed ... reducing step size from  1.1921130715318278e-09  to  5.960565357659139e-10  ... 

After  24  loops: Residual =  1.6549020046492549 | Normalized Residual =  0.0049818403352185885  ... 

Starting Loop  25  ... 

2020-11-03 20:42:27,273 direct_Solver 0/1 INFO :: 
Starting Direct loop ... 

2020-11-03 20:42:48,144 solvers 0/1 INFO :: Simulation stop time reached.
2020-11-03 20:42:49,018 adjoint_Solver 0/1 INFO :: 
Starting Adjoint loop ... 

2020-11-03 20:43:14,193 solvers 0/1 INFO :: Simulation stop time reached.
First line search failed ... reducing step size from  5.96056535765914e-10  to  2.98028267882957e-10  ... 

After  25  loops: Residual =  1.6549020013869309 | Normalized Residual =  0.004981840325893309  ... 

Starting Loop  26  ... 

2020-11-03 20:43:14,226 direct_Solver 0/1 INFO :: 
Starting Direct loop ... 

2020-11-03 20:43:35,218 solvers 0/1 INFO :: Simulation stop time reached.
2020-11-03 20:43:36,095 adjoint_Solver 0/1 INFO :: 
Starting Adjoint loop ... 

2020-11-03 20:44:01,035 solvers 0/1 INFO :: Simulation stop time reached.
First line search failed ... reducing step size from  2.9802826788295695e-10  to  1.4901413394147848e-10  ... 

After  26  loops: Residual =  1.654901999755907 | Normalized Residual =  0.004981840321231249  ... 

Starting Loop  27  ... 

2020-11-03 20:44:01,058 direct_Solver 0/1 INFO :: 
Starting Direct loop ... 

2020-11-03 20:44:21,889 solvers 0/1 INFO :: Simulation stop time reached.
2020-11-03 20:44:22,763 adjoint_Solver 0/1 INFO :: 
Starting Adjoint loop ... 

2020-11-03 20:44:47,939 solvers 0/1 INFO :: Simulation stop time reached.
First line search failed ... reducing step size from  1.490141339414785e-10  to  7.450706697073925e-11  ... 

After  27  loops: Residual =  1.6549019989403242 | Normalized Residual =  0.004981840318899844  ... 

Starting Loop  28  ... 

2020-11-03 20:44:47,972 direct_Solver 0/1 INFO :: 
Starting Direct loop ... 

2020-11-03 20:45:08,930 solvers 0/1 INFO :: Simulation stop time reached.
2020-11-03 20:45:09,805 adjoint_Solver 0/1 INFO :: 
Starting Adjoint loop ... 

2020-11-03 20:45:34,729 solvers 0/1 INFO :: Simulation stop time reached.
First line search failed ... reducing step size from  7.450706697073923e-11  to  3.725353348536961e-11  ... 

After  28  loops: Residual =  1.654901998532581 | Normalized Residual =  0.004981840317734375  ... 

Starting Loop  29  ... 

2020-11-03 20:45:34,762 direct_Solver 0/1 INFO :: 
Starting Direct loop ... 

2020-11-03 20:45:55,643 solvers 0/1 INFO :: Simulation stop time reached.
2020-11-03 20:45:56,517 adjoint_Solver 0/1 INFO :: 
Starting Adjoint loop ... 

2020-11-03 20:46:21,753 solvers 0/1 INFO :: Simulation stop time reached.
First line search failed ... reducing step size from  3.725353348536961e-11  to  1.8626766742684806e-11  ... 

After  29  loops: Residual =  1.6549019983286513 | Normalized Residual =  0.004981840317151443  ... 

Starting Loop  30  ... 

2020-11-03 20:46:21,775 direct_Solver 0/1 INFO :: 
Starting Direct loop ... 

2020-11-03 20:46:42,689 solvers 0/1 INFO :: Simulation stop time reached.
2020-11-03 20:46:43,564 adjoint_Solver 0/1 INFO :: 
Starting Adjoint loop ... 

2020-11-03 20:47:08,540 solvers 0/1 INFO :: Simulation stop time reached.
First line search failed ... reducing step size from  1.862676674268481e-11  to  9.313383371342405e-12  ... 

After  30  loops: Residual =  1.654901998226688 | Normalized Residual =  0.004981840316859895  ... 

Starting Loop  31  ... 

2020-11-03 20:47:08,573 direct_Solver 0/1 INFO :: 
Starting Direct loop ... 

2020-11-03 20:47:29,458 solvers 0/1 INFO :: Simulation stop time reached.
2020-11-03 20:47:30,332 adjoint_Solver 0/1 INFO :: 
Starting Adjoint loop ... 

2020-11-03 20:47:55,457 solvers 0/1 INFO :: Simulation stop time reached.
First line search failed ... reducing step size from  9.313383371342406e-12  to  4.656691685671203e-12  ... 

After  31  loops: Residual =  1.654901998175774 | Normalized Residual =  0.004981840316714432  ... 

Starting Loop  32  ... 

2020-11-03 20:47:55,479 direct_Solver 0/1 INFO :: 
Starting Direct loop ... 

2020-11-03 20:48:16,408 solvers 0/1 INFO :: Simulation stop time reached.
2020-11-03 20:48:17,284 adjoint_Solver 0/1 INFO :: 
Starting Adjoint loop ... 

2020-11-03 20:48:42,260 solvers 0/1 INFO :: Simulation stop time reached.
First line search failed ... reducing step size from  4.6566916856712024e-12  to  2.3283458428356012e-12  ... 

After  32  loops: Residual =  1.654901998150383 | Normalized Residual =  0.004981840316641884  ... 

Starting Loop  33  ... 

2020-11-03 20:48:42,293 direct_Solver 0/1 INFO :: 
Starting Direct loop ... 

2020-11-03 20:49:03,195 solvers 0/1 INFO :: Simulation stop time reached.
2020-11-03 20:49:04,069 adjoint_Solver 0/1 INFO :: 
Starting Adjoint loop ... 

2020-11-03 20:49:29,208 solvers 0/1 INFO :: Simulation stop time reached.
First line search failed ... reducing step size from  2.3283458428356016e-12  to  1.1641729214178008e-12  ... 

After  33  loops: Residual =  1.6549019981375377 | Normalized Residual =  0.004981840316605191  ... 

Starting Loop  34  ... 

2020-11-03 20:49:29,230 direct_Solver 0/1 INFO :: 
Starting Direct loop ... 

2020-11-03 20:49:50,114 solvers 0/1 INFO :: Simulation stop time reached.
2020-11-03 20:49:50,990 adjoint_Solver 0/1 INFO :: 
Starting Adjoint loop ... 

2020-11-03 20:50:16,030 solvers 0/1 INFO :: Simulation stop time reached.
First line search failed ... reducing step size from  1.1641729214178006e-12  to  5.820864607089003e-13  ... 

After  34  loops: Residual =  1.6549019981311386 | Normalized Residual =  0.004981840316586909  ... 

Starting Loop  35  ... 

2020-11-03 20:50:16,063 direct_Solver 0/1 INFO :: 
Starting Direct loop ... 

2020-11-03 20:50:36,941 solvers 0/1 INFO :: Simulation stop time reached.
2020-11-03 20:50:37,817 adjoint_Solver 0/1 INFO :: 
Starting Adjoint loop ... 

2020-11-03 20:51:02,872 solvers 0/1 INFO :: Simulation stop time reached.
First line search failed ... reducing step size from  5.820864607089003e-13  to  2.9104323035445015e-13  ... 

After  35  loops: Residual =  1.654901998127992 | Normalized Residual =  0.004981840316577925  ... 

Starting Loop  36  ... 

2020-11-03 20:51:02,894 direct_Solver 0/1 INFO :: 
Starting Direct loop ... 

2020-11-03 20:51:23,791 solvers 0/1 INFO :: Simulation stop time reached.
2020-11-03 20:51:24,667 adjoint_Solver 0/1 INFO :: 
Starting Adjoint loop ... 

2020-11-03 20:51:49,638 solvers 0/1 INFO :: Simulation stop time reached.
First line search failed ... reducing step size from  2.9104323035445015e-13  to  1.4552161517722508e-13  ... 

After  36  loops: Residual =  1.6549019981264512 | Normalized Residual =  0.004981840316573447  ... 

Starting Loop  37  ... 

2020-11-03 20:51:49,672 direct_Solver 0/1 INFO :: 
Starting Direct loop ... 

2020-11-03 20:52:10,482 solvers 0/1 INFO :: Simulation stop time reached.
2020-11-03 20:52:11,358 adjoint_Solver 0/1 INFO :: 
Starting Adjoint loop ... 

2020-11-03 20:52:36,164 solvers 0/1 INFO :: Simulation stop time reached.
First line search failed ... reducing step size from  1.455216151772251e-13  to  7.276080758861255e-14  ... 

After  37  loops: Residual =  1.6549019981256679 | Normalized Residual =  0.004981840316571174  ... 

Starting Loop  38  ... 

2020-11-03 20:52:36,188 direct_Solver 0/1 INFO :: 
Starting Direct loop ... 

2020-11-03 20:52:57,105 solvers 0/1 INFO :: Simulation stop time reached.
2020-11-03 20:52:57,981 adjoint_Solver 0/1 INFO :: 
Starting Adjoint loop ... 

2020-11-03 20:53:23,000 solvers 0/1 INFO :: Simulation stop time reached.
First line search failed ... reducing step size from  7.276080758861255e-14  to  3.6380403794306275e-14  ... 

After  38  loops: Residual =  1.6549019981252286 | Normalized Residual =  0.004981840316569989  ... 

Starting Loop  39  ... 

2020-11-03 20:53:23,033 direct_Solver 0/1 INFO :: 
Starting Direct loop ... 

2020-11-03 20:53:43,858 solvers 0/1 INFO :: Simulation stop time reached.
2020-11-03 20:53:44,736 adjoint_Solver 0/1 INFO :: 
Starting Adjoint loop ... 

2020-11-03 20:54:09,738 solvers 0/1 INFO :: Simulation stop time reached.
First line search failed ... reducing step size from  3.638040379430628e-14  to  1.819020189715314e-14  ... 

After  39  loops: Residual =  1.6549019981250122 | Normalized Residual =  0.004981840316569415  ... 

Starting Loop  40  ... 

2020-11-03 20:54:09,761 direct_Solver 0/1 INFO :: 
Starting Direct loop ... 

2020-11-03 20:54:30,775 solvers 0/1 INFO :: Simulation stop time reached.
2020-11-03 20:54:31,649 adjoint_Solver 0/1 INFO :: 
Starting Adjoint loop ... 

2020-11-03 20:54:56,631 solvers 0/1 INFO :: Simulation stop time reached.
First line search failed ... reducing step size from  1.8190201897153138e-14  to  9.095100948576569e-15  ... 

After  40  loops: Residual =  1.6549019981249178 | Normalized Residual =  0.00498184031656909  ... 

Starting Loop  41  ... 

2020-11-03 20:54:56,665 direct_Solver 0/1 INFO :: 
Starting Direct loop ... 

2020-11-03 20:55:17,530 solvers 0/1 INFO :: Simulation stop time reached.
2020-11-03 20:55:18,406 adjoint_Solver 0/1 INFO :: 
Starting Adjoint loop ... 

2020-11-03 20:55:43,516 solvers 0/1 INFO :: Simulation stop time reached.
First line search failed ... reducing step size from  9.095100948576569e-15  to  4.547550474288284e-15  ... 

After  41  loops: Residual =  1.6549019981248498 | Normalized Residual =  0.004981840316568908  ... 

Starting Loop  42  ... 

2020-11-03 20:55:43,539 direct_Solver 0/1 INFO :: 
Starting Direct loop ... 

2020-11-03 20:56:04,509 solvers 0/1 INFO :: Simulation stop time reached.
2020-11-03 20:56:05,384 adjoint_Solver 0/1 INFO :: 
Starting Adjoint loop ... 

2020-11-03 20:56:30,229 solvers 0/1 INFO :: Simulation stop time reached.
First line search failed ... reducing step size from  4.547550474288284e-15  to  2.273775237144142e-15  ... 

After  42  loops: Residual =  1.6549019981248225 | Normalized Residual =  0.004981840316568824  ... 

Starting Loop  43  ... 

2020-11-03 20:56:30,262 direct_Solver 0/1 INFO :: 
Starting Direct loop ... 

2020-11-03 20:56:51,138 solvers 0/1 INFO :: Simulation stop time reached.
2020-11-03 20:56:52,013 adjoint_Solver 0/1 INFO :: 
Starting Adjoint loop ... 

2020-11-03 20:57:17,136 solvers 0/1 INFO :: Simulation stop time reached.
First line search failed ... reducing step size from  2.273775237144142e-15  to  1.136887618572071e-15  ... 

After  43  loops: Residual =  1.654901998124816 | Normalized Residual =  0.004981840316568798  ... 

Starting Loop  44  ... 

2020-11-03 20:57:17,159 direct_Solver 0/1 INFO :: 
Starting Direct loop ... 

2020-11-03 20:57:38,097 solvers 0/1 INFO :: Simulation stop time reached.
2020-11-03 20:57:38,970 adjoint_Solver 0/1 INFO :: 
Starting Adjoint loop ... 

2020-11-03 20:58:03,877 solvers 0/1 INFO :: Simulation stop time reached.
First line search failed ... reducing step size from  1.136887618572071e-15  to  5.684438092860355e-16  ... 

After  44  loops: Residual =  1.6549019981247761 | Normalized Residual =  0.004981840316568727  ... 

Starting Loop  45  ... 

2020-11-03 20:58:03,910 direct_Solver 0/1 INFO :: 
Starting Direct loop ... 

2020-11-03 20:58:24,772 solvers 0/1 INFO :: Simulation stop time reached.
2020-11-03 20:58:25,647 adjoint_Solver 0/1 INFO :: 
Starting Adjoint loop ... 

2020-11-03 20:58:50,799 solvers 0/1 INFO :: Simulation stop time reached.
First line search failed ... reducing step size from  5.684438092860355e-16  to  2.8422190464301777e-16  ... 

After  45  loops: Residual =  1.6549019981247532 | Normalized Residual =  0.004981840316568647  ... 

Starting Loop  46  ... 

2020-11-03 20:58:50,822 direct_Solver 0/1 INFO :: 
Starting Direct loop ... 

2020-11-03 20:59:11,765 solvers 0/1 INFO :: Simulation stop time reached.
2020-11-03 20:59:12,639 adjoint_Solver 0/1 INFO :: 
Starting Adjoint loop ... 

2020-11-03 20:59:37,619 solvers 0/1 INFO :: Simulation stop time reached.
First line search failed ... reducing step size from  2.8422190464301777e-16  to  1.4211095232150889e-16  ... 

After  46  loops: Residual =  1.6549019981247521 | Normalized Residual =  0.004981840316568702  ... 

Starting Loop  47  ... 

2020-11-03 20:59:37,649 direct_Solver 0/1 INFO :: 
Starting Direct loop ... 

2020-11-03 20:59:58,558 solvers 0/1 INFO :: Simulation stop time reached.
2020-11-03 20:59:59,433 adjoint_Solver 0/1 INFO :: 
Starting Adjoint loop ... 

2020-11-03 21:00:24,527 solvers 0/1 INFO :: Simulation stop time reached.
First line search failed ... reducing step size from  1.4211095232150889e-16  to  7.105547616075444e-17  ... 

After  47  loops: Residual =  1.654901998124751 | Normalized Residual =  0.004981840316568629  ... 

Starting Loop  48  ... 

2020-11-03 21:00:24,550 direct_Solver 0/1 INFO :: 
Starting Direct loop ... 

2020-11-03 21:00:45,519 solvers 0/1 INFO :: Simulation stop time reached.
2020-11-03 21:00:46,394 adjoint_Solver 0/1 INFO :: 
Starting Adjoint loop ... 

2020-11-03 21:01:11,396 solvers 0/1 INFO :: Simulation stop time reached.
First line search failed ... reducing step size from  7.105547616075446e-17  to  3.552773808037723e-17  ... 

After  48  loops: Residual =  1.654901998124795 | Normalized Residual =  0.004981840316568835  ... 

Starting Loop  49  ... 

2020-11-03 21:01:11,427 direct_Solver 0/1 INFO :: 
Starting Direct loop ... 

2020-11-03 21:01:32,295 solvers 0/1 INFO :: Simulation stop time reached.
2020-11-03 21:01:33,170 adjoint_Solver 0/1 INFO :: 
Starting Adjoint loop ... 

2020-11-03 21:01:58,266 solvers 0/1 INFO :: Simulation stop time reached.
First line search failed ... reducing step size from  3.552773808037723e-17  to  1.7763869040188614e-17  ... 

After  49  loops: Residual =  1.6549019981247677 | Normalized Residual =  0.0049818403165687135  ... 

Hit Loop Limit N =  50  ... Program Complete at  21:01:58
