2020-11-05 23:30:14,018 pencil 0/1 INFO :: Building pencil matrix 1/32 (~3%) Elapsed: 0s, Remaining: 1s, Rate: 4.8e+01/s
2020-11-05 23:30:14,081 pencil 0/1 INFO :: Building pencil matrix 4/32 (~12%) Elapsed: 0s, Remaining: 1s, Rate: 4.8e+01/s
2020-11-05 23:30:14,162 pencil 0/1 INFO :: Building pencil matrix 8/32 (~25%) Elapsed: 0s, Remaining: 0s, Rate: 4.8e+01/s
2020-11-05 23:30:14,243 pencil 0/1 INFO :: Building pencil matrix 12/32 (~38%) Elapsed: 0s, Remaining: 0s, Rate: 4.9e+01/s
2020-11-05 23:30:14,324 pencil 0/1 INFO :: Building pencil matrix 16/32 (~50%) Elapsed: 0s, Remaining: 0s, Rate: 4.9e+01/s
2020-11-05 23:30:14,405 pencil 0/1 INFO :: Building pencil matrix 20/32 (~62%) Elapsed: 0s, Remaining: 0s, Rate: 4.9e+01/s
2020-11-05 23:30:14,486 pencil 0/1 INFO :: Building pencil matrix 24/32 (~75%) Elapsed: 0s, Remaining: 0s, Rate: 4.9e+01/s
2020-11-05 23:30:14,567 pencil 0/1 INFO :: Building pencil matrix 28/32 (~88%) Elapsed: 1s, Remaining: 0s, Rate: 4.9e+01/s
2020-11-05 23:30:14,648 pencil 0/1 INFO :: Building pencil matrix 32/32 (~100%) Elapsed: 1s, Remaining: 0s, Rate: 4.9e+01/s
2020-11-05 23:30:14,682 pencil 0/1 INFO :: Building pencil matrix 1/32 (~3%) Elapsed: 0s, Remaining: 1s, Rate: 4.7e+01/s
2020-11-05 23:30:14,746 pencil 0/1 INFO :: Building pencil matrix 4/32 (~12%) Elapsed: 0s, Remaining: 1s, Rate: 4.7e+01/s
2020-11-05 23:30:14,831 pencil 0/1 INFO :: Building pencil matrix 8/32 (~25%) Elapsed: 0s, Remaining: 1s, Rate: 4.7e+01/s
2020-11-05 23:30:14,917 pencil 0/1 INFO :: Building pencil matrix 12/32 (~38%) Elapsed: 0s, Remaining: 0s, Rate: 4.7e+01/s
2020-11-05 23:30:15,001 pencil 0/1 INFO :: Building pencil matrix 16/32 (~50%) Elapsed: 0s, Remaining: 0s, Rate: 4.7e+01/s
2020-11-05 23:30:15,086 pencil 0/1 INFO :: Building pencil matrix 20/32 (~62%) Elapsed: 0s, Remaining: 0s, Rate: 4.7e+01/s
2020-11-05 23:30:15,170 pencil 0/1 INFO :: Building pencil matrix 24/32 (~75%) Elapsed: 1s, Remaining: 0s, Rate: 4.7e+01/s
2020-11-05 23:30:15,254 pencil 0/1 INFO :: Building pencil matrix 28/32 (~88%) Elapsed: 1s, Remaining: 0s, Rate: 4.7e+01/s
2020-11-05 23:30:15,338 pencil 0/1 INFO :: Building pencil matrix 32/32 (~100%) Elapsed: 1s, Remaining: 0s, Rate: 4.7e+01/s


=====Optimization Algorithm Parameters=====


(s, T, Re) = ( 1.0 ,  6.0 ,  50.0 )

K       =  1.5
r       =  0.5
e0init  =  0.1
LS      =  1
LSI     =  1
proj    =  1
method  =  rot
dmethod =  conj
powit   =  0
N       =  200
start   =  rand
sstr    =  1


===========================================

Starting from Random IC ... 

2020-11-05 23:30:15,382 direct_Solver 0/1 INFO :: 
Starting Direct loop ... 

2020-11-05 23:31:29,255 solvers 0/1 INFO :: Simulation stop time reached.
2020-11-05 23:31:30,099 adjoint_Solver 0/1 INFO :: 
Starting Adjoint loop ... 

2020-11-05 23:33:01,067 solvers 0/1 INFO :: Simulation stop time reached.
Starting Loop  1  ... 

2020-11-05 23:33:01,105 direct_Solver 0/1 INFO :: 
Starting Direct loop ... 

2020-11-05 23:34:08,504 solvers 0/1 INFO :: Simulation stop time reached.
2020-11-05 23:34:09,358 adjoint_Solver 0/1 INFO :: 
Starting Adjoint loop ... 

2020-11-05 23:35:27,815 solvers 0/1 INFO :: Simulation stop time reached.
Starting Line Search ... 

2020-11-05 23:35:27,850 direct_Solver 0/1 INFO :: 
Starting Direct loop ... 

2020-11-05 23:36:33,312 solvers 0/1 INFO :: Simulation stop time reached.
2020-11-05 23:36:34,167 adjoint_Solver 0/1 INFO :: 
Starting Adjoint loop ... 

2020-11-05 23:37:52,455 solvers 0/1 INFO :: Simulation stop time reached.
Starting Line Search ... 

2020-11-05 23:37:52,489 direct_Solver 0/1 INFO :: 
Starting Direct loop ... 

2020-11-05 23:38:57,985 solvers 0/1 INFO :: Simulation stop time reached.
2020-11-05 23:38:58,840 adjoint_Solver 0/1 INFO :: 
Starting Adjoint loop ... 

2020-11-05 23:40:17,688 solvers 0/1 INFO :: Simulation stop time reached.
Starting Line Search ... 

2020-11-05 23:40:17,722 direct_Solver 0/1 INFO :: 
Starting Direct loop ... 

2020-11-05 23:41:23,298 solvers 0/1 INFO :: Simulation stop time reached.
2020-11-05 23:41:24,154 adjoint_Solver 0/1 INFO :: 
Starting Adjoint loop ... 

2020-11-05 23:42:42,413 solvers 0/1 INFO :: Simulation stop time reached.
Starting Line Search ... 

2020-11-05 23:42:42,447 direct_Solver 0/1 INFO :: 
Starting Direct loop ... 

2020-11-05 23:43:48,169 solvers 0/1 INFO :: Simulation stop time reached.
2020-11-05 23:43:49,024 adjoint_Solver 0/1 INFO :: 
Starting Adjoint loop ... 

2020-11-05 23:45:07,798 solvers 0/1 INFO :: Simulation stop time reached.
Starting Line Search ... 

2020-11-05 23:45:07,833 direct_Solver 0/1 INFO :: 
Starting Direct loop ... 

2020-11-05 23:46:13,651 solvers 0/1 INFO :: Simulation stop time reached.
2020-11-05 23:46:14,509 adjoint_Solver 0/1 INFO :: 
Starting Adjoint loop ... 

2020-11-05 23:47:32,886 solvers 0/1 INFO :: Simulation stop time reached.
Starting Line Search ... 

2020-11-05 23:47:32,920 direct_Solver 0/1 INFO :: 
Starting Direct loop ... 

2020-11-05 23:48:38,012 solvers 0/1 INFO :: Simulation stop time reached.
2020-11-05 23:48:38,869 adjoint_Solver 0/1 INFO :: 
Starting Adjoint loop ... 

2020-11-05 23:49:56,936 solvers 0/1 INFO :: Simulation stop time reached.
Starting Line Search ... 

2020-11-05 23:49:56,971 direct_Solver 0/1 INFO :: 
Starting Direct loop ... 

2020-11-05 23:51:02,044 solvers 0/1 INFO :: Simulation stop time reached.
2020-11-05 23:51:02,899 adjoint_Solver 0/1 INFO :: 
Starting Adjoint loop ... 

2020-11-05 23:52:20,014 solvers 0/1 INFO :: Simulation stop time reached.
Line search from  0.1  to  4.92578125  ... 

2020-11-05 23:52:20,048 direct_Solver 0/1 INFO :: 
Starting Direct loop ... 

2020-11-05 23:53:25,018 solvers 0/1 INFO :: Simulation stop time reached.
2020-11-05 23:53:25,869 adjoint_Solver 0/1 INFO :: 
Starting Adjoint loop ... 

2020-11-05 23:54:43,452 solvers 0/1 INFO :: Simulation stop time reached.
Line search interpolation unsuccessful ... 

2020-11-05 23:54:43,486 direct_Solver 0/1 INFO :: 
Starting Direct loop ... 

2020-11-05 23:55:48,255 solvers 0/1 INFO :: Simulation stop time reached.
2020-11-05 23:55:49,105 adjoint_Solver 0/1 INFO :: 
Starting Adjoint loop ... 

2020-11-05 23:57:06,009 solvers 0/1 INFO :: Simulation stop time reached.
After  10  loops: Residual =  466.4939522723747 | Normalized Residual =  0.4397995326988526  ... 

Starting Loop  11  ... 

2020-11-05 23:57:06,047 direct_Solver 0/1 INFO :: 
Starting Direct loop ... 

2020-11-05 23:58:10,453 solvers 0/1 INFO :: Simulation stop time reached.
2020-11-05 23:58:11,301 adjoint_Solver 0/1 INFO :: 
Starting Adjoint loop ... 

2020-11-05 23:59:28,280 solvers 0/1 INFO :: Simulation stop time reached.
Starting Line Search ... 

2020-11-05 23:59:28,314 direct_Solver 0/1 INFO :: 
Starting Direct loop ... 

2020-11-06 00:00:32,755 solvers 0/1 INFO :: Simulation stop time reached.
2020-11-06 00:00:33,605 adjoint_Solver 0/1 INFO :: 
Starting Adjoint loop ... 

2020-11-06 00:01:50,327 solvers 0/1 INFO :: Simulation stop time reached.
Starting Line Search ... 

2020-11-06 00:01:50,362 direct_Solver 0/1 INFO :: 
Starting Direct loop ... 

2020-11-06 00:02:54,948 solvers 0/1 INFO :: Simulation stop time reached.
2020-11-06 00:02:55,795 adjoint_Solver 0/1 INFO :: 
Starting Adjoint loop ... 

2020-11-06 00:04:12,586 solvers 0/1 INFO :: Simulation stop time reached.
Starting Line Search ... 

2020-11-06 00:04:12,620 direct_Solver 0/1 INFO :: 
Starting Direct loop ... 

2020-11-06 00:05:17,100 solvers 0/1 INFO :: Simulation stop time reached.
2020-11-06 00:05:17,948 adjoint_Solver 0/1 INFO :: 
Starting Adjoint loop ... 

2020-11-06 00:06:34,968 solvers 0/1 INFO :: Simulation stop time reached.
Starting Line Search ... 

2020-11-06 00:06:35,002 direct_Solver 0/1 INFO :: 
Starting Direct loop ... 

2020-11-06 00:07:39,626 solvers 0/1 INFO :: Simulation stop time reached.
2020-11-06 00:07:40,476 adjoint_Solver 0/1 INFO :: 
Starting Adjoint loop ... 

2020-11-06 00:08:57,103 solvers 0/1 INFO :: Simulation stop time reached.
Starting Line Search ... 

2020-11-06 00:08:57,137 direct_Solver 0/1 INFO :: 
Starting Direct loop ... 

2020-11-06 00:10:01,646 solvers 0/1 INFO :: Simulation stop time reached.
2020-11-06 00:10:02,492 adjoint_Solver 0/1 INFO :: 
Starting Adjoint loop ... 

2020-11-06 00:11:19,508 solvers 0/1 INFO :: Simulation stop time reached.
Starting Line Search ... 

2020-11-06 00:11:19,542 direct_Solver 0/1 INFO :: 
Starting Direct loop ... 

2020-11-06 00:12:24,314 solvers 0/1 INFO :: Simulation stop time reached.
2020-11-06 00:12:25,162 adjoint_Solver 0/1 INFO :: 
Starting Adjoint loop ... 

2020-11-06 00:13:41,965 solvers 0/1 INFO :: Simulation stop time reached.
Starting Line Search ... 

2020-11-06 00:13:41,999 direct_Solver 0/1 INFO :: 
Starting Direct loop ... 

2020-11-06 00:14:46,520 solvers 0/1 INFO :: Simulation stop time reached.
2020-11-06 00:14:47,366 adjoint_Solver 0/1 INFO :: 
Starting Adjoint loop ... 

2020-11-06 00:16:04,036 solvers 0/1 INFO :: Simulation stop time reached.
Starting Line Search ... 

2020-11-06 00:16:04,070 direct_Solver 0/1 INFO :: 
Starting Direct loop ... 

2020-11-06 00:17:08,511 solvers 0/1 INFO :: Simulation stop time reached.
2020-11-06 00:17:09,363 adjoint_Solver 0/1 INFO :: 
Starting Adjoint loop ... 

2020-11-06 00:18:27,121 solvers 0/1 INFO :: Simulation stop time reached.
Starting Line Search ... 

2020-11-06 00:18:27,155 direct_Solver 0/1 INFO :: 
Starting Direct loop ... 

2020-11-06 00:19:31,531 solvers 0/1 INFO :: Simulation stop time reached.
2020-11-06 00:19:32,380 adjoint_Solver 0/1 INFO :: 
Starting Adjoint loop ... 

2020-11-06 00:20:49,119 solvers 0/1 INFO :: Simulation stop time reached.
Starting Line Search ... 

2020-11-06 00:20:49,153 direct_Solver 0/1 INFO :: 
Starting Direct loop ... 

2020-11-06 00:21:53,671 solvers 0/1 INFO :: Simulation stop time reached.
2020-11-06 00:21:54,520 adjoint_Solver 0/1 INFO :: 
Starting Adjoint loop ... 

2020-11-06 00:23:11,376 solvers 0/1 INFO :: Simulation stop time reached.
Starting Line Search ... 

2020-11-06 00:23:11,411 direct_Solver 0/1 INFO :: 
Starting Direct loop ... 

2020-11-06 00:24:15,923 solvers 0/1 INFO :: Simulation stop time reached.
2020-11-06 00:24:16,770 adjoint_Solver 0/1 INFO :: 
Starting Adjoint loop ... 

2020-11-06 00:25:35,286 solvers 0/1 INFO :: Simulation stop time reached.
Starting Line Search ... 

2020-11-06 00:25:35,322 direct_Solver 0/1 INFO :: 
Starting Direct loop ... 

2020-11-06 00:26:44,794 solvers 0/1 INFO :: Simulation stop time reached.
2020-11-06 00:26:45,678 adjoint_Solver 0/1 INFO :: 
Starting Adjoint loop ... 

2020-11-06 00:28:08,832 solvers 0/1 INFO :: Simulation stop time reached.
Line search from  0.010270765325601528  to  3.9772410343412306  ... 

2020-11-06 00:28:08,871 direct_Solver 0/1 INFO :: 
Starting Direct loop ... 

2020-11-06 00:29:18,884 solvers 0/1 INFO :: Simulation stop time reached.
2020-11-06 00:29:19,774 adjoint_Solver 0/1 INFO :: 
Starting Adjoint loop ... 

2020-11-06 00:30:42,915 solvers 0/1 INFO :: Simulation stop time reached.
Line search interpolation unsuccessful ... 

2020-11-06 00:30:42,969 direct_Solver 0/1 INFO :: 
Starting Direct loop ... 

2020-11-06 00:31:51,083 solvers 0/1 INFO :: Simulation stop time reached.
2020-11-06 00:31:51,963 adjoint_Solver 0/1 INFO :: 
Starting Adjoint loop ... 

2020-11-06 00:33:13,603 solvers 0/1 INFO :: Simulation stop time reached.
After  25  loops: Residual =  401.20027211016276 | Normalized Residual =  0.3563047893350409  ... 

Starting Loop  26  ... 

2020-11-06 00:33:13,642 direct_Solver 0/1 INFO :: 
Starting Direct loop ... 

2020-11-06 00:34:21,946 solvers 0/1 INFO :: Simulation stop time reached.
2020-11-06 00:34:22,825 adjoint_Solver 0/1 INFO :: 
Starting Adjoint loop ... 

2020-11-06 00:35:44,481 solvers 0/1 INFO :: Simulation stop time reached.
Starting Line Search ... 

2020-11-06 00:35:44,516 direct_Solver 0/1 INFO :: 
Starting Direct loop ... 

2020-11-06 00:36:52,746 solvers 0/1 INFO :: Simulation stop time reached.
2020-11-06 00:36:53,625 adjoint_Solver 0/1 INFO :: 
Starting Adjoint loop ... 

2020-11-06 00:38:15,002 solvers 0/1 INFO :: Simulation stop time reached.
Starting Line Search ... 

2020-11-06 00:38:15,037 direct_Solver 0/1 INFO :: 
Starting Direct loop ... 

2020-11-06 00:39:22,003 solvers 0/1 INFO :: Simulation stop time reached.
2020-11-06 00:39:22,877 adjoint_Solver 0/1 INFO :: 
Starting Adjoint loop ... 

2020-11-06 00:40:42,285 solvers 0/1 INFO :: Simulation stop time reached.
Starting Line Search ... 

2020-11-06 00:40:42,320 direct_Solver 0/1 INFO :: 
Starting Direct loop ... 

2020-11-06 00:41:48,748 solvers 0/1 INFO :: Simulation stop time reached.
2020-11-06 00:41:49,620 adjoint_Solver 0/1 INFO :: 
Starting Adjoint loop ... 

2020-11-06 00:43:09,032 solvers 0/1 INFO :: Simulation stop time reached.
Starting Line Search ... 

2020-11-06 00:43:09,067 direct_Solver 0/1 INFO :: 
Starting Direct loop ... 

2020-11-06 00:44:15,358 solvers 0/1 INFO :: Simulation stop time reached.
2020-11-06 00:44:16,230 adjoint_Solver 0/1 INFO :: 
Starting Adjoint loop ... 

2020-11-06 00:45:35,275 solvers 0/1 INFO :: Simulation stop time reached.
Starting Line Search ... 

2020-11-06 00:45:35,309 direct_Solver 0/1 INFO :: 
Starting Direct loop ... 

2020-11-06 00:46:41,820 solvers 0/1 INFO :: Simulation stop time reached.
2020-11-06 00:46:42,714 adjoint_Solver 0/1 INFO :: 
Starting Adjoint loop ... 

2020-11-06 00:48:05,016 solvers 0/1 INFO :: Simulation stop time reached.
Starting Line Search ... 

2020-11-06 00:48:05,052 direct_Solver 0/1 INFO :: 
Starting Direct loop ... 

2020-11-06 00:49:13,866 solvers 0/1 INFO :: Simulation stop time reached.
2020-11-06 00:49:14,760 adjoint_Solver 0/1 INFO :: 
Starting Adjoint loop ... 

2020-11-06 00:50:36,622 solvers 0/1 INFO :: Simulation stop time reached.
Starting Line Search ... 

2020-11-06 00:50:36,657 direct_Solver 0/1 INFO :: 
Starting Direct loop ... 

2020-11-06 00:51:45,473 solvers 0/1 INFO :: Simulation stop time reached.
2020-11-06 00:51:46,368 adjoint_Solver 0/1 INFO :: 
Starting Adjoint loop ... 

2020-11-06 00:53:08,621 solvers 0/1 INFO :: Simulation stop time reached.
Starting Line Search ... 

2020-11-06 00:53:08,656 direct_Solver 0/1 INFO :: 
Starting Direct loop ... 

2020-11-06 00:54:17,432 solvers 0/1 INFO :: Simulation stop time reached.
2020-11-06 00:54:18,327 adjoint_Solver 0/1 INFO :: 
Starting Adjoint loop ... 

2020-11-06 00:55:40,354 solvers 0/1 INFO :: Simulation stop time reached.
Line search from  0.01107503750725232  to  0.8293732189513054  ... 

2020-11-06 00:55:40,390 direct_Solver 0/1 INFO :: 
Starting Direct loop ... 

2020-11-06 00:56:49,292 solvers 0/1 INFO :: Simulation stop time reached.
2020-11-06 00:56:50,188 adjoint_Solver 0/1 INFO :: 
Starting Adjoint loop ... 

2020-11-06 00:58:12,535 solvers 0/1 INFO :: Simulation stop time reached.
Line search interpolation successful ... 

After  35  loops: Residual =  267.75053581460145 | Normalized Residual =  0.22738845676010644  ... 

Starting Loop  36  ... 

2020-11-06 00:58:12,575 direct_Solver 0/1 INFO :: 
Starting Direct loop ... 

2020-11-06 00:59:19,929 solvers 0/1 INFO :: Simulation stop time reached.
2020-11-06 00:59:20,777 adjoint_Solver 0/1 INFO :: 
Starting Adjoint loop ... 

2020-11-06 01:00:36,054 solvers 0/1 INFO :: Simulation stop time reached.
Starting Line Search ... 

2020-11-06 01:00:36,087 direct_Solver 0/1 INFO :: 
Starting Direct loop ... 

2020-11-06 01:01:39,207 solvers 0/1 INFO :: Simulation stop time reached.
2020-11-06 01:01:40,055 adjoint_Solver 0/1 INFO :: 
Starting Adjoint loop ... 

2020-11-06 01:02:55,389 solvers 0/1 INFO :: Simulation stop time reached.
Starting Line Search ... 

2020-11-06 01:02:55,423 direct_Solver 0/1 INFO :: 
Starting Direct loop ... 

2020-11-06 01:03:58,527 solvers 0/1 INFO :: Simulation stop time reached.
2020-11-06 01:03:59,373 adjoint_Solver 0/1 INFO :: 
Starting Adjoint loop ... 

2020-11-06 01:05:14,656 solvers 0/1 INFO :: Simulation stop time reached.
Starting Line Search ... 

2020-11-06 01:05:14,689 direct_Solver 0/1 INFO :: 
Starting Direct loop ... 

2020-11-06 01:06:17,738 solvers 0/1 INFO :: Simulation stop time reached.
2020-11-06 01:06:18,588 adjoint_Solver 0/1 INFO :: 
Starting Adjoint loop ... 

2020-11-06 01:07:33,894 solvers 0/1 INFO :: Simulation stop time reached.
Starting Line Search ... 

2020-11-06 01:07:33,928 direct_Solver 0/1 INFO :: 
Starting Direct loop ... 

2020-11-06 01:08:43,251 solvers 0/1 INFO :: Simulation stop time reached.
2020-11-06 01:08:44,152 adjoint_Solver 0/1 INFO :: 
Starting Adjoint loop ... 

2020-11-06 01:10:06,554 solvers 0/1 INFO :: Simulation stop time reached.
Line search from  0.013556907750368778  to  0.17878172095798828  ... 

2020-11-06 01:10:06,590 direct_Solver 0/1 INFO :: 
Starting Direct loop ... 

2020-11-06 01:11:15,863 solvers 0/1 INFO :: Simulation stop time reached.
2020-11-06 01:11:16,769 adjoint_Solver 0/1 INFO :: 
Starting Adjoint loop ... 

2020-11-06 01:12:39,740 solvers 0/1 INFO :: Simulation stop time reached.
Line search interpolation unsuccessful ... 

2020-11-06 01:12:39,776 direct_Solver 0/1 INFO :: 
Starting Direct loop ... 

2020-11-06 01:13:49,127 solvers 0/1 INFO :: Simulation stop time reached.
2020-11-06 01:13:50,032 adjoint_Solver 0/1 INFO :: 
Starting Adjoint loop ... 

2020-11-06 01:15:12,720 solvers 0/1 INFO :: Simulation stop time reached.
After  42  loops: Residual =  188.52136135483974 | Normalized Residual =  0.16790657959641211  ... 

Starting Loop  43  ... 

2020-11-06 01:15:12,762 direct_Solver 0/1 INFO :: 
Starting Direct loop ... 

2020-11-06 01:16:22,309 solvers 0/1 INFO :: Simulation stop time reached.
2020-11-06 01:16:23,214 adjoint_Solver 0/1 INFO :: 
Starting Adjoint loop ... 

2020-11-06 01:17:46,118 solvers 0/1 INFO :: Simulation stop time reached.
Starting Line Search ... 

2020-11-06 01:17:46,154 direct_Solver 0/1 INFO :: 
Starting Direct loop ... 

2020-11-06 01:18:55,725 solvers 0/1 INFO :: Simulation stop time reached.
2020-11-06 01:18:56,631 adjoint_Solver 0/1 INFO :: 
Starting Adjoint loop ... 

2020-11-06 01:20:19,333 solvers 0/1 INFO :: Simulation stop time reached.
Starting Line Search ... 

2020-11-06 01:20:19,369 direct_Solver 0/1 INFO :: 
Starting Direct loop ... 

2020-11-06 01:21:26,510 solvers 0/1 INFO :: Simulation stop time reached.
2020-11-06 01:21:27,386 adjoint_Solver 0/1 INFO :: 
Starting Adjoint loop ... 

2020-11-06 01:22:47,490 solvers 0/1 INFO :: Simulation stop time reached.
Line search from  0.01615643477019693  to  0.07674306515843543  ... 

2020-11-06 01:22:47,525 direct_Solver 0/1 INFO :: 
Starting Direct loop ... 

2020-11-06 01:23:54,549 solvers 0/1 INFO :: Simulation stop time reached.
2020-11-06 01:23:55,426 adjoint_Solver 0/1 INFO :: 
Starting Adjoint loop ... 

2020-11-06 01:25:15,202 solvers 0/1 INFO :: Simulation stop time reached.
Line search interpolation unsuccessful ... 

2020-11-06 01:25:15,236 direct_Solver 0/1 INFO :: 
Starting Direct loop ... 

2020-11-06 01:26:21,998 solvers 0/1 INFO :: Simulation stop time reached.
2020-11-06 01:26:22,874 adjoint_Solver 0/1 INFO :: 
Starting Adjoint loop ... 

2020-11-06 01:27:44,358 solvers 0/1 INFO :: Simulation stop time reached.
After  47  loops: Residual =  140.68753243326162 | Normalized Residual =  0.1274828278072533  ... 

Starting Loop  48  ... 

2020-11-06 01:27:44,397 direct_Solver 0/1 INFO :: 
Starting Direct loop ... 

2020-11-06 01:28:53,930 solvers 0/1 INFO :: Simulation stop time reached.
2020-11-06 01:28:54,835 adjoint_Solver 0/1 INFO :: 
Starting Adjoint loop ... 

2020-11-06 01:30:17,624 solvers 0/1 INFO :: Simulation stop time reached.
Starting Line Search ... 

2020-11-06 01:30:17,660 direct_Solver 0/1 INFO :: 
Starting Direct loop ... 

2020-11-06 01:31:26,057 solvers 0/1 INFO :: Simulation stop time reached.
2020-11-06 01:31:26,950 adjoint_Solver 0/1 INFO :: 
Starting Adjoint loop ... 

2020-11-06 01:32:48,052 solvers 0/1 INFO :: Simulation stop time reached.
2020-11-06 01:32:48,088 direct_Solver 0/1 INFO :: 
Starting Direct loop ... 

2020-11-06 01:33:55,975 solvers 0/1 INFO :: Simulation stop time reached.
2020-11-06 01:33:56,866 adjoint_Solver 0/1 INFO :: 
Starting Adjoint loop ... 

2020-11-06 01:35:17,779 solvers 0/1 INFO :: Simulation stop time reached.
After  51  loops: Residual =  121.36800207074194 | Normalized Residual =  0.11081101839314285  ... 

Starting Loop  52  ... 

2020-11-06 01:35:17,818 direct_Solver 0/1 INFO :: 
Starting Direct loop ... 

2020-11-06 01:36:25,470 solvers 0/1 INFO :: Simulation stop time reached.
2020-11-06 01:36:26,361 adjoint_Solver 0/1 INFO :: 
Starting Adjoint loop ... 

2020-11-06 01:37:47,478 solvers 0/1 INFO :: Simulation stop time reached.
First line search failed ... reducing step size from  0.020136023703351682  to  0.010068011851675841  ... 

After  52  loops: Residual =  102.70073590079852 | Normalized Residual =  0.09450453930298654  ... 

Starting Loop  53  ... 

2020-11-06 01:37:47,516 direct_Solver 0/1 INFO :: 
Starting Direct loop ... 

2020-11-06 01:38:55,241 solvers 0/1 INFO :: Simulation stop time reached.
2020-11-06 01:38:56,133 adjoint_Solver 0/1 INFO :: 
Starting Adjoint loop ... 

2020-11-06 01:40:17,180 solvers 0/1 INFO :: Simulation stop time reached.
First line search failed ... reducing step size from  0.010068011851675841  to  0.0050340059258379205  ... 

After  53  loops: Residual =  94.14016379822365 | Normalized Residual =  0.08693915553991294  ... 

Starting Loop  54  ... 

2020-11-06 01:40:17,219 direct_Solver 0/1 INFO :: 
Starting Direct loop ... 

2020-11-06 01:41:24,776 solvers 0/1 INFO :: Simulation stop time reached.
2020-11-06 01:41:25,664 adjoint_Solver 0/1 INFO :: 
Starting Adjoint loop ... 

2020-11-06 01:42:42,393 solvers 0/1 INFO :: Simulation stop time reached.
First line search failed ... reducing step size from  0.005035026640916753  to  0.0025175133204583763  ... 

After  54  loops: Residual =  90.0739576583366 | Normalized Residual =  0.08332591901858524  ... 

Starting Loop  55  ... 

2020-11-06 01:42:42,429 direct_Solver 0/1 INFO :: 
Starting Direct loop ... 

2020-11-06 01:43:44,027 solvers 0/1 INFO :: Simulation stop time reached.
2020-11-06 01:43:44,875 adjoint_Solver 0/1 INFO :: 
Starting Adjoint loop ... 

2020-11-06 01:44:58,588 solvers 0/1 INFO :: Simulation stop time reached.
First line search failed ... reducing step size from  0.002517640867815579  to  0.0012588204339077896  ... 

After  55  loops: Residual =  88.09740235799724 | Normalized Residual =  0.08156488974878419  ... 

Starting Loop  56  ... 

2020-11-06 01:44:58,624 direct_Solver 0/1 INFO :: 
Starting Direct loop ... 

2020-11-06 01:46:00,258 solvers 0/1 INFO :: Simulation stop time reached.
2020-11-06 01:46:01,105 adjoint_Solver 0/1 INFO :: 
Starting Adjoint loop ... 

2020-11-06 01:47:14,934 solvers 0/1 INFO :: Simulation stop time reached.
First line search failed ... reducing step size from  0.0012588363889484999  to  0.0006294181944742499  ... 

After  56  loops: Residual =  87.12363266708614 | Normalized Residual =  0.08069617198313414  ... 

Starting Loop  57  ... 

2020-11-06 01:47:14,971 direct_Solver 0/1 INFO :: 
Starting Direct loop ... 

2020-11-06 01:48:16,656 solvers 0/1 INFO :: Simulation stop time reached.
2020-11-06 01:48:17,504 adjoint_Solver 0/1 INFO :: 
Starting Adjoint loop ... 

2020-11-06 01:49:31,138 solvers 0/1 INFO :: Simulation stop time reached.
First line search failed ... reducing step size from  0.0006294201892174563  to  0.00031471009460872813  ... 

After  57  loops: Residual =  86.6404206833535 | Normalized Residual =  0.08026481198692942  ... 

Starting Loop  58  ... 

2020-11-06 01:49:31,175 direct_Solver 0/1 INFO :: 
Starting Direct loop ... 

2020-11-06 01:50:32,780 solvers 0/1 INFO :: Simulation stop time reached.
2020-11-06 01:50:33,626 adjoint_Solver 0/1 INFO :: 
Starting Adjoint loop ... 

2020-11-06 01:51:47,339 solvers 0/1 INFO :: Simulation stop time reached.
First line search failed ... reducing step size from  0.0003147103439629863  to  0.00015735517198149315  ... 

After  58  loops: Residual =  86.3997386077694 | Normalized Residual =  0.0800498878991156  ... 

Starting Loop  59  ... 

2020-11-06 01:51:47,375 direct_Solver 0/1 INFO :: 
Starting Direct loop ... 

2020-11-06 01:52:48,888 solvers 0/1 INFO :: Simulation stop time reached.
2020-11-06 01:52:49,734 adjoint_Solver 0/1 INFO :: 
Starting Adjoint loop ... 

2020-11-06 01:54:03,512 solvers 0/1 INFO :: Simulation stop time reached.
First line search failed ... reducing step size from  0.00015735520315113044  to  7.867760157556522e-05  ... 

After  59  loops: Residual =  86.27962925952772 | Normalized Residual =  0.07994261560503638  ... 

Starting Loop  60  ... 

2020-11-06 01:54:03,551 direct_Solver 0/1 INFO :: 
Starting Direct loop ... 

2020-11-06 01:55:05,175 solvers 0/1 INFO :: Simulation stop time reached.
2020-11-06 01:55:06,021 adjoint_Solver 0/1 INFO :: 
Starting Adjoint loop ... 

2020-11-06 01:56:19,734 solvers 0/1 INFO :: Simulation stop time reached.
First line search failed ... reducing step size from  7.867760547178097e-05  to  3.9338802735890484e-05  ... 

After  60  loops: Residual =  86.21963259646888 | Normalized Residual =  0.07988902699190205  ... 

Starting Loop  61  ... 

2020-11-06 01:56:19,770 direct_Solver 0/1 INFO :: 
Starting Direct loop ... 

2020-11-06 01:57:21,490 solvers 0/1 INFO :: Simulation stop time reached.
2020-11-06 01:57:22,338 adjoint_Solver 0/1 INFO :: 
Starting Adjoint loop ... 

2020-11-06 01:58:35,895 solvers 0/1 INFO :: Simulation stop time reached.
First line search failed ... reducing step size from  3.933880322291779e-05  to  1.9669401611458896e-05  ... 

After  61  loops: Residual =  86.18964877878314 | Normalized Residual =  0.07986224458086133  ... 

Starting Loop  62  ... 

2020-11-06 01:58:35,931 direct_Solver 0/1 INFO :: 
Starting Direct loop ... 

2020-11-06 01:59:37,663 solvers 0/1 INFO :: Simulation stop time reached.
2020-11-06 01:59:38,512 adjoint_Solver 0/1 INFO :: 
Starting Adjoint loop ... 

2020-11-06 02:00:50,863 solvers 0/1 INFO :: Simulation stop time reached.
First line search failed ... reducing step size from  1.966940167233733e-05  to  9.834700836168665e-06  ... 

After  62  loops: Residual =  86.17466049978744 | Normalized Residual =  0.07984885635072812  ... 

Starting Loop  63  ... 

2020-11-06 02:00:50,899 direct_Solver 0/1 INFO :: 
Starting Direct loop ... 

2020-11-06 02:01:50,971 solvers 0/1 INFO :: Simulation stop time reached.
2020-11-06 02:01:51,796 adjoint_Solver 0/1 INFO :: 
Starting Adjoint loop ... 

2020-11-06 02:03:03,677 solvers 0/1 INFO :: Simulation stop time reached.
First line search failed ... reducing step size from  9.834700843778465e-06  to  4.917350421889232e-06  ... 

After  63  loops: Residual =  86.16716726791975 | Normalized Residual =  0.07984216297969461  ... 

Starting Loop  64  ... 

2020-11-06 02:03:03,712 direct_Solver 0/1 INFO :: 
Starting Direct loop ... 

2020-11-06 02:04:03,738 solvers 0/1 INFO :: Simulation stop time reached.
2020-11-06 02:04:04,564 adjoint_Solver 0/1 INFO :: 
Starting Adjoint loop ... 

2020-11-06 02:05:16,499 solvers 0/1 INFO :: Simulation stop time reached.
First line search failed ... reducing step size from  4.917350422840457e-06  to  2.4586752114202285e-06  ... 

After  64  loops: Residual =  86.16342087892279 | Normalized Residual =  0.07983881648021116  ... 

Starting Loop  65  ... 

2020-11-06 02:05:16,535 direct_Solver 0/1 INFO :: 
Starting Direct loop ... 

2020-11-06 02:06:16,751 solvers 0/1 INFO :: Simulation stop time reached.
2020-11-06 02:06:17,592 adjoint_Solver 0/1 INFO :: 
Starting Adjoint loop ... 

2020-11-06 02:07:29,627 solvers 0/1 INFO :: Simulation stop time reached.
First line search failed ... reducing step size from  2.4586752115391316e-06  to  1.2293376057695658e-06  ... 

After  65  loops: Residual =  86.1615477411569 | Normalized Residual =  0.07983714327698185  ... 

Starting Loop  66  ... 

2020-11-06 02:07:29,662 direct_Solver 0/1 INFO :: 
Starting Direct loop ... 

2020-11-06 02:08:37,217 solvers 0/1 INFO :: Simulation stop time reached.
2020-11-06 02:08:38,115 adjoint_Solver 0/1 INFO :: 
Starting Adjoint loop ... 

2020-11-06 02:09:59,645 solvers 0/1 INFO :: Simulation stop time reached.
First line search failed ... reducing step size from  1.229337605784429e-06  to  6.146688028922145e-07  ... 

After  66  loops: Residual =  86.16061118645894 | Normalized Residual =  0.07983630668699292  ... 

Starting Loop  67  ... 

2020-11-06 02:09:59,687 direct_Solver 0/1 INFO :: 
Starting Direct loop ... 

2020-11-06 02:11:08,072 solvers 0/1 INFO :: Simulation stop time reached.
2020-11-06 02:11:08,974 adjoint_Solver 0/1 INFO :: 
Starting Adjoint loop ... 

2020-11-06 02:12:30,594 solvers 0/1 INFO :: Simulation stop time reached.
First line search failed ... reducing step size from  6.146688028940723e-07  to  3.0733440144703616e-07  ... 

After  67  loops: Residual =  86.16014291264985 | Normalized Residual =  0.07983588839490462  ... 

Starting Loop  68  ... 

2020-11-06 02:12:30,634 direct_Solver 0/1 INFO :: 
Starting Direct loop ... 

2020-11-06 02:13:39,154 solvers 0/1 INFO :: Simulation stop time reached.
2020-11-06 02:13:40,058 adjoint_Solver 0/1 INFO :: 
Starting Adjoint loop ... 

2020-11-06 02:15:01,975 solvers 0/1 INFO :: Simulation stop time reached.
First line search failed ... reducing step size from  3.073344014472684e-07  to  1.536672007236342e-07  ... 

After  68  loops: Residual =  86.15990877663873 | Normalized Residual =  0.07983567924959127  ... 

Starting Loop  69  ... 

2020-11-06 02:15:02,015 direct_Solver 0/1 INFO :: 
Starting Direct loop ... 

2020-11-06 02:16:10,406 solvers 0/1 INFO :: Simulation stop time reached.
2020-11-06 02:16:11,309 adjoint_Solver 0/1 INFO :: 
Starting Adjoint loop ... 

2020-11-06 02:17:33,043 solvers 0/1 INFO :: Simulation stop time reached.
First line search failed ... reducing step size from  1.5366720072366324e-07  to  7.683360036183162e-08  ... 

After  69  loops: Residual =  86.15979170885055 | Normalized Residual =  0.07983557467711154  ... 

Starting Loop  70  ... 

2020-11-06 02:17:33,082 direct_Solver 0/1 INFO :: 
Starting Direct loop ... 

2020-11-06 02:18:41,400 solvers 0/1 INFO :: Simulation stop time reached.
2020-11-06 02:18:42,305 adjoint_Solver 0/1 INFO :: 
Starting Adjoint loop ... 

2020-11-06 02:20:04,287 solvers 0/1 INFO :: Simulation stop time reached.
First line search failed ... reducing step size from  7.683360036183523e-08  to  3.8416800180917617e-08  ... 

After  70  loops: Residual =  86.15973317501481 | Normalized Residual =  0.07983552239091977  ... 

Starting Loop  71  ... 

2020-11-06 02:20:04,326 direct_Solver 0/1 INFO :: 
Starting Direct loop ... 

2020-11-06 02:21:12,768 solvers 0/1 INFO :: Simulation stop time reached.
2020-11-06 02:21:13,671 adjoint_Solver 0/1 INFO :: 
Starting Adjoint loop ... 

2020-11-06 02:22:35,391 solvers 0/1 INFO :: Simulation stop time reached.
First line search failed ... reducing step size from  3.841680018091808e-08  to  1.920840009045904e-08  ... 

After  71  loops: Residual =  86.15970390810857 | Normalized Residual =  0.07983549624783248  ... 

Starting Loop  72  ... 

2020-11-06 02:22:35,431 direct_Solver 0/1 INFO :: 
Starting Direct loop ... 

2020-11-06 02:23:43,828 solvers 0/1 INFO :: Simulation stop time reached.
2020-11-06 02:23:44,732 adjoint_Solver 0/1 INFO :: 
Starting Adjoint loop ... 

2020-11-06 02:25:06,620 solvers 0/1 INFO :: Simulation stop time reached.
First line search failed ... reducing step size from  1.9208400090459096e-08  to  9.604200045229548e-09  ... 

After  72  loops: Residual =  86.1596892746608 | Normalized Residual =  0.07983548317629388  ... 

Starting Loop  73  ... 

2020-11-06 02:25:06,659 direct_Solver 0/1 INFO :: 
Starting Direct loop ... 

2020-11-06 02:26:15,577 solvers 0/1 INFO :: Simulation stop time reached.
2020-11-06 02:26:16,479 adjoint_Solver 0/1 INFO :: 
Starting Adjoint loop ... 

2020-11-06 02:27:38,428 solvers 0/1 INFO :: Simulation stop time reached.
First line search failed ... reducing step size from  9.604200045229555e-09  to  4.802100022614777e-09  ... 

After  73  loops: Residual =  86.15968195793765 | Normalized Residual =  0.07983547664052906  ... 

Starting Loop  74  ... 

2020-11-06 02:27:38,467 direct_Solver 0/1 INFO :: 
Starting Direct loop ... 

2020-11-06 02:28:47,264 solvers 0/1 INFO :: Simulation stop time reached.
2020-11-06 02:28:48,168 adjoint_Solver 0/1 INFO :: 
Starting Adjoint loop ... 

2020-11-06 02:30:10,244 solvers 0/1 INFO :: Simulation stop time reached.
First line search failed ... reducing step size from  4.802100022614778e-09  to  2.401050011307389e-09  ... 

After  74  loops: Residual =  86.15967829957765 | Normalized Residual =  0.079835473372642  ... 

Starting Loop  75  ... 

2020-11-06 02:30:10,283 direct_Solver 0/1 INFO :: 
Starting Direct loop ... 

2020-11-06 02:31:17,243 solvers 0/1 INFO :: Simulation stop time reached.
2020-11-06 02:31:18,135 adjoint_Solver 0/1 INFO :: 
Starting Adjoint loop ... 

2020-11-06 02:32:37,768 solvers 0/1 INFO :: Simulation stop time reached.
First line search failed ... reducing step size from  2.4010500113073895e-09  to  1.2005250056536948e-09  ... 

After  75  loops: Residual =  86.15967647039415 | Normalized Residual =  0.07983547173869739  ... 

Starting Loop  76  ... 

2020-11-06 02:32:37,806 direct_Solver 0/1 INFO :: 
Starting Direct loop ... 

2020-11-06 02:33:44,206 solvers 0/1 INFO :: Simulation stop time reached.
2020-11-06 02:33:45,098 adjoint_Solver 0/1 INFO :: 
Starting Adjoint loop ... 

2020-11-06 02:35:04,814 solvers 0/1 INFO :: Simulation stop time reached.
First line search failed ... reducing step size from  1.2005250056536948e-09  to  6.002625028268474e-10  ... 

After  76  loops: Residual =  86.1596755558033 | Normalized Residual =  0.07983547092173024  ... 

Starting Loop  77  ... 

2020-11-06 02:35:04,854 direct_Solver 0/1 INFO :: 
Starting Direct loop ... 

2020-11-06 02:36:11,396 solvers 0/1 INFO :: Simulation stop time reached.
2020-11-06 02:36:12,288 adjoint_Solver 0/1 INFO :: 
Starting Adjoint loop ... 

2020-11-06 02:37:31,999 solvers 0/1 INFO :: Simulation stop time reached.
First line search failed ... reducing step size from  6.002625028268474e-10  to  3.001312514134237e-10  ... 

After  77  loops: Residual =  86.15967509850934 | Normalized Residual =  0.0798354705132425  ... 

Starting Loop  78  ... 

2020-11-06 02:37:32,037 direct_Solver 0/1 INFO :: 
Starting Direct loop ... 

2020-11-06 02:38:38,672 solvers 0/1 INFO :: Simulation stop time reached.
2020-11-06 02:38:39,564 adjoint_Solver 0/1 INFO :: 
Starting Adjoint loop ... 

2020-11-06 02:39:59,055 solvers 0/1 INFO :: Simulation stop time reached.
First line search failed ... reducing step size from  3.0013125141342374e-10  to  1.5006562570671187e-10  ... 

After  78  loops: Residual =  86.1596748698636 | Normalized Residual =  0.07983547030900152  ... 

Starting Loop  79  ... 

2020-11-06 02:39:59,093 direct_Solver 0/1 INFO :: 
Starting Direct loop ... 

2020-11-06 02:41:05,713 solvers 0/1 INFO :: Simulation stop time reached.
2020-11-06 02:41:06,601 adjoint_Solver 0/1 INFO :: 
Starting Adjoint loop ... 

2020-11-06 02:42:22,500 solvers 0/1 INFO :: Simulation stop time reached.
First line search failed ... reducing step size from  1.5006562570671184e-10  to  7.503281285335592e-11  ... 

After  79  loops: Residual =  86.15967475553947 | Normalized Residual =  0.07983547020688087  ... 

Starting Loop  80  ... 

2020-11-06 02:42:22,534 direct_Solver 0/1 INFO :: 
Starting Direct loop ... 

2020-11-06 02:43:19,876 solvers 0/1 INFO :: Simulation stop time reached.
2020-11-06 02:43:20,678 adjoint_Solver 0/1 INFO :: 
Starting Adjoint loop ... 

2020-11-06 02:44:28,874 solvers 0/1 INFO :: Simulation stop time reached.
First line search failed ... reducing step size from  7.503281285335591e-11  to  3.7516406426677954e-11  ... 

After  80  loops: Residual =  86.15967469837629 | Normalized Residual =  0.07983547015581835  ... 

Starting Loop  81  ... 

2020-11-06 02:44:28,907 direct_Solver 0/1 INFO :: 
Starting Direct loop ... 

2020-11-06 02:45:26,385 solvers 0/1 INFO :: Simulation stop time reached.
2020-11-06 02:45:27,190 adjoint_Solver 0/1 INFO :: 
Starting Adjoint loop ... 

2020-11-06 02:46:35,435 solvers 0/1 INFO :: Simulation stop time reached.
First line search failed ... reducing step size from  3.751640642667796e-11  to  1.875820321333898e-11  ... 

After  81  loops: Residual =  86.15967466979802 | Normalized Residual =  0.07983547013028999  ... 

Starting Loop  82  ... 

2020-11-06 02:46:35,469 direct_Solver 0/1 INFO :: 
Starting Direct loop ... 

2020-11-06 02:47:32,897 solvers 0/1 INFO :: Simulation stop time reached.
2020-11-06 02:47:33,723 adjoint_Solver 0/1 INFO :: 
Starting Adjoint loop ... 

2020-11-06 02:48:42,633 solvers 0/1 INFO :: Simulation stop time reached.
First line search failed ... reducing step size from  1.875820321333898e-11  to  9.37910160666949e-12  ... 

After  82  loops: Residual =  86.15967465550362 | Normalized Residual =  0.07983547011752272  ... 

Starting Loop  83  ... 

2020-11-06 02:48:42,667 direct_Solver 0/1 INFO :: 
Starting Direct loop ... 

2020-11-06 02:49:39,726 solvers 0/1 INFO :: Simulation stop time reached.
2020-11-06 02:49:40,532 adjoint_Solver 0/1 INFO :: 
Starting Adjoint loop ... 

2020-11-06 02:50:49,021 solvers 0/1 INFO :: Simulation stop time reached.
First line search failed ... reducing step size from  9.379101606669489e-12  to  4.689550803334744e-12  ... 

After  83  loops: Residual =  86.15967464836012 | Normalized Residual =  0.07983547011114293  ... 

Starting Loop  84  ... 

2020-11-06 02:50:49,055 direct_Solver 0/1 INFO :: 
Starting Direct loop ... 

2020-11-06 02:51:46,470 solvers 0/1 INFO :: Simulation stop time reached.
2020-11-06 02:51:47,276 adjoint_Solver 0/1 INFO :: 
Starting Adjoint loop ... 

2020-11-06 02:52:55,393 solvers 0/1 INFO :: Simulation stop time reached.
First line search failed ... reducing step size from  4.689550803334744e-12  to  2.344775401667372e-12  ... 

After  84  loops: Residual =  86.1596746447834 | Normalized Residual =  0.07983547010795206  ... 

Starting Loop  85  ... 

2020-11-06 02:52:55,427 direct_Solver 0/1 INFO :: 
Starting Direct loop ... 

2020-11-06 02:53:52,622 solvers 0/1 INFO :: Simulation stop time reached.
2020-11-06 02:53:53,430 adjoint_Solver 0/1 INFO :: 
Starting Adjoint loop ... 

2020-11-06 02:55:01,880 solvers 0/1 INFO :: Simulation stop time reached.
First line search failed ... reducing step size from  2.344775401667372e-12  to  1.172387700833686e-12  ... 

After  85  loops: Residual =  86.15967464299939 | Normalized Residual =  0.07983547010635475  ... 

Starting Loop  86  ... 

2020-11-06 02:55:01,923 direct_Solver 0/1 INFO :: 
Starting Direct loop ... 

2020-11-06 02:55:58,999 solvers 0/1 INFO :: Simulation stop time reached.
2020-11-06 02:55:59,801 adjoint_Solver 0/1 INFO :: 
Starting Adjoint loop ... 

2020-11-06 02:57:08,043 solvers 0/1 INFO :: Simulation stop time reached.
First line search failed ... reducing step size from  1.1723877008336863e-12  to  5.861938504168431e-13  ... 

After  86  loops: Residual =  86.15967464210664 | Normalized Residual =  0.07983547010555835  ... 

Starting Loop  87  ... 

2020-11-06 02:57:08,077 direct_Solver 0/1 INFO :: 
Starting Direct loop ... 

2020-11-06 02:58:05,235 solvers 0/1 INFO :: Simulation stop time reached.
2020-11-06 02:58:06,045 adjoint_Solver 0/1 INFO :: 
Starting Adjoint loop ... 

2020-11-06 02:59:14,311 solvers 0/1 INFO :: Simulation stop time reached.
First line search failed ... reducing step size from  5.861938504168431e-13  to  2.9309692520842157e-13  ... 

After  87  loops: Residual =  86.15967464165743 | Normalized Residual =  0.07983547010515842  ... 

Starting Loop  88  ... 

2020-11-06 02:59:14,345 direct_Solver 0/1 INFO :: 
Starting Direct loop ... 

2020-11-06 03:00:11,688 solvers 0/1 INFO :: Simulation stop time reached.
2020-11-06 03:00:12,499 adjoint_Solver 0/1 INFO :: 
Starting Adjoint loop ... 

2020-11-06 03:01:20,938 solvers 0/1 INFO :: Simulation stop time reached.
First line search failed ... reducing step size from  2.930969252084215e-13  to  1.4654846260421076e-13  ... 

After  88  loops: Residual =  86.15967464143401 | Normalized Residual =  0.07983547010495913  ... 

Starting Loop  89  ... 

2020-11-06 03:01:20,971 direct_Solver 0/1 INFO :: 
Starting Direct loop ... 

2020-11-06 03:02:18,422 solvers 0/1 INFO :: Simulation stop time reached.
2020-11-06 03:02:19,226 adjoint_Solver 0/1 INFO :: 
Starting Adjoint loop ... 

2020-11-06 03:03:27,624 solvers 0/1 INFO :: Simulation stop time reached.
First line search failed ... reducing step size from  1.4654846260421076e-13  to  7.327423130210538e-14  ... 

After  89  loops: Residual =  86.1596746413234 | Normalized Residual =  0.07983547010486025  ... 

Starting Loop  90  ... 

2020-11-06 03:03:27,658 direct_Solver 0/1 INFO :: 
Starting Direct loop ... 

2020-11-06 03:04:25,085 solvers 0/1 INFO :: Simulation stop time reached.
2020-11-06 03:04:25,893 adjoint_Solver 0/1 INFO :: 
Starting Adjoint loop ... 

2020-11-06 03:05:34,507 solvers 0/1 INFO :: Simulation stop time reached.
First line search failed ... reducing step size from  7.327423130210538e-14  to  3.663711565105269e-14  ... 

After  90  loops: Residual =  86.15967464126872 | Normalized Residual =  0.07983547010480754  ... 

Starting Loop  91  ... 

2020-11-06 03:05:34,541 direct_Solver 0/1 INFO :: 
Starting Direct loop ... 

2020-11-06 03:06:31,955 solvers 0/1 INFO :: Simulation stop time reached.
2020-11-06 03:06:32,766 adjoint_Solver 0/1 INFO :: 
Starting Adjoint loop ... 

2020-11-06 03:07:40,990 solvers 0/1 INFO :: Simulation stop time reached.
First line search failed ... reducing step size from  3.663711565105269e-14  to  1.8318557825526345e-14  ... 

After  91  loops: Residual =  86.1596746412382 | Normalized Residual =  0.07983547010478116  ... 

Starting Loop  92  ... 

2020-11-06 03:07:41,023 direct_Solver 0/1 INFO :: 
Starting Direct loop ... 

2020-11-06 03:08:38,485 solvers 0/1 INFO :: Simulation stop time reached.
2020-11-06 03:08:39,332 adjoint_Solver 0/1 INFO :: 
Starting Adjoint loop ... 

2020-11-06 03:09:47,812 solvers 0/1 INFO :: Simulation stop time reached.
First line search failed ... reducing step size from  1.8318557825526345e-14  to  9.159278912763172e-15  ... 

After  92  loops: Residual =  86.15967464122672 | Normalized Residual =  0.07983547010477113  ... 

Starting Loop  93  ... 

2020-11-06 03:09:47,845 direct_Solver 0/1 INFO :: 
Starting Direct loop ... 

2020-11-06 03:10:45,282 solvers 0/1 INFO :: Simulation stop time reached.
2020-11-06 03:10:46,093 adjoint_Solver 0/1 INFO :: 
Starting Adjoint loop ... 

2020-11-06 03:11:54,016 solvers 0/1 INFO :: Simulation stop time reached.
First line search failed ... reducing step size from  9.159278912763172e-15  to  4.579639456381586e-15  ... 

After  93  loops: Residual =  86.1596746412198 | Normalized Residual =  0.07983547010476486  ... 

Starting Loop  94  ... 

2020-11-06 03:11:54,049 direct_Solver 0/1 INFO :: 
Starting Direct loop ... 

2020-11-06 03:12:51,227 solvers 0/1 INFO :: Simulation stop time reached.
2020-11-06 03:12:52,030 adjoint_Solver 0/1 INFO :: 
Starting Adjoint loop ... 

2020-11-06 03:13:59,991 solvers 0/1 INFO :: Simulation stop time reached.
First line search failed ... reducing step size from  4.579639456381586e-15  to  2.289819728190793e-15  ... 

After  94  loops: Residual =  86.1596746412156 | Normalized Residual =  0.07983547010476144  ... 

Starting Loop  95  ... 

2020-11-06 03:14:00,024 direct_Solver 0/1 INFO :: 
Starting Direct loop ... 

2020-11-06 03:14:57,372 solvers 0/1 INFO :: Simulation stop time reached.
2020-11-06 03:14:58,176 adjoint_Solver 0/1 INFO :: 
Starting Adjoint loop ... 

2020-11-06 03:16:06,429 solvers 0/1 INFO :: Simulation stop time reached.
First line search failed ... reducing step size from  2.289819728190793e-15  to  1.1449098640953966e-15  ... 

After  95  loops: Residual =  86.15967464121276 | Normalized Residual =  0.07983547010476003  ... 

Starting Loop  96  ... 

2020-11-06 03:16:06,463 direct_Solver 0/1 INFO :: 
Starting Direct loop ... 

2020-11-06 03:17:03,952 solvers 0/1 INFO :: Simulation stop time reached.
2020-11-06 03:17:04,751 adjoint_Solver 0/1 INFO :: 
Starting Adjoint loop ... 

2020-11-06 03:18:12,532 solvers 0/1 INFO :: Simulation stop time reached.
First line search failed ... reducing step size from  1.1449098640953966e-15  to  5.724549320476983e-16  ... 

After  96  loops: Residual =  86.15967464121131 | Normalized Residual =  0.07983547010476003  ... 

Starting Loop  97  ... 

2020-11-06 03:18:12,562 direct_Solver 0/1 INFO :: 
Starting Direct loop ... 

2020-11-06 03:19:09,691 solvers 0/1 INFO :: Simulation stop time reached.
2020-11-06 03:19:10,505 adjoint_Solver 0/1 INFO :: 
Starting Adjoint loop ... 

2020-11-06 03:20:18,778 solvers 0/1 INFO :: Simulation stop time reached.
First line search failed ... reducing step size from  5.724549320476984e-16  to  2.862274660238492e-16  ... 

After  97  loops: Residual =  86.15967464121353 | Normalized Residual =  0.07983547010475742  ... 

Starting Loop  98  ... 

2020-11-06 03:20:18,848 direct_Solver 0/1 INFO :: 
Starting Direct loop ... 

2020-11-06 03:21:15,852 solvers 0/1 INFO :: Simulation stop time reached.
2020-11-06 03:21:16,658 adjoint_Solver 0/1 INFO :: 
Starting Adjoint loop ... 

2020-11-06 03:22:25,253 solvers 0/1 INFO :: Simulation stop time reached.
First line search failed ... reducing step size from  2.8622746602384914e-16  to  1.4311373301192457e-16  ... 

After  98  loops: Residual =  86.15967464121148 | Normalized Residual =  0.07983547010475943  ... 

Starting Loop  99  ... 

2020-11-06 03:22:25,283 direct_Solver 0/1 INFO :: 
Starting Direct loop ... 

2020-11-06 03:23:22,452 solvers 0/1 INFO :: Simulation stop time reached.
2020-11-06 03:23:23,257 adjoint_Solver 0/1 INFO :: 
Starting Adjoint loop ... 

2020-11-06 03:24:31,664 solvers 0/1 INFO :: Simulation stop time reached.
First line search failed ... reducing step size from  1.4311373301192457e-16  to  7.155686650596229e-17  ... 

After  99  loops: Residual =  86.15967464121383 | Normalized Residual =  0.07983547010476122  ... 

Starting Loop  100  ... 

2020-11-06 03:24:31,694 direct_Solver 0/1 INFO :: 
Starting Direct loop ... 

2020-11-06 03:25:28,815 solvers 0/1 INFO :: Simulation stop time reached.
2020-11-06 03:25:29,624 adjoint_Solver 0/1 INFO :: 
Starting Adjoint loop ... 

2020-11-06 03:26:37,978 solvers 0/1 INFO :: Simulation stop time reached.
First line search failed ... reducing step size from  7.155686650596229e-17  to  3.577843325298114e-17  ... 

After  100  loops: Residual =  86.15967464121273 | Normalized Residual =  0.0798354701047602  ... 

Starting Loop  101  ... 

2020-11-06 03:26:38,009 direct_Solver 0/1 INFO :: 
Starting Direct loop ... 

2020-11-06 03:27:35,148 solvers 0/1 INFO :: Simulation stop time reached.
2020-11-06 03:27:35,960 adjoint_Solver 0/1 INFO :: 
Starting Adjoint loop ... 

2020-11-06 03:28:44,117 solvers 0/1 INFO :: Simulation stop time reached.
First line search failed ... reducing step size from  3.577843325298114e-17  to  1.788921662649057e-17  ... 

After  101  loops: Residual =  86.15967464121415 | Normalized Residual =  0.07983547010476152  ... 

Starting Loop  102  ... 

2020-11-06 03:28:44,147 direct_Solver 0/1 INFO :: 
Starting Direct loop ... 

2020-11-06 03:29:41,219 solvers 0/1 INFO :: Simulation stop time reached.
2020-11-06 03:29:42,029 adjoint_Solver 0/1 INFO :: 
Starting Adjoint loop ... 

